sbuild (Debian sbuild) 0.85.7 (12 April 2024) on fv-az802-456

+=================================================================================================+
| ros-one-sesame-ros 2.1.28-49-gfb32bec3-2024.10.25.22.47 (amd64) Fri, 25 Oct 2024 22:47:36 +0000 |
+=================================================================================================+

Package: ros-one-sesame-ros
Version: 2.1.28-49-gfb32bec3-2024.10.25.22.47
Source Version: 2.1.28-49-gfb32bec3-2024.10.25.22.47
Distribution: trixie
Machine Architecture: amd64
Host Architecture: amd64
Build Architecture: amd64
Build Profiles: nocheck
Build Type: binary

Unpacking /home/runner/.cache/sbuild/trixie-amd64.tar to /tmp/tmp.sbuild.qpqRJJJ65c...
I: NOTICE: Log filtering will replace 'sbuild-unshare-dummy-location' with '<<CHROOT>>'
Copying /home/runner/apt_repo_dependencies/ros-one-moveit-ros-manipulation_1.1.16-1-g88b386581-2024.10.25.16.59_amd64.deb to /<<CHROOT>>...
Copying /home/runner/apt_repo_dependencies/ros-one-joint-trajectory-controller-dbgsym_0.22.0-2024.10.25.14.41_amd64.deb to /<<CHROOT>>...
Copying /home/runner/apt_repo_dependencies/ros-one-tf2-msgs_0.7.5-23-gfbcdc99-2024.10.25.12.49_amd64.deb to /<<CHROOT>>...
Copying /home/runner/apt_repo_dependencies/ros-one-diagnostic-updater_1.11.0-7-gda86650-2024.10.25.13.39_amd64.deb to /<<CHROOT>>...
Copying /home/runner/apt_repo_dependencies/ros-one-qb-device-description_0-2024.10.25.16.24_amd64.deb to /<<CHROOT>>...
Copying /home/runner/apt_repo_dependencies/ros-one-transmission-interface_0.20.0-1-g633c374-2024.10.25.13.59_amd64.deb to /<<CHROOT>>...
Copying /home/runner/apt_repo_dependencies/ros-one-rosconsole-bridge_0.5.4-1-g38b0830-2024.10.25.11.17_amd64.deb to /<<CHROOT>>...
Copying /home/runner/apt_repo_dependencies/ros-one-ackermann-steering-controller-dbgsym_0.22.0-2024.10.25.14.15_amd64.deb to /<<CHROOT>>...
Copying /home/runner/apt_repo_dependencies/ros-one-trajectory-msgs_1.13.1-2024.10.25.11.40_amd64.deb to /<<CHROOT>>...
Copying /home/runner/apt_repo_dependencies/ros-one-power-monitor-dbgsym_1.1.10-5-gc7f225d-2024.10.25.14.46_amd64.deb to /<<CHROOT>>...
Copying /home/runner/apt_repo_dependencies/ros-one-voxel-grid_1.17.3-3-g9ad64419-2024.10.25.14.24_amd64.deb to /<<CHROOT>>...
Copying /home/runner/apt_repo_dependencies/ros-one-eigen-conversions_1.13.2-10-g674e0c4-2024.10.25.13.17_amd64.deb to /<<CHROOT>>...
Copying /home/runner/apt_repo_dependencies/ros-one-robot-calibration-msgs_0.7.2-3-g80c2be2-2024.10.25.13.50_amd64.deb to /<<CHROOT>>...
Copying /home/runner/apt_repo_dependencies/ros-one-genmsg_0.5.16-1-g7d8b6ce-2024.10.25.10.04_amd64.deb to /<<CHROOT>>...
Copying /home/runner/apt_repo_dependencies/ros-one-industrial-trajectory-filters-dbgsym_0.7.3-4-g2d70d15-2024.10.25.18.24_amd64.deb to /<<CHROOT>>...
Copying /home/runner/apt_repo_dependencies/ros-one-test-rosbag-storage_1.17.0-12-g2a12474fb-2024.10.25.11.55_amd64.deb to /<<CHROOT>>...
Copying /home/runner/apt_repo_dependencies/ros-one-openni-camera-dbgsym_0-2024.10.25.16.04_amd64.deb to /<<CHROOT>>...
Copying /home/runner/apt_repo_dependencies/ros-one-turtle-actionlib_0-2024.10.25.13.27_amd64.deb to /<<CHROOT>>...
Copying /home/runner/apt_repo_dependencies/ros-one-baxter-description_1.2.0-2024.10.25.12.30_amd64.deb to /<<CHROOT>>...
Copying /home/runner/apt_repo_dependencies/ros-one-moveit-planners-chomp_1.1.16-1-g88b386581-2024.10.25.17.31_amd64.deb to /<<CHROOT>>...
Copying /home/runner/apt_repo_dependencies/ros-one-polled-camera_1.12.0-9-g21aac6a-2024.10.25.12.30_amd64.deb to /<<CHROOT>>...
Copying /home/runner/apt_repo_dependencies/ros-one-qb-device_0-2024.10.25.16.17_amd64.deb to /<<CHROOT>>...
Copying /home/runner/apt_repo_dependencies/ros-one-boost-sml-dbgsym_0.1.2-6-gaaddc80-2024.10.25.12.21_amd64.deb to /<<CHROOT>>...
Copying /home/runner/apt_repo_dependencies/ros-one-ocean-battery-driver_1.1.10-5-gc7f225d-2024.10.25.14.33_amd64.deb to /<<CHROOT>>...
Copying /home/runner/apt_repo_dependencies/ros-one-joy-teleop_0.5.0-2024.10.25.12.54_amd64.deb to /<<CHROOT>>...
Copying /home/runner/apt_repo_dependencies/ros-one-moveit-ros-perception_1.1.16-1-g88b386581-2024.10.25.17.04_amd64.deb to /<<CHROOT>>...
Copying /home/runner/apt_repo_dependencies/ros-one-pinocchio_3.2.0-2024.10.25.10.34_amd64.deb to /<<CHROOT>>...
Copying /home/runner/apt_repo_dependencies/ros-one-audio-common_0.3.18-2024.10.25.12.47_amd64.deb to /<<CHROOT>>...
Copying /home/runner/apt_repo_dependencies/ros-one-moveit-ros-occupancy-map-monitor-dbgsym_1.1.16-1-g88b386581-2024.10.25.16.27_amd64.deb to /<<CHROOT>>...
Copying /home/runner/apt_repo_dependencies/ros-one-posedetection-msgs_4.3.2-13-g093b57c-2024.10.25.12.57_amd64.deb to /<<CHROOT>>...
Copying /home/runner/apt_repo_dependencies/ros-one-joint-state-publisher-gui_1.15.1-2-g7cb7069-2024.10.25.12.25_amd64.deb to /<<CHROOT>>...
Copying /home/runner/apt_repo_dependencies/ros-one-dynamic-reconfigure-dbgsym_1.7.3-3-g2654f22-2024.10.25.12.22_amd64.deb to /<<CHROOT>>...
Copying /home/runner/apt_repo_dependencies/ros-one-ur-kinematics-dbgsym_1.3.3-3-gcce1f0e-2024.10.25.19.51_amd64.deb to /<<CHROOT>>...
Copying /home/runner/apt_repo_dependencies/ros-one-fetch-teleop_0.9.1-4-gd3edd9b-2024.10.25.18.44_amd64.deb to /<<CHROOT>>...
Copying /home/runner/apt_repo_dependencies/ros-one-rosboost-cfg_1.15.8-3-g136e18e9-2024.10.25.11.00_amd64.deb to /<<CHROOT>>...
Copying /home/runner/apt_repo_dependencies/ros-one-test-rosgraph_1.17.0-12-g2a12474fb-2024.10.25.11.58_amd64.deb to /<<CHROOT>>...
Copying /home/runner/apt_repo_dependencies/ros-one-geometry-tutorials_0.2.3-1-g1d1d36a-2024.10.25.13.37_amd64.deb to /<<CHROOT>>...
Copying /home/runner/apt_repo_dependencies/ros-one-openslam-gmapping_0.2.1-17-g5105476-2024.10.25.10.09_amd64.deb to /<<CHROOT>>...
Copying /home/runner/apt_repo_dependencies/ros-one-face-detector_1.4.2-6-gcfd7892-2024.10.25.18.16_amd64.deb to /<<CHROOT>>...
Copying /home/runner/apt_repo_dependencies/ros-one-control-toolbox_1.18.2-9-g59b3859-2024.10.25.13.16_amd64.deb to /<<CHROOT>>...
Copying /home/runner/apt_repo_dependencies/ros-one-fetch-ros_0.9.1-4-gd3edd9b-2024.10.25.18.40_amd64.deb to /<<CHROOT>>...
Copying /home/runner/apt_repo_dependencies/ros-one-pr2-dashboard-aggregator_1.13.1-2024.10.25.13.02_amd64.deb to /<<CHROOT>>...
Copying /home/runner/apt_repo_dependencies/ros-one-pr2-calibration-controllers-dbgsym_1.10.18-3-g8e8dfa0-2024.10.25.17.04_amd64.deb to /<<CHROOT>>...
Copying /home/runner/apt_repo_dependencies/ros-one-baxter-maintenance-msgs_1.2.0-2024.10.25.12.31_amd64.deb to /<<CHROOT>>...
Copying /home/runner/apt_repo_dependencies/ros-one-robot-calibration_0.7.2-3-g80c2be2-2024.10.25.13.53_amd64.deb to /<<CHROOT>>...
Copying /home/runner/apt_repo_dependencies/ros-one-rgbd-launch_2.4.0-2024.10.25.14.24_amd64.deb to /<<CHROOT>>...
Copying /home/runner/apt_repo_dependencies/ros-one-rqt-dep_0.4.12-4-gebf0f6e-2024.10.25.14.46_amd64.deb to /<<CHROOT>>...
Copying /home/runner/apt_repo_dependencies/ros-one-apriltag-ros-dbgsym_3.2.1-23-g94b3b84-2024.10.25.13.33_amd64.deb to /<<CHROOT>>...
Copying /home/runner/apt_repo_dependencies/ros-one-camera-info-manager-dbgsym_1.12.0-9-g21aac6a-2024.10.25.12.28_amd64.deb to /<<CHROOT>>...
Copying /home/runner/apt_repo_dependencies/ros-one-turtle-tf2_0.2.3-1-g1d1d36a-2024.10.25.14.03_amd64.deb to /<<CHROOT>>...
Copying /home/runner/apt_repo_dependencies/ros-one-moveit-ros-planning-interface_1.1.16-1-g88b386581-2024.10.25.17.25_amd64.deb to /<<CHROOT>>...
Copying /home/runner/apt_repo_dependencies/ros-one-controller-interface_0.20.0-1-g633c374-2024.10.25.13.41_amd64.deb to /<<CHROOT>>...
Copying /home/runner/apt_repo_dependencies/ros-one-warehouse-ros-sqlite_0.9.1-1-g82cb837-2024.10.25.15.02_amd64.deb to /<<CHROOT>>...
Copying /home/runner/apt_repo_dependencies/ros-one-image-transport-plugins_1.15.0-9-gcae592c-2024.10.25.12.56_amd64.deb to /<<CHROOT>>...
Copying /home/runner/apt_repo_dependencies/ros-one-laser-proc-dbgsym_0.1.6-2-ge2bb8ce-2024.10.25.13.21_amd64.deb to /<<CHROOT>>...
Copying /home/runner/apt_repo_dependencies/ros-one-image-transport_1.12.0-9-g21aac6a-2024.10.25.12.26_amd64.deb to /<<CHROOT>>...
Copying /home/runner/apt_repo_dependencies/ros-one-apriltag_3.4.2-28-g4dfd338-2024.10.25.10.03_amd64.deb to /<<CHROOT>>...
Copying /home/runner/apt_repo_dependencies/ros-one-message-filters_1.17.0-12-g2a12474fb-2024.10.25.11.48_amd64.deb to /<<CHROOT>>...
Copying /home/runner/apt_repo_dependencies/ros-one-diagnostic-updater-dbgsym_1.11.0-7-gda86650-2024.10.25.13.39_amd64.deb to /<<CHROOT>>...
Copying /home/runner/apt_repo_dependencies/ros-one-object-recognition-msgs_0.4.2-2024.10.25.12.33_amd64.deb to /<<CHROOT>>...
Copying /home/runner/apt_repo_dependencies/ros-one-trac-ik-python-dbgsym_0-2024.10.25.18.44_amd64.deb to /<<CHROOT>>...
Copying /home/runner/apt_repo_dependencies/ros-one-map-laser_0.0.5-2024.10.25.15.53_amd64.deb to /<<CHROOT>>...
Copying /home/runner/apt_repo_dependencies/ros-one-robot-self-filter-dbgsym_0.1.32-2-ga8d2e49-2024.10.25.14.28_amd64.deb to /<<CHROOT>>...
Copying /home/runner/apt_repo_dependencies/ros-one-slam-karto-dbgsym_0.8.1-14-g5c84a19-2024.10.25.13.44_amd64.deb to /<<CHROOT>>...
Copying /home/runner/apt_repo_dependencies/ros-one-controller-manager-msgs_0.20.0-1-g633c374-2024.10.25.13.33_amd64.deb to /<<CHROOT>>...
Copying /home/runner/apt_repo_dependencies/ros-one-dynamixel-controllers_0.4.1-3-g3d84232-2024.10.25.12.47_amd64.deb to /<<CHROOT>>...
Copying /home/runner/apt_repo_dependencies/ros-one-laser-pipeline_1.6.4-2024.10.25.15.49_amd64.deb to /<<CHROOT>>...
Copying /home/runner/apt_repo_dependencies/ros-one-multisense-lib_4.0.5-46-g945e646-2024.10.25.14.24_amd64.deb to /<<CHROOT>>...
Copying /home/runner/apt_repo_dependencies/ros-one-pr2-mechanism-msgs_1.8.2-2-g992b461-2024.10.25.12.25_amd64.deb to /<<CHROOT>>...
Copying /home/runner/apt_repo_dependencies/ros-one-moveit-opw-kinematics-plugin-dbgsym_0.4.0-4-gfa51c00-2024.10.25.18.07_amd64.deb to /<<CHROOT>>...
Copying /home/runner/apt_repo_dependencies/ros-one-rosbag-dbgsym_1.17.0-12-g2a12474fb-2024.10.25.12.05_amd64.deb to /<<CHROOT>>...
Copying /home/runner/apt_repo_dependencies/ros-one-jsk-common_2.2.12-185-g1ddd7669-2024.10.25.19.25_amd64.deb to /<<CHROOT>>...
Copying /home/runner/apt_repo_dependencies/ros-one-roslib-dbgsym_1.15.8-3-g136e18e9-2024.10.25.11.06_amd64.deb to /<<CHROOT>>...
Copying /home/runner/apt_repo_dependencies/ros-one-gripper-action-controller-dbgsym_0.22.0-2024.10.25.14.28_amd64.deb to /<<CHROOT>>...
Copying /home/runner/apt_repo_dependencies/ros-one-moveit-ros-robot-interaction_1.1.16-1-g88b386581-2024.10.25.17.10_amd64.deb to /<<CHROOT>>...
Copying /home/runner/apt_repo_dependencies/ros-one-smach_2.5.2-7-g94a196d-2024.10.25.13.05_amd64.deb to /<<CHROOT>>...
Copying /home/runner/apt_repo_dependencies/ros-one-kdl-conversions_1.13.2-10-g674e0c4-2024.10.25.13.22_amd64.deb to /<<CHROOT>>...
Copying /home/runner/apt_repo_dependencies/ros-one-rosatomic_1.0.25-10-g6ad6177-2024.10.25.12.24_amd64.deb to /<<CHROOT>>...
Copying /home/runner/apt_repo_dependencies/ros-one-rosbridge-msgs_0.11.17-2024.10.25.13.22_amd64.deb to /<<CHROOT>>...
Copying /home/runner/apt_repo_dependencies/ros-one-fetch-depth-layer-dbgsym_0.9.1-4-gd3edd9b-2024.10.25.18.12_amd64.deb to /<<CHROOT>>...
Copying /home/runner/apt_repo_dependencies/ros-one-visualization-marker-tutorials_0-2024.10.25.17.27_amd64.deb to /<<CHROOT>>...
Copying /home/runner/apt_repo_dependencies/ros-one-industrial-core_0.7.3-4-g2d70d15-2024.10.25.18.07_amd64.deb to /<<CHROOT>>...
Copying /home/runner/apt_repo_dependencies/ros-one-srdfdom-dbgsym_0.6.4-4-ge23af6e-2024.10.25.12.52_amd64.deb to /<<CHROOT>>...
Copying /home/runner/apt_repo_dependencies/ros-one-pcl-msgs_0.3.0-1-g89b0725-2024.10.25.12.26_amd64.deb to /<<CHROOT>>...
Copying /home/runner/apt_repo_dependencies/ros-one-ur10e-moveit-config_1.3.3-3-gcce1f0e-2024.10.25.19.05_amd64.deb to /<<CHROOT>>...
Copying /home/runner/apt_repo_dependencies/ros-one-pal-statistics-dbgsym_1.5.2-2-ga5b028b-2024.10.25.12.27_amd64.deb to /<<CHROOT>>...
Copying /home/runner/apt_repo_dependencies/ros-one-pr2-mechanism-model_1.8.21-7-g3b10e3e-2024.10.25.14.49_amd64.deb to /<<CHROOT>>...
Copying /home/runner/apt_repo_dependencies/ros-one-rosbash_1.15.8-3-g136e18e9-2024.10.25.10.59_amd64.deb to /<<CHROOT>>...
Copying /home/runner/apt_repo_dependencies/ros-one-ur-client-library-dbgsym_1.4.0-3-g85fbc55-2024.10.25.10.09_amd64.deb to /<<CHROOT>>...
Copying /home/runner/apt_repo_dependencies/ros-one-joy_0-2024.10.25.14.11_amd64.deb to /<<CHROOT>>...
Copying /home/runner/apt_repo_dependencies/ros-one-diagnostic-aggregator-dbgsym_1.11.0-7-gda86650-2024.10.25.13.33_amd64.deb to /<<CHROOT>>...
Copying /home/runner/apt_repo_dependencies/ros-one-pluginlib-tutorials-dbgsym_0-2024.10.25.13.25_amd64.deb to /<<CHROOT>>...
Copying /home/runner/apt_repo_dependencies/ros-one-test-rostopic_1.17.0-12-g2a12474fb-2024.10.25.12.17_amd64.deb to /<<CHROOT>>...
Copying /home/runner/apt_repo_dependencies/ros-one-urdf-tutorial_0.5.0-2024.10.25.16.52_amd64.deb to /<<CHROOT>>...
Copying /home/runner/apt_repo_dependencies/ros-one-rosbag-storage-dbgsym_1.17.0-12-g2a12474fb-2024.10.25.11.49_amd64.deb to /<<CHROOT>>...
Copying /home/runner/apt_repo_dependencies/ros-one-virtual-force-publisher_2.2.12-185-g1ddd7669-2024.10.25.20.06_amd64.deb to /<<CHROOT>>...
Copying /home/runner/apt_repo_dependencies/ros-one-rqt-plot_0.4.13-2024.10.25.13.43_amd64.deb to /<<CHROOT>>...
Copying /home/runner/apt_repo_dependencies/ros-one-wge100-driver_1.8.5-4-g9768e2e-2024.10.25.17.03_amd64.deb to /<<CHROOT>>...
Copying /home/runner/apt_repo_dependencies/ros-one-pr2-run-stop-auto-restart_1.6.32-21-gcb63b5d-2024.10.25.18.37_amd64.deb to /<<CHROOT>>...
Copying /home/runner/apt_repo_dependencies/ros-one-clear-costmap-recovery_1.17.3-3-g9ad64419-2024.10.25.14.42_amd64.deb to /<<CHROOT>>...
Copying /home/runner/apt_repo_dependencies/ros-one-rqt-srv_0.4.9-1-g876365e-2024.10.25.18.22_amd64.deb to /<<CHROOT>>...
Copying /home/runner/apt_repo_dependencies/ros-one-moveit-resources-fanuc-moveit-config_0.8.3-2-gb771644-2024.10.25.15.33_amd64.deb to /<<CHROOT>>...
Copying /home/runner/apt_repo_dependencies/ros-one-trac-ik-lib_0-2024.10.25.18.30_amd64.deb to /<<CHROOT>>...
Copying /home/runner/apt_repo_dependencies/ros-one-velocity-controllers-dbgsym_0.22.0-2024.10.25.15.00_amd64.deb to /<<CHROOT>>...
Copying /home/runner/apt_repo_dependencies/ros-one-qb-device-control_0-2024.10.25.16.46_amd64.deb to /<<CHROOT>>...
Copying /home/runner/apt_repo_dependencies/ros-one-jsk-network-tools-dbgsym_2.2.12-185-g1ddd7669-2024.10.25.19.36_amd64.deb to /<<CHROOT>>...
Copying /home/runner/apt_repo_dependencies/ros-one-people_1.4.2-6-gcfd7892-2024.10.25.18.07_amd64.deb to /<<CHROOT>>...
Copying /home/runner/apt_repo_dependencies/ros-one-key-teleop_0.5.0-2024.10.25.13.00_amd64.deb to /<<CHROOT>>...
Copying /home/runner/apt_repo_dependencies/ros-one-amcl_1.17.3-3-g9ad64419-2024.10.25.14.18_amd64.deb to /<<CHROOT>>...
Copying /home/runner/apt_repo_dependencies/ros-one-wiimote-dbgsym_0-2024.10.25.15.06_amd64.deb to /<<CHROOT>>...
Copying /home/runner/apt_repo_dependencies/ros-one-lockfree-dbgsym_1.0.25-10-g6ad6177-2024.10.25.12.25_amd64.deb to /<<CHROOT>>...
Copying /home/runner/apt_repo_dependencies/ros-one-compressed-depth-image-transport-dbgsym_1.15.0-9-gcae592c-2024.10.25.12.47_amd64.deb to /<<CHROOT>>...
Copying /home/runner/apt_repo_dependencies/ros-one-pr2-mechanism-controllers-dbgsym_1.10.18-3-g8e8dfa0-2024.10.25.16.59_amd64.deb to /<<CHROOT>>...
Copying /home/runner/apt_repo_dependencies/ros-one-smclib_1.8.6-1-g398e8ed-2024.10.25.12.26_amd64.deb to /<<CHROOT>>...
Copying /home/runner/apt_repo_dependencies/ros-one-ros_1.15.8-3-g136e18e9-2024.10.25.10.58_amd64.deb to /<<CHROOT>>...
Copying /home/runner/apt_repo_dependencies/ros-one-calibration-estimation_0-2024.10.25.12.54_amd64.deb to /<<CHROOT>>...
Copying /home/runner/apt_repo_dependencies/ros-one-eigenpy_3.10.0-2024.10.25.10.08_amd64.deb to /<<CHROOT>>...
Copying /home/runner/apt_repo_dependencies/ros-one-qb-hand_0-2024.10.25.18.11_amd64.deb to /<<CHROOT>>...
Copying /home/runner/apt_repo_dependencies/ros-one-pcl-ros-dbgsym_1.7.4-12-g5f72467-2024.10.25.13.50_amd64.deb to /<<CHROOT>>...
Copying /home/runner/apt_repo_dependencies/ros-one-robot-calibration-dbgsym_0.7.2-3-g80c2be2-2024.10.25.13.53_amd64.deb to /<<CHROOT>>...
Copying /home/runner/apt_repo_dependencies/ros-one-soem_1.4.1003-1-g988013c-2024.10.25.10.08_amd64.deb to /<<CHROOT>>...
Copying /home/runner/apt_repo_dependencies/ros-one-opencv-tests_1.16.2-2-gcfabf72-2024.10.25.12.28_amd64.deb to /<<CHROOT>>...
Copying /home/runner/apt_repo_dependencies/ros-one-stage-dbgsym_4.3.0-17-g2d2e0724-2024.10.25.10.06_amd64.deb to /<<CHROOT>>...
Copying /home/runner/apt_repo_dependencies/ros-one-move-base_1.17.3-3-g9ad64419-2024.10.25.15.04_amd64.deb to /<<CHROOT>>...
Copying /home/runner/apt_repo_dependencies/ros-one-moveit-resources-panda-moveit-config_0.8.3-2-gb771644-2024.10.25.15.43_amd64.deb to /<<CHROOT>>...
Copying /home/runner/apt_repo_dependencies/ros-one-random-numbers-dbgsym_0.3.3-1-g51f6043-2024.10.25.10.08_amd64.deb to /<<CHROOT>>...
Copying /home/runner/apt_repo_dependencies/ros-one-multisense-cal-check_4.0.5-46-g945e646-2024.10.25.14.38_amd64.deb to /<<CHROOT>>...
Copying /home/runner/apt_repo_dependencies/ros-one-prosilica-camera_1.9.5-2-g14080aa-2024.10.25.14.20_amd64.deb to /<<CHROOT>>...
Copying /home/runner/apt_repo_dependencies/ros-one-trac-ik-examples-dbgsym_0-2024.10.25.18.35_amd64.deb to /<<CHROOT>>...
Copying /home/runner/apt_repo_dependencies/ros-one-jsk-hark-msgs_4.3.2-13-g093b57c-2024.10.25.12.55_amd64.deb to /<<CHROOT>>...
Copying /home/runner/apt_repo_dependencies/ros-one-dynamic-reconfigure_1.7.3-3-g2654f22-2024.10.25.12.22_amd64.deb to /<<CHROOT>>...
Copying /home/runner/apt_repo_dependencies/ros-one-rostime_0.7.3-3-gcae00b4-2024.10.25.10.05_amd64.deb to /<<CHROOT>>...
Copying /home/runner/apt_repo_dependencies/ros-one-turtlesim-dbgsym_0.10.2-3-gdb63288-2024.10.25.12.28_amd64.deb to /<<CHROOT>>...
Copying /home/runner/apt_repo_dependencies/ros-one-pr2-controller-configuration_1.6.32-21-gcb63b5d-2024.10.25.18.25_amd64.deb to /<<CHROOT>>...
Copying /home/runner/apt_repo_dependencies/ros-one-laser-filters_1.9.1-2024.10.25.14.12_amd64.deb to /<<CHROOT>>...
Copying /home/runner/apt_repo_dependencies/ros-one-single-joint-position-action_1.10.18-3-g8e8dfa0-2024.10.25.17.23_amd64.deb to /<<CHROOT>>...
Copying /home/runner/apt_repo_dependencies/ros-one-usb-cam_0.3.7-19-g1ce9e6c-2024.10.25.12.57_amd64.deb to /<<CHROOT>>...
Copying /home/runner/apt_repo_dependencies/ros-one-rostime-dbgsym_0.7.3-3-gcae00b4-2024.10.25.10.05_amd64.deb to /<<CHROOT>>...
Copying /home/runner/apt_repo_dependencies/ros-one-pr2-robot_1.6.32-21-gcb63b5d-2024.10.25.18.33_amd64.deb to /<<CHROOT>>...
Copying /home/runner/apt_repo_dependencies/ros-one-panda-moveit-config_0.8.1-6-gda3252e-2024.10.25.18.18_amd64.deb to /<<CHROOT>>...
Copying /home/runner/apt_repo_dependencies/ros-one-camera-calibration-parsers-dbgsym_1.12.0-9-g21aac6a-2024.10.25.12.21_amd64.deb to /<<CHROOT>>...
Copying /home/runner/apt_repo_dependencies/ros-one-rosbag-snapshot_1.0.5-1-g2f349da-2024.10.25.12.31_amd64.deb to /<<CHROOT>>...
Copying /home/runner/apt_repo_dependencies/ros-one-genlisp_0.4.18-2024.10.25.10.24_amd64.deb to /<<CHROOT>>...
Copying /home/runner/apt_repo_dependencies/ros-one-moveit-kinematics-dbgsym_1.1.16-1-g88b386581-2024.10.25.16.43_amd64.deb to /<<CHROOT>>...
Copying /home/runner/apt_repo_dependencies/ros-one-rqt-topic_0.4.13-4-g8465371-2024.10.25.13.53_amd64.deb to /<<CHROOT>>...
Copying /home/runner/apt_repo_dependencies/ros-one-ros-control-boilerplate_0-2024.10.25.14.33_amd64.deb to /<<CHROOT>>...
Copying /home/runner/apt_repo_dependencies/ros-one-moveit-ros-warehouse-dbgsym_1.1.16-1-g88b386581-2024.10.25.17.15_amd64.deb to /<<CHROOT>>...
Copying /home/runner/apt_repo_dependencies/ros-one-euslisp_9.29.0-2-2024.10.25.11.11_amd64.deb to /<<CHROOT>>...
Copying /home/runner/apt_repo_dependencies/ros-one-rospy_1.17.0-12-g2a12474fb-2024.10.25.11.34_amd64.deb to /<<CHROOT>>...
Copying /home/runner/apt_repo_dependencies/ros-one-trac-ik-examples_0-2024.10.25.18.35_amd64.deb to /<<CHROOT>>...
Copying /home/runner/apt_repo_dependencies/ros-one-backward-ros-dbgsym_0.1.8-2024.10.25.12.21_amd64.deb to /<<CHROOT>>...
Copying /home/runner/apt_repo_dependencies/ros-one-cartesian-trajectory-controller_0.1.7-1-gceffa65-2024.10.25.18.16_amd64.deb to /<<CHROOT>>...
Copying /home/runner/apt_repo_dependencies/ros-one-convex-decomposition-dbgsym_0.1.12-3-gb722eb5-2024.10.25.10.08_amd64.deb to /<<CHROOT>>...
Copying /home/runner/apt_repo_dependencies/ros-one-freenect-camera-dbgsym_0.4.3-2024.10.25.15.35_amd64.deb to /<<CHROOT>>...
Copying /home/runner/apt_repo_dependencies/ros-one-joint-trajectory-action-dbgsym_1.10.18-3-g8e8dfa0-2024.10.25.16.09_amd64.deb to /<<CHROOT>>...
Copying /home/runner/apt_repo_dependencies/ros-one-leg-detector-dbgsym_1.4.2-6-gcfd7892-2024.10.25.18.27_amd64.deb to /<<CHROOT>>...
Copying /home/runner/apt_repo_dependencies/ros-one-rosparam_1.17.0-12-g2a12474fb-2024.10.25.11.33_amd64.deb to /<<CHROOT>>...
Copying /home/runner/apt_repo_dependencies/ros-one-industrial-deprecated_0.7.3-4-g2d70d15-2024.10.25.18.12_amd64.deb to /<<CHROOT>>...
Copying /home/runner/apt_repo_dependencies/ros-one-moveit-planners-chomp-dbgsym_1.1.16-1-g88b386581-2024.10.25.17.31_amd64.deb to /<<CHROOT>>...
Copying /home/runner/apt_repo_dependencies/ros-one-laser-assembler-dbgsym_1.7.8-7-g4d7e9e1-2024.10.25.14.29_amd64.deb to /<<CHROOT>>...
Copying /home/runner/apt_repo_dependencies/ros-one-moveit-by-name_1.0.0-2024.10.25.18.13_amd64.deb to /<<CHROOT>>...
Copying /home/runner/apt_repo_dependencies/ros-one-rqt-top_0.4.10-1-gb2caab1-2024.10.25.13.51_amd64.deb to /<<CHROOT>>...
Copying /home/runner/apt_repo_dependencies/ros-one-pilz-industrial-motion-planner-dbgsym_1.1.16-1-g88b386581-2024.10.25.17.58_amd64.deb to /<<CHROOT>>...
Copying /home/runner/apt_repo_dependencies/ros-one-urg-node-dbgsym_0.1.18-4-gd3a14fd-2024.10.25.14.55_amd64.deb to /<<CHROOT>>...
Copying /home/runner/apt_repo_dependencies/ros-one-twist-controller_0.1.7-1-gceffa65-2024.10.25.18.25_amd64.deb to /<<CHROOT>>...
Copying /home/runner/apt_repo_dependencies/ros-one-map-server-dbgsym_1.17.3-3-g9ad64419-2024.10.25.14.15_amd64.deb to /<<CHROOT>>...
Copying /home/runner/apt_repo_dependencies/ros-one-ur-kinematics_1.3.3-3-gcce1f0e-2024.10.25.19.51_amd64.deb to /<<CHROOT>>...
Copying /home/runner/apt_repo_dependencies/ros-one-visualization-marker-tutorials-dbgsym_0-2024.10.25.17.27_amd64.deb to /<<CHROOT>>...
Copying /home/runner/apt_repo_dependencies/ros-one-qb-hand-control_0-2024.10.25.18.15_amd64.deb to /<<CHROOT>>...
Copying /home/runner/apt_repo_dependencies/ros-one-shape-msgs_1.13.1-2024.10.25.11.37_amd64.deb to /<<CHROOT>>...
Copying /home/runner/apt_repo_dependencies/ros-one-qb-device-bringup_0-2024.10.25.16.21_amd64.deb to /<<CHROOT>>...
Copying /home/runner/apt_repo_dependencies/ros-one-bondcpp_1.8.6-1-g398e8ed-2024.10.25.12.27_amd64.deb to /<<CHROOT>>...
Copying /home/runner/apt_repo_dependencies/ros-one-cartesian-interface_0.1.7-1-gceffa65-2024.10.25.18.07_amd64.deb to /<<CHROOT>>...
Copying /home/runner/apt_repo_dependencies/ros-one-camera-info-manager-py_0-2024.10.25.12.47_amd64.deb to /<<CHROOT>>...
Copying /home/runner/apt_repo_dependencies/ros-one-moveit-ros-planning_1.1.16-1-g88b386581-2024.10.25.16.31_amd64.deb to /<<CHROOT>>...
Copying /home/runner/apt_repo_dependencies/ros-one-test-rospy_1.17.0-12-g2a12474fb-2024.10.25.12.13_amd64.deb to /<<CHROOT>>...
Copying /home/runner/apt_repo_dependencies/ros-one-sensor-msgs_1.13.1-2024.10.25.12.08_amd64.deb to /<<CHROOT>>...
Copying /home/runner/apt_repo_dependencies/ros-one-joint-states-settler-dbgsym_0-2024.10.25.13.05_amd64.deb to /<<CHROOT>>...
Copying /home/runner/apt_repo_dependencies/ros-one-transmission-interface-dbgsym_0.20.0-1-g633c374-2024.10.25.13.59_amd64.deb to /<<CHROOT>>...
Copying /home/runner/apt_repo_dependencies/ros-one-roscpp-serialization_0.7.3-3-gcae00b4-2024.10.25.10.06_amd64.deb to /<<CHROOT>>...
Copying /home/runner/apt_repo_dependencies/ros-one-chomp-motion-planner_1.1.16-1-g88b386581-2024.10.25.16.00_amd64.deb to /<<CHROOT>>...
Copying /home/runner/apt_repo_dependencies/ros-one-teleop-tools_0.5.0-2024.10.25.13.06_amd64.deb to /<<CHROOT>>...
Copying /home/runner/apt_repo_dependencies/ros-one-filters_1.9.2-4-g310202e-2024.10.25.12.24_amd64.deb to /<<CHROOT>>...
Copying /home/runner/apt_repo_dependencies/ros-one-rosnode_1.17.0-12-g2a12474fb-2024.10.25.11.52_amd64.deb to /<<CHROOT>>...
Copying /home/runner/apt_repo_dependencies/ros-one-moveit-resources-prbt-moveit-config_0.8.3-2-gb771644-2024.10.25.16.13_amd64.deb to /<<CHROOT>>...
Copying /home/runner/apt_repo_dependencies/ros-one-franka-description_0.8.1-368-gba8dd20-2024.10.25.15.19_amd64.deb to /<<CHROOT>>...
Copying /home/runner/apt_repo_dependencies/ros-one-pcl-ros_1.7.4-12-g5f72467-2024.10.25.13.50_amd64.deb to /<<CHROOT>>...
Copying /home/runner/apt_repo_dependencies/ros-one-test-roslaunch_1.17.0-12-g2a12474fb-2024.10.25.11.59_amd64.deb to /<<CHROOT>>...
Copying /home/runner/apt_repo_dependencies/ros-one-graph-msgs_0.1.0-3-g530fe7c-2024.10.25.12.23_amd64.deb to /<<CHROOT>>...
Copying /home/runner/apt_repo_dependencies/ros-one-image-common_1.12.0-9-g21aac6a-2024.10.25.12.24_amd64.deb to /<<CHROOT>>...
Copying /home/runner/apt_repo_dependencies/ros-one-move-slow-and-clear-dbgsym_1.17.3-3-g9ad64419-2024.10.25.14.49_amd64.deb to /<<CHROOT>>...
Copying /home/runner/apt_repo_dependencies/ros-one-tf2-py_0.7.5-23-gfbcdc99-2024.10.25.12.56_amd64.deb to /<<CHROOT>>...
Copying /home/runner/apt_repo_dependencies/ros-one-wiimote_0-2024.10.25.15.06_amd64.deb to /<<CHROOT>>...
Copying /home/runner/apt_repo_dependencies/ros-one-imu-sensor-controller-dbgsym_0.22.0-2024.10.25.14.31_amd64.deb to /<<CHROOT>>...
Copying /home/runner/apt_repo_dependencies/ros-one-stereo-image-proc_1.17.0-11-g69488e6-2024.10.25.14.04_amd64.deb to /<<CHROOT>>...
Copying /home/runner/apt_repo_dependencies/ros-one-rosbag-snapshot-dbgsym_1.0.5-1-g2f349da-2024.10.25.12.31_amd64.deb to /<<CHROOT>>...
Copying /home/runner/apt_repo_dependencies/ros-one-qb-device-srvs_0-2024.10.25.16.35_amd64.deb to /<<CHROOT>>...
Copying /home/runner/apt_repo_dependencies/ros-one-roswtf_1.17.0-12-g2a12474fb-2024.10.25.12.07_amd64.deb to /<<CHROOT>>...
Copying /home/runner/apt_repo_dependencies/ros-one-interactive-markers-dbgsym_1.12.0-1-g22f95a6-2024.10.25.13.19_amd64.deb to /<<CHROOT>>...
Copying /home/runner/apt_repo_dependencies/ros-one-hardware-interface_0.20.0-1-g633c374-2024.10.25.13.36_amd64.deb to /<<CHROOT>>...
Copying /home/runner/apt_repo_dependencies/ros-one-combined-robot-hw-tests_0.20.0-1-g633c374-2024.10.25.13.49_amd64.deb to /<<CHROOT>>...
Copying /home/runner/apt_repo_dependencies/ros-one-moveit-ros-benchmarks_1.1.16-1-g88b386581-2024.10.25.17.20_amd64.deb to /<<CHROOT>>...
Copying /home/runner/apt_repo_dependencies/ros-one-tf-conversions-dbgsym_1.13.2-10-g674e0c4-2024.10.25.13.27_amd64.deb to /<<CHROOT>>...
Copying /home/runner/apt_repo_dependencies/ros-one-opw-kinematics_0.5.0-2-g37d5ea5-2024.10.25.10.24_amd64.deb to /<<CHROOT>>...
Copying /home/runner/apt_repo_dependencies/ros-one-moveit-planners-ompl_1.1.16-1-g88b386581-2024.10.25.16.48_amd64.deb to /<<CHROOT>>...
Copying /home/runner/apt_repo_dependencies/ros-one-rosbridge-suite_0.11.17-2024.10.25.13.26_amd64.deb to /<<CHROOT>>...
Copying /home/runner/apt_repo_dependencies/ros-one-urdfdom-py_0.4.6-2024.10.25.12.30_amd64.deb to /<<CHROOT>>...
Copying /home/runner/apt_repo_dependencies/ros-one-apriltag-ros_3.2.1-23-g94b3b84-2024.10.25.13.33_amd64.deb to /<<CHROOT>>...
Copying /home/runner/apt_repo_dependencies/ros-one-rosbag-storage_1.17.0-12-g2a12474fb-2024.10.25.11.49_amd64.deb to /<<CHROOT>>...
Copying /home/runner/apt_repo_dependencies/ros-one-diagnostic-aggregator_1.11.0-7-gda86650-2024.10.25.13.33_amd64.deb to /<<CHROOT>>...
Copying /home/runner/apt_repo_dependencies/ros-one-moveit-msgs_0.11.4-5-g851fe62-2024.10.25.12.50_amd64.deb to /<<CHROOT>>...
Copying /home/runner/apt_repo_dependencies/ros-one-moveit-task-constructor-core_1-0.1.3-104-g1acf72e-2024.10.25.18.25_amd64.deb to /<<CHROOT>>...
Copying /home/runner/apt_repo_dependencies/ros-one-qb-device-driver_0-2024.10.25.16.50_amd64.deb to /<<CHROOT>>...
Copying /home/runner/apt_repo_dependencies/ros-one-roscpp-tutorials_0.10.2-3-gdb63288-2024.10.25.12.25_amd64.deb to /<<CHROOT>>...
Copying /home/runner/apt_repo_dependencies/ros-one-rosmsg_1.17.0-12-g2a12474fb-2024.10.25.11.51_amd64.deb to /<<CHROOT>>...
Copying /home/runner/apt_repo_dependencies/ros-one-position-controllers_0.22.0-2024.10.25.14.45_amd64.deb to /<<CHROOT>>...
Copying /home/runner/apt_repo_dependencies/ros-one-joint-limits-interface_0.20.0-1-g633c374-2024.10.25.13.52_amd64.deb to /<<CHROOT>>...
Copying /home/runner/apt_repo_dependencies/ros-one-random-numbers_0.3.3-1-g51f6043-2024.10.25.10.08_amd64.deb to /<<CHROOT>>...
Copying /home/runner/apt_repo_dependencies/ros-one-moveit-task-constructor-msgs_1-0.1.3-104-g1acf72e-2024.10.25.18.13_amd64.deb to /<<CHROOT>>...
Copying /home/runner/apt_repo_dependencies/ros-one-ompl_1.6.0-78-g18a5f5be-2024.10.25.10.08_amd64.deb to /<<CHROOT>>...
Copying /home/runner/apt_repo_dependencies/ros-one-robot-body-filter-dbgsym_1.3.2-1-g4ebbd32-2024.10.25.18.46_amd64.deb to /<<CHROOT>>...
Copying /home/runner/apt_repo_dependencies/ros-one-pal-carbon-collector_1.5.2-2-ga5b028b-2024.10.25.12.24_amd64.deb to /<<CHROOT>>...
Copying /home/runner/apt_repo_dependencies/ros-one-universal-robots_1.3.3-3-gcce1f0e-2024.10.25.18.56_amd64.deb to /<<CHROOT>>...
Copying /home/runner/apt_repo_dependencies/ros-one-libuvc-ros_0-2024.10.25.13.25_amd64.deb to /<<CHROOT>>...
Copying /home/runner/apt_repo_dependencies/ros-one-backward-ros_0.1.8-2024.10.25.12.21_amd64.deb to /<<CHROOT>>...
Copying /home/runner/apt_repo_dependencies/ros-one-dynamic-tf-publisher_2.2.12-185-g1ddd7669-2024.10.25.19.02_amd64.deb to /<<CHROOT>>...
Copying /home/runner/apt_repo_dependencies/ros-one-rethink-ee-description_1.2.0-2024.10.25.12.43_amd64.deb to /<<CHROOT>>...
Copying /home/runner/apt_repo_dependencies/ros-one-class-loader-dbgsym_0.5.0-6-g9f3288d-2024.10.25.10.25_amd64.deb to /<<CHROOT>>...
Copying /home/runner/apt_repo_dependencies/ros-one-voxel-grid-dbgsym_1.17.3-3-g9ad64419-2024.10.25.14.24_amd64.deb to /<<CHROOT>>...
Copying /home/runner/apt_repo_dependencies/ros-one-actionlib_1.14.0-6-gbbf979f-2024.10.25.12.21_amd64.deb to /<<CHROOT>>...
Copying /home/runner/apt_repo_dependencies/ros-one-rqt-robot-plugins_0.5.8-1-g6e17809-2024.10.25.19.25_amd64.deb to /<<CHROOT>>...
Copying /home/runner/apt_repo_dependencies/ros-one-control-toolbox-dbgsym_1.18.2-9-g59b3859-2024.10.25.13.16_amd64.deb to /<<CHROOT>>...
Copying /home/runner/apt_repo_dependencies/ros-one-gazebo-msgs_2.9.2-6-g959e7d0-2024.10.25.14.18_amd64.deb to /<<CHROOT>>...
Copying /home/runner/apt_repo_dependencies/ros-one-pr2-bringup_1.6.32-21-gcb63b5d-2024.10.25.18.12_amd64.deb to /<<CHROOT>>...
Copying /home/runner/apt_repo_dependencies/ros-one-dynamixel-driver_0.4.1-3-g3d84232-2024.10.25.12.49_amd64.deb to /<<CHROOT>>...
Copying /home/runner/apt_repo_dependencies/ros-one-geometry-msgs_1.13.1-2024.10.25.11.25_amd64.deb to /<<CHROOT>>...
Copying /home/runner/apt_repo_dependencies/ros-one-map-msgs_1.14.1-2024.10.25.12.27_amd64.deb to /<<CHROOT>>...
Copying /home/runner/apt_repo_dependencies/ros-one-speech-recognition-msgs_4.3.2-13-g093b57c-2024.10.25.13.09_amd64.deb to /<<CHROOT>>...
Copying /home/runner/apt_repo_dependencies/ros-one-moveit-ros-control-interface_1.1.16-1-g88b386581-2024.10.25.17.49_amd64.deb to /<<CHROOT>>...
Copying /home/runner/apt_repo_dependencies/ros-one-ros-industrial-cmake-boilerplate_0.6.2-2024.10.25.10.08_amd64.deb to /<<CHROOT>>...
Copying /home/runner/apt_repo_dependencies/ros-one-roscpp-dbgsym_1.17.0-12-g2a12474fb-2024.10.25.11.44_amd64.deb to /<<CHROOT>>...
Copying /home/runner/apt_repo_dependencies/ros-one-rqt-publisher_0.4.10-7-g3f32ffe-2024.10.25.13.39_amd64.deb to /<<CHROOT>>...
Copying /home/runner/apt_repo_dependencies/ros-one-ur5-moveit-config_1.3.3-3-gcce1f0e-2024.10.25.19.32_amd64.deb to /<<CHROOT>>...
Copying /home/runner/apt_repo_dependencies/ros-one-octomap-server-dbgsym_0.6.8-2024.10.25.14.40_amd64.deb to /<<CHROOT>>...
Copying /home/runner/apt_repo_dependencies/ros-one-pr2-mechanism-diagnostics_1.8.21-7-g3b10e3e-2024.10.25.14.55_amd64.deb to /<<CHROOT>>...
Copying /home/runner/apt_repo_dependencies/ros-one-turtle-tf-dbgsym_0.2.3-1-g1d1d36a-2024.10.25.14.00_amd64.deb to /<<CHROOT>>...
Copying /home/runner/apt_repo_dependencies/ros-one-rosemacs_0.4.17-2024.10.25.11.28_amd64.deb to /<<CHROOT>>...
Copying /home/runner/apt_repo_dependencies/ros-one-laser-cb-detector-dbgsym_0-2024.10.25.13.08_amd64.deb to /<<CHROOT>>...
Copying /home/runner/apt_repo_dependencies/ros-one-bio-ik_0-2024.10.25.18.07_amd64.deb to /<<CHROOT>>...
Copying /home/runner/apt_repo_dependencies/ros-one-pr2-controller-manager-dbgsym_1.8.21-7-g3b10e3e-2024.10.25.14.59_amd64.deb to /<<CHROOT>>...
Copying /home/runner/apt_repo_dependencies/ros-one-openni2-camera_0-2024.10.25.15.56_amd64.deb to /<<CHROOT>>...
Copying /home/runner/apt_repo_dependencies/ros-one-pr2-mechanism_1.8.21-7-g3b10e3e-2024.10.25.14.46_amd64.deb to /<<CHROOT>>...
Copying /home/runner/apt_repo_dependencies/ros-one-moveit-opw-kinematics-plugin_0.4.0-4-gfa51c00-2024.10.25.18.07_amd64.deb to /<<CHROOT>>...
Copying /home/runner/apt_repo_dependencies/ros-one-webkit-dependency_1.1.2-2024.10.25.10.07_amd64.deb to /<<CHROOT>>...
Copying /home/runner/apt_repo_dependencies/ros-one-diagnostic-common-diagnostics_1.11.0-7-gda86650-2024.10.25.13.42_amd64.deb to /<<CHROOT>>...
Copying /home/runner/apt_repo_dependencies/ros-one-multisense-description_4.0.5-46-g945e646-2024.10.25.14.21_amd64.deb to /<<CHROOT>>...
Copying /home/runner/apt_repo_dependencies/ros-one-cmake-modules_0.5.0-3-g05347c1-2024.10.25.10.07_amd64.deb to /<<CHROOT>>...
Copying /home/runner/apt_repo_dependencies/ros-one-rqt-py-common_0.5.2-8-gb606144-2024.10.25.13.25_amd64.deb to /<<CHROOT>>...
Copying /home/runner/apt_repo_dependencies/ros-one-pal-statistics-msgs_1.5.2-2-ga5b028b-2024.10.25.12.25_amd64.deb to /<<CHROOT>>...
Copying /home/runner/apt_repo_dependencies/ros-one-openslam-gmapping-dbgsym_0.2.1-17-g5105476-2024.10.25.10.09_amd64.deb to /<<CHROOT>>...
Copying /home/runner/apt_repo_dependencies/ros-one-bond-core_1.8.6-1-g398e8ed-2024.10.25.12.23_amd64.deb to /<<CHROOT>>...
Copying /home/runner/apt_repo_dependencies/ros-one-driver-common_1.6.9-2024.10.25.14.15_amd64.deb to /<<CHROOT>>...
Copying /home/runner/apt_repo_dependencies/ros-one-scaled-controllers_0.1.1-4-gb2fff50-2024.10.25.16.36_amd64.deb to /<<CHROOT>>...
Copying /home/runner/apt_repo_dependencies/ros-one-urdf-geometry-parser-dbgsym_0.1.0-6-g1d7317a-2024.10.25.12.55_amd64.deb to /<<CHROOT>>...
Copying /home/runner/apt_repo_dependencies/ros-one-std-srvs_1.11.3-1-gf51a0429-2024.10.25.11.12_amd64.deb to /<<CHROOT>>...
Copying /home/runner/apt_repo_dependencies/ros-one-nodelet-topic-tools_1.11.0-1-gf840a28-2024.10.25.13.00_amd64.deb to /<<CHROOT>>...
Copying /home/runner/apt_repo_dependencies/ros-one-diagnostic-analysis_1.11.0-7-gda86650-2024.10.25.13.36_amd64.deb to /<<CHROOT>>...
Copying /home/runner/apt_repo_dependencies/ros-one-gripper-action-controller_0.22.0-2024.10.25.14.28_amd64.deb to /<<CHROOT>>...
Copying /home/runner/apt_repo_dependencies/ros-one-behaviortree-cpp-dbgsym_4.6.2-10-g1fcb624-2024.10.25.11.10_amd64.deb to /<<CHROOT>>...
Copying /home/runner/apt_repo_dependencies/ros-one-pr2-controller-interface_1.8.21-7-g3b10e3e-2024.10.25.14.52_amd64.deb to /<<CHROOT>>...
Copying /home/runner/apt_repo_dependencies/ros-one-qt-gui-py-common_0.4.2-9-gdc7190f-2024.10.25.11.26_amd64.deb to /<<CHROOT>>...
Copying /home/runner/apt_repo_dependencies/ros-one-fake-localization_1.17.3-3-g9ad64419-2024.10.25.14.11_amd64.deb to /<<CHROOT>>...
Copying /home/runner/apt_repo_dependencies/ros-one-rqt-msg_0.4.10-5-gcd226dd-2024.10.25.16.23_amd64.deb to /<<CHROOT>>...
Copying /home/runner/apt_repo_dependencies/ros-one-pr2-gripper-action_1.10.18-3-g8e8dfa0-2024.10.25.17.08_amd64.deb to /<<CHROOT>>...
Copying /home/runner/apt_repo_dependencies/ros-one-multisense_4.0.5-46-g945e646-2024.10.25.14.18_amd64.deb to /<<CHROOT>>...
Copying /home/runner/apt_repo_dependencies/ros-one-test-nodelet_1.11.0-1-gf840a28-2024.10.25.13.02_amd64.deb to /<<CHROOT>>...
Copying /home/runner/apt_repo_dependencies/ros-one-pr2-mechanism-diagnostics-dbgsym_1.8.21-7-g3b10e3e-2024.10.25.14.55_amd64.deb to /<<CHROOT>>...
Copying /home/runner/apt_repo_dependencies/ros-one-industrial-utils_0.7.3-4-g2d70d15-2024.10.25.18.29_amd64.deb to /<<CHROOT>>...
Copying /home/runner/apt_repo_dependencies/ros-one-cartesian-control-msgs_0.1.0-2-gfb68cf9-2024.10.25.12.23_amd64.deb to /<<CHROOT>>...
Copying /home/runner/apt_repo_dependencies/ros-one-controller-manager-tests_0.20.0-1-g633c374-2024.10.25.13.46_amd64.deb to /<<CHROOT>>...
Copying /home/runner/apt_repo_dependencies/ros-one-ethercat-grant_0.3.2-2024.10.25.12.22_amd64.deb to /<<CHROOT>>...
Copying /home/runner/apt_repo_dependencies/ros-one-pr2-msgs_1.13.1-2024.10.25.13.07_amd64.deb to /<<CHROOT>>...
Copying /home/runner/apt_repo_dependencies/ros-one-geneus_3.0.0-2024.10.25.10.25_amd64.deb to /<<CHROOT>>...
Copying /home/runner/apt_repo_dependencies/ros-one-ur-description_1.3.3-3-gcce1f0e-2024.10.25.19.41_amd64.deb to /<<CHROOT>>...
Copying /home/runner/apt_repo_dependencies/ros-one-moveit-monitoring-dbgsym_1.0.0-2024.10.25.18.08_amd64.deb to /<<CHROOT>>...
Copying /home/runner/apt_repo_dependencies/ros-one-cartesian-trajectory-interpolation-dbgsym_0.1.7-1-gceffa65-2024.10.25.18.11_amd64.deb to /<<CHROOT>>...
Copying /home/runner/apt_repo_dependencies/ros-one-trac-ik-kinematics-plugin-dbgsym_0-2024.10.25.18.39_amd64.deb to /<<CHROOT>>...
Copying /home/runner/apt_repo_dependencies/ros-one-rqt-console_0.4.12-2-gce13191-2024.10.25.14.43_amd64.deb to /<<CHROOT>>...
Copying /home/runner/apt_repo_dependencies/ros-one-tf2-eigen_0.7.5-23-gfbcdc99-2024.10.25.12.54_amd64.deb to /<<CHROOT>>...
Copying /home/runner/apt_repo_dependencies/ros-one-calibration-launch_0-2024.10.25.12.50_amd64.deb to /<<CHROOT>>...
Copying /home/runner/apt_repo_dependencies/ros-one-moveit-task-constructor-demo_1-0.1.3-104-g1acf72e-2024.10.25.18.38_amd64.deb to /<<CHROOT>>...
Copying /home/runner/apt_repo_dependencies/ros-one-microstrain-3dmgx2-imu-dbgsym_1.5.13-2024.10.25.14.16_amd64.deb to /<<CHROOT>>...
Copying /home/runner/apt_repo_dependencies/ros-one-ruckig-dbgsym_0.14.0-1-g0c467ad-2024.10.25.10.04_amd64.deb to /<<CHROOT>>...
Copying /home/runner/apt_repo_dependencies/ros-one-rqt-bag-plugins_0.5.1-9-gda86846-2024.10.25.14.40_amd64.deb to /<<CHROOT>>...
Copying /home/runner/apt_repo_dependencies/ros-one-image-view2-dbgsym_2.2.12-185-g1ddd7669-2024.10.25.19.07_amd64.deb to /<<CHROOT>>...
Copying /home/runner/apt_repo_dependencies/ros-one-global-planner-dbgsym_1.17.3-3-g9ad64419-2024.10.25.14.56_amd64.deb to /<<CHROOT>>...
Copying /home/runner/apt_repo_dependencies/ros-one-simple-message-dbgsym_0.7.3-4-g2d70d15-2024.10.25.18.37_amd64.deb to /<<CHROOT>>...
Copying /home/runner/apt_repo_dependencies/ros-one-baxter-common_1.2.0-2024.10.25.12.27_amd64.deb to /<<CHROOT>>...
Copying /home/runner/apt_repo_dependencies/ros-one-driver-base_1.6.9-2024.10.25.14.12_amd64.deb to /<<CHROOT>>...
Copying /home/runner/apt_repo_dependencies/ros-one-roslang_1.15.8-3-g136e18e9-2024.10.25.11.04_amd64.deb to /<<CHROOT>>...
Copying /home/runner/apt_repo_dependencies/ros-one-audio-capture-dbgsym_0.3.18-2024.10.25.12.50_amd64.deb to /<<CHROOT>>...
Copying /home/runner/apt_repo_dependencies/ros-one-people-tracking-filter_1.4.2-6-gcfd7892-2024.10.25.18.22_amd64.deb to /<<CHROOT>>...
Copying /home/runner/apt_repo_dependencies/ros-one-tf2-dbgsym_0.7.5-23-gfbcdc99-2024.10.25.12.51_amd64.deb to /<<CHROOT>>...
Copying /home/runner/apt_repo_dependencies/ros-one-ros-numpy_0-2024.10.25.13.42_amd64.deb to /<<CHROOT>>...
Copying /home/runner/apt_repo_dependencies/ros-one-force-torque-sensor-controller_0.22.0-2024.10.25.14.18_amd64.deb to /<<CHROOT>>...
Copying /home/runner/apt_repo_dependencies/ros-one-robot-state-publisher-dbgsym_1.15.2-1-g8478b2a-2024.10.25.13.39_amd64.deb to /<<CHROOT>>...
Copying /home/runner/apt_repo_dependencies/ros-one-rosparam-shortcuts_0.3.3-4-g69cd4d4-2024.10.25.13.44_amd64.deb to /<<CHROOT>>...
Copying /home/runner/apt_repo_dependencies/ros-one-face-detector-dbgsym_1.4.2-6-gcfd7892-2024.10.25.18.16_amd64.deb to /<<CHROOT>>...
Copying /home/runner/apt_repo_dependencies/ros-one-geometric-shapes-dbgsym_0.7.7-1-gc24eb49-2024.10.25.12.21_amd64.deb to /<<CHROOT>>...
Copying /home/runner/apt_repo_dependencies/ros-one-test-rosbag_1.17.0-12-g2a12474fb-2024.10.25.12.11_amd64.deb to /<<CHROOT>>...
Copying /home/runner/apt_repo_dependencies/ros-one-moveit-resources-prbt-support_0.8.3-2-gb771644-2024.10.25.16.20_amd64.deb to /<<CHROOT>>...
Copying /home/runner/apt_repo_dependencies/ros-one-tf2-bullet_0.7.5-23-gfbcdc99-2024.10.25.12.53_amd64.deb to /<<CHROOT>>...
Copying /home/runner/apt_repo_dependencies/ros-one-force-torque-sensor-controller-dbgsym_0.22.0-2024.10.25.14.18_amd64.deb to /<<CHROOT>>...
Copying /home/runner/apt_repo_dependencies/ros-one-realtime-tools-dbgsym_1.15.1-3-ga5a5a5e-2024.10.25.13.03_amd64.deb to /<<CHROOT>>...
Copying /home/runner/apt_repo_dependencies/ros-one-rostest_1.17.0-12-g2a12474fb-2024.10.25.11.36_amd64.deb to /<<CHROOT>>...
Copying /home/runner/apt_repo_dependencies/ros-one-actionlib-tools_1.14.0-6-gbbf979f-2024.10.25.12.23_amd64.deb to /<<CHROOT>>...
Copying /home/runner/apt_repo_dependencies/ros-one-geometry_1.13.2-10-g674e0c4-2024.10.25.13.19_amd64.deb to /<<CHROOT>>...
Copying /home/runner/apt_repo_dependencies/ros-one-eigen-conversions-dbgsym_1.13.2-10-g674e0c4-2024.10.25.13.17_amd64.deb to /<<CHROOT>>...
Copying /home/runner/apt_repo_dependencies/ros-one-controller-manager-dbgsym_0.20.0-1-g633c374-2024.10.25.13.44_amd64.deb to /<<CHROOT>>...
Copying /home/runner/apt_repo_dependencies/ros-one-camera-info-manager_1.12.0-9-g21aac6a-2024.10.25.12.28_amd64.deb to /<<CHROOT>>...
Copying /home/runner/apt_repo_dependencies/ros-one-plotjuggler-dbgsym_3.9.2-5-gf4f9d419-2024.10.25.12.34_amd64.deb to /<<CHROOT>>...
Copying /home/runner/apt_repo_dependencies/ros-one-std-msgs_0.5.13-1-gf3554d4-2024.10.25.11.04_amd64.deb to /<<CHROOT>>...
Copying /home/runner/apt_repo_dependencies/ros-one-rosout_1.17.0-12-g2a12474fb-2024.10.25.11.46_amd64.deb to /<<CHROOT>>...
Copying /home/runner/apt_repo_dependencies/ros-one-warehouse-ros-dbgsym_0.9.5-2-g5c5b77b-2024.10.25.13.47_amd64.deb to /<<CHROOT>>...
Copying /home/runner/apt_repo_dependencies/ros-one-scaled-joint-trajectory-controller-dbgsym_0.1.1-4-gb2fff50-2024.10.25.16.40_amd64.deb to /<<CHROOT>>...
Copying /home/runner/apt_repo_dependencies/ros-one-robot-state-publisher_1.15.2-1-g8478b2a-2024.10.25.13.39_amd64.deb to /<<CHROOT>>...
Copying /home/runner/apt_repo_dependencies/ros-one-tf2-ros_0.7.5-23-gfbcdc99-2024.10.25.12.58_amd64.deb to /<<CHROOT>>...
Copying /home/runner/apt_repo_dependencies/ros-one-resource-retriever-dbgsym_1.12.7-5-g40d08d6-2024.10.25.11.17_amd64.deb to /<<CHROOT>>...
Copying /home/runner/apt_repo_dependencies/ros-one-smach-msgs_2.5.2-7-g94a196d-2024.10.25.13.07_amd64.deb to /<<CHROOT>>...
Copying /home/runner/apt_repo_dependencies/ros-one-rosdiagnostic_1.11.0-7-gda86650-2024.10.25.14.01_amd64.deb to /<<CHROOT>>...
Copying /home/runner/apt_repo_dependencies/ros-one-ivcon-dbgsym_0.1.7-2-g5c97b19-2024.10.25.10.04_amd64.deb to /<<CHROOT>>...
Copying /home/runner/apt_repo_dependencies/ros-one-pr2-calibration-controllers_1.10.18-3-g8e8dfa0-2024.10.25.17.04_amd64.deb to /<<CHROOT>>...
Copying /home/runner/apt_repo_dependencies/ros-one-four-wheel-steering-controller_0.22.0-2024.10.25.14.25_amd64.deb to /<<CHROOT>>...
Copying /home/runner/apt_repo_dependencies/ros-one-turtle-tf_0.2.3-1-g1d1d36a-2024.10.25.14.00_amd64.deb to /<<CHROOT>>...
Copying /home/runner/apt_repo_dependencies/ros-one-rosgraph_1.17.0-12-g2a12474fb-2024.10.25.11.28_amd64.deb to /<<CHROOT>>...
Copying /home/runner/apt_repo_dependencies/ros-one-dynamixel-tutorials_0.4.1-3-g3d84232-2024.10.25.12.54_amd64.deb to /<<CHROOT>>...
Copying /home/runner/apt_repo_dependencies/ros-one-roslisp-repl_0.4.17-2024.10.25.11.29_amd64.deb to /<<CHROOT>>...
Copying /home/runner/apt_repo_dependencies/ros-one-test-rostest_1.17.0-12-g2a12474fb-2024.10.25.12.16_amd64.deb to /<<CHROOT>>...
Copying /home/runner/apt_repo_dependencies/ros-one-topic-tools-dbgsym_1.17.0-12-g2a12474fb-2024.10.25.12.03_amd64.deb to /<<CHROOT>>...
Copying /home/runner/apt_repo_dependencies/ros-one-pluginlib-tutorials_0-2024.10.25.13.25_amd64.deb to /<<CHROOT>>...
Copying /home/runner/apt_repo_dependencies/ros-one-filters-dbgsym_1.9.2-4-g310202e-2024.10.25.12.24_amd64.deb to /<<CHROOT>>...
Copying /home/runner/apt_repo_dependencies/ros-one-joint-state-controller-dbgsym_0.22.0-2024.10.25.14.35_amd64.deb to /<<CHROOT>>...
Copying /home/runner/apt_repo_dependencies/ros-one-tf_1.13.2-10-g674e0c4-2024.10.25.13.24_amd64.deb to /<<CHROOT>>...
Copying /home/runner/apt_repo_dependencies/ros-one-ros-environment_1.3.2-5-g2686e94-2024.10.25.10.01_amd64.deb to /<<CHROOT>>...
Copying /home/runner/apt_repo_dependencies/ros-one-urdf-geometry-parser_0.1.0-6-g1d7317a-2024.10.25.12.55_amd64.deb to /<<CHROOT>>...
Copying /home/runner/apt_repo_dependencies/ros-one-rqt-web_0.4.10-5-g49eaabf-2024.10.25.13.56_amd64.deb to /<<CHROOT>>...
Copying /home/runner/apt_repo_dependencies/ros-one-apriltag-dbgsym_3.4.2-28-g4dfd338-2024.10.25.10.03_amd64.deb to /<<CHROOT>>...
Copying /home/runner/apt_repo_dependencies/ros-one-interval-intersection-dbgsym_0-2024.10.25.13.01_amd64.deb to /<<CHROOT>>...
Copying /home/runner/apt_repo_dependencies/ros-one-audio-capture_0.3.18-2024.10.25.12.50_amd64.deb to /<<CHROOT>>...
Copying /home/runner/apt_repo_dependencies/ros-one-rqt-robot-dashboard_0.5.8-1-g3d890a9-2024.10.25.18.17_amd64.deb to /<<CHROOT>>...
Copying /home/runner/apt_repo_dependencies/ros-one-prosilica-camera-dbgsym_1.9.5-2-g14080aa-2024.10.25.14.20_amd64.deb to /<<CHROOT>>...
Copying /home/runner/apt_repo_dependencies/ros-one-power-monitor_1.1.10-5-gc7f225d-2024.10.25.14.46_amd64.deb to /<<CHROOT>>...
Copying /home/runner/apt_repo_dependencies/ros-one-actionlib-dbgsym_1.14.0-6-gbbf979f-2024.10.25.12.21_amd64.deb to /<<CHROOT>>...
Copying /home/runner/apt_repo_dependencies/ros-one-freenect-stack_0.4.3-2024.10.25.15.42_amd64.deb to /<<CHROOT>>...
Copying /home/runner/apt_repo_dependencies/ros-one-ivcon_0.1.7-2-g5c97b19-2024.10.25.10.04_amd64.deb to /<<CHROOT>>...
Copying /home/runner/apt_repo_dependencies/ros-one-urdf-dbgsym_1.13.2-2-g3df8012-2024.10.25.12.32_amd64.deb to /<<CHROOT>>...
Copying /home/runner/apt_repo_dependencies/ros-one-common-msgs_1.13.1-2024.10.25.11.23_amd64.deb to /<<CHROOT>>...
Copying /home/runner/apt_repo_dependencies/ros-one-pr2-camera-synchronizer_1.6.32-21-gcb63b5d-2024.10.25.18.16_amd64.deb to /<<CHROOT>>...
Copying /home/runner/apt_repo_dependencies/ros-one-diagnostics_1.11.0-7-gda86650-2024.10.25.13.44_amd64.deb to /<<CHROOT>>...
Copying /home/runner/apt_repo_dependencies/ros-one-pr2-arm-kinematics_1.0.11-4-gffb1be8-2024.10.25.18.36_amd64.deb to /<<CHROOT>>...
Copying /home/runner/apt_repo_dependencies/ros-one-bondpy_1.8.6-1-g398e8ed-2024.10.25.12.29_amd64.deb to /<<CHROOT>>...
Copying /home/runner/apt_repo_dependencies/ros-one-roscpp-traits_0.7.3-3-gcae00b4-2024.10.25.10.05_amd64.deb to /<<CHROOT>>...
Copying /home/runner/apt_repo_dependencies/ros-one-depth-image-proc_1.17.0-11-g69488e6-2024.10.25.13.43_amd64.deb to /<<CHROOT>>...
Copying /home/runner/apt_repo_dependencies/ros-one-py-binding-tools_1.0.0-6-g68a65b1-2024.10.25.13.01_amd64.deb to /<<CHROOT>>...
Copying /home/runner/apt_repo_dependencies/ros-one-controller-manager_0.20.0-1-g633c374-2024.10.25.13.44_amd64.deb to /<<CHROOT>>...
Copying /home/runner/apt_repo_dependencies/ros-one-genpy_0.6.16-6-gf70658f-2024.10.25.10.25_amd64.deb to /<<CHROOT>>...
Copying /home/runner/apt_repo_dependencies/ros-one-moveit-task-constructor-core-dbgsym_1-0.1.3-104-g1acf72e-2024.10.25.18.25_amd64.deb to /<<CHROOT>>...
Copying /home/runner/apt_repo_dependencies/ros-one-cpp-common_0.7.3-3-gcae00b4-2024.10.25.10.03_amd64.deb to /<<CHROOT>>...
Copying /home/runner/apt_repo_dependencies/ros-one-actionlib-tutorials-dbgsym_0-2024.10.25.13.17_amd64.deb to /<<CHROOT>>...
Copying /home/runner/apt_repo_dependencies/ros-one-rqt-action_0.4.9-14-gfd461f4-2024.10.25.18.33_amd64.deb to /<<CHROOT>>...
Copying /home/runner/apt_repo_dependencies/ros-one-cpp-common-dbgsym_0.7.3-3-gcae00b4-2024.10.25.10.03_amd64.deb to /<<CHROOT>>...
Copying /home/runner/apt_repo_dependencies/ros-one-urg-c_1.0.405-1-gbbe007f-2024.10.25.10.06_amd64.deb to /<<CHROOT>>...
Copying /home/runner/apt_repo_dependencies/ros-one-tf2-tools_0.7.5-23-gfbcdc99-2024.10.25.13.09_amd64.deb to /<<CHROOT>>...
Copying /home/runner/apt_repo_dependencies/ros-one-perception-pcl_1.7.4-12-g5f72467-2024.10.25.13.58_amd64.deb to /<<CHROOT>>...
Copying /home/runner/apt_repo_dependencies/ros-one-compressed-image-transport_1.15.0-9-gcae592c-2024.10.25.12.50_amd64.deb to /<<CHROOT>>...
Copying /home/runner/apt_repo_dependencies/ros-one-moveit-core_1.1.16-1-g88b386581-2024.10.25.15.51_amd64.deb to /<<CHROOT>>...
Copying /home/runner/apt_repo_dependencies/ros-one-image-publisher_1.17.0-11-g69488e6-2024.10.25.13.53_amd64.deb to /<<CHROOT>>...
Copying /home/runner/apt_repo_dependencies/ros-one-topic-tools_1.17.0-12-g2a12474fb-2024.10.25.12.03_amd64.deb to /<<CHROOT>>...
Copying /home/runner/apt_repo_dependencies/ros-one-image-cb-detector_0-2024.10.25.12.58_amd64.deb to /<<CHROOT>>...
Copying /home/runner/apt_repo_dependencies/ros-one-settlerlib-dbgsym_0-2024.10.25.13.03_amd64.deb to /<<CHROOT>>...
Copying /home/runner/apt_repo_dependencies/ros-one-moveit-ros-planning-interface-dbgsym_1.1.16-1-g88b386581-2024.10.25.17.25_amd64.deb to /<<CHROOT>>...
Copying /home/runner/apt_repo_dependencies/ros-one-jsk-footstep-msgs_4.3.2-13-g093b57c-2024.10.25.12.51_amd64.deb to /<<CHROOT>>...
Copying /home/runner/apt_repo_dependencies/ros-one-visualization-msgs_1.13.1-2024.10.25.11.41_amd64.deb to /<<CHROOT>>...
Copying /home/runner/apt_repo_dependencies/ros-one-pluginlib_1.13.0-2-g51a2cb0-2024.10.25.11.17_amd64.deb to /<<CHROOT>>...
Copying /home/runner/apt_repo_dependencies/ros-one-settlerlib_0-2024.10.25.13.03_amd64.deb to /<<CHROOT>>...
Copying /home/runner/apt_repo_dependencies/ros-one-pr2-mechanism-controllers_1.10.18-3-g8e8dfa0-2024.10.25.16.59_amd64.deb to /<<CHROOT>>...
Copying /home/runner/apt_repo_dependencies/ros-one-ruckig_0.14.0-1-g0c467ad-2024.10.25.10.04_amd64.deb to /<<CHROOT>>...
Copying /home/runner/apt_repo_dependencies/ros-one-trac-ik-kinematics-plugin_0-2024.10.25.18.39_amd64.deb to /<<CHROOT>>...
Copying /home/runner/apt_repo_dependencies/ros-one-hpp-fcl_2.4.5-791-g3224f2ba-2024.10.25.10.25_amd64.deb to /<<CHROOT>>...
Copying /home/runner/apt_repo_dependencies/ros-one-position-controllers-dbgsym_0.22.0-2024.10.25.14.45_amd64.deb to /<<CHROOT>>...
Copying /home/runner/apt_repo_dependencies/ros-one-qb-device-msgs_0-2024.10.25.16.31_amd64.deb to /<<CHROOT>>...
Copying /home/runner/apt_repo_dependencies/ros-one-image-pipeline_1.17.0-11-g69488e6-2024.10.25.13.47_amd64.deb to /<<CHROOT>>...
Copying /home/runner/apt_repo_dependencies/ros-one-code-coverage_0.4.4-5-g7c273b3-2024.10.25.10.04_amd64.deb to /<<CHROOT>>...
Copying /home/runner/apt_repo_dependencies/ros-one-robot-self-filter_0.1.32-2-ga8d2e49-2024.10.25.14.28_amd64.deb to /<<CHROOT>>...
Copying /home/runner/apt_repo_dependencies/ros-one-moveit-planners-ompl-dbgsym_1.1.16-1-g88b386581-2024.10.25.16.48_amd64.deb to /<<CHROOT>>...
Copying /home/runner/apt_repo_dependencies/ros-one-turtle-tf2-dbgsym_0.2.3-1-g1d1d36a-2024.10.25.14.03_amd64.deb to /<<CHROOT>>...
Copying /home/runner/apt_repo_dependencies/ros-one-jsk-data_2.2.12-185-g1ddd7669-2024.10.25.19.30_amd64.deb to /<<CHROOT>>...
Copying /home/runner/apt_repo_dependencies/ros-one-dwa-local-planner_1.17.3-3-g9ad64419-2024.10.25.14.46_amd64.deb to /<<CHROOT>>...
Copying /home/runner/apt_repo_dependencies/ros-one-common-tutorials_0-2024.10.25.13.20_amd64.deb to /<<CHROOT>>...
Copying /home/runner/apt_repo_dependencies/ros-one-stereo-image-proc-dbgsym_1.17.0-11-g69488e6-2024.10.25.14.04_amd64.deb to /<<CHROOT>>...
Copying /home/runner/apt_repo_dependencies/ros-one-test-rosmaster_1.17.0-12-g2a12474fb-2024.10.25.12.00_amd64.deb to /<<CHROOT>>...
Copying /home/runner/apt_repo_dependencies/ros-one-fake-joint_0.0.4-6-g1e5d5a2-2024.10.25.15.20_amd64.deb to /<<CHROOT>>...
Copying /home/runner/apt_repo_dependencies/ros-one-cartesian-trajectory-interpolation_0.1.7-1-gceffa65-2024.10.25.18.11_amd64.deb to /<<CHROOT>>...
Copying /home/runner/apt_repo_dependencies/ros-one-moveit-ros-warehouse_1.1.16-1-g88b386581-2024.10.25.17.15_amd64.deb to /<<CHROOT>>...
Copying /home/runner/apt_repo_dependencies/ros-one-fingertip-pressure_1.9.0-5-g80a45bf-2024.10.25.15.31_amd64.deb to /<<CHROOT>>...
Copying /home/runner/apt_repo_dependencies/ros-one-wge100-camera-dbgsym_1.8.5-4-g9768e2e-2024.10.25.16.56_amd64.deb to /<<CHROOT>>...
Copying /home/runner/apt_repo_dependencies/ros-one-costmap-2d_1.17.3-3-g9ad64419-2024.10.25.14.27_amd64.deb to /<<CHROOT>>...
Copying /home/runner/apt_repo_dependencies/ros-one-pr2-run-stop-auto-restart-dbgsym_1.6.32-21-gcb63b5d-2024.10.25.18.37_amd64.deb to /<<CHROOT>>...
Copying /home/runner/apt_repo_dependencies/ros-one-urdf-sim-tutorial_0.5.1-1-g3c5a4f7-2024.10.25.18.47_amd64.deb to /<<CHROOT>>...
Copying /home/runner/apt_repo_dependencies/ros-one-moveit-ros-occupancy-map-monitor_1.1.16-1-g88b386581-2024.10.25.16.27_amd64.deb to /<<CHROOT>>...
Copying /home/runner/apt_repo_dependencies/ros-one-behaviortree-cpp_4.6.2-10-g1fcb624-2024.10.25.11.10_amd64.deb to /<<CHROOT>>...
Copying /home/runner/apt_repo_dependencies/ros-one-theora-image-transport_1.15.0-9-gcae592c-2024.10.25.13.11_amd64.deb to /<<CHROOT>>...
Copying /home/runner/apt_repo_dependencies/ros-one-fake-localization-dbgsym_1.17.3-3-g9ad64419-2024.10.25.14.11_amd64.deb to /<<CHROOT>>...
Copying /home/runner/apt_repo_dependencies/ros-one-ros-controllers_0.22.0-2024.10.25.14.54_amd64.deb to /<<CHROOT>>...
Copying /home/runner/apt_repo_dependencies/ros-one-openni2-launch_0-2024.10.25.16.01_amd64.deb to /<<CHROOT>>...
Copying /home/runner/apt_repo_dependencies/ros-one-vision-msgs_0.0.2-2024.10.25.12.28_amd64.deb to /<<CHROOT>>...
Copying /home/runner/apt_repo_dependencies/ros-one-plotjuggler_3.9.2-5-gf4f9d419-2024.10.25.12.34_amd64.deb to /<<CHROOT>>...
Copying /home/runner/apt_repo_dependencies/ros-one-industrial-msgs_0.7.3-4-g2d70d15-2024.10.25.18.16_amd64.deb to /<<CHROOT>>...
Copying /home/runner/apt_repo_dependencies/ros-one-executive-smach_2.5.2-7-g94a196d-2024.10.25.12.54_amd64.deb to /<<CHROOT>>...
Copying /home/runner/apt_repo_dependencies/ros-one-rqt-robot-steering_0.5.12-5-g3076940-2024.10.25.13.41_amd64.deb to /<<CHROOT>>...
Copying /home/runner/apt_repo_dependencies/ros-one-global-planner_1.17.3-3-g9ad64419-2024.10.25.14.56_amd64.deb to /<<CHROOT>>...
Copying /home/runner/apt_repo_dependencies/ros-one-allocators_1.0.25-10-g6ad6177-2024.10.25.12.21_amd64.deb to /<<CHROOT>>...
Copying /home/runner/apt_repo_dependencies/ros-one-moveit-core-dbgsym_1.1.16-1-g88b386581-2024.10.25.15.51_amd64.deb to /<<CHROOT>>...
Copying /home/runner/apt_repo_dependencies/ros-one-message-filters-dbgsym_1.17.0-12-g2a12474fb-2024.10.25.11.48_amd64.deb to /<<CHROOT>>...
Copying /home/runner/apt_repo_dependencies/ros-one-slime-wrapper_0.4.17-2024.10.25.11.31_amd64.deb to /<<CHROOT>>...
Copying /home/runner/apt_repo_dependencies/ros-one-diagnostic-msgs_1.13.1-2024.10.25.11.24_amd64.deb to /<<CHROOT>>...
Copying /home/runner/apt_repo_dependencies/ros-one-angles_1.9.13-2-g2392b18-2024.10.25.11.10_amd64.deb to /<<CHROOT>>...
Copying /home/runner/apt_repo_dependencies/ros-one-lockfree_1.0.25-10-g6ad6177-2024.10.25.12.25_amd64.deb to /<<CHROOT>>...
Copying /home/runner/apt_repo_dependencies/ros-one-effort-controllers-dbgsym_0.22.0-2024.10.25.14.38_amd64.deb to /<<CHROOT>>...
Copying /home/runner/apt_repo_dependencies/ros-one-image-geometry_1.16.2-2-gcfabf72-2024.10.25.12.26_amd64.deb to /<<CHROOT>>...
Copying /home/runner/apt_repo_dependencies/ros-one-rosunit_1.15.8-3-g136e18e9-2024.10.25.11.07_amd64.deb to /<<CHROOT>>...
Copying /home/runner/apt_repo_dependencies/ros-one-moveit-by-name-dbgsym_1.0.0-2024.10.25.18.13_amd64.deb to /<<CHROOT>>...
Copying /home/runner/apt_repo_dependencies/ros-one-ethercat-grant-dbgsym_0.3.2-2024.10.25.12.22_amd64.deb to /<<CHROOT>>...
Copying /home/runner/apt_repo_dependencies/ros-one-gmapping_1.4.2-2-geec8606-2024.10.25.13.39_amd64.deb to /<<CHROOT>>...
Copying /home/runner/apt_repo_dependencies/ros-one-amcl-dbgsym_1.17.3-3-g9ad64419-2024.10.25.14.18_amd64.deb to /<<CHROOT>>...
Copying /home/runner/apt_repo_dependencies/ros-one-robot-pose-ekf-dbgsym_1.15.0-2024.10.25.13.34_amd64.deb to /<<CHROOT>>...
Copying /home/runner/apt_repo_dependencies/ros-one-trac-ik_0-2024.10.25.18.26_amd64.deb to /<<CHROOT>>...
Copying /home/runner/apt_repo_dependencies/ros-one-effort-controllers_0.22.0-2024.10.25.14.38_amd64.deb to /<<CHROOT>>...
Copying /home/runner/apt_repo_dependencies/ros-one-velocity-controllers_0.22.0-2024.10.25.15.00_amd64.deb to /<<CHROOT>>...
Copying /home/runner/apt_repo_dependencies/ros-one-pr2-kinematics_1.0.11-4-gffb1be8-2024.10.25.18.42_amd64.deb to /<<CHROOT>>...
Copying /home/runner/apt_repo_dependencies/ros-one-plotjuggler-ros_2.1.1-3-gd0692ad-2024.10.25.13.24_amd64.deb to /<<CHROOT>>...
Copying /home/runner/apt_repo_dependencies/ros-one-geometry2_0.7.5-23-gfbcdc99-2024.10.25.12.47_amd64.deb to /<<CHROOT>>...
Copying /home/runner/apt_repo_dependencies/ros-one-fetch-description_0.9.1-4-gd3edd9b-2024.10.25.18.18_amd64.deb to /<<CHROOT>>...
Copying /home/runner/apt_repo_dependencies/ros-one-view-controller-msgs_0.2.0-2024.10.25.12.31_amd64.deb to /<<CHROOT>>...
Copying /home/runner/apt_repo_dependencies/ros-one-compressed-image-transport-dbgsym_1.15.0-9-gcae592c-2024.10.25.12.50_amd64.deb to /<<CHROOT>>...
Copying /home/runner/apt_repo_dependencies/ros-one-pass-through-controllers-dbgsym_0.1.0-12-g605909c-2024.10.25.19.15_amd64.deb to /<<CHROOT>>...
Copying /home/runner/apt_repo_dependencies/ros-one-jsk-tilt-laser_2.2.12-185-g1ddd7669-2024.10.25.19.41_amd64.deb to /<<CHROOT>>...
Copying /home/runner/apt_repo_dependencies/ros-one-pr2-ethercat-drivers_1.9.0-5-g80a45bf-2024.10.25.16.16_amd64.deb to /<<CHROOT>>...
Copying /home/runner/apt_repo_dependencies/ros-one-self-test-dbgsym_1.11.0-7-gda86650-2024.10.25.14.03_amd64.deb to /<<CHROOT>>...
Copying /home/runner/apt_repo_dependencies/ros-one-moveit-simple-controller-manager_1.1.16-1-g88b386581-2024.10.25.17.44_amd64.deb to /<<CHROOT>>...
Copying /home/runner/apt_repo_dependencies/ros-one-ur3-moveit-config_1.3.3-3-gcce1f0e-2024.10.25.19.23_amd64.deb to /<<CHROOT>>...
Copying /home/runner/apt_repo_dependencies/ros-one-roscreate_1.15.8-3-g136e18e9-2024.10.25.11.03_amd64.deb to /<<CHROOT>>...
Copying /home/runner/apt_repo_dependencies/ros-one-rosbag-snapshot-msgs_1.0.5-1-g2f349da-2024.10.25.12.29_amd64.deb to /<<CHROOT>>...
Copying /home/runner/apt_repo_dependencies/ros-one-rosclean_1.15.8-3-g136e18e9-2024.10.25.11.02_amd64.deb to /<<CHROOT>>...
Copying /home/runner/apt_repo_dependencies/ros-one-mouse-teleop_0.5.0-2024.10.25.13.02_amd64.deb to /<<CHROOT>>...
Copying /home/runner/apt_repo_dependencies/ros-one-robot-body-filter_1.3.2-1-g4ebbd32-2024.10.25.18.46_amd64.deb to /<<CHROOT>>...
Copying /home/runner/apt_repo_dependencies/ros-one-rospy-tutorials_0.10.2-3-gdb63288-2024.10.25.12.27_amd64.deb to /<<CHROOT>>...
Copying /home/runner/apt_repo_dependencies/ros-one-audio-video-recorder_2.2.12-185-g1ddd7669-2024.10.25.18.56_amd64.deb to /<<CHROOT>>...
Copying /home/runner/apt_repo_dependencies/ros-one-pr2-controllers_1.10.18-3-g8e8dfa0-2024.10.25.16.02_amd64.deb to /<<CHROOT>>...
Copying /home/runner/apt_repo_dependencies/ros-one-pr2-gripper-action-dbgsym_1.10.18-3-g8e8dfa0-2024.10.25.17.08_amd64.deb to /<<CHROOT>>...
Copying /home/runner/apt_repo_dependencies/ros-one-ur-gazebo_1.3.3-3-gcce1f0e-2024.10.25.19.46_amd64.deb to /<<CHROOT>>...
Copying /home/runner/apt_repo_dependencies/ros-one-octomap-msgs_0.3.5-1-gdcaaf62-2024.10.25.12.30_amd64.deb to /<<CHROOT>>...
Copying /home/runner/apt_repo_dependencies/ros-one-smach-ros_2.5.2-7-g94a196d-2024.10.25.13.09_amd64.deb to /<<CHROOT>>...
Copying /home/runner/apt_repo_dependencies/ros-one-hpp-fcl-dbgsym_2.4.5-791-g3224f2ba-2024.10.25.10.25_amd64.deb to /<<CHROOT>>...
Copying /home/runner/apt_repo_dependencies/ros-one-diff-drive-controller-dbgsym_0.22.0-2024.10.25.14.11_amd64.deb to /<<CHROOT>>...
Copying /home/runner/apt_repo_dependencies/ros-one-teleop-tools-msgs_0.5.0-2024.10.25.13.07_amd64.deb to /<<CHROOT>>...
Copying /home/runner/apt_repo_dependencies/ros-one-test-diagnostic-aggregator_1.11.0-7-gda86650-2024.10.25.14.06_amd64.deb to /<<CHROOT>>...
Copying /home/runner/apt_repo_dependencies/ros-one-ml-classifiers-dbgsym_0.3.0-13-gff40451-2024.10.25.12.24_amd64.deb to /<<CHROOT>>...
Copying /home/runner/apt_repo_dependencies/ros-one-laser-filtering_0.0.5-2024.10.25.15.46_amd64.deb to /<<CHROOT>>...
Copying /home/runner/apt_repo_dependencies/ros-one-image-rotate_1.17.0-11-g69488e6-2024.10.25.13.57_amd64.deb to /<<CHROOT>>...
Copying /home/runner/apt_repo_dependencies/ros-one-moveit-chomp-optimizer-adapter_1.1.16-1-g88b386581-2024.10.25.16.04_amd64.deb to /<<CHROOT>>...
Copying /home/runner/apt_repo_dependencies/ros-one-diff-drive-controller_0.22.0-2024.10.25.14.11_amd64.deb to /<<CHROOT>>...
Copying /home/runner/apt_repo_dependencies/ros-one-rviz-marker-tools_1-0.1.3-104-g1acf72e-2024.10.25.18.21_amd64.deb to /<<CHROOT>>...
Copying /home/runner/apt_repo_dependencies/ros-one-actionlib-tutorials_0-2024.10.25.13.17_amd64.deb to /<<CHROOT>>...
Copying /home/runner/apt_repo_dependencies/ros-one-audio-play-dbgsym_0.3.18-2024.10.25.12.52_amd64.deb to /<<CHROOT>>...
Copying /home/runner/apt_repo_dependencies/ros-one-people-tracking-filter-dbgsym_1.4.2-6-gcfd7892-2024.10.25.18.22_amd64.deb to /<<CHROOT>>...
Copying /home/runner/apt_repo_dependencies/ros-one-axis-camera_0.5.4-1-g340c307-2024.10.25.13.33_amd64.deb to /<<CHROOT>>...
Copying /home/runner/apt_repo_dependencies/ros-one-kdl-parser_1.14.1-2-g093117a-2024.10.25.12.56_amd64.deb to /<<CHROOT>>...
Copying /home/runner/apt_repo_dependencies/ros-one-map-server_1.17.3-3-g9ad64419-2024.10.25.14.15_amd64.deb to /<<CHROOT>>...
Copying /home/runner/apt_repo_dependencies/ros-one-rqt-pose-view_0.5.11-5-g42e9174-2024.10.25.13.52_amd64.deb to /<<CHROOT>>...
Copying /home/runner/apt_repo_dependencies/ros-one-control-msgs_1.5.2-6-g36e2e30-2024.10.25.12.22_amd64.deb to /<<CHROOT>>...
Copying /home/runner/apt_repo_dependencies/ros-one-gl-dependency_1.1.2-1-g337fcfc-2024.10.25.10.05_amd64.deb to /<<CHROOT>>...
Copying /home/runner/apt_repo_dependencies/ros-one-camera-calibration-parsers_1.12.0-9-g21aac6a-2024.10.25.12.21_amd64.deb to /<<CHROOT>>...
Copying /home/runner/apt_repo_dependencies/ros-one-laser-proc_0.1.6-2-ge2bb8ce-2024.10.25.13.21_amd64.deb to /<<CHROOT>>...
Copying /home/runner/apt_repo_dependencies/ros-one-ros-tutorials_0.10.2-3-gdb63288-2024.10.25.12.23_amd64.deb to /<<CHROOT>>...
Copying /home/runner/apt_repo_dependencies/ros-one-tf-conversions_1.13.2-10-g674e0c4-2024.10.25.13.27_amd64.deb to /<<CHROOT>>...
Copying /home/runner/apt_repo_dependencies/ros-one-qwt-dependency_1.1.1-2-g91d8aee-2024.10.25.10.08_amd64.deb to /<<CHROOT>>...
Copying /home/runner/apt_repo_dependencies/ros-one-pr2-head-action-dbgsym_1.10.18-3-g8e8dfa0-2024.10.25.16.13_amd64.deb to /<<CHROOT>>...
Copying /home/runner/apt_repo_dependencies/ros-one-scaled-joint-trajectory-controller_0.1.1-4-gb2fff50-2024.10.25.16.40_amd64.deb to /<<CHROOT>>...
Copying /home/runner/apt_repo_dependencies/ros-one-test-roslib-comm_1.17.0-12-g2a12474fb-2024.10.25.11.39_amd64.deb to /<<CHROOT>>...
Copying /home/runner/apt_repo_dependencies/ros-one-rqt-reconfigure_0.5.5-3-g988179e-2024.10.25.16.26_amd64.deb to /<<CHROOT>>...
Copying /home/runner/apt_repo_dependencies/ros-one-pr2-mechanism-model-dbgsym_1.8.21-7-g3b10e3e-2024.10.25.14.49_amd64.deb to /<<CHROOT>>...
Copying /home/runner/apt_repo_dependencies/ros-one-ur30-moveit-config_1.3.3-3-gcce1f0e-2024.10.25.19.19_amd64.deb to /<<CHROOT>>...
Copying /home/runner/apt_repo_dependencies/ros-one-openni-launch_0-2024.10.25.16.12_amd64.deb to /<<CHROOT>>...
Copying /home/runner/apt_repo_dependencies/ros-one-combined-robot-hw_0.20.0-1-g633c374-2024.10.25.13.38_amd64.deb to /<<CHROOT>>...
Copying /home/runner/apt_repo_dependencies/ros-one-ml-classifiers_0.3.0-13-gff40451-2024.10.25.12.24_amd64.deb to /<<CHROOT>>...
Copying /home/runner/apt_repo_dependencies/ros-one-smach-viewer_4.1.0-7-ge82d7ef-2024.10.25.13.27_amd64.deb to /<<CHROOT>>...
Copying /home/runner/apt_repo_dependencies/ros-one-moveit-monitoring_1.0.0-2024.10.25.18.08_amd64.deb to /<<CHROOT>>...
Copying /home/runner/apt_repo_dependencies/ros-one-cv-bridge-dbgsym_1.16.2-2-gcfabf72-2024.10.25.12.23_amd64.deb to /<<CHROOT>>...
Copying /home/runner/apt_repo_dependencies/ros-one-gencpp_0-2024.10.25.10.25_amd64.deb to /<<CHROOT>>...
Copying /home/runner/apt_repo_dependencies/ros-one-qb-device-hardware-interface-dbgsym_0-2024.10.25.16.38_amd64.deb to /<<CHROOT>>...
Copying /home/runner/apt_repo_dependencies/ros-one-rosmaster_1.17.0-12-g2a12474fb-2024.10.25.11.32_amd64.deb to /<<CHROOT>>...
Copying /home/runner/apt_repo_dependencies/ros-one-speed-scaling-state-controller_0.1.1-4-gb2fff50-2024.10.25.16.48_amd64.deb to /<<CHROOT>>...
Copying /home/runner/apt_repo_dependencies/ros-one-roscpp-serialization-dbgsym_0.7.3-3-gcae00b4-2024.10.25.10.06_amd64.deb to /<<CHROOT>>...
Copying /home/runner/apt_repo_dependencies/ros-one-plotjuggler-msgs_0.2.1-2024.10.25.11.10_amd64.deb to /<<CHROOT>>...
Copying /home/runner/apt_repo_dependencies/ros-one-trac-ik-lib-dbgsym_0-2024.10.25.18.30_amd64.deb to /<<CHROOT>>...
Copying /home/runner/apt_repo_dependencies/ros-one-qb-hand-description_0-2024.10.25.18.19_amd64.deb to /<<CHROOT>>...
Copying /home/runner/apt_repo_dependencies/ros-one-realsense2-description_2.3.2-22-gb14ce433-2024.10.25.14.51_amd64.deb to /<<CHROOT>>...
Copying /home/runner/apt_repo_dependencies/ros-one-message-generation_0.4.1-2024.10.25.10.34_amd64.deb to /<<CHROOT>>...
Copying /home/runner/apt_repo_dependencies/ros-one-pinocchio-dbgsym_3.2.0-2024.10.25.10.34_amd64.deb to /<<CHROOT>>...
Copying /home/runner/apt_repo_dependencies/ros-one-rqt-robot-monitor_0.5.12-2024.10.25.16.30_amd64.deb to /<<CHROOT>>...
Copying /home/runner/apt_repo_dependencies/ros-one-qb-device-hardware-interface_0-2024.10.25.16.38_amd64.deb to /<<CHROOT>>...
Copying /home/runner/apt_repo_dependencies/ros-one-axis-msgs_0.5.4-1-g340c307-2024.10.25.13.38_amd64.deb to /<<CHROOT>>...
Copying /home/runner/apt_repo_dependencies/ros-one-baldor_0.1.3-3-g10fabc5-2024.10.25.10.07_amd64.deb to /<<CHROOT>>...
Copying /home/runner/apt_repo_dependencies/ros-one-qb-hand-hardware-interface-dbgsym_0-2024.10.25.18.27_amd64.deb to /<<CHROOT>>...
Copying /home/runner/apt_repo_dependencies/ros-one-depth-image-proc-dbgsym_1.17.0-11-g69488e6-2024.10.25.13.43_amd64.deb to /<<CHROOT>>...
Copying /home/runner/apt_repo_dependencies/ros-one-rosconsole_1.14.3-5-ge3753eec-2024.10.25.11.12_amd64.deb to /<<CHROOT>>...
Copying /home/runner/apt_repo_dependencies/ros-one-rosauth-dbgsym_1.0.1-1-gc2a5908-2024.10.25.12.27_amd64.deb to /<<CHROOT>>...
Copying /home/runner/apt_repo_dependencies/ros-one-warehouse-ros-sqlite-dbgsym_0.9.1-1-g82cb837-2024.10.25.15.02_amd64.deb to /<<CHROOT>>...
Copying /home/runner/apt_repo_dependencies/ros-one-nodelet-tutorial-math-dbgsym_0-2024.10.25.13.22_amd64.deb to /<<CHROOT>>...
Copying /home/runner/apt_repo_dependencies/ros-one-multisense-bringup_4.0.5-46-g945e646-2024.10.25.14.34_amd64.deb to /<<CHROOT>>...
Copying /home/runner/apt_repo_dependencies/ros-one-camera-calibration_1.17.0-11-g69488e6-2024.10.25.13.41_amd64.deb to /<<CHROOT>>...
Copying /home/runner/apt_repo_dependencies/ros-one-nav-core_1.17.3-3-g9ad64419-2024.10.25.14.32_amd64.deb to /<<CHROOT>>...
Copying /home/runner/apt_repo_dependencies/ros-one-setup-files_0-2024.10.25.10.01_amd64.deb to /<<CHROOT>>...
Copying /home/runner/apt_repo_dependencies/ros-one-interactive-markers_1.12.0-1-g22f95a6-2024.10.25.13.19_amd64.deb to /<<CHROOT>>...
Copying /home/runner/apt_repo_dependencies/ros-one-base-local-planner_1.17.3-3-g9ad64419-2024.10.25.14.35_amd64.deb to /<<CHROOT>>...
Copying /home/runner/apt_repo_dependencies/ros-one-qt-dotgraph_0.4.2-9-gdc7190f-2024.10.25.11.21_amd64.deb to /<<CHROOT>>...
Copying /home/runner/apt_repo_dependencies/ros-one-geometric-shapes_0.7.7-1-gc24eb49-2024.10.25.12.21_amd64.deb to /<<CHROOT>>...
Copying /home/runner/apt_repo_dependencies/ros-one-carrot-planner_1.17.3-3-g9ad64419-2024.10.25.14.39_amd64.deb to /<<CHROOT>>...
Copying /home/runner/apt_repo_dependencies/ros-one-pr2-computer-monitor_1.6.32-21-gcb63b5d-2024.10.25.18.20_amd64.deb to /<<CHROOT>>...
Copying /home/runner/apt_repo_dependencies/ros-one-rqt-shell_0.4.12-2024.10.25.13.48_amd64.deb to /<<CHROOT>>...
Copying /home/runner/apt_repo_dependencies/ros-one-turtle-actionlib-dbgsym_0-2024.10.25.13.27_amd64.deb to /<<CHROOT>>...
Copying /home/runner/apt_repo_dependencies/ros-one-robot-mechanism-controllers-dbgsym_1.10.18-3-g8e8dfa0-2024.10.25.16.55_amd64.deb to /<<CHROOT>>...
Copying /home/runner/apt_repo_dependencies/ros-one-moveit-servo-dbgsym_1.1.16-1-g88b386581-2024.10.25.17.39_amd64.deb to /<<CHROOT>>...
Copying /home/runner/apt_repo_dependencies/ros-one-fetch-moveit-config_0.9.1-4-gd3edd9b-2024.10.25.18.31_amd64.deb to /<<CHROOT>>...
Copying /home/runner/apt_repo_dependencies/ros-one-pr2-computer-monitor-dbgsym_1.6.32-21-gcb63b5d-2024.10.25.18.20_amd64.deb to /<<CHROOT>>...
Copying /home/runner/apt_repo_dependencies/ros-one-eml_0-2024.10.25.10.08_amd64.deb to /<<CHROOT>>...
Copying /home/runner/apt_repo_dependencies/ros-one-joint-state-controller_0.22.0-2024.10.25.14.35_amd64.deb to /<<CHROOT>>...
Copying /home/runner/apt_repo_dependencies/ros-one-media-export_0.3.0-2024.10.25.10.03_amd64.deb to /<<CHROOT>>...
Copying /home/runner/apt_repo_dependencies/ros-one-class-loader_0.5.0-6-g9f3288d-2024.10.25.10.25_amd64.deb to /<<CHROOT>>...
Copying /home/runner/apt_repo_dependencies/ros-one-test-nodelet-topic-tools_1.11.0-1-gf840a28-2024.10.25.13.04_amd64.deb to /<<CHROOT>>...
Copying /home/runner/apt_repo_dependencies/ros-one-four-wheel-steering-controller-dbgsym_0.22.0-2024.10.25.14.25_amd64.deb to /<<CHROOT>>...
Copying /home/runner/apt_repo_dependencies/ros-one-roslint_0.12.0-4-gac02636-2024.10.25.10.04_amd64.deb to /<<CHROOT>>...
Copying /home/runner/apt_repo_dependencies/ros-one-mtc-pour_1.0.0-3-g2831457-2024.10.25.19.10_amd64.deb to /<<CHROOT>>...
Copying /home/runner/apt_repo_dependencies/ros-one-moveit-ros-planning-dbgsym_1.1.16-1-g88b386581-2024.10.25.16.31_amd64.deb to /<<CHROOT>>...
Copying /home/runner/apt_repo_dependencies/ros-one-roscpp-core_0.7.3-3-gcae00b4-2024.10.25.10.04_amd64.deb to /<<CHROOT>>...
Copying /home/runner/apt_repo_dependencies/ros-one-rqt-bag_0.5.1-9-gda86846-2024.10.25.14.37_amd64.deb to /<<CHROOT>>...
Copying /home/runner/apt_repo_dependencies/ros-one-simple-message_0.7.3-4-g2d70d15-2024.10.25.18.37_amd64.deb to /<<CHROOT>>...
Copying /home/runner/apt_repo_dependencies/ros-one-moveit-task-constructor-capabilities_1-0.1.3-104-g1acf72e-2024.10.25.18.33_amd64.deb to /<<CHROOT>>...
Copying /home/runner/apt_repo_dependencies/ros-one-sparse-bundle-adjustment-dbgsym_0.4.4-2024.10.25.12.31_amd64.deb to /<<CHROOT>>...
Copying /home/runner/apt_repo_dependencies/ros-one-euslisp-dbgsym_9.29.0-2-2024.10.25.11.11_amd64.deb to /<<CHROOT>>...
Copying /home/runner/apt_repo_dependencies/ros-one-rosbaglive_0.3.0-2024.10.25.17.13_amd64.deb to /<<CHROOT>>...
Copying /home/runner/apt_repo_dependencies/ros-one-qb-hand-hardware-interface_0-2024.10.25.18.27_amd64.deb to /<<CHROOT>>...
Copying /home/runner/apt_repo_dependencies/ros-one-cartesian-trajectory-controller-dbgsym_0.1.7-1-gceffa65-2024.10.25.18.16_amd64.deb to /<<CHROOT>>...
Copying /home/runner/apt_repo_dependencies/ros-one-test-bond_1.8.6-1-g398e8ed-2024.10.25.12.30_amd64.deb to /<<CHROOT>>...
Copying /home/runner/apt_repo_dependencies/ros-one-realtime-tools_1.15.1-3-ga5a5a5e-2024.10.25.13.03_amd64.deb to /<<CHROOT>>...
Copying /home/runner/apt_repo_dependencies/ros-one-ros-comm_1.17.0-12-g2a12474fb-2024.10.25.11.27_amd64.deb to /<<CHROOT>>...
Copying /home/runner/apt_repo_dependencies/ros-one-rqt-graph_0.4.14-5-g759e210-2024.10.25.13.47_amd64.deb to /<<CHROOT>>...
Copying /home/runner/apt_repo_dependencies/ros-one-actionlib-msgs_1.13.1-2024.10.25.11.21_amd64.deb to /<<CHROOT>>...
Copying /home/runner/apt_repo_dependencies/ros-one-polled-camera-dbgsym_1.12.0-9-g21aac6a-2024.10.25.12.30_amd64.deb to /<<CHROOT>>...
Copying /home/runner/apt_repo_dependencies/ros-one-convex-decomposition_0.1.12-3-gb722eb5-2024.10.25.10.08_amd64.deb to /<<CHROOT>>...
Copying /home/runner/apt_repo_dependencies/ros-one-xmlrpcpp_1.17.0-12-g2a12474fb-2024.10.25.11.42_amd64.deb to /<<CHROOT>>...
Copying /home/runner/apt_repo_dependencies/ros-one-moveit-resources_0.8.3-2-gb771644-2024.10.25.15.22_amd64.deb to /<<CHROOT>>...
Copying /home/runner/apt_repo_dependencies/ros-one-rosbag_1.17.0-12-g2a12474fb-2024.10.25.12.05_amd64.deb to /<<CHROOT>>...
Copying /home/runner/apt_repo_dependencies/ros-one-pr2-head-action_1.10.18-3-g8e8dfa0-2024.10.25.16.13_amd64.deb to /<<CHROOT>>...
Copying /home/runner/apt_repo_dependencies/ros-one-image-proc-dbgsym_1.17.0-11-g69488e6-2024.10.25.13.50_amd64.deb to /<<CHROOT>>...
Copying /home/runner/apt_repo_dependencies/ros-one-jskeus-dbgsym_1.2.5-1-2024.10.25.11.17_amd64.deb to /<<CHROOT>>...
Copying /home/runner/apt_repo_dependencies/ros-one-virtual-force-publisher-dbgsym_2.2.12-185-g1ddd7669-2024.10.25.20.06_amd64.deb to /<<CHROOT>>...
Copying /home/runner/apt_repo_dependencies/ros-one-slam-karto_0.8.1-14-g5c84a19-2024.10.25.13.44_amd64.deb to /<<CHROOT>>...
Copying /home/runner/apt_repo_dependencies/ros-one-nodelet_1.11.0-1-gf840a28-2024.10.25.12.56_amd64.deb to /<<CHROOT>>...
Copying /home/runner/apt_repo_dependencies/ros-one-slam-gmapping_1.4.2-2-geec8606-2024.10.25.13.58_amd64.deb to /<<CHROOT>>...
Copying /home/runner/apt_repo_dependencies/ros-one-fetch-ikfast-plugin_0.9.1-4-gd3edd9b-2024.10.25.18.22_amd64.deb to /<<CHROOT>>...
Copying /home/runner/apt_repo_dependencies/ros-one-moveit-runtime_1.1.16-1-g88b386581-2024.10.25.17.35_amd64.deb to /<<CHROOT>>...
Copying /home/runner/apt_repo_dependencies/ros-one-warehouse-ros_0.9.5-2-g5c5b77b-2024.10.25.13.47_amd64.deb to /<<CHROOT>>...
Copying /home/runner/apt_repo_dependencies/ros-one-wu-ros-tools_0.3.0-2024.10.25.17.34_amd64.deb to /<<CHROOT>>...
Copying /home/runner/apt_repo_dependencies/ros-one-ethercat-trigger-controllers_1.10.18-3-g8e8dfa0-2024.10.25.15.16_amd64.deb to /<<CHROOT>>...
Copying /home/runner/apt_repo_dependencies/ros-one-forward-command-controller_0.22.0-2024.10.25.14.22_amd64.deb to /<<CHROOT>>...
Copying /home/runner/apt_repo_dependencies/ros-one-ros-realtime_1.0.25-10-g6ad6177-2024.10.25.12.23_amd64.deb to /<<CHROOT>>...
Copying /home/runner/apt_repo_dependencies/ros-one-open-karto_1.2.3-2-g922db50-2024.10.25.12.58_amd64.deb to /<<CHROOT>>...
Copying /home/runner/apt_repo_dependencies/ros-one-moveit-resources-prbt-pg70-support_0.8.3-2-gb771644-2024.10.25.16.16_amd64.deb to /<<CHROOT>>...
Copying /home/runner/apt_repo_dependencies/ros-one-gazebo-ros-pkgs_2.9.2-6-g959e7d0-2024.10.25.14.26_amd64.deb to /<<CHROOT>>...
Copying /home/runner/apt_repo_dependencies/ros-one-rosbag-migration-rule_1.0.1-1-g2269b62-2024.10.25.10.10_amd64.deb to /<<CHROOT>>...
Copying /home/runner/apt_repo_dependencies/ros-one-spacenav-node_0-2024.10.25.15.02_amd64.deb to /<<CHROOT>>...
Copying /home/runner/apt_repo_dependencies/ros-one-axis-description_0.5.4-1-g340c307-2024.10.25.13.36_amd64.deb to /<<CHROOT>>...
Copying /home/runner/apt_repo_dependencies/ros-one-fake-joint-driver-dbgsym_0.0.4-6-g1e5d5a2-2024.10.25.15.23_amd64.deb to /<<CHROOT>>...
Copying /home/runner/apt_repo_dependencies/ros-one-image-geometry-dbgsym_1.16.2-2-gcfabf72-2024.10.25.12.26_amd64.deb to /<<CHROOT>>...
Copying /home/runner/apt_repo_dependencies/ros-one-octomap-ros-dbgsym_0.4.1-3-g8816e50-2024.10.25.13.36_amd64.deb to /<<CHROOT>>...
Copying /home/runner/apt_repo_dependencies/ros-one-robot-pose-ekf_1.15.0-2024.10.25.13.34_amd64.deb to /<<CHROOT>>...
Copying /home/runner/apt_repo_dependencies/ros-one-ur10-moveit-config_1.3.3-3-gcce1f0e-2024.10.25.19.00_amd64.deb to /<<CHROOT>>...
Copying /home/runner/apt_repo_dependencies/ros-one-rqt-service-caller_0.4.10-1-g08ff4cc-2024.10.25.13.57_amd64.deb to /<<CHROOT>>...
Copying /home/runner/apt_repo_dependencies/ros-one-wifi-ddwrt_0.2.2-2024.10.25.13.58_amd64.deb to /<<CHROOT>>...
Copying /home/runner/apt_repo_dependencies/ros-one-pr2-machine_1.13.1-2024.10.25.13.06_amd64.deb to /<<CHROOT>>...
Copying /home/runner/apt_repo_dependencies/ros-one-roscpp_1.17.0-12-g2a12474fb-2024.10.25.11.44_amd64.deb to /<<CHROOT>>...
Copying /home/runner/apt_repo_dependencies/ros-one-pr2-description_1.13.1-2024.10.25.13.03_amd64.deb to /<<CHROOT>>...
Copying /home/runner/apt_repo_dependencies/ros-one-pr2-arm-kinematics-dbgsym_1.0.11-4-gffb1be8-2024.10.25.18.36_amd64.deb to /<<CHROOT>>...
Copying /home/runner/apt_repo_dependencies/ros-one-resource-retriever_1.12.7-5-g40d08d6-2024.10.25.11.17_amd64.deb to /<<CHROOT>>...
Copying /home/runner/apt_repo_dependencies/ros-one-test-rosparam_1.17.0-12-g2a12474fb-2024.10.25.12.02_amd64.deb to /<<CHROOT>>...
Copying /home/runner/apt_repo_dependencies/ros-one-moveit-plugins_1.1.16-1-g88b386581-2024.10.25.15.19_amd64.deb to /<<CHROOT>>...
Copying /home/runner/apt_repo_dependencies/ros-one-roslz4-dbgsym_1.17.0-12-g2a12474fb-2024.10.25.11.31_amd64.deb to /<<CHROOT>>...
Copying /home/runner/apt_repo_dependencies/ros-one-gmapping-dbgsym_1.4.2-2-geec8606-2024.10.25.13.39_amd64.deb to /<<CHROOT>>...
Copying /home/runner/apt_repo_dependencies/ros-one-urdf-parser-plugin_1.13.2-2-g3df8012-2024.10.25.12.30_amd64.deb to /<<CHROOT>>...
Copying /home/runner/apt_repo_dependencies/ros-one-costmap-2d-dbgsym_1.17.3-3-g9ad64419-2024.10.25.14.27_amd64.deb to /<<CHROOT>>...
Copying /home/runner/apt_repo_dependencies/ros-one-roslz4_1.17.0-12-g2a12474fb-2024.10.25.11.31_amd64.deb to /<<CHROOT>>...
Copying /home/runner/apt_repo_dependencies/ros-one-catkin-virtualenv_0.13.0-2024.10.25.12.21_amd64.deb to /<<CHROOT>>...
Copying /home/runner/apt_repo_dependencies/ros-one-fetch-teleop-dbgsym_0.9.1-4-gd3edd9b-2024.10.25.18.44_amd64.deb to /<<CHROOT>>...
Copying /home/runner/apt_repo_dependencies/ros-one-industrial-robot-status-controller_0.1.2-5-gab74b6e-2024.10.25.19.20_amd64.deb to /<<CHROOT>>...
Copying /home/runner/apt_repo_dependencies/ros-one-laser-assembler_1.7.8-7-g4d7e9e1-2024.10.25.14.29_amd64.deb to /<<CHROOT>>...
Copying /home/runner/apt_repo_dependencies/ros-one-mongodb-store-msgs_0-2024.10.25.13.43_amd64.deb to /<<CHROOT>>...
Copying /home/runner/apt_repo_dependencies/ros-one-pr2-power-board_1.1.10-5-gc7f225d-2024.10.25.14.49_amd64.deb to /<<CHROOT>>...
Copying /home/runner/apt_repo_dependencies/ros-one-sparse-bundle-adjustment_0.4.4-2024.10.25.12.31_amd64.deb to /<<CHROOT>>...
Copying /home/runner/apt_repo_dependencies/ros-one-rosbridge-server_0.11.17-2024.10.25.13.24_amd64.deb to /<<CHROOT>>...
Copying /home/runner/apt_repo_dependencies/ros-one-people-msgs_1.4.2-6-gcfd7892-2024.10.25.18.12_amd64.deb to /<<CHROOT>>...
Copying /home/runner/apt_repo_dependencies/ros-one-image-proc_1.17.0-11-g69488e6-2024.10.25.13.50_amd64.deb to /<<CHROOT>>...
Copying /home/runner/apt_repo_dependencies/ros-one-vision-opencv_1.16.2-2-gcfabf72-2024.10.25.12.33_amd64.deb to /<<CHROOT>>...
Copying /home/runner/apt_repo_dependencies/ros-one-rosdoc-lite_0.2.11-2-gddd0835-2024.10.25.10.25_amd64.deb to /<<CHROOT>>...
Copying /home/runner/apt_repo_dependencies/ros-one-leg-detector_1.4.2-6-gcfd7892-2024.10.25.18.27_amd64.deb to /<<CHROOT>>...
Copying /home/runner/apt_repo_dependencies/ros-one-monocam-settler-dbgsym_0-2024.10.25.13.11_amd64.deb to /<<CHROOT>>...
Copying /home/runner/apt_repo_dependencies/ros-one-jsk-topic-tools_2.2.12-185-g1ddd7669-2024.10.25.19.53_amd64.deb to /<<CHROOT>>...
Copying /home/runner/apt_repo_dependencies/ros-one-pr2-power-board-dbgsym_1.1.10-5-gc7f225d-2024.10.25.14.49_amd64.deb to /<<CHROOT>>...
Copying /home/runner/apt_repo_dependencies/ros-one-roscpp-tutorials-dbgsym_0.10.2-3-gdb63288-2024.10.25.12.25_amd64.deb to /<<CHROOT>>...
Copying /home/runner/apt_repo_dependencies/ros-one-slime-ros_0.4.17-2024.10.25.11.30_amd64.deb to /<<CHROOT>>...
Copying /home/runner/apt_repo_dependencies/ros-one-tf2-geometry-msgs_0.7.5-23-gfbcdc99-2024.10.25.13.01_amd64.deb to /<<CHROOT>>...
Copying /home/runner/apt_repo_dependencies/ros-one-jsk-topic-tools-dbgsym_2.2.12-185-g1ddd7669-2024.10.25.19.53_amd64.deb to /<<CHROOT>>...
Copying /home/runner/apt_repo_dependencies/ros-one-image-transport-dbgsym_1.12.0-9-g21aac6a-2024.10.25.12.26_amd64.deb to /<<CHROOT>>...
Copying /home/runner/apt_repo_dependencies/ros-one-audio-video-recorder-dbgsym_2.2.12-185-g1ddd7669-2024.10.25.18.56_amd64.deb to /<<CHROOT>>...
Copying /home/runner/apt_repo_dependencies/ros-one-ddynamic-reconfigure-dbgsym_0.4.1-2-gd3e4c9f-2024.10.25.12.47_amd64.deb to /<<CHROOT>>...
Copying /home/runner/apt_repo_dependencies/ros-one-rqt-joint-trajectory-controller_0.22.0-2024.10.25.14.57_amd64.deb to /<<CHROOT>>...
Copying /home/runner/apt_repo_dependencies/ros-one-baxter-core-msgs_1.2.0-2024.10.25.12.28_amd64.deb to /<<CHROOT>>...
Copying /home/runner/apt_repo_dependencies/ros-one-soem-dbgsym_1.4.1003-1-g988013c-2024.10.25.10.08_amd64.deb to /<<CHROOT>>...
Copying /home/runner/apt_repo_dependencies/ros-one-libuvc-camera-dbgsym_0-2024.10.25.13.22_amd64.deb to /<<CHROOT>>...
Copying /home/runner/apt_repo_dependencies/ros-one-calibration_0-2024.10.25.12.49_amd64.deb to /<<CHROOT>>...
Copying /home/runner/apt_repo_dependencies/ros-one-ros-pytest_0.2.1-7-gcd936a5-2024.10.25.12.26_amd64.deb to /<<CHROOT>>...
Copying /home/runner/apt_repo_dependencies/ros-one-moveit-servo_1.1.16-1-g88b386581-2024.10.25.17.39_amd64.deb to /<<CHROOT>>...
Copying /home/runner/apt_repo_dependencies/ros-one-speed-scaling-state-controller-dbgsym_0.1.1-4-gb2fff50-2024.10.25.16.48_amd64.deb to /<<CHROOT>>...
Copying /home/runner/apt_repo_dependencies/ros-one-industrial-robot-status-controller-dbgsym_0.1.2-5-gab74b6e-2024.10.25.19.20_amd64.deb to /<<CHROOT>>...
Copying /home/runner/apt_repo_dependencies/ros-one-turtlesim_0.10.2-3-gdb63288-2024.10.25.12.28_amd64.deb to /<<CHROOT>>...
Copying /home/runner/apt_repo_dependencies/ros-one-self-test_1.11.0-7-gda86650-2024.10.25.14.03_amd64.deb to /<<CHROOT>>...
Copying /home/runner/apt_repo_dependencies/ros-one-microstrain-3dmgx2-imu_1.5.13-2024.10.25.14.16_amd64.deb to /<<CHROOT>>...
Copying /home/runner/apt_repo_dependencies/ros-one-kalman-filter_0.3.0-2024.10.25.15.56_amd64.deb to /<<CHROOT>>...
Copying /home/runner/apt_repo_dependencies/ros-one-ur-msgs_1.4.0-2024.10.25.12.29_amd64.deb to /<<CHROOT>>...
Copying /home/runner/apt_repo_dependencies/ros-one-moveit-ros_1.1.16-1-g88b386581-2024.10.25.16.23_amd64.deb to /<<CHROOT>>...
Copying /home/runner/apt_repo_dependencies/ros-one-urg-c-dbgsym_1.0.405-1-gbbe007f-2024.10.25.10.06_amd64.deb to /<<CHROOT>>...
Copying /home/runner/apt_repo_dependencies/ros-one-ur3e-moveit-config_1.3.3-3-gcce1f0e-2024.10.25.19.28_amd64.deb to /<<CHROOT>>...
Copying /home/runner/apt_repo_dependencies/ros-one-gennodejs_2.0.1-8-g19d224c-2024.10.25.10.24_amd64.deb to /<<CHROOT>>...
Copying /home/runner/apt_repo_dependencies/ros-one-fake-joint-launch_0.0.4-6-g1e5d5a2-2024.10.25.15.27_amd64.deb to /<<CHROOT>>...
Copying /home/runner/apt_repo_dependencies/ros-one-theora-image-transport-dbgsym_1.15.0-9-gcae592c-2024.10.25.13.11_amd64.deb to /<<CHROOT>>...
Copying /home/runner/apt_repo_dependencies/ros-one-ros-type-introspection_0-2024.10.25.12.28_amd64.deb to /<<CHROOT>>...
Copying /home/runner/apt_repo_dependencies/ros-one-tf2_0.7.5-23-gfbcdc99-2024.10.25.12.51_amd64.deb to /<<CHROOT>>...
Copying /home/runner/apt_repo_dependencies/ros-one-pal-statistics_1.5.2-2-ga5b028b-2024.10.25.12.27_amd64.deb to /<<CHROOT>>...
Copying /home/runner/apt_repo_dependencies/ros-one-moveit-python_0.4.5-1-gbc6d4a4-2024.10.25.13.33_amd64.deb to /<<CHROOT>>...
Copying /home/runner/apt_repo_dependencies/ros-one-rqt-py-console_0.4.10-1-gf9bf603-2024.10.25.13.46_amd64.deb to /<<CHROOT>>...
Copying /home/runner/apt_repo_dependencies/ros-one-joint-states-settler_0-2024.10.25.13.05_amd64.deb to /<<CHROOT>>...
Copying /home/runner/apt_repo_dependencies/ros-one-test-rosservice_1.17.0-12-g2a12474fb-2024.10.25.12.14_amd64.deb to /<<CHROOT>>...
Copying /home/runner/apt_repo_dependencies/ros-one-rosrt_1.0.25-10-g6ad6177-2024.10.25.12.27_amd64.deb to /<<CHROOT>>...
Copying /home/runner/apt_repo_dependencies/ros-one-industrial-robot-simulator_0.7.3-4-g2d70d15-2024.10.25.18.20_amd64.deb to /<<CHROOT>>...
Copying /home/runner/apt_repo_dependencies/ros-one-base-local-planner-dbgsym_1.17.3-3-g9ad64419-2024.10.25.14.35_amd64.deb to /<<CHROOT>>...
Copying /home/runner/apt_repo_dependencies/ros-one-ocean-battery-driver-dbgsym_1.1.10-5-gc7f225d-2024.10.25.14.33_amd64.deb to /<<CHROOT>>...
Copying /home/runner/apt_repo_dependencies/ros-one-pr2-common_1.13.1-2024.10.25.13.00_amd64.deb to /<<CHROOT>>...
Copying /home/runner/apt_repo_dependencies/ros-one-fetch-navigation_0.9.1-4-gd3edd9b-2024.10.25.18.35_amd64.deb to /<<CHROOT>>...
Copying /home/runner/apt_repo_dependencies/ros-one-pass-through-controllers_0.1.0-12-g605909c-2024.10.25.19.15_amd64.deb to /<<CHROOT>>...
Copying /home/runner/apt_repo_dependencies/ros-one-srdfdom_0.6.4-4-ge23af6e-2024.10.25.12.52_amd64.deb to /<<CHROOT>>...
Copying /home/runner/apt_repo_dependencies/ros-one-rqt_0.5.2-8-gb606144-2024.10.25.13.17_amd64.deb to /<<CHROOT>>...
Copying /home/runner/apt_repo_dependencies/ros-one-calibration-msgs_0-2024.10.25.12.52_amd64.deb to /<<CHROOT>>...
Copying /home/runner/apt_repo_dependencies/ros-one-ethercat-trigger-controllers-dbgsym_1.10.18-3-g8e8dfa0-2024.10.25.15.16_amd64.deb to /<<CHROOT>>...
Copying /home/runner/apt_repo_dependencies/ros-one-pilz-industrial-motion-planner-testutils-dbgsym_1.1.16-1-g88b386581-2024.10.25.17.53_amd64.deb to /<<CHROOT>>...
Copying /home/runner/apt_repo_dependencies/ros-one-moveit-ros-move-group-dbgsym_1.1.16-1-g88b386581-2024.10.25.16.53_amd64.deb to /<<CHROOT>>...
Copying /home/runner/apt_repo_dependencies/ros-one-qt-gui-core_0.4.2-9-gdc7190f-2024.10.25.11.24_amd64.deb to /<<CHROOT>>...
Copying /home/runner/apt_repo_dependencies/ros-one-bondcpp-dbgsym_1.8.6-1-g398e8ed-2024.10.25.12.27_amd64.deb to /<<CHROOT>>...
Copying /home/runner/apt_repo_dependencies/ros-one-franka-ros_0.8.1-368-gba8dd20-2024.10.25.15.42_amd64.deb to /<<CHROOT>>...
Copying /home/runner/apt_repo_dependencies/ros-one-dynamixel-motor_0.4.1-3-g3d84232-2024.10.25.12.51_amd64.deb to /<<CHROOT>>...
Copying /home/runner/apt_repo_dependencies/ros-one-image-view-dbgsym_1.17.0-11-g69488e6-2024.10.25.14.00_amd64.deb to /<<CHROOT>>...
Copying /home/runner/apt_repo_dependencies/ros-one-laser-cb-detector_0-2024.10.25.13.08_amd64.deb to /<<CHROOT>>...
Copying /home/runner/apt_repo_dependencies/ros-one-moveit-resources-prbt-ikfast-manipulator-plugin-dbgsym_0.8.3-2-gb771644-2024.10.25.16.09_amd64.deb to /<<CHROOT>>...
Copying /home/runner/apt_repo_dependencies/ros-one-dwa-local-planner-dbgsym_1.17.3-3-g9ad64419-2024.10.25.14.46_amd64.deb to /<<CHROOT>>...
Copying /home/runner/apt_repo_dependencies/ros-one-monocam-settler_0-2024.10.25.13.11_amd64.deb to /<<CHROOT>>...
Copying /home/runner/apt_repo_dependencies/ros-one-rosconsole-bridge-dbgsym_0.5.4-1-g38b0830-2024.10.25.11.17_amd64.deb to /<<CHROOT>>...
Copying /home/runner/apt_repo_dependencies/ros-one-moveit-ros-control-interface-dbgsym_1.1.16-1-g88b386581-2024.10.25.17.49_amd64.deb to /<<CHROOT>>...
Copying /home/runner/apt_repo_dependencies/ros-one-moveit-fake-controller-manager_1.1.16-1-g88b386581-2024.10.25.16.39_amd64.deb to /<<CHROOT>>...
Copying /home/runner/apt_repo_dependencies/ros-one-roslib_1.15.8-3-g136e18e9-2024.10.25.11.06_amd64.deb to /<<CHROOT>>...
Copying /home/runner/apt_repo_dependencies/ros-one-bond_1.8.6-1-g398e8ed-2024.10.25.12.21_amd64.deb to /<<CHROOT>>...
Copying /home/runner/apt_repo_dependencies/ros-one-jsk-tools_2.2.12-185-g1ddd7669-2024.10.25.19.48_amd64.deb to /<<CHROOT>>...
Copying /home/runner/apt_repo_dependencies/ros-one-industrial-robot-status-interface_0.1.2-5-gab74b6e-2024.10.25.19.14_amd64.deb to /<<CHROOT>>...
Copying /home/runner/apt_repo_dependencies/ros-one-moveit-fake-controller-manager-dbgsym_1.1.16-1-g88b386581-2024.10.25.16.39_amd64.deb to /<<CHROOT>>...
Copying /home/runner/apt_repo_dependencies/ros-one-rqt-logger-level_0.4.12-2024.10.25.13.50_amd64.deb to /<<CHROOT>>...
Copying /home/runner/apt_repo_dependencies/ros-one-trac-ik-python_0-2024.10.25.18.44_amd64.deb to /<<CHROOT>>...
Copying /home/runner/apt_repo_dependencies/ros-one-rotate-recovery_1.17.3-3-g9ad64419-2024.10.25.15.00_amd64.deb to /<<CHROOT>>...
Copying /home/runner/apt_repo_dependencies/ros-one-image-view2_2.2.12-185-g1ddd7669-2024.10.25.19.07_amd64.deb to /<<CHROOT>>...
Copying /home/runner/apt_repo_dependencies/ros-one-libuvc-camera_0-2024.10.25.13.22_amd64.deb to /<<CHROOT>>...
Copying /home/runner/apt_repo_dependencies/ros-one-laser-filters-dbgsym_1.9.1-2024.10.25.14.12_amd64.deb to /<<CHROOT>>...
Copying /home/runner/apt_repo_dependencies/ros-one-rospack_2.6.2-2-gad85a87-2024.10.25.10.25_amd64.deb to /<<CHROOT>>...
Copying /home/runner/apt_repo_dependencies/ros-one-pybind11-catkin_2.10.3-4-gd21b4ff-2024.10.25.10.05_amd64.deb to /<<CHROOT>>...
Copying /home/runner/apt_repo_dependencies/ros-one-joy-dbgsym_0-2024.10.25.14.11_amd64.deb to /<<CHROOT>>...
Copying /home/runner/apt_repo_dependencies/ros-one-moveit-task-constructor-demo-dbgsym_1-0.1.3-104-g1acf72e-2024.10.25.18.38_amd64.deb to /<<CHROOT>>...
Copying /home/runner/apt_repo_dependencies/ros-one-easy-markers_0.3.0-2024.10.25.15.12_amd64.deb to /<<CHROOT>>...
Copying /home/runner/apt_repo_dependencies/ros-one-image-rotate-dbgsym_1.17.0-11-g69488e6-2024.10.25.13.57_amd64.deb to /<<CHROOT>>...
Copying /home/runner/apt_repo_dependencies/ros-one-twist-controller-dbgsym_0.1.7-1-gceffa65-2024.10.25.18.25_amd64.deb to /<<CHROOT>>...
Copying /home/runner/apt_repo_dependencies/ros-one-moveit-task-constructor-capabilities-dbgsym_1-0.1.3-104-g1acf72e-2024.10.25.18.33_amd64.deb to /<<CHROOT>>...
Copying /home/runner/apt_repo_dependencies/ros-one-pr2-controller-manager_1.8.21-7-g3b10e3e-2024.10.25.14.59_amd64.deb to /<<CHROOT>>...
Copying /home/runner/apt_repo_dependencies/ros-one-pr2-hardware-interface_1.8.21-7-g3b10e3e-2024.10.25.14.42_amd64.deb to /<<CHROOT>>...
Copying /home/runner/apt_repo_dependencies/ros-one-pilz-industrial-motion-planner-testutils_1.1.16-1-g88b386581-2024.10.25.17.53_amd64.deb to /<<CHROOT>>...
Copying /home/runner/apt_repo_dependencies/ros-one-boost-sml_0.1.2-6-gaaddc80-2024.10.25.12.21_amd64.deb to /<<CHROOT>>...
Copying /home/runner/apt_repo_dependencies/ros-one-rosauth_1.0.1-1-gc2a5908-2024.10.25.12.27_amd64.deb to /<<CHROOT>>...
Copying /home/runner/apt_repo_dependencies/ros-one-rqt-nav-view_0.5.7-5-g3df965e-2024.10.25.13.41_amd64.deb to /<<CHROOT>>...
Copying /home/runner/apt_repo_dependencies/ros-one-carrot-planner-dbgsym_1.17.3-3-g9ad64419-2024.10.25.14.39_amd64.deb to /<<CHROOT>>...
Copying /home/runner/apt_repo_dependencies/ros-one-openni-description_0-2024.10.25.16.09_amd64.deb to /<<CHROOT>>...
Copying /home/runner/apt_repo_dependencies/ros-one-usb-cam-dbgsym_0.3.7-19-g1ce9e6c-2024.10.25.12.57_amd64.deb to /<<CHROOT>>...
Copying /home/runner/apt_repo_dependencies/ros-one-moveit-ros-perception-dbgsym_1.1.16-1-g88b386581-2024.10.25.17.04_amd64.deb to /<<CHROOT>>...
Copying /home/runner/apt_repo_dependencies/ros-one-jsk-network-tools_2.2.12-185-g1ddd7669-2024.10.25.19.36_amd64.deb to /<<CHROOT>>...
Copying /home/runner/apt_repo_dependencies/ros-one-single-joint-position-action-dbgsym_1.10.18-3-g8e8dfa0-2024.10.25.17.23_amd64.deb to /<<CHROOT>>...
Copying /home/runner/apt_repo_dependencies/ros-one-navfn-dbgsym_1.17.3-3-g9ad64419-2024.10.25.14.53_amd64.deb to /<<CHROOT>>...
Copying /home/runner/apt_repo_dependencies/ros-one-nodelet-dbgsym_1.11.0-1-gf840a28-2024.10.25.12.56_amd64.deb to /<<CHROOT>>...
Copying /home/runner/apt_repo_dependencies/ros-one-move-base-msgs_1.14.1-2024.10.25.12.28_amd64.deb to /<<CHROOT>>...
Copying /home/runner/apt_repo_dependencies/ros-one-pr2-controllers-msgs_1.10.18-3-g8e8dfa0-2024.10.25.16.06_amd64.deb to /<<CHROOT>>...
Copying /home/runner/apt_repo_dependencies/ros-one-rviz-marker-tools-dbgsym_1-0.1.3-104-g1acf72e-2024.10.25.18.21_amd64.deb to /<<CHROOT>>...
Copying /home/runner/apt_repo_dependencies/ros-one-combined-robot-hw-dbgsym_0.20.0-1-g633c374-2024.10.25.13.38_amd64.deb to /<<CHROOT>>...
Copying /home/runner/apt_repo_dependencies/ros-one-test-roscpp_1.17.0-12-g2a12474fb-2024.10.25.11.56_amd64.deb to /<<CHROOT>>...
Copying /home/runner/apt_repo_dependencies/ros-one-mk_1.15.8-3-g136e18e9-2024.10.25.10.57_amd64.deb to /<<CHROOT>>...
Copying /home/runner/apt_repo_dependencies/ros-one-industrial-utils-dbgsym_0.7.3-4-g2d70d15-2024.10.25.18.29_amd64.deb to /<<CHROOT>>...
Copying /home/runner/apt_repo_dependencies/ros-one-rosparam-shortcuts-dbgsym_0.3.3-4-g69cd4d4-2024.10.25.13.44_amd64.deb to /<<CHROOT>>...
Copying /home/runner/apt_repo_dependencies/ros-one-rosservice_1.17.0-12-g2a12474fb-2024.10.25.11.35_amd64.deb to /<<CHROOT>>...
Copying /home/runner/apt_repo_dependencies/ros-one-multisense-lib-dbgsym_4.0.5-46-g945e646-2024.10.25.14.24_amd64.deb to /<<CHROOT>>...
Copying /home/runner/apt_repo_dependencies/ros-one-rosconsole-dbgsym_1.14.3-5-ge3753eec-2024.10.25.11.12_amd64.deb to /<<CHROOT>>...
Copying /home/runner/apt_repo_dependencies/ros-one-xacro_1.14.18-2-g69a6219-2024.10.25.12.30_amd64.deb to /<<CHROOT>>...
Copying /home/runner/apt_repo_dependencies/ros-one-roslisp_1.9.25-2024.10.25.11.17_amd64.deb to /<<CHROOT>>...
Copying /home/runner/apt_repo_dependencies/ros-one-handeye_0.1.2-2024.10.25.13.19_amd64.deb to /<<CHROOT>>...
Copying /home/runner/apt_repo_dependencies/ros-one-pr2-power-drivers_1.1.10-5-gc7f225d-2024.10.25.14.53_amd64.deb to /<<CHROOT>>...
Copying /home/runner/apt_repo_dependencies/ros-one-octomap-ros_0.4.1-3-g8816e50-2024.10.25.13.36_amd64.deb to /<<CHROOT>>...
Copying /home/runner/apt_repo_dependencies/ros-one-teleop-twist-keyboard_1.0.0-11-g8e1e14f-2024.10.25.12.29_amd64.deb to /<<CHROOT>>...
Copying /home/runner/apt_repo_dependencies/ros-one-rosgraph-msgs_1.11.3-1-gf51a0429-2024.10.25.11.10_amd64.deb to /<<CHROOT>>...
Copying /home/runner/apt_repo_dependencies/ros-one-multisense-ros_4.0.5-46-g945e646-2024.10.25.14.28_amd64.deb to /<<CHROOT>>...
Copying /home/runner/apt_repo_dependencies/ros-one-image-cb-detector-dbgsym_0-2024.10.25.12.58_amd64.deb to /<<CHROOT>>...
Copying /home/runner/apt_repo_dependencies/ros-one-kdl-parser-dbgsym_1.14.1-2-g093117a-2024.10.25.12.56_amd64.deb to /<<CHROOT>>...
Copying /home/runner/apt_repo_dependencies/ros-one-laser-geometry_1.6.7-5-g6ace590-2024.10.25.13.33_amd64.deb to /<<CHROOT>>...
Copying /home/runner/apt_repo_dependencies/ros-one-jskeus_1.2.5-1-2024.10.25.11.17_amd64.deb to /<<CHROOT>>...
Copying /home/runner/apt_repo_dependencies/ros-one-moveit-resources-pr2-description_0.8.3-2-gb771644-2024.10.25.15.47_amd64.deb to /<<CHROOT>>...
Copying /home/runner/apt_repo_dependencies/ros-one-ur-client-library_1.4.0-3-g85fbc55-2024.10.25.10.09_amd64.deb to /<<CHROOT>>...
Copying /home/runner/apt_repo_dependencies/ros-one-moveit-resources-fanuc-description_0.8.3-2-gb771644-2024.10.25.15.29_amd64.deb to /<<CHROOT>>...
Copying /home/runner/apt_repo_dependencies/ros-one-stage-ros_1.8.0-2-gc7d6d25-2024.10.25.14.00_amd64.deb to /<<CHROOT>>...
Copying /home/runner/apt_repo_dependencies/ros-one-audio-common-msgs_0.3.18-2024.10.25.12.48_amd64.deb to /<<CHROOT>>...
Copying /home/runner/apt_repo_dependencies/ros-one-posedetection-msgs-dbgsym_4.3.2-13-g093b57c-2024.10.25.12.57_amd64.deb to /<<CHROOT>>...
Copying /home/runner/apt_repo_dependencies/ros-one-rosbuild_1.15.8-3-g136e18e9-2024.10.25.11.01_amd64.deb to /<<CHROOT>>...
Copying /home/runner/apt_repo_dependencies/ros-one-qb-device-driver-dbgsym_0-2024.10.25.16.50_amd64.deb to /<<CHROOT>>...
Copying /home/runner/apt_repo_dependencies/ros-one-moveit-ros-move-group_1.1.16-1-g88b386581-2024.10.25.16.53_amd64.deb to /<<CHROOT>>...
Copying /home/runner/apt_repo_dependencies/ros-one-interactive-marker-tutorials_0-2024.10.25.15.48_amd64.deb to /<<CHROOT>>...
Copying /home/runner/apt_repo_dependencies/ros-one-cv-bridge_1.16.2-2-gcfabf72-2024.10.25.12.23_amd64.deb to /<<CHROOT>>...
Copying /home/runner/apt_repo_dependencies/ros-one-multisense-ros-dbgsym_4.0.5-46-g945e646-2024.10.25.14.28_amd64.deb to /<<CHROOT>>...
Copying /home/runner/apt_repo_dependencies/ros-one-robot-mechanism-controllers_1.10.18-3-g8e8dfa0-2024.10.25.16.55_amd64.deb to /<<CHROOT>>...
Copying /home/runner/apt_repo_dependencies/ros-one-criutils_0.1.4-2024.10.25.12.53_amd64.deb to /<<CHROOT>>...
Copying /home/runner/apt_repo_dependencies/ros-one-rqt-controller-manager_0.20.0-1-g633c374-2024.10.25.13.57_amd64.deb to /<<CHROOT>>...
Copying /home/runner/apt_repo_dependencies/ros-one-joy-listener_0.3.0-2024.10.25.15.52_amd64.deb to /<<CHROOT>>...
Copying /home/runner/apt_repo_dependencies/ros-one-app-manager_1.3.0-62-gc23f10a-2024.10.25.12.47_amd64.deb to /<<CHROOT>>...
Copying /home/runner/apt_repo_dependencies/ros-one-clear-costmap-recovery-dbgsym_1.17.3-3-g9ad64419-2024.10.25.14.42_amd64.deb to /<<CHROOT>>...
Copying /home/runner/apt_repo_dependencies/ros-one-plotjuggler-ros-dbgsym_2.1.1-3-gd0692ad-2024.10.25.13.24_amd64.deb to /<<CHROOT>>...
Copying /home/runner/apt_repo_dependencies/ros-one-ur20-moveit-config_1.3.3-3-gcce1f0e-2024.10.25.19.14_amd64.deb to /<<CHROOT>>...
Copying /home/runner/apt_repo_dependencies/ros-one-franka-msgs_0.8.1-368-gba8dd20-2024.10.25.15.26_amd64.deb to /<<CHROOT>>...
Copying /home/runner/apt_repo_dependencies/ros-one-stereo-msgs_1.13.1-2024.10.25.12.10_amd64.deb to /<<CHROOT>>...
Copying /home/runner/apt_repo_dependencies/ros-one-industrial-robot-client-dbgsym_0.7.3-4-g2d70d15-2024.10.25.18.43_amd64.deb to /<<CHROOT>>...
Copying /home/runner/apt_repo_dependencies/ros-one-fetch-depth-layer_0.9.1-4-gd3edd9b-2024.10.25.18.12_amd64.deb to /<<CHROOT>>...
Copying /home/runner/apt_repo_dependencies/ros-one-nodelet-core_1.11.0-1-gf840a28-2024.10.25.12.58_amd64.deb to /<<CHROOT>>...
Copying /home/runner/apt_repo_dependencies/ros-one-move-slow-and-clear_1.17.3-3-g9ad64419-2024.10.25.14.49_amd64.deb to /<<CHROOT>>...
Copying /home/runner/apt_repo_dependencies/ros-one-qt-gui-app_0.4.2-9-gdc7190f-2024.10.25.11.23_amd64.deb to /<<CHROOT>>...
Copying /home/runner/apt_repo_dependencies/ros-one-prosilica-gige-sdk_1.26.3-2024.10.25.10.07_amd64.deb to /<<CHROOT>>...
Copying /home/runner/apt_repo_dependencies/ros-one-moveit_1.1.16-1-g88b386581-2024.10.25.15.12_amd64.deb to /<<CHROOT>>...
Copying /home/runner/apt_repo_dependencies/ros-one-rosbridge-library_0.11.17-2024.10.25.13.19_amd64.deb to /<<CHROOT>>...
Copying /home/runner/apt_repo_dependencies/ros-one-tf2-sensor-msgs_0.7.5-23-gfbcdc99-2024.10.25.13.07_amd64.deb to /<<CHROOT>>...
Copying /home/runner/apt_repo_dependencies/ros-one-kdl-parser-py_1.14.1-2-g093117a-2024.10.25.12.58_amd64.deb to /<<CHROOT>>...
Copying /home/runner/apt_repo_dependencies/ros-one-fake-joint-driver_0.0.4-6-g1e5d5a2-2024.10.25.15.23_amd64.deb to /<<CHROOT>>...
Copying /home/runner/apt_repo_dependencies/ros-one-dynamixel-msgs_0.4.1-3-g3d84232-2024.10.25.12.53_amd64.deb to /<<CHROOT>>...
Copying /home/runner/apt_repo_dependencies/ros-one-moveit-ros-robot-interaction-dbgsym_1.1.16-1-g88b386581-2024.10.25.17.10_amd64.deb to /<<CHROOT>>...
Copying /home/runner/apt_repo_dependencies/ros-one-urg-node_0.1.18-4-gd3a14fd-2024.10.25.14.55_amd64.deb to /<<CHROOT>>...
Copying /home/runner/apt_repo_dependencies/ros-one-imu-sensor-controller_0.22.0-2024.10.25.14.31_amd64.deb to /<<CHROOT>>...
Copying /home/runner/apt_repo_dependencies/ros-one-kdl-conversions-dbgsym_1.13.2-10-g674e0c4-2024.10.25.13.22_amd64.deb to /<<CHROOT>>...
Copying /home/runner/apt_repo_dependencies/ros-one-jsk-gui-msgs_4.3.2-13-g093b57c-2024.10.25.12.53_amd64.deb to /<<CHROOT>>...
Copying /home/runner/apt_repo_dependencies/ros-one-rotate-recovery-dbgsym_1.17.3-3-g9ad64419-2024.10.25.15.00_amd64.deb to /<<CHROOT>>...
Copying /home/runner/apt_repo_dependencies/ros-one-test-tf2_0.7.5-23-gfbcdc99-2024.10.25.13.05_amd64.deb to /<<CHROOT>>...
Copying /home/runner/apt_repo_dependencies/ros-one-tf2-kdl_0.7.5-23-gfbcdc99-2024.10.25.13.03_amd64.deb to /<<CHROOT>>...
Copying /home/runner/apt_repo_dependencies/ros-one-moveit-resources-panda-description_0.8.3-2-gb771644-2024.10.25.15.40_amd64.deb to /<<CHROOT>>...
Copying /home/runner/apt_repo_dependencies/ros-one-calibration-setup-helper_0-2024.10.25.12.56_amd64.deb to /<<CHROOT>>...
Copying /home/runner/apt_repo_dependencies/ros-one-visualization-tutorials_0-2024.10.25.17.31_amd64.deb to /<<CHROOT>>...
Copying /home/runner/apt_repo_dependencies/ros-one-joint-trajectory-controller_0.22.0-2024.10.25.14.41_amd64.deb to /<<CHROOT>>...
Copying /home/runner/apt_repo_dependencies/ros-one-move-base-dbgsym_1.17.3-3-g9ad64419-2024.10.25.15.04_amd64.deb to /<<CHROOT>>...
Copying /home/runner/apt_repo_dependencies/ros-one-rqt-common-plugins_0.4.9-2-gb89e918e-2024.10.25.19.21_amd64.deb to /<<CHROOT>>...
Copying /home/runner/apt_repo_dependencies/ros-one-ur16e-moveit-config_1.3.3-3-gcce1f0e-2024.10.25.19.09_amd64.deb to /<<CHROOT>>...
Copying /home/runner/apt_repo_dependencies/ros-one-mtc-pour-dbgsym_1.0.0-3-g2831457-2024.10.25.19.10_amd64.deb to /<<CHROOT>>...
Copying /home/runner/apt_repo_dependencies/ros-one-tf2-ros-dbgsym_0.7.5-23-gfbcdc99-2024.10.25.12.58_amd64.deb to /<<CHROOT>>...
Copying /home/runner/apt_repo_dependencies/ros-one-moveit-chomp-optimizer-adapter-dbgsym_1.1.16-1-g88b386581-2024.10.25.16.04_amd64.deb to /<<CHROOT>>...
Copying /home/runner/apt_repo_dependencies/ros-one-interactive-marker-tutorials-dbgsym_0-2024.10.25.15.48_amd64.deb to /<<CHROOT>>...
Copying /home/runner/apt_repo_dependencies/ros-one-spacenav-node-dbgsym_0-2024.10.25.15.02_amd64.deb to /<<CHROOT>>...
Copying /home/runner/apt_repo_dependencies/ros-one-qb-device-control-dbgsym_0-2024.10.25.16.46_amd64.deb to /<<CHROOT>>...
Copying /home/runner/apt_repo_dependencies/ros-one-rosapi_0.11.17-2024.10.25.13.17_amd64.deb to /<<CHROOT>>...
Copying /home/runner/apt_repo_dependencies/ros-one-rosout-dbgsym_1.17.0-12-g2a12474fb-2024.10.25.11.46_amd64.deb to /<<CHROOT>>...
Copying /home/runner/apt_repo_dependencies/ros-one-py-binding-tools-dbgsym_1.0.0-6-g68a65b1-2024.10.25.13.01_amd64.deb to /<<CHROOT>>...
Copying /home/runner/apt_repo_dependencies/ros-one-executive-smach-visualization_4.1.0-7-ge82d7ef-2024.10.25.13.17_amd64.deb to /<<CHROOT>>...
Copying /home/runner/apt_repo_dependencies/ros-one-moveit-ros-manipulation-dbgsym_1.1.16-1-g88b386581-2024.10.25.16.59_amd64.deb to /<<CHROOT>>...
Copying /home/runner/apt_repo_dependencies/ros-one-interval-intersection_0-2024.10.25.13.01_amd64.deb to /<<CHROOT>>...
Copying /home/runner/apt_repo_dependencies/ros-one-rqt-tf-tree_0.6.4-2024.10.25.14.52_amd64.deb to /<<CHROOT>>...
Copying /home/runner/apt_repo_dependencies/ros-one-ddynamic-reconfigure_0.4.1-2-gd3e4c9f-2024.10.25.12.47_amd64.deb to /<<CHROOT>>...
Copying /home/runner/apt_repo_dependencies/ros-one-audio-play_0.3.18-2024.10.25.12.52_amd64.deb to /<<CHROOT>>...
Copying /home/runner/apt_repo_dependencies/ros-one-freenect-camera_0.4.3-2024.10.25.15.35_amd64.deb to /<<CHROOT>>...
Copying /home/runner/apt_repo_dependencies/ros-one-joint-state-publisher_1.15.1-2-g7cb7069-2024.10.25.12.24_amd64.deb to /<<CHROOT>>...
Copying /home/runner/apt_repo_dependencies/ros-one-moveit-kinematics_1.1.16-1-g88b386581-2024.10.25.16.43_amd64.deb to /<<CHROOT>>...
Copying /home/runner/apt_repo_dependencies/ros-one-navfn_1.17.3-3-g9ad64419-2024.10.25.14.53_amd64.deb to /<<CHROOT>>...
Copying /home/runner/apt_repo_dependencies/ros-one-eigenpy-dbgsym_3.10.0-2024.10.25.10.08_amd64.deb to /<<CHROOT>>...
Copying /home/runner/apt_repo_dependencies/ros-one-rqt-ez-publisher_0.6.1-3-g30c16e8-2024.10.25.13.36_amd64.deb to /<<CHROOT>>...
Copying /home/runner/apt_repo_dependencies/ros-one-urdf_1.13.2-2-g3df8012-2024.10.25.12.32_amd64.deb to /<<CHROOT>>...
Copying /home/runner/apt_repo_dependencies/ros-one-rqt-runtime-monitor_0.5.10-1-g8cc5884-2024.10.25.13.55_amd64.deb to /<<CHROOT>>...
Copying /home/runner/apt_repo_dependencies/ros-one-laser-geometry-dbgsym_1.6.7-5-g6ace590-2024.10.25.13.33_amd64.deb to /<<CHROOT>>...
Copying /home/runner/apt_repo_dependencies/ros-one-fetch-maps_0.9.1-4-gd3edd9b-2024.10.25.18.27_amd64.deb to /<<CHROOT>>...
Copying /home/runner/apt_repo_dependencies/ros-one-ur5e-moveit-config_1.3.3-3-gcce1f0e-2024.10.25.19.37_amd64.deb to /<<CHROOT>>...
Copying /home/runner/apt_repo_dependencies/ros-one-industrial-trajectory-filters_0.7.3-4-g2d70d15-2024.10.25.18.24_amd64.deb to /<<CHROOT>>...
Copying /home/runner/apt_repo_dependencies/ros-one-ros-control_0.20.0-1-g633c374-2024.10.25.13.54_amd64.deb to /<<CHROOT>>...
Copying /home/runner/apt_repo_dependencies/ros-one-message-runtime_0.4.13-2024.10.25.10.34_amd64.deb to /<<CHROOT>>...
Copying /home/runner/apt_repo_dependencies/ros-one-ackermann-steering-controller_0.22.0-2024.10.25.14.15_amd64.deb to /<<CHROOT>>...
Copying /home/runner/apt_repo_dependencies/ros-one-rosmake_1.15.8-3-g136e18e9-2024.10.25.11.05_amd64.deb to /<<CHROOT>>...
Copying /home/runner/apt_repo_dependencies/ros-one-wge100-camera_1.8.5-4-g9768e2e-2024.10.25.16.56_amd64.deb to /<<CHROOT>>...
Copying /home/runner/apt_repo_dependencies/ros-one-moveit-commander_1.1.16-1-g88b386581-2024.10.25.15.36_amd64.deb to /<<CHROOT>>...
Copying /home/runner/apt_repo_dependencies/ros-one-jsk-common-msgs_4.3.2-13-g093b57c-2024.10.25.12.49_amd64.deb to /<<CHROOT>>...
Copying /home/runner/apt_repo_dependencies/ros-one-pcl-conversions_1.7.4-12-g5f72467-2024.10.25.13.47_amd64.deb to /<<CHROOT>>...
Copying /home/runner/apt_repo_dependencies/ros-one-moveit-planners_1.1.16-1-g88b386581-2024.10.25.15.15_amd64.deb to /<<CHROOT>>...
Copying /home/runner/apt_repo_dependencies/ros-one-stage-ros-dbgsym_1.8.0-2-gc7d6d25-2024.10.25.14.00_amd64.deb to /<<CHROOT>>...
Copying /home/runner/apt_repo_dependencies/ros-one-ros-type-introspection-dbgsym_0-2024.10.25.12.28_amd64.deb to /<<CHROOT>>...
Copying /home/runner/apt_repo_dependencies/ros-one-industrial-robot-client_0.7.3-4-g2d70d15-2024.10.25.18.43_amd64.deb to /<<CHROOT>>...
Copying /home/runner/apt_repo_dependencies/ros-one-octomap-mapping_0.6.8-2024.10.25.14.37_amd64.deb to /<<CHROOT>>...
Copying /home/runner/apt_repo_dependencies/ros-one-chomp-motion-planner-dbgsym_1.1.16-1-g88b386581-2024.10.25.16.00_amd64.deb to /<<CHROOT>>...
Copying /home/runner/apt_repo_dependencies/ros-one-open-karto-dbgsym_1.2.3-2-g922db50-2024.10.25.12.58_amd64.deb to /<<CHROOT>>...
Copying /home/runner/apt_repo_dependencies/ros-one-ompl-dbgsym_1.6.0-78-g18a5f5be-2024.10.25.10.08_amd64.deb to /<<CHROOT>>...
Copying /home/runner/apt_repo_dependencies/ros-one-fetch-ikfast-plugin-dbgsym_0.9.1-4-gd3edd9b-2024.10.25.18.22_amd64.deb to /<<CHROOT>>...
Copying /home/runner/apt_repo_dependencies/ros-one-octomap-server_0.6.8-2024.10.25.14.40_amd64.deb to /<<CHROOT>>...
Copying /home/runner/apt_repo_dependencies/ros-one-moveit-resources-dual-panda-moveit-config_0.8.3-2-gb771644-2024.10.25.15.26_amd64.deb to /<<CHROOT>>...
Copying /home/runner/apt_repo_dependencies/ros-one-joint-trajectory-action_1.10.18-3-g8e8dfa0-2024.10.25.16.09_amd64.deb to /<<CHROOT>>...
Copying /home/runner/apt_repo_dependencies/ros-one-image-view_1.17.0-11-g69488e6-2024.10.25.14.00_amd64.deb to /<<CHROOT>>...
Copying /home/runner/apt_repo_dependencies/ros-one-rqt-moveit_0.5.9-2024.10.25.14.49_amd64.deb to /<<CHROOT>>...
Copying /home/runner/apt_repo_dependencies/ros-one-eigen-stl-containers_0.1.8-2-gd2a41f0-2024.10.25.10.25_amd64.deb to /<<CHROOT>>...
Copying /home/runner/apt_repo_dependencies/ros-one-qb-device-utils_0-2024.10.25.16.42_amd64.deb to /<<CHROOT>>...
Copying /home/runner/apt_repo_dependencies/ros-one-ros-control-boilerplate-dbgsym_0-2024.10.25.14.33_amd64.deb to /<<CHROOT>>...
Copying /home/runner/apt_repo_dependencies/ros-one-pilz-industrial-motion-planner_1.1.16-1-g88b386581-2024.10.25.17.58_amd64.deb to /<<CHROOT>>...
Copying /home/runner/apt_repo_dependencies/ros-one-moveit-resources-prbt-ikfast-manipulator-plugin_0.8.3-2-gb771644-2024.10.25.16.09_amd64.deb to /<<CHROOT>>...
Copying /home/runner/apt_repo_dependencies/ros-one-nodelet-tutorial-math_0-2024.10.25.13.22_amd64.deb to /<<CHROOT>>...
Copying /home/runner/apt_repo_dependencies/ros-one-xmlrpcpp-dbgsym_1.17.0-12-g2a12474fb-2024.10.25.11.42_amd64.deb to /<<CHROOT>>...
Copying /home/runner/apt_repo_dependencies/ros-one-bio-ik-dbgsym_0-2024.10.25.18.07_amd64.deb to /<<CHROOT>>...
Copying /home/runner/apt_repo_dependencies/ros-one-openni-camera_0-2024.10.25.16.04_amd64.deb to /<<CHROOT>>...
Copying /home/runner/apt_repo_dependencies/ros-one-joystick-drivers_0-2024.10.25.14.15_amd64.deb to /<<CHROOT>>...
Copying /home/runner/apt_repo_dependencies/ros-one-four-wheel-steering-msgs_1.1.1-2024.10.25.11.11_amd64.deb to /<<CHROOT>>...
Copying /home/runner/apt_repo_dependencies/ros-one-image-publisher-dbgsym_1.17.0-11-g69488e6-2024.10.25.13.53_amd64.deb to /<<CHROOT>>...
Copying /home/runner/apt_repo_dependencies/ros-one-speed-scaling-interface_0.1.1-4-gb2fff50-2024.10.25.16.44_amd64.deb to /<<CHROOT>>...
Copying /home/runner/apt_repo_dependencies/ros-one-moveit-simple-controller-manager-dbgsym_1.1.16-1-g88b386581-2024.10.25.17.44_amd64.deb to /<<CHROOT>>...
Copying /home/runner/apt_repo_dependencies/ros-one-nav-msgs_1.13.1-2024.10.25.11.26_amd64.deb to /<<CHROOT>>...
Copying /home/runner/apt_repo_dependencies/ros-one-navigation_1.17.3-3-g9ad64419-2024.10.25.14.21_amd64.deb to /<<CHROOT>>...
Copying /home/runner/apt_repo_dependencies/ros-one-rosrt-dbgsym_1.0.25-10-g6ad6177-2024.10.25.12.27_amd64.deb to /<<CHROOT>>...
Copying /home/runner/apt_repo_dependencies/ros-one-rostopic_1.17.0-12-g2a12474fb-2024.10.25.11.53_amd64.deb to /<<CHROOT>>...
Copying /home/runner/apt_repo_dependencies/ros-one-ros-controllers-cartesian_0.1.7-1-gceffa65-2024.10.25.18.21_amd64.deb to /<<CHROOT>>...
Copying /home/runner/apt_repo_dependencies/ros-one-timestamp-tools_1.6.9-2024.10.25.14.56_amd64.deb to /<<CHROOT>>...
Copying /home/runner/apt_repo_dependencies/ros-one-jsk-tilt-laser-dbgsym_2.2.12-185-g1ddd7669-2024.10.25.19.41_amd64.deb to /<<CHROOT>>...
Copying /home/runner/apt_repo_dependencies/ros-one-moveit-ros-benchmarks-dbgsym_1.1.16-1-g88b386581-2024.10.25.17.20_amd64.deb to /<<CHROOT>>...
Copying /home/runner/apt_repo_dependencies/ros-one-compressed-depth-image-transport_1.15.0-9-gcae592c-2024.10.25.12.47_amd64.deb to /<<CHROOT>>...
Copying /home/runner/apt_repo_dependencies/ros-one-sound-play_0.3.18-2024.10.25.13.04_amd64.deb to /<<CHROOT>>...
Copying /home/runner/apt_repo_dependencies/ros-one-eml-dbgsym_0-2024.10.25.10.08_amd64.deb to /<<CHROOT>>...
Copying /home/runner/apt_repo_dependencies/ros-one-roslaunch_1.17.0-12-g2a12474fb-2024.10.25.11.29_amd64.deb to /<<CHROOT>>...
Copying /home/runner/apt_repo_dependencies/ros-one-tf-dbgsym_1.13.2-10-g674e0c4-2024.10.25.13.24_amd64.deb to /<<CHROOT>>...
Copying /home/runner/apt_repo_dependencies/ros-one-openni2-camera-dbgsym_0-2024.10.25.15.56_amd64.deb to /<<CHROOT>>...
Copying /home/runner/apt_repo_dependencies/ros-one-stage_4.3.0-17-g2d2e0724-2024.10.25.10.06_amd64.deb to /<<CHROOT>>...
Copying /home/runner/apt_repo_dependencies/ros-one-freenect-launch_0.4.3-2024.10.25.15.39_amd64.deb to /<<CHROOT>>...
Copying /home/runner/apt_repo_dependencies/ros-one-ros-emacs-utils_0.4.17-2024.10.25.11.27_amd64.deb to /<<CHROOT>>...
Copying /home/runner/apt_repo_dependencies/ros-one-rospack-dbgsym_2.6.2-2-gad85a87-2024.10.25.10.25_amd64.deb to /<<CHROOT>>...
Copying /home/runner/apt_repo_dependencies/ros-one-tf2-py-dbgsym_0.7.5-23-gfbcdc99-2024.10.25.12.56_amd64.deb to /<<CHROOT>>...
Copying /home/runner/apt_repo/ros-one-chaplus-ros_2.1.28-49-gfb32bec3-2024.10.25.20.34_amd64.deb to /<<CHROOT>>...
Copying /home/runner/apt_repo/ros-one-influxdb-store_2.1.28-49-gfb32bec3-2024.10.25.21.12_amd64.deb to /<<CHROOT>>...
Copying /home/runner/apt_repo/ros-one-google-cloud-texttospeech_2.1.28-49-gfb32bec3-2024.10.25.21.08_amd64.deb to /<<CHROOT>>...
Copying /home/runner/apt_repo/ros-one-rosping_2.1.28-49-gfb32bec3-2024.10.25.22.37_amd64.deb to /<<CHROOT>>...
Copying /home/runner/apt_repo/ros-one-laser-filters-jsk-patch-dbgsym_2.1.28-49-gfb32bec3-2024.10.25.21.27_amd64.deb to /<<CHROOT>>...
Copying /home/runner/apt_repo/ros-one-rostwitter_2.1.28-49-gfb32bec3-2024.10.25.22.42_amd64.deb to /<<CHROOT>>...
Copying /home/runner/apt_repo/ros-one-nlopt_2.1.28-49-gfb32bec3-2024.10.25.21.57_amd64.deb to /<<CHROOT>>...
Copying /home/runner/apt_repo/ros-one-mini-maxwell_2.1.28-49-gfb32bec3-2024.10.25.21.47_amd64.deb to /<<CHROOT>>...
Copying /home/runner/apt_repo/ros-one-libcmt_2.1.28-49-gfb32bec3-2024.10.25.21.32_amd64.deb to /<<CHROOT>>...
Copying /home/runner/apt_repo/ros-one-osqp_2.1.28-49-gfb32bec3-2024.10.25.22.08_amd64.deb to /<<CHROOT>>...
Copying /home/runner/apt_repo/ros-one-opt-camera_2.1.28-49-gfb32bec3-2024.10.25.22.03_amd64.deb to /<<CHROOT>>...
Copying /home/runner/apt_repo/ros-one-rospatlite_2.1.28-49-gfb32bec3-2024.10.25.22.32_amd64.deb to /<<CHROOT>>...
Copying /home/runner/apt_repo/ros-one-libcmt-dbgsym_2.1.28-49-gfb32bec3-2024.10.25.21.32_amd64.deb to /<<CHROOT>>...
Copying /home/runner/apt_repo/ros-one-aques-talk_2.1.28-49-gfb32bec3-2024.10.25.20.15_amd64.deb to /<<CHROOT>>...
Copying /home/runner/apt_repo/ros-one-opt-camera-dbgsym_2.1.28-49-gfb32bec3-2024.10.25.22.03_amd64.deb to /<<CHROOT>>...
Copying /home/runner/apt_repo/ros-one-laser-filters-jsk-patch_2.1.28-49-gfb32bec3-2024.10.25.21.27_amd64.deb to /<<CHROOT>>...
Copying /home/runner/apt_repo/ros-one-jsk-3rdparty_2.1.28-49-gfb32bec3-2024.10.25.21.17_amd64.deb to /<<CHROOT>>...
Copying /home/runner/apt_repo/ros-one-rosping-dbgsym_2.1.28-49-gfb32bec3-2024.10.25.22.37_amd64.deb to /<<CHROOT>>...
Copying /home/runner/apt_repo/ros-one-pgm-learner_2.1.28-49-gfb32bec3-2024.10.25.22.13_amd64.deb to /<<CHROOT>>...
Copying /home/runner/apt_repo/ros-one-nlopt-dbgsym_2.1.28-49-gfb32bec3-2024.10.25.21.57_amd64.deb to /<<CHROOT>>...
I: NOTICE: Log filtering will replace 'build/package//resolver-TU4KJF' with '<<RESOLVERDIR>>'

+------------------------------------------------------------------------------+
| Update chroot                                                                |
+------------------------------------------------------------------------------+

Get:1 file:/build/package//resolver-P6EIvn/apt_archive ./ InRelease
Ign:1 file:/build/package//resolver-P6EIvn/apt_archive ./ InRelease
Get:2 file:/build/package//resolver-P6EIvn/apt_archive ./ Release [612 B]
Get:2 file:/build/package//resolver-P6EIvn/apt_archive ./ Release [612 B]
Get:3 file:/build/package//resolver-P6EIvn/apt_archive ./ Release.gpg
Ign:3 file:/build/package//resolver-P6EIvn/apt_archive ./ Release.gpg
Get:4 file:/build/package//resolver-P6EIvn/apt_archive ./ Packages [729 kB]
Get:5 http://deb.debian.org/debian trixie InRelease [172 kB]
Get:6 http://deb.debian.org/debian trixie-updates InRelease [49.6 kB]
Get:7 http://security.debian.org/debian-security trixie-security InRelease [43.5 kB]
Get:8 http://deb.debian.org/debian trixie/main amd64 Packages [9343 kB]
Fetched 9608 kB in 1s (12.9 MB/s)
Reading package lists...
W: Skipping acquire of configured file 'universe/binary-amd64/Packages' as repository 'http://deb.debian.org/debian trixie InRelease' doesn't have the component 'universe' (component misspelt in sources.list?)
W: Skipping acquire of configured file 'universe/binary-amd64/Packages' as repository 'http://deb.debian.org/debian trixie-updates InRelease' doesn't have the component 'universe' (component misspelt in sources.list?)
W: Skipping acquire of configured file 'universe/binary-amd64/Packages' as repository 'http://security.debian.org/debian-security trixie-security InRelease' doesn't have the component 'universe' (component misspelt in sources.list?)
Reading package lists...
Building dependency tree...
Reading state information...
Calculating upgrade...
0 upgraded, 0 newly installed, 0 to remove and 0 not upgraded.

+------------------------------------------------------------------------------+
| Fetch source files                                                           |
+------------------------------------------------------------------------------+


Local sources
-------------

/home/runner/work/ros-o-builder/ros-o-builder/src/jsk_3rdparty/ros-one-sesame-ros_2.1.28-49-gfb32bec3-2024.10.25.22.47.dsc exists in /home/runner/work/ros-o-builder/ros-o-builder/src/jsk_3rdparty; copying to chroot
I: NOTICE: Log filtering will replace 'build/package//package' with '<<PKGBUILDDIR>>'
I: NOTICE: Log filtering will replace 'build/package/' with '<<BUILDDIR>>'

+------------------------------------------------------------------------------+
| Install package build dependencies                                           |
+------------------------------------------------------------------------------+


Setup apt archive
-----------------

Merged Build-Depends: debhelper (>= 9.0.0), catkin, libffi-dev, libgmock-dev, libgtest-dev, libssl-dev, ros-one-catkin-virtualenv, ros-one-message-generation, ros-one-setup-files, ros-one-ros-environment, build-essential, fakeroot, dumb-init
Filtered Build-Depends: debhelper (>= 9.0.0), catkin, libffi-dev, libgmock-dev, libgtest-dev, libssl-dev, ros-one-catkin-virtualenv, ros-one-message-generation, ros-one-setup-files, ros-one-ros-environment, build-essential, fakeroot, dumb-init
dpkg-deb: building package 'sbuild-build-depends-main-dummy' in '/<<RESOLVERDIR>>/apt_archive/sbuild-build-depends-main-dummy.deb'.
Ign:1 copy:/<<RESOLVERDIR>>/apt_archive ./ InRelease
Get:2 copy:/<<RESOLVERDIR>>/apt_archive ./ Release [609 B]
Ign:3 copy:/<<RESOLVERDIR>>/apt_archive ./ Release.gpg
Get:4 copy:/<<RESOLVERDIR>>/apt_archive ./ Sources [814 B]
Get:5 copy:/<<RESOLVERDIR>>/apt_archive ./ Packages [818 B]
Fetched 2241 B in 0s (0 B/s)
Reading package lists...
Get:1 file:/<<BUILDDIR>>/resolver-P6EIvn/apt_archive ./ InRelease
Ign:1 file:/<<BUILDDIR>>/resolver-P6EIvn/apt_archive ./ InRelease
Get:2 file:/<<BUILDDIR>>/resolver-P6EIvn/apt_archive ./ Release [612 B]
Get:2 file:/<<BUILDDIR>>/resolver-P6EIvn/apt_archive ./ Release [612 B]
Get:3 file:/<<BUILDDIR>>/resolver-P6EIvn/apt_archive ./ Release.gpg
Ign:3 file:/<<BUILDDIR>>/resolver-P6EIvn/apt_archive ./ Release.gpg
Reading package lists...
Reading package lists...

Install main build dependencies (apt-based resolver)
----------------------------------------------------

Installing build dependencies
Reading package lists...
Building dependency tree...
Reading state information...
The following additional packages will be installed:
  autoconf automake autopoint autotools-dev bsdextrautils catkin cmake
  cmake-data cmake-extras debhelper dh-autoreconf dh-strip-nondeterminism
  docutils-common dumb-init dwz fakeroot file gettext gettext-base googletest
  groff-base intltool-debian libarchive-zip-perl libarchive13t64
  libboost-atomic1.83-dev libboost-atomic1.83.0 libboost-filesystem-dev
  libboost-filesystem1.83-dev libboost-filesystem1.83.0
  libboost-program-options-dev libboost-program-options1.83-dev
  libboost-program-options1.83.0 libboost-system-dev libboost-system1.83-dev
  libboost-system1.83.0 libboost1.83-dev libbrotli1 libcom-err2 libcurl4t64
  libdebhelper-perl libelf1t64 libexpat1 libexpat1-dev libfakeroot libffi-dev
  libfile-stripnondeterminism-perl libgmock-dev libgssapi-krb5-2 libgtest-dev
  libicu72 libjs-jquery libjs-sphinxdoc libjs-underscore libjsoncpp26
  libk5crypto3 libkeyutils1 libkrb5-3 libkrb5support0 libldap-2.5-0
  libmagic-mgc libmagic1t64 libncursesw6 libnghttp2-14 libnsl2 libpipeline1
  libpkgconf3 libproc2-0 libpsl5t64 libpython3-dev libpython3-stdlib
  libpython3.12-dev libpython3.12-minimal libpython3.12-stdlib
  libpython3.12t64 libreadline8t64 librhash1 librtmp1 libsasl2-2
  libsasl2-modules-db libsqlite3-0 libssh2-1t64 libssl-dev libtinyxml2-10
  libtinyxml2-dev libtirpc-common libtirpc3t64 libtool libuchardet0 libuv1t64
  libxml2 libyaml-0-2 lsb-release m4 man-db media-types netbase pkg-config
  pkgconf pkgconf-bin po-debconf procps python3 python3-autocommand
  python3-catkin python3-catkin-pkg python3-dateutil python3-dev
  python3-distlib python3-distro python3-docutils python3-empy
  python3-filelock python3-inflect python3-jaraco.context
  python3-jaraco.functools python3-minimal python3-more-itertools
  python3-netifaces python3-nose python3-pip-whl python3-pkg-resources
  python3-platformdirs python3-pyparsing python3-roman python3-rosdep2
  python3-rosdistro python3-rospkg python3-setuptools python3-setuptools-whl
  python3-typeguard python3-typing-extensions python3-venv python3-virtualenv
  python3-wheel-whl python3-yaml python3-zipp python3-zombie-imp python3.12
  python3.12-dev python3.12-minimal python3.12-venv readline-common
  ros-one-catkin-virtualenv ros-one-gencpp ros-one-geneus ros-one-genlisp
  ros-one-genmsg ros-one-gennodejs ros-one-genpy ros-one-message-generation
  ros-one-ros-environment ros-one-rosbash ros-one-rosgraph ros-one-rospack
  ros-one-setup-files sensible-utils sgml-base tzdata virtualenv xml-core
  zlib1g-dev
Suggested packages:
  autoconf-archive gnu-standards autoconf-doc cmake-doc cmake-format
  elpa-cmake-mode ninja-build dh-make gettext-doc libasprintf-dev
  libgettextpo-dev groff lrzip libboost1.83-doc libboost-chrono1.83-dev
  libboost-container1.83-dev libboost-context1.83-dev
  libboost-contract1.83-dev libboost-coroutine1.83-dev
  libboost-date-time1.83-dev libboost-exception1.83-dev libboost-fiber1.83-dev
  libboost-graph-parallel1.83-dev libboost-graph1.83-dev
  libboost-iostreams1.83-dev libboost-json1.83-dev libboost-locale1.83-dev
  libboost-log1.83-dev libboost-math1.83-dev libboost-mpi-python1.83-dev
  libboost-mpi1.83-dev libboost-nowide1.83-dev libboost-numpy1.83-dev
  libboost-python1.83-dev libboost-random1.83-dev libboost-regex1.83-dev
  libboost-serialization1.83-dev libboost-stacktrace1.83-dev
  libboost-test1.83-dev libboost-thread1.83-dev libboost-timer1.83-dev
  libboost-type-erasure1.83-dev libboost-url1.83-dev libboost-wave1.83-dev
  libboost1.83-tools-dev libmpfrc++-dev libntl-dev krb5-doc krb5-user
  libssl-doc libtool-doc gfortran | fortran95-compiler gcj-jdk m4-doc apparmor
  less www-browser libmail-box-perl python3-doc python3-tk docutils-doc
  fonts-linuxlibertine | ttf-linux-libertine texlive-lang-french
  texlive-latex-base texlive-latex-recommended python-nose-doc
  python-pyparsing-doc python-setuptools-doc python3.12-doc binfmt-support
  readline-doc sgml-base-doc
Recommended packages:
  bash-completion ros-environment curl | wget | lynx libarchive-cpio-perl
  javascript-common krb5-locales libldap-common libgpm2 publicsuffix
  libsasl2-modules libltdl-dev libmail-sendmail-perl psmisc
  linux-sysctl-defaults libpaper-utils python3-pil python3-pygments
The following NEW packages will be installed:
  autoconf automake autopoint autotools-dev bsdextrautils catkin cmake
  cmake-data cmake-extras debhelper dh-autoreconf dh-strip-nondeterminism
  docutils-common dumb-init dwz fakeroot file gettext gettext-base googletest
  groff-base intltool-debian libarchive-zip-perl libarchive13t64
  libboost-atomic1.83-dev libboost-atomic1.83.0 libboost-filesystem-dev
  libboost-filesystem1.83-dev libboost-filesystem1.83.0
  libboost-program-options-dev libboost-program-options1.83-dev
  libboost-program-options1.83.0 libboost-system-dev libboost-system1.83-dev
  libboost-system1.83.0 libboost1.83-dev libbrotli1 libcom-err2 libcurl4t64
  libdebhelper-perl libelf1t64 libexpat1 libexpat1-dev libfakeroot libffi-dev
  libfile-stripnondeterminism-perl libgmock-dev libgssapi-krb5-2 libgtest-dev
  libicu72 libjs-jquery libjs-sphinxdoc libjs-underscore libjsoncpp26
  libk5crypto3 libkeyutils1 libkrb5-3 libkrb5support0 libldap-2.5-0
  libmagic-mgc libmagic1t64 libncursesw6 libnghttp2-14 libnsl2 libpipeline1
  libpkgconf3 libproc2-0 libpsl5t64 libpython3-dev libpython3-stdlib
  libpython3.12-dev libpython3.12-minimal libpython3.12-stdlib
  libpython3.12t64 libreadline8t64 librhash1 librtmp1 libsasl2-2
  libsasl2-modules-db libsqlite3-0 libssh2-1t64 libssl-dev libtinyxml2-10
  libtinyxml2-dev libtirpc-common libtirpc3t64 libtool libuchardet0 libuv1t64
  libxml2 libyaml-0-2 lsb-release m4 man-db media-types netbase pkg-config
  pkgconf pkgconf-bin po-debconf procps python3 python3-autocommand
  python3-catkin python3-catkin-pkg python3-dateutil python3-dev
  python3-distlib python3-distro python3-docutils python3-empy
  python3-filelock python3-inflect python3-jaraco.context
  python3-jaraco.functools python3-minimal python3-more-itertools
  python3-netifaces python3-nose python3-pip-whl python3-pkg-resources
  python3-platformdirs python3-pyparsing python3-roman python3-rosdep2
  python3-rosdistro python3-rospkg python3-setuptools python3-setuptools-whl
  python3-typeguard python3-typing-extensions python3-venv python3-virtualenv
  python3-wheel-whl python3-yaml python3-zipp python3-zombie-imp python3.12
  python3.12-dev python3.12-minimal python3.12-venv readline-common
  ros-one-catkin-virtualenv ros-one-gencpp ros-one-geneus ros-one-genlisp
  ros-one-genmsg ros-one-gennodejs ros-one-genpy ros-one-message-generation
  ros-one-ros-environment ros-one-rosbash ros-one-rosgraph ros-one-rospack
  ros-one-setup-files sbuild-build-depends-main-dummy sensible-utils sgml-base
  tzdata virtualenv xml-core zlib1g-dev
0 upgraded, 162 newly installed, 0 to remove and 0 not upgraded.
Need to get 76.8 MB/77.3 MB of archives.
After this operation, 433 MB of additional disk space will be used.
Get:1 copy:/<<RESOLVERDIR>>/apt_archive ./ sbuild-build-depends-main-dummy 0.invalid.0 [960 B]
Get:2 file:/<<BUILDDIR>>/resolver-P6EIvn/apt_archive ./ ros-one-setup-files 0-2024.10.25.10.01 [10.9 kB]
Get:3 file:/<<BUILDDIR>>/resolver-P6EIvn/apt_archive ./ ros-one-ros-environment 1.3.2-5-g2686e94-2024.10.25.10.01 [6060 B]
Get:4 file:/<<BUILDDIR>>/resolver-P6EIvn/apt_archive ./ ros-one-rospack 2.6.2-2-gad85a87-2024.10.25.10.25 [113 kB]
Get:5 file:/<<BUILDDIR>>/resolver-P6EIvn/apt_archive ./ ros-one-rosbash 1.15.8-3-g136e18e9-2024.10.25.10.59 [22.7 kB]
Get:6 file:/<<BUILDDIR>>/resolver-P6EIvn/apt_archive ./ ros-one-rosgraph 1.17.0-12-g2a12474fb-2024.10.25.11.28 [62.2 kB]
Get:7 file:/<<BUILDDIR>>/resolver-P6EIvn/apt_archive ./ ros-one-catkin-virtualenv 0.13.0-2024.10.25.12.21 [29.4 kB]
Get:8 file:/<<BUILDDIR>>/resolver-P6EIvn/apt_archive ./ ros-one-genmsg 0.5.16-1-g7d8b6ce-2024.10.25.10.04 [43.5 kB]
Get:9 file:/<<BUILDDIR>>/resolver-P6EIvn/apt_archive ./ ros-one-gencpp 0-2024.10.25.10.25 [17.3 kB]
Get:10 file:/<<BUILDDIR>>/resolver-P6EIvn/apt_archive ./ ros-one-geneus 3.0.0-2024.10.25.10.25 [37.0 kB]
Get:11 file:/<<BUILDDIR>>/resolver-P6EIvn/apt_archive ./ ros-one-genlisp 0.4.18-2024.10.25.10.24 [29.0 kB]
Get:12 file:/<<BUILDDIR>>/resolver-P6EIvn/apt_archive ./ ros-one-gennodejs 2.0.1-8-g19d224c-2024.10.25.10.24 [30.4 kB]
Get:13 file:/<<BUILDDIR>>/resolver-P6EIvn/apt_archive ./ ros-one-genpy 0.6.16-6-gf70658f-2024.10.25.10.25 [67.4 kB]
Get:14 file:/<<BUILDDIR>>/resolver-P6EIvn/apt_archive ./ ros-one-message-generation 0.4.1-2024.10.25.10.34 [5052 B]
Get:15 http://deb.debian.org/debian trixie/main amd64 libpython3.12-minimal amd64 3.12.6-1 [814 kB]
Get:16 http://deb.debian.org/debian trixie/main amd64 libexpat1 amd64 2.6.3-1 [105 kB]
Get:17 http://deb.debian.org/debian trixie/main amd64 python3.12-minimal amd64 3.12.6-1 [2168 kB]
Get:18 http://deb.debian.org/debian trixie/main amd64 python3-minimal amd64 3.12.6-1 [26.7 kB]
Get:19 http://deb.debian.org/debian trixie/main amd64 media-types all 10.1.0 [26.9 kB]
Get:20 http://deb.debian.org/debian trixie/main amd64 netbase all 6.4 [12.8 kB]
Get:21 http://deb.debian.org/debian trixie/main amd64 tzdata all 2024a-4 [255 kB]
Get:22 http://deb.debian.org/debian trixie/main amd64 libncursesw6 amd64 6.5-2 [135 kB]
Get:23 http://deb.debian.org/debian trixie/main amd64 libkrb5support0 amd64 1.21.3-3 [32.5 kB]
Get:24 http://deb.debian.org/debian trixie/main amd64 libcom-err2 amd64 1.47.1-1 [22.9 kB]
Get:25 http://deb.debian.org/debian trixie/main amd64 libk5crypto3 amd64 1.21.3-3 [79.9 kB]
Get:26 http://deb.debian.org/debian trixie/main amd64 libkeyutils1 amd64 1.6.3-3 [8952 B]
Get:27 http://deb.debian.org/debian trixie/main amd64 libkrb5-3 amd64 1.21.3-3 [324 kB]
Get:28 http://deb.debian.org/debian trixie/main amd64 libgssapi-krb5-2 amd64 1.21.3-3 [136 kB]
Get:29 http://deb.debian.org/debian trixie/main amd64 libtirpc-common all 1.3.4+ds-1.3 [10.9 kB]
Get:30 http://deb.debian.org/debian trixie/main amd64 libtirpc3t64 amd64 1.3.4+ds-1.3 [82.7 kB]
Get:31 http://deb.debian.org/debian trixie/main amd64 libnsl2 amd64 1.3.0-3+b2 [40.3 kB]
Get:32 http://deb.debian.org/debian trixie/main amd64 readline-common all 8.2-5 [69.3 kB]
Get:33 http://deb.debian.org/debian trixie/main amd64 libreadline8t64 amd64 8.2-5 [169 kB]
Get:34 http://deb.debian.org/debian trixie/main amd64 libsqlite3-0 amd64 3.46.1-1 [913 kB]
Get:35 http://deb.debian.org/debian trixie/main amd64 libpython3.12-stdlib amd64 3.12.6-1 [1963 kB]
Get:36 http://deb.debian.org/debian trixie/main amd64 python3.12 amd64 3.12.6-1 [669 kB]
Get:37 http://deb.debian.org/debian trixie/main amd64 libpython3-stdlib amd64 3.12.6-1 [9692 B]
Get:38 http://deb.debian.org/debian trixie/main amd64 python3 amd64 3.12.6-1 [27.8 kB]
Get:39 http://deb.debian.org/debian trixie/main amd64 sgml-base all 1.31 [15.4 kB]
Get:40 http://deb.debian.org/debian trixie/main amd64 libproc2-0 amd64 2:4.0.4-6 [64.8 kB]
Get:41 http://deb.debian.org/debian trixie/main amd64 procps amd64 2:4.0.4-6 [879 kB]
Get:42 http://deb.debian.org/debian trixie/main amd64 sensible-utils all 0.0.24 [24.8 kB]
Get:43 http://deb.debian.org/debian trixie/main amd64 libmagic-mgc amd64 1:5.45-3 [314 kB]
Get:44 http://deb.debian.org/debian trixie/main amd64 libmagic1t64 amd64 1:5.45-3 [105 kB]
Get:45 http://deb.debian.org/debian trixie/main amd64 file amd64 1:5.45-3 [42.9 kB]
Get:46 http://deb.debian.org/debian trixie/main amd64 gettext-base amd64 0.22.5-2 [200 kB]
Get:47 http://deb.debian.org/debian trixie/main amd64 libuchardet0 amd64 0.0.8-1+b1 [68.8 kB]
Get:48 http://deb.debian.org/debian trixie/main amd64 groff-base amd64 1.23.0-5 [1181 kB]
Get:49 http://deb.debian.org/debian trixie/main amd64 bsdextrautils amd64 2.40.2-9 [97.2 kB]
Get:50 http://deb.debian.org/debian trixie/main amd64 libpipeline1 amd64 1.5.8-1 [42.0 kB]
Get:51 http://deb.debian.org/debian trixie/main amd64 man-db amd64 2.13.0-1 [1420 kB]
Get:52 http://deb.debian.org/debian trixie/main amd64 m4 amd64 1.4.19-4 [287 kB]
Get:53 http://deb.debian.org/debian trixie/main amd64 autoconf all 2.72-3 [493 kB]
Get:54 http://deb.debian.org/debian trixie/main amd64 autotools-dev all 20220109.1 [51.6 kB]
Get:55 http://deb.debian.org/debian trixie/main amd64 automake all 1:1.16.5-1.3 [823 kB]
Get:56 http://deb.debian.org/debian trixie/main amd64 autopoint all 0.22.5-2 [723 kB]
Get:57 http://deb.debian.org/debian trixie/main amd64 cmake-data all 3.30.5-1 [2223 kB]
Get:58 http://deb.debian.org/debian trixie/main amd64 libicu72 amd64 72.1-5 [9396 kB]
Get:59 http://deb.debian.org/debian trixie/main amd64 libxml2 amd64 2.12.7+dfsg+really2.9.14-0.1 [699 kB]
Get:60 http://deb.debian.org/debian trixie/main amd64 libarchive13t64 amd64 3.7.4-1 [349 kB]
Get:61 http://deb.debian.org/debian trixie/main amd64 libbrotli1 amd64 1.1.0-2+b4 [300 kB]
Get:62 http://deb.debian.org/debian trixie/main amd64 libsasl2-modules-db amd64 2.1.28+dfsg1-8 [19.6 kB]
Get:63 http://deb.debian.org/debian trixie/main amd64 libsasl2-2 amd64 2.1.28+dfsg1-8 [57.3 kB]
Get:64 http://deb.debian.org/debian trixie/main amd64 libldap-2.5-0 amd64 2.5.18+dfsg-3+b1 [188 kB]
Get:65 http://deb.debian.org/debian trixie/main amd64 libnghttp2-14 amd64 1.63.0-1 [74.8 kB]
Get:66 http://deb.debian.org/debian trixie/main amd64 libpsl5t64 amd64 0.21.2-1.1 [56.8 kB]
Get:67 http://deb.debian.org/debian trixie/main amd64 librtmp1 amd64 2.4+20151223.gitfa8646d.1-2+b4 [58.5 kB]
Get:68 http://deb.debian.org/debian trixie/main amd64 libssh2-1t64 amd64 1.11.1-1 [245 kB]
Get:69 http://deb.debian.org/debian trixie/main amd64 libcurl4t64 amd64 8.10.1-2 [352 kB]
Get:70 http://deb.debian.org/debian trixie/main amd64 libjsoncpp26 amd64 1.9.6-2 [81.6 kB]
Get:71 http://deb.debian.org/debian trixie/main amd64 librhash1 amd64 1.4.5-1 [132 kB]
Get:72 http://deb.debian.org/debian trixie/main amd64 libuv1t64 amd64 1.48.0-6 [148 kB]
Get:73 http://deb.debian.org/debian trixie/main amd64 cmake amd64 3.30.5-1 [11.4 MB]
Get:74 http://deb.debian.org/debian trixie/main amd64 libpkgconf3 amd64 1.8.1-4 [36.4 kB]
Get:75 http://deb.debian.org/debian trixie/main amd64 pkgconf-bin amd64 1.8.1-4 [30.2 kB]
Get:76 http://deb.debian.org/debian trixie/main amd64 pkgconf amd64 1.8.1-4 [26.2 kB]
Get:77 http://deb.debian.org/debian trixie/main amd64 pkg-config amd64 1.8.1-4 [14.0 kB]
Get:78 http://deb.debian.org/debian trixie/main amd64 cmake-extras all 1.7-3 [64.8 kB]
Get:79 http://deb.debian.org/debian trixie/main amd64 python3-catkin all 0.8.10-16 [35.5 kB]
Get:80 http://deb.debian.org/debian trixie/main amd64 python3-dateutil all 2.9.0-3 [79.3 kB]
Get:81 http://deb.debian.org/debian trixie/main amd64 xml-core all 0.19 [20.1 kB]
Get:82 http://deb.debian.org/debian trixie/main amd64 docutils-common all 0.21.2+dfsg-2 [128 kB]
Get:83 http://deb.debian.org/debian trixie/main amd64 python3-roman all 4.2-1 [10.4 kB]
Get:84 http://deb.debian.org/debian trixie/main amd64 python3-docutils all 0.21.2+dfsg-2 [403 kB]
Get:85 http://deb.debian.org/debian trixie/main amd64 python3-autocommand all 2.2.2-3 [13.6 kB]
Get:86 http://deb.debian.org/debian trixie/main amd64 python3-more-itertools all 10.5.0-1 [63.8 kB]
Get:87 http://deb.debian.org/debian trixie/main amd64 python3-typing-extensions all 4.12.2-2 [73.0 kB]
Get:88 http://deb.debian.org/debian trixie/main amd64 python3-typeguard all 4.3.0-1 [36.5 kB]
Get:89 http://deb.debian.org/debian trixie/main amd64 python3-inflect all 7.3.1-2 [32.4 kB]
Get:90 http://deb.debian.org/debian trixie/main amd64 python3-jaraco.context all 6.0.0-1 [7984 B]
Get:91 http://deb.debian.org/debian trixie/main amd64 python3-jaraco.functools all 4.1.0-1 [12.0 kB]
Get:92 http://deb.debian.org/debian trixie/main amd64 python3-pkg-resources all 74.1.2-2 [213 kB]
Get:93 http://deb.debian.org/debian trixie/main amd64 python3-pyparsing all 3.1.2-1 [146 kB]
Get:94 http://deb.debian.org/debian trixie/main amd64 python3-catkin-pkg all 1.0.0-2 [48.6 kB]
Get:95 http://deb.debian.org/debian trixie/main amd64 python3-empy all 3.3.4-2 [66.1 kB]
Get:96 http://deb.debian.org/debian trixie/main amd64 python3-zipp all 3.20.2-1 [10.3 kB]
Get:97 http://deb.debian.org/debian trixie/main amd64 python3-setuptools all 74.1.2-2 [736 kB]
Get:98 http://deb.debian.org/debian trixie/main amd64 catkin all 0.8.10-16 [93.9 kB]
Get:99 http://deb.debian.org/debian trixie/main amd64 libdebhelper-perl all 13.20 [89.7 kB]
Get:100 http://deb.debian.org/debian trixie/main amd64 libtool all 2.4.7-7 [517 kB]
Get:101 http://deb.debian.org/debian trixie/main amd64 dh-autoreconf all 20 [17.1 kB]
Get:102 http://deb.debian.org/debian trixie/main amd64 libarchive-zip-perl all 1.68-1 [104 kB]
Get:103 http://deb.debian.org/debian trixie/main amd64 libfile-stripnondeterminism-perl all 1.14.0-1 [19.5 kB]
Get:104 http://deb.debian.org/debian trixie/main amd64 dh-strip-nondeterminism all 1.14.0-1 [8448 B]
Get:105 http://deb.debian.org/debian trixie/main amd64 libelf1t64 amd64 0.191-2 [188 kB]
Get:106 http://deb.debian.org/debian trixie/main amd64 dwz amd64 0.15-1+b1 [110 kB]
Get:107 http://deb.debian.org/debian trixie/main amd64 gettext amd64 0.22.5-2 [1601 kB]
Get:108 http://deb.debian.org/debian trixie/main amd64 intltool-debian all 0.35.0+20060710.6 [22.9 kB]
Get:109 http://deb.debian.org/debian trixie/main amd64 po-debconf all 1.0.21+nmu1 [248 kB]
Get:110 http://deb.debian.org/debian trixie/main amd64 debhelper all 13.20 [915 kB]
Get:111 http://deb.debian.org/debian trixie/main amd64 dumb-init amd64 1.2.5-3 [13.4 kB]
Get:112 http://deb.debian.org/debian trixie/main amd64 libfakeroot amd64 1.36-1 [29.1 kB]
Get:113 http://deb.debian.org/debian trixie/main amd64 fakeroot amd64 1.36-1 [75.1 kB]
Get:114 http://deb.debian.org/debian trixie/main amd64 googletest all 1.15.2-1 [514 kB]
Get:115 http://deb.debian.org/debian trixie/main amd64 libboost1.83-dev amd64 1.83.0-3.2 [10.6 MB]
Get:116 http://deb.debian.org/debian trixie/main amd64 libboost-atomic1.83.0 amd64 1.83.0-3.2 [234 kB]
Get:117 http://deb.debian.org/debian trixie/main amd64 libboost-atomic1.83-dev amd64 1.83.0-3.2 [235 kB]
Get:118 http://deb.debian.org/debian trixie/main amd64 libboost-filesystem1.83.0 amd64 1.83.0-3.2 [281 kB]
Get:119 http://deb.debian.org/debian trixie/main amd64 libboost-system1.83.0 amd64 1.83.0-3.2 [230 kB]
Get:120 http://deb.debian.org/debian trixie/main amd64 libboost-system1.83-dev amd64 1.83.0-3.2 [231 kB]
Get:121 http://deb.debian.org/debian trixie/main amd64 libboost-filesystem1.83-dev amd64 1.83.0-3.2 [297 kB]
Get:122 http://deb.debian.org/debian trixie/main amd64 libboost-filesystem-dev amd64 1.83.0.2+b2 [3628 B]
Get:123 http://deb.debian.org/debian trixie/main amd64 libboost-program-options1.83.0 amd64 1.83.0-3.2 [347 kB]
Get:124 http://deb.debian.org/debian trixie/main amd64 libboost-program-options1.83-dev amd64 1.83.0-3.2 [375 kB]
Get:125 http://deb.debian.org/debian trixie/main amd64 libboost-program-options-dev amd64 1.83.0.2+b2 [3612 B]
Get:126 http://deb.debian.org/debian trixie/main amd64 libboost-system-dev amd64 1.83.0.2+b2 [3736 B]
Get:127 http://deb.debian.org/debian trixie/main amd64 libexpat1-dev amd64 2.6.3-1 [157 kB]
Get:128 http://deb.debian.org/debian trixie/main amd64 libffi-dev amd64 3.4.6-1 [60.6 kB]
Get:129 http://deb.debian.org/debian trixie/main amd64 libgtest-dev amd64 1.15.2-1 [259 kB]
Get:130 http://deb.debian.org/debian trixie/main amd64 libgmock-dev amd64 1.15.2-1 [132 kB]
Get:131 http://deb.debian.org/debian trixie/main amd64 libjs-jquery all 3.6.1+dfsg+~3.5.14-1 [326 kB]
Get:132 http://deb.debian.org/debian trixie/main amd64 libjs-underscore all 1.13.4~dfsg+~1.11.4-3 [116 kB]
Get:133 http://deb.debian.org/debian trixie/main amd64 libjs-sphinxdoc all 7.4.7-3 [158 kB]
Get:134 http://deb.debian.org/debian trixie/main amd64 libpython3.12t64 amd64 3.12.6-1 [2147 kB]
Get:135 http://deb.debian.org/debian trixie/main amd64 zlib1g-dev amd64 1:1.3.dfsg+really1.3.1-1 [919 kB]
Get:136 http://deb.debian.org/debian trixie/main amd64 libpython3.12-dev amd64 3.12.6-1 [5127 kB]
Get:137 http://deb.debian.org/debian trixie/main amd64 libpython3-dev amd64 3.12.6-1 [9952 B]
Get:138 http://deb.debian.org/debian trixie/main amd64 libssl-dev amd64 3.3.2-1 [2742 kB]
Get:139 http://deb.debian.org/debian trixie/main amd64 libtinyxml2-10 amd64 10.0.0+dfsg-2+b1 [30.3 kB]
Get:140 http://deb.debian.org/debian trixie/main amd64 libtinyxml2-dev amd64 10.0.0+dfsg-2+b1 [23.2 kB]
Get:141 http://deb.debian.org/debian trixie/main amd64 libyaml-0-2 amd64 0.2.5-1+b1 [52.6 kB]
Get:142 http://deb.debian.org/debian trixie/main amd64 lsb-release all 12.1-1 [5912 B]
Get:143 http://deb.debian.org/debian trixie/main amd64 python3.12-dev amd64 3.12.6-1 [506 kB]
Get:144 http://deb.debian.org/debian trixie/main amd64 python3-dev amd64 3.12.6-1 [26.1 kB]
Get:145 http://deb.debian.org/debian trixie/main amd64 python3-distlib all 0.3.8-1 [257 kB]
Get:146 http://deb.debian.org/debian trixie/main amd64 python3-distro all 1.9.0-1 [20.3 kB]
Get:147 http://deb.debian.org/debian trixie/main amd64 python3-filelock all 3.16.1-1 [12.6 kB]
Get:148 http://deb.debian.org/debian trixie/main amd64 python3-netifaces amd64 0.11.0-2+b3 [17.1 kB]
Get:149 http://deb.debian.org/debian trixie/main amd64 python3-zombie-imp all 0.0.2-2 [11.7 kB]
Get:150 http://deb.debian.org/debian trixie/main amd64 python3-nose all 1.3.7-14 [130 kB]
Get:151 http://deb.debian.org/debian trixie/main amd64 python3-pip-whl all 24.2+dfsg-1 [1494 kB]
Get:152 http://deb.debian.org/debian trixie/main amd64 python3-platformdirs all 4.3.6-1 [16.6 kB]
Get:153 http://deb.debian.org/debian trixie/main amd64 python3-yaml amd64 6.0.2-1 [134 kB]
Get:154 http://deb.debian.org/debian trixie/main amd64 python3-rospkg all 1.5.1-1 [27.3 kB]
Get:155 http://deb.debian.org/debian trixie/main amd64 python3-rosdistro all 0.9.1-2 [36.5 kB]
Get:156 http://deb.debian.org/debian trixie/main amd64 python3-rosdep2 all 0.25.1-1 [65.5 kB]
Get:157 http://deb.debian.org/debian trixie/main amd64 python3-setuptools-whl all 74.1.2-2 [1262 kB]
Get:158 http://deb.debian.org/debian trixie/main amd64 python3.12-venv amd64 3.12.6-1 [5832 B]
Get:159 http://deb.debian.org/debian trixie/main amd64 python3-venv amd64 3.12.6-1 [1176 B]
Get:160 http://deb.debian.org/debian trixie/main amd64 python3-wheel-whl all 0.44.0-2 [70.1 kB]
Get:161 http://deb.debian.org/debian trixie/main amd64 python3-virtualenv all 20.27.0+ds-1 [71.1 kB]
Get:162 http://deb.debian.org/debian trixie/main amd64 virtualenv all 20.27.0+ds-1 [7112 B]
debconf: delaying package configuration, since apt-utils is not installed
Fetched 76.8 MB in 0s (176 MB/s)
Selecting previously unselected package libpython3.12-minimal:amd64.
(Reading database ... 12422 files and directories currently installed.)
Preparing to unpack .../libpython3.12-minimal_3.12.6-1_amd64.deb ...
Unpacking libpython3.12-minimal:amd64 (3.12.6-1) ...
Selecting previously unselected package libexpat1:amd64.
Preparing to unpack .../libexpat1_2.6.3-1_amd64.deb ...
Unpacking libexpat1:amd64 (2.6.3-1) ...
Selecting previously unselected package python3.12-minimal.
Preparing to unpack .../python3.12-minimal_3.12.6-1_amd64.deb ...
Unpacking python3.12-minimal (3.12.6-1) ...
Setting up libpython3.12-minimal:amd64 (3.12.6-1) ...
Setting up libexpat1:amd64 (2.6.3-1) ...
Setting up python3.12-minimal (3.12.6-1) ...
Selecting previously unselected package python3-minimal.
(Reading database ... 12742 files and directories currently installed.)
Preparing to unpack .../00-python3-minimal_3.12.6-1_amd64.deb ...
Unpacking python3-minimal (3.12.6-1) ...
Selecting previously unselected package media-types.
Preparing to unpack .../01-media-types_10.1.0_all.deb ...
Unpacking media-types (10.1.0) ...
Selecting previously unselected package netbase.
Preparing to unpack .../02-netbase_6.4_all.deb ...
Unpacking netbase (6.4) ...
Selecting previously unselected package tzdata.
Preparing to unpack .../03-tzdata_2024a-4_all.deb ...
Unpacking tzdata (2024a-4) ...
Selecting previously unselected package libncursesw6:amd64.
Preparing to unpack .../04-libncursesw6_6.5-2_amd64.deb ...
Unpacking libncursesw6:amd64 (6.5-2) ...
Selecting previously unselected package libkrb5support0:amd64.
Preparing to unpack .../05-libkrb5support0_1.21.3-3_amd64.deb ...
Unpacking libkrb5support0:amd64 (1.21.3-3) ...
Selecting previously unselected package libcom-err2:amd64.
Preparing to unpack .../06-libcom-err2_1.47.1-1_amd64.deb ...
Unpacking libcom-err2:amd64 (1.47.1-1) ...
Selecting previously unselected package libk5crypto3:amd64.
Preparing to unpack .../07-libk5crypto3_1.21.3-3_amd64.deb ...
Unpacking libk5crypto3:amd64 (1.21.3-3) ...
Selecting previously unselected package libkeyutils1:amd64.
Preparing to unpack .../08-libkeyutils1_1.6.3-3_amd64.deb ...
Unpacking libkeyutils1:amd64 (1.6.3-3) ...
Selecting previously unselected package libkrb5-3:amd64.
Preparing to unpack .../09-libkrb5-3_1.21.3-3_amd64.deb ...
Unpacking libkrb5-3:amd64 (1.21.3-3) ...
Selecting previously unselected package libgssapi-krb5-2:amd64.
Preparing to unpack .../10-libgssapi-krb5-2_1.21.3-3_amd64.deb ...
Unpacking libgssapi-krb5-2:amd64 (1.21.3-3) ...
Selecting previously unselected package libtirpc-common.
Preparing to unpack .../11-libtirpc-common_1.3.4+ds-1.3_all.deb ...
Unpacking libtirpc-common (1.3.4+ds-1.3) ...
Selecting previously unselected package libtirpc3t64:amd64.
Preparing to unpack .../12-libtirpc3t64_1.3.4+ds-1.3_amd64.deb ...
Adding 'diversion of /lib/x86_64-linux-gnu/libtirpc.so.3 to /lib/x86_64-linux-gnu/libtirpc.so.3.usr-is-merged by libtirpc3t64'
Adding 'diversion of /lib/x86_64-linux-gnu/libtirpc.so.3.0.0 to /lib/x86_64-linux-gnu/libtirpc.so.3.0.0.usr-is-merged by libtirpc3t64'
Unpacking libtirpc3t64:amd64 (1.3.4+ds-1.3) ...
Selecting previously unselected package libnsl2:amd64.
Preparing to unpack .../13-libnsl2_1.3.0-3+b2_amd64.deb ...
Unpacking libnsl2:amd64 (1.3.0-3+b2) ...
Selecting previously unselected package readline-common.
Preparing to unpack .../14-readline-common_8.2-5_all.deb ...
Unpacking readline-common (8.2-5) ...
Selecting previously unselected package libreadline8t64:amd64.
Preparing to unpack .../15-libreadline8t64_8.2-5_amd64.deb ...
Adding 'diversion of /lib/x86_64-linux-gnu/libhistory.so.8 to /lib/x86_64-linux-gnu/libhistory.so.8.usr-is-merged by libreadline8t64'
Adding 'diversion of /lib/x86_64-linux-gnu/libhistory.so.8.2 to /lib/x86_64-linux-gnu/libhistory.so.8.2.usr-is-merged by libreadline8t64'
Adding 'diversion of /lib/x86_64-linux-gnu/libreadline.so.8 to /lib/x86_64-linux-gnu/libreadline.so.8.usr-is-merged by libreadline8t64'
Adding 'diversion of /lib/x86_64-linux-gnu/libreadline.so.8.2 to /lib/x86_64-linux-gnu/libreadline.so.8.2.usr-is-merged by libreadline8t64'
Unpacking libreadline8t64:amd64 (8.2-5) ...
Selecting previously unselected package libsqlite3-0:amd64.
Preparing to unpack .../16-libsqlite3-0_3.46.1-1_amd64.deb ...
Unpacking libsqlite3-0:amd64 (3.46.1-1) ...
Selecting previously unselected package libpython3.12-stdlib:amd64.
Preparing to unpack .../17-libpython3.12-stdlib_3.12.6-1_amd64.deb ...
Unpacking libpython3.12-stdlib:amd64 (3.12.6-1) ...
Selecting previously unselected package python3.12.
Preparing to unpack .../18-python3.12_3.12.6-1_amd64.deb ...
Unpacking python3.12 (3.12.6-1) ...
Selecting previously unselected package libpython3-stdlib:amd64.
Preparing to unpack .../19-libpython3-stdlib_3.12.6-1_amd64.deb ...
Unpacking libpython3-stdlib:amd64 (3.12.6-1) ...
Setting up python3-minimal (3.12.6-1) ...
Selecting previously unselected package python3.
(Reading database ... 13831 files and directories currently installed.)
Preparing to unpack .../000-python3_3.12.6-1_amd64.deb ...
Unpacking python3 (3.12.6-1) ...
Selecting previously unselected package sgml-base.
Preparing to unpack .../001-sgml-base_1.31_all.deb ...
Unpacking sgml-base (1.31) ...
Selecting previously unselected package libproc2-0:amd64.
Preparing to unpack .../002-libproc2-0_2%3a4.0.4-6_amd64.deb ...
Unpacking libproc2-0:amd64 (2:4.0.4-6) ...
Selecting previously unselected package procps.
Preparing to unpack .../003-procps_2%3a4.0.4-6_amd64.deb ...
Unpacking procps (2:4.0.4-6) ...
Selecting previously unselected package sensible-utils.
Preparing to unpack .../004-sensible-utils_0.0.24_all.deb ...
Unpacking sensible-utils (0.0.24) ...
Selecting previously unselected package libmagic-mgc.
Preparing to unpack .../005-libmagic-mgc_1%3a5.45-3_amd64.deb ...
Unpacking libmagic-mgc (1:5.45-3) ...
Selecting previously unselected package libmagic1t64:amd64.
Preparing to unpack .../006-libmagic1t64_1%3a5.45-3_amd64.deb ...
Unpacking libmagic1t64:amd64 (1:5.45-3) ...
Selecting previously unselected package file.
Preparing to unpack .../007-file_1%3a5.45-3_amd64.deb ...
Unpacking file (1:5.45-3) ...
Selecting previously unselected package gettext-base.
Preparing to unpack .../008-gettext-base_0.22.5-2_amd64.deb ...
Unpacking gettext-base (0.22.5-2) ...
Selecting previously unselected package libuchardet0:amd64.
Preparing to unpack .../009-libuchardet0_0.0.8-1+b1_amd64.deb ...
Unpacking libuchardet0:amd64 (0.0.8-1+b1) ...
Selecting previously unselected package groff-base.
Preparing to unpack .../010-groff-base_1.23.0-5_amd64.deb ...
Unpacking groff-base (1.23.0-5) ...
Selecting previously unselected package bsdextrautils.
Preparing to unpack .../011-bsdextrautils_2.40.2-9_amd64.deb ...
Unpacking bsdextrautils (2.40.2-9) ...
Selecting previously unselected package libpipeline1:amd64.
Preparing to unpack .../012-libpipeline1_1.5.8-1_amd64.deb ...
Unpacking libpipeline1:amd64 (1.5.8-1) ...
Selecting previously unselected package man-db.
Preparing to unpack .../013-man-db_2.13.0-1_amd64.deb ...
Unpacking man-db (2.13.0-1) ...
Selecting previously unselected package m4.
Preparing to unpack .../014-m4_1.4.19-4_amd64.deb ...
Unpacking m4 (1.4.19-4) ...
Selecting previously unselected package autoconf.
Preparing to unpack .../015-autoconf_2.72-3_all.deb ...
Unpacking autoconf (2.72-3) ...
Selecting previously unselected package autotools-dev.
Preparing to unpack .../016-autotools-dev_20220109.1_all.deb ...
Unpacking autotools-dev (20220109.1) ...
Selecting previously unselected package automake.
Preparing to unpack .../017-automake_1%3a1.16.5-1.3_all.deb ...
Unpacking automake (1:1.16.5-1.3) ...
Selecting previously unselected package autopoint.
Preparing to unpack .../018-autopoint_0.22.5-2_all.deb ...
Unpacking autopoint (0.22.5-2) ...
Selecting previously unselected package cmake-data.
Preparing to unpack .../019-cmake-data_3.30.5-1_all.deb ...
Unpacking cmake-data (3.30.5-1) ...
Selecting previously unselected package libicu72:amd64.
Preparing to unpack .../020-libicu72_72.1-5_amd64.deb ...
Unpacking libicu72:amd64 (72.1-5) ...
Selecting previously unselected package libxml2:amd64.
Preparing to unpack .../021-libxml2_2.12.7+dfsg+really2.9.14-0.1_amd64.deb ...
Unpacking libxml2:amd64 (2.12.7+dfsg+really2.9.14-0.1) ...
Selecting previously unselected package libarchive13t64:amd64.
Preparing to unpack .../022-libarchive13t64_3.7.4-1_amd64.deb ...
Unpacking libarchive13t64:amd64 (3.7.4-1) ...
Selecting previously unselected package libbrotli1:amd64.
Preparing to unpack .../023-libbrotli1_1.1.0-2+b4_amd64.deb ...
Unpacking libbrotli1:amd64 (1.1.0-2+b4) ...
Selecting previously unselected package libsasl2-modules-db:amd64.
Preparing to unpack .../024-libsasl2-modules-db_2.1.28+dfsg1-8_amd64.deb ...
Unpacking libsasl2-modules-db:amd64 (2.1.28+dfsg1-8) ...
Selecting previously unselected package libsasl2-2:amd64.
Preparing to unpack .../025-libsasl2-2_2.1.28+dfsg1-8_amd64.deb ...
Unpacking libsasl2-2:amd64 (2.1.28+dfsg1-8) ...
Selecting previously unselected package libldap-2.5-0:amd64.
Preparing to unpack .../026-libldap-2.5-0_2.5.18+dfsg-3+b1_amd64.deb ...
Unpacking libldap-2.5-0:amd64 (2.5.18+dfsg-3+b1) ...
Selecting previously unselected package libnghttp2-14:amd64.
Preparing to unpack .../027-libnghttp2-14_1.63.0-1_amd64.deb ...
Unpacking libnghttp2-14:amd64 (1.63.0-1) ...
Selecting previously unselected package libpsl5t64:amd64.
Preparing to unpack .../028-libpsl5t64_0.21.2-1.1_amd64.deb ...
Unpacking libpsl5t64:amd64 (0.21.2-1.1) ...
Selecting previously unselected package librtmp1:amd64.
Preparing to unpack .../029-librtmp1_2.4+20151223.gitfa8646d.1-2+b4_amd64.deb ...
Unpacking librtmp1:amd64 (2.4+20151223.gitfa8646d.1-2+b4) ...
Selecting previously unselected package libssh2-1t64:amd64.
Preparing to unpack .../030-libssh2-1t64_1.11.1-1_amd64.deb ...
Unpacking libssh2-1t64:amd64 (1.11.1-1) ...
Selecting previously unselected package libcurl4t64:amd64.
Preparing to unpack .../031-libcurl4t64_8.10.1-2_amd64.deb ...
Unpacking libcurl4t64:amd64 (8.10.1-2) ...
Selecting previously unselected package libjsoncpp26:amd64.
Preparing to unpack .../032-libjsoncpp26_1.9.6-2_amd64.deb ...
Unpacking libjsoncpp26:amd64 (1.9.6-2) ...
Selecting previously unselected package librhash1:amd64.
Preparing to unpack .../033-librhash1_1.4.5-1_amd64.deb ...
Unpacking librhash1:amd64 (1.4.5-1) ...
Selecting previously unselected package libuv1t64:amd64.
Preparing to unpack .../034-libuv1t64_1.48.0-6_amd64.deb ...
Unpacking libuv1t64:amd64 (1.48.0-6) ...
Selecting previously unselected package cmake.
Preparing to unpack .../035-cmake_3.30.5-1_amd64.deb ...
Unpacking cmake (3.30.5-1) ...
Selecting previously unselected package libpkgconf3:amd64.
Preparing to unpack .../036-libpkgconf3_1.8.1-4_amd64.deb ...
Unpacking libpkgconf3:amd64 (1.8.1-4) ...
Selecting previously unselected package pkgconf-bin.
Preparing to unpack .../037-pkgconf-bin_1.8.1-4_amd64.deb ...
Unpacking pkgconf-bin (1.8.1-4) ...
Selecting previously unselected package pkgconf:amd64.
Preparing to unpack .../038-pkgconf_1.8.1-4_amd64.deb ...
Unpacking pkgconf:amd64 (1.8.1-4) ...
Selecting previously unselected package pkg-config:amd64.
Preparing to unpack .../039-pkg-config_1.8.1-4_amd64.deb ...
Unpacking pkg-config:amd64 (1.8.1-4) ...
Selecting previously unselected package cmake-extras.
Preparing to unpack .../040-cmake-extras_1.7-3_all.deb ...
Unpacking cmake-extras (1.7-3) ...
Selecting previously unselected package python3-catkin.
Preparing to unpack .../041-python3-catkin_0.8.10-16_all.deb ...
Unpacking python3-catkin (0.8.10-16) ...
Selecting previously unselected package python3-dateutil.
Preparing to unpack .../042-python3-dateutil_2.9.0-3_all.deb ...
Unpacking python3-dateutil (2.9.0-3) ...
Selecting previously unselected package xml-core.
Preparing to unpack .../043-xml-core_0.19_all.deb ...
Unpacking xml-core (0.19) ...
Selecting previously unselected package docutils-common.
Preparing to unpack .../044-docutils-common_0.21.2+dfsg-2_all.deb ...
Unpacking docutils-common (0.21.2+dfsg-2) ...
Selecting previously unselected package python3-roman.
Preparing to unpack .../045-python3-roman_4.2-1_all.deb ...
Unpacking python3-roman (4.2-1) ...
Selecting previously unselected package python3-docutils.
Preparing to unpack .../046-python3-docutils_0.21.2+dfsg-2_all.deb ...
Unpacking python3-docutils (0.21.2+dfsg-2) ...
Selecting previously unselected package python3-autocommand.
Preparing to unpack .../047-python3-autocommand_2.2.2-3_all.deb ...
Unpacking python3-autocommand (2.2.2-3) ...
Selecting previously unselected package python3-more-itertools.
Preparing to unpack .../048-python3-more-itertools_10.5.0-1_all.deb ...
Unpacking python3-more-itertools (10.5.0-1) ...
Selecting previously unselected package python3-typing-extensions.
Preparing to unpack .../049-python3-typing-extensions_4.12.2-2_all.deb ...
Unpacking python3-typing-extensions (4.12.2-2) ...
Selecting previously unselected package python3-typeguard.
Preparing to unpack .../050-python3-typeguard_4.3.0-1_all.deb ...
Unpacking python3-typeguard (4.3.0-1) ...
Selecting previously unselected package python3-inflect.
Preparing to unpack .../051-python3-inflect_7.3.1-2_all.deb ...
Unpacking python3-inflect (7.3.1-2) ...
Selecting previously unselected package python3-jaraco.context.
Preparing to unpack .../052-python3-jaraco.context_6.0.0-1_all.deb ...
Unpacking python3-jaraco.context (6.0.0-1) ...
Selecting previously unselected package python3-jaraco.functools.
Preparing to unpack .../053-python3-jaraco.functools_4.1.0-1_all.deb ...
Unpacking python3-jaraco.functools (4.1.0-1) ...
Selecting previously unselected package python3-pkg-resources.
Preparing to unpack .../054-python3-pkg-resources_74.1.2-2_all.deb ...
Unpacking python3-pkg-resources (74.1.2-2) ...
Selecting previously unselected package python3-pyparsing.
Preparing to unpack .../055-python3-pyparsing_3.1.2-1_all.deb ...
Unpacking python3-pyparsing (3.1.2-1) ...
Selecting previously unselected package python3-catkin-pkg.
Preparing to unpack .../056-python3-catkin-pkg_1.0.0-2_all.deb ...
Unpacking python3-catkin-pkg (1.0.0-2) ...
Selecting previously unselected package python3-empy.
Preparing to unpack .../057-python3-empy_3.3.4-2_all.deb ...
Unpacking python3-empy (3.3.4-2) ...
Selecting previously unselected package python3-zipp.
Preparing to unpack .../058-python3-zipp_3.20.2-1_all.deb ...
Unpacking python3-zipp (3.20.2-1) ...
Selecting previously unselected package python3-setuptools.
Preparing to unpack .../059-python3-setuptools_74.1.2-2_all.deb ...
Unpacking python3-setuptools (74.1.2-2) ...
Selecting previously unselected package catkin.
Preparing to unpack .../060-catkin_0.8.10-16_all.deb ...
Unpacking catkin (0.8.10-16) ...
Selecting previously unselected package libdebhelper-perl.
Preparing to unpack .../061-libdebhelper-perl_13.20_all.deb ...
Unpacking libdebhelper-perl (13.20) ...
Selecting previously unselected package libtool.
Preparing to unpack .../062-libtool_2.4.7-7_all.deb ...
Unpacking libtool (2.4.7-7) ...
Selecting previously unselected package dh-autoreconf.
Preparing to unpack .../063-dh-autoreconf_20_all.deb ...
Unpacking dh-autoreconf (20) ...
Selecting previously unselected package libarchive-zip-perl.
Preparing to unpack .../064-libarchive-zip-perl_1.68-1_all.deb ...
Unpacking libarchive-zip-perl (1.68-1) ...
Selecting previously unselected package libfile-stripnondeterminism-perl.
Preparing to unpack .../065-libfile-stripnondeterminism-perl_1.14.0-1_all.deb ...
Unpacking libfile-stripnondeterminism-perl (1.14.0-1) ...
Selecting previously unselected package dh-strip-nondeterminism.
Preparing to unpack .../066-dh-strip-nondeterminism_1.14.0-1_all.deb ...
Unpacking dh-strip-nondeterminism (1.14.0-1) ...
Selecting previously unselected package libelf1t64:amd64.
Preparing to unpack .../067-libelf1t64_0.191-2_amd64.deb ...
Unpacking libelf1t64:amd64 (0.191-2) ...
Selecting previously unselected package dwz.
Preparing to unpack .../068-dwz_0.15-1+b1_amd64.deb ...
Unpacking dwz (0.15-1+b1) ...
Selecting previously unselected package gettext.
Preparing to unpack .../069-gettext_0.22.5-2_amd64.deb ...
Unpacking gettext (0.22.5-2) ...
Selecting previously unselected package intltool-debian.
Preparing to unpack .../070-intltool-debian_0.35.0+20060710.6_all.deb ...
Unpacking intltool-debian (0.35.0+20060710.6) ...
Selecting previously unselected package po-debconf.
Preparing to unpack .../071-po-debconf_1.0.21+nmu1_all.deb ...
Unpacking po-debconf (1.0.21+nmu1) ...
Selecting previously unselected package debhelper.
Preparing to unpack .../072-debhelper_13.20_all.deb ...
Unpacking debhelper (13.20) ...
Selecting previously unselected package dumb-init.
Preparing to unpack .../073-dumb-init_1.2.5-3_amd64.deb ...
Unpacking dumb-init (1.2.5-3) ...
Selecting previously unselected package libfakeroot:amd64.
Preparing to unpack .../074-libfakeroot_1.36-1_amd64.deb ...
Unpacking libfakeroot:amd64 (1.36-1) ...
Selecting previously unselected package fakeroot.
Preparing to unpack .../075-fakeroot_1.36-1_amd64.deb ...
Unpacking fakeroot (1.36-1) ...
Selecting previously unselected package googletest.
Preparing to unpack .../076-googletest_1.15.2-1_all.deb ...
Unpacking googletest (1.15.2-1) ...
Selecting previously unselected package libboost1.83-dev:amd64.
Preparing to unpack .../077-libboost1.83-dev_1.83.0-3.2_amd64.deb ...
Unpacking libboost1.83-dev:amd64 (1.83.0-3.2) ...
Selecting previously unselected package libboost-atomic1.83.0:amd64.
Preparing to unpack .../078-libboost-atomic1.83.0_1.83.0-3.2_amd64.deb ...
Unpacking libboost-atomic1.83.0:amd64 (1.83.0-3.2) ...
Selecting previously unselected package libboost-atomic1.83-dev:amd64.
Preparing to unpack .../079-libboost-atomic1.83-dev_1.83.0-3.2_amd64.deb ...
Unpacking libboost-atomic1.83-dev:amd64 (1.83.0-3.2) ...
Selecting previously unselected package libboost-filesystem1.83.0:amd64.
Preparing to unpack .../080-libboost-filesystem1.83.0_1.83.0-3.2_amd64.deb ...
Unpacking libboost-filesystem1.83.0:amd64 (1.83.0-3.2) ...
Selecting previously unselected package libboost-system1.83.0:amd64.
Preparing to unpack .../081-libboost-system1.83.0_1.83.0-3.2_amd64.deb ...
Unpacking libboost-system1.83.0:amd64 (1.83.0-3.2) ...
Selecting previously unselected package libboost-system1.83-dev:amd64.
Preparing to unpack .../082-libboost-system1.83-dev_1.83.0-3.2_amd64.deb ...
Unpacking libboost-system1.83-dev:amd64 (1.83.0-3.2) ...
Selecting previously unselected package libboost-filesystem1.83-dev:amd64.
Preparing to unpack .../083-libboost-filesystem1.83-dev_1.83.0-3.2_amd64.deb ...
Unpacking libboost-filesystem1.83-dev:amd64 (1.83.0-3.2) ...
Selecting previously unselected package libboost-filesystem-dev:amd64.
Preparing to unpack .../084-libboost-filesystem-dev_1.83.0.2+b2_amd64.deb ...
Unpacking libboost-filesystem-dev:amd64 (1.83.0.2+b2) ...
Selecting previously unselected package libboost-program-options1.83.0:amd64.
Preparing to unpack .../085-libboost-program-options1.83.0_1.83.0-3.2_amd64.deb ...
Unpacking libboost-program-options1.83.0:amd64 (1.83.0-3.2) ...
Selecting previously unselected package libboost-program-options1.83-dev:amd64.
Preparing to unpack .../086-libboost-program-options1.83-dev_1.83.0-3.2_amd64.deb ...
Unpacking libboost-program-options1.83-dev:amd64 (1.83.0-3.2) ...
Selecting previously unselected package libboost-program-options-dev:amd64.
Preparing to unpack .../087-libboost-program-options-dev_1.83.0.2+b2_amd64.deb ...
Unpacking libboost-program-options-dev:amd64 (1.83.0.2+b2) ...
Selecting previously unselected package libboost-system-dev:amd64.
Preparing to unpack .../088-libboost-system-dev_1.83.0.2+b2_amd64.deb ...
Unpacking libboost-system-dev:amd64 (1.83.0.2+b2) ...
Selecting previously unselected package libexpat1-dev:amd64.
Preparing to unpack .../089-libexpat1-dev_2.6.3-1_amd64.deb ...
Unpacking libexpat1-dev:amd64 (2.6.3-1) ...
Selecting previously unselected package libffi-dev:amd64.
Preparing to unpack .../090-libffi-dev_3.4.6-1_amd64.deb ...
Unpacking libffi-dev:amd64 (3.4.6-1) ...
Selecting previously unselected package libgtest-dev:amd64.
Preparing to unpack .../091-libgtest-dev_1.15.2-1_amd64.deb ...
Unpacking libgtest-dev:amd64 (1.15.2-1) ...
Selecting previously unselected package libgmock-dev:amd64.
Preparing to unpack .../092-libgmock-dev_1.15.2-1_amd64.deb ...
Unpacking libgmock-dev:amd64 (1.15.2-1) ...
Selecting previously unselected package libjs-jquery.
Preparing to unpack .../093-libjs-jquery_3.6.1+dfsg+~3.5.14-1_all.deb ...
Unpacking libjs-jquery (3.6.1+dfsg+~3.5.14-1) ...
Selecting previously unselected package libjs-underscore.
Preparing to unpack .../094-libjs-underscore_1.13.4~dfsg+~1.11.4-3_all.deb ...
Unpacking libjs-underscore (1.13.4~dfsg+~1.11.4-3) ...
Selecting previously unselected package libjs-sphinxdoc.
Preparing to unpack .../095-libjs-sphinxdoc_7.4.7-3_all.deb ...
Unpacking libjs-sphinxdoc (7.4.7-3) ...
Selecting previously unselected package libpython3.12t64:amd64.
Preparing to unpack .../096-libpython3.12t64_3.12.6-1_amd64.deb ...
Unpacking libpython3.12t64:amd64 (3.12.6-1) ...
Selecting previously unselected package zlib1g-dev:amd64.
Preparing to unpack .../097-zlib1g-dev_1%3a1.3.dfsg+really1.3.1-1_amd64.deb ...
Unpacking zlib1g-dev:amd64 (1:1.3.dfsg+really1.3.1-1) ...
Selecting previously unselected package libpython3.12-dev:amd64.
Preparing to unpack .../098-libpython3.12-dev_3.12.6-1_amd64.deb ...
Unpacking libpython3.12-dev:amd64 (3.12.6-1) ...
Selecting previously unselected package libpython3-dev:amd64.
Preparing to unpack .../099-libpython3-dev_3.12.6-1_amd64.deb ...
Unpacking libpython3-dev:amd64 (3.12.6-1) ...
Selecting previously unselected package libssl-dev:amd64.
Preparing to unpack .../100-libssl-dev_3.3.2-1_amd64.deb ...
Unpacking libssl-dev:amd64 (3.3.2-1) ...
Selecting previously unselected package libtinyxml2-10:amd64.
Preparing to unpack .../101-libtinyxml2-10_10.0.0+dfsg-2+b1_amd64.deb ...
Unpacking libtinyxml2-10:amd64 (10.0.0+dfsg-2+b1) ...
Selecting previously unselected package libtinyxml2-dev:amd64.
Preparing to unpack .../102-libtinyxml2-dev_10.0.0+dfsg-2+b1_amd64.deb ...
Unpacking libtinyxml2-dev:amd64 (10.0.0+dfsg-2+b1) ...
Selecting previously unselected package libyaml-0-2:amd64.
Preparing to unpack .../103-libyaml-0-2_0.2.5-1+b1_amd64.deb ...
Unpacking libyaml-0-2:amd64 (0.2.5-1+b1) ...
Selecting previously unselected package lsb-release.
Preparing to unpack .../104-lsb-release_12.1-1_all.deb ...
Unpacking lsb-release (12.1-1) ...
Selecting previously unselected package python3.12-dev.
Preparing to unpack .../105-python3.12-dev_3.12.6-1_amd64.deb ...
Unpacking python3.12-dev (3.12.6-1) ...
Selecting previously unselected package python3-dev.
Preparing to unpack .../106-python3-dev_3.12.6-1_amd64.deb ...
Unpacking python3-dev (3.12.6-1) ...
Selecting previously unselected package python3-distlib.
Preparing to unpack .../107-python3-distlib_0.3.8-1_all.deb ...
Unpacking python3-distlib (0.3.8-1) ...
Selecting previously unselected package python3-distro.
Preparing to unpack .../108-python3-distro_1.9.0-1_all.deb ...
Unpacking python3-distro (1.9.0-1) ...
Selecting previously unselected package python3-filelock.
Preparing to unpack .../109-python3-filelock_3.16.1-1_all.deb ...
Unpacking python3-filelock (3.16.1-1) ...
Selecting previously unselected package python3-netifaces:amd64.
Preparing to unpack .../110-python3-netifaces_0.11.0-2+b3_amd64.deb ...
Unpacking python3-netifaces:amd64 (0.11.0-2+b3) ...
Selecting previously unselected package python3-zombie-imp.
Preparing to unpack .../111-python3-zombie-imp_0.0.2-2_all.deb ...
Unpacking python3-zombie-imp (0.0.2-2) ...
Selecting previously unselected package python3-nose.
Preparing to unpack .../112-python3-nose_1.3.7-14_all.deb ...
Unpacking python3-nose (1.3.7-14) ...
Selecting previously unselected package python3-pip-whl.
Preparing to unpack .../113-python3-pip-whl_24.2+dfsg-1_all.deb ...
Unpacking python3-pip-whl (24.2+dfsg-1) ...
Selecting previously unselected package python3-platformdirs.
Preparing to unpack .../114-python3-platformdirs_4.3.6-1_all.deb ...
Unpacking python3-platformdirs (4.3.6-1) ...
Selecting previously unselected package python3-yaml.
Preparing to unpack .../115-python3-yaml_6.0.2-1_amd64.deb ...
Unpacking python3-yaml (6.0.2-1) ...
Selecting previously unselected package python3-rospkg.
Preparing to unpack .../116-python3-rospkg_1.5.1-1_all.deb ...
Unpacking python3-rospkg (1.5.1-1) ...
Selecting previously unselected package python3-rosdistro.
Preparing to unpack .../117-python3-rosdistro_0.9.1-2_all.deb ...
Unpacking python3-rosdistro (0.9.1-2) ...
Selecting previously unselected package python3-rosdep2.
Preparing to unpack .../118-python3-rosdep2_0.25.1-1_all.deb ...
Unpacking python3-rosdep2 (0.25.1-1) ...
Selecting previously unselected package python3-setuptools-whl.
Preparing to unpack .../119-python3-setuptools-whl_74.1.2-2_all.deb ...
Unpacking python3-setuptools-whl (74.1.2-2) ...
Selecting previously unselected package python3.12-venv.
Preparing to unpack .../120-python3.12-venv_3.12.6-1_amd64.deb ...
Unpacking python3.12-venv (3.12.6-1) ...
Selecting previously unselected package python3-venv.
Preparing to unpack .../121-python3-venv_3.12.6-1_amd64.deb ...
Unpacking python3-venv (3.12.6-1) ...
Selecting previously unselected package python3-wheel-whl.
Preparing to unpack .../122-python3-wheel-whl_0.44.0-2_all.deb ...
Unpacking python3-wheel-whl (0.44.0-2) ...
Selecting previously unselected package python3-virtualenv.
Preparing to unpack .../123-python3-virtualenv_20.27.0+ds-1_all.deb ...
Unpacking python3-virtualenv (20.27.0+ds-1) ...
Selecting previously unselected package ros-one-setup-files.
Preparing to unpack .../124-ros-one-setup-files_0-2024.10.25.10.01_amd64.deb ...
Unpacking ros-one-setup-files (0-2024.10.25.10.01) ...
Selecting previously unselected package ros-one-ros-environment.
Preparing to unpack .../125-ros-one-ros-environment_1.3.2-5-g2686e94-2024.10.25.10.01_amd64.deb ...
Unpacking ros-one-ros-environment (1.3.2-5-g2686e94-2024.10.25.10.01) ...
Selecting previously unselected package ros-one-rospack.
Preparing to unpack .../126-ros-one-rospack_2.6.2-2-gad85a87-2024.10.25.10.25_amd64.deb ...
Unpacking ros-one-rospack (2.6.2-2-gad85a87-2024.10.25.10.25) ...
Selecting previously unselected package ros-one-rosbash.
Preparing to unpack .../127-ros-one-rosbash_1.15.8-3-g136e18e9-2024.10.25.10.59_amd64.deb ...
Unpacking ros-one-rosbash (1.15.8-3-g136e18e9-2024.10.25.10.59) ...
Selecting previously unselected package ros-one-rosgraph.
Preparing to unpack .../128-ros-one-rosgraph_1.17.0-12-g2a12474fb-2024.10.25.11.28_amd64.deb ...
Unpacking ros-one-rosgraph (1.17.0-12-g2a12474fb-2024.10.25.11.28) ...
Selecting previously unselected package virtualenv.
Preparing to unpack .../129-virtualenv_20.27.0+ds-1_all.deb ...
Unpacking virtualenv (20.27.0+ds-1) ...
Selecting previously unselected package ros-one-catkin-virtualenv.
Preparing to unpack .../130-ros-one-catkin-virtualenv_0.13.0-2024.10.25.12.21_amd64.deb ...
Unpacking ros-one-catkin-virtualenv (0.13.0-2024.10.25.12.21) ...
Selecting previously unselected package ros-one-genmsg.
Preparing to unpack .../131-ros-one-genmsg_0.5.16-1-g7d8b6ce-2024.10.25.10.04_amd64.deb ...
Unpacking ros-one-genmsg (0.5.16-1-g7d8b6ce-2024.10.25.10.04) ...
Selecting previously unselected package ros-one-gencpp.
Preparing to unpack .../132-ros-one-gencpp_0-2024.10.25.10.25_amd64.deb ...
Unpacking ros-one-gencpp (0-2024.10.25.10.25) ...
Selecting previously unselected package ros-one-geneus.
Preparing to unpack .../133-ros-one-geneus_3.0.0-2024.10.25.10.25_amd64.deb ...
Unpacking ros-one-geneus (3.0.0-2024.10.25.10.25) ...
Selecting previously unselected package ros-one-genlisp.
Preparing to unpack .../134-ros-one-genlisp_0.4.18-2024.10.25.10.24_amd64.deb ...
Unpacking ros-one-genlisp (0.4.18-2024.10.25.10.24) ...
Selecting previously unselected package ros-one-gennodejs.
Preparing to unpack .../135-ros-one-gennodejs_2.0.1-8-g19d224c-2024.10.25.10.24_amd64.deb ...
Unpacking ros-one-gennodejs (2.0.1-8-g19d224c-2024.10.25.10.24) ...
Selecting previously unselected package ros-one-genpy.
Preparing to unpack .../136-ros-one-genpy_0.6.16-6-gf70658f-2024.10.25.10.25_amd64.deb ...
Unpacking ros-one-genpy (0.6.16-6-gf70658f-2024.10.25.10.25) ...
Selecting previously unselected package ros-one-message-generation.
Preparing to unpack .../137-ros-one-message-generation_0.4.1-2024.10.25.10.34_amd64.deb ...
Unpacking ros-one-message-generation (0.4.1-2024.10.25.10.34) ...
Selecting previously unselected package sbuild-build-depends-main-dummy.
Preparing to unpack .../138-sbuild-build-depends-main-dummy_0.invalid.0_amd64.deb ...
Unpacking sbuild-build-depends-main-dummy (0.invalid.0) ...
Setting up media-types (10.1.0) ...
Setting up dumb-init (1.2.5-3) ...
Setting up libpipeline1:amd64 (1.5.8-1) ...
Setting up libboost-program-options1.83.0:amd64 (1.83.0-3.2) ...
Setting up python3-setuptools-whl (74.1.2-2) ...
Setting up libkeyutils1:amd64 (1.6.3-3) ...
Setting up libboost1.83-dev:amd64 (1.83.0-3.2) ...
Setting up libicu72:amd64 (72.1-5) ...
Setting up bsdextrautils (2.40.2-9) ...
Setting up libmagic-mgc (1:5.45-3) ...
Setting up python3-pip-whl (24.2+dfsg-1) ...
Setting up libarchive-zip-perl (1.68-1) ...
Setting up libyaml-0-2:amd64 (0.2.5-1+b1) ...
Setting up libtirpc-common (1.3.4+ds-1.3) ...
Setting up libdebhelper-perl (13.20) ...
Setting up libbrotli1:amd64 (1.1.0-2+b4) ...
Setting up libsqlite3-0:amd64 (3.46.1-1) ...
Setting up libboost-system1.83.0:amd64 (1.83.0-3.2) ...
Setting up libuv1t64:amd64 (1.48.0-6) ...
Setting up libmagic1t64:amd64 (1:5.45-3) ...
Setting up libboost-program-options1.83-dev:amd64 (1.83.0-3.2) ...
Setting up libpsl5t64:amd64 (0.21.2-1.1) ...
Setting up libnghttp2-14:amd64 (1.63.0-1) ...
Setting up libtinyxml2-10:amd64 (10.0.0+dfsg-2+b1) ...
Setting up gettext-base (0.22.5-2) ...
Setting up m4 (1.4.19-4) ...
Setting up libcom-err2:amd64 (1.47.1-1) ...
Setting up file (1:5.45-3) ...
Setting up libboost-filesystem1.83.0:amd64 (1.83.0-3.2) ...
Setting up libffi-dev:amd64 (3.4.6-1) ...
Setting up googletest (1.15.2-1) ...
Setting up libfakeroot:amd64 (1.36-1) ...
Setting up libelf1t64:amd64 (0.191-2) ...
Setting up libkrb5support0:amd64 (1.21.3-3) ...
Setting up libsasl2-modules-db:amd64 (2.1.28+dfsg1-8) ...
Setting up tzdata (2024a-4) ...

Current default time zone: 'Etc/UTC'
Local time is now:      Fri Oct 25 22:51:52 UTC 2024.
Universal Time is now:  Fri Oct 25 22:51:52 UTC 2024.
Run 'dpkg-reconfigure tzdata' if you wish to change it.

Setting up libboost-atomic1.83.0:amd64 (1.83.0-3.2) ...
Setting up fakeroot (1.36-1) ...
update-alternatives: using /usr/bin/fakeroot-sysv to provide /usr/bin/fakeroot (fakeroot) in auto mode
Setting up autotools-dev (20220109.1) ...
Setting up libpkgconf3:amd64 (1.8.1-4) ...
Setting up libexpat1-dev:amd64 (2.6.3-1) ...
Setting up libboost-program-options-dev:amd64 (1.83.0.2+b2) ...
Setting up librtmp1:amd64 (2.4+20151223.gitfa8646d.1-2+b4) ...
Setting up libjsoncpp26:amd64 (1.9.6-2) ...
Setting up libproc2-0:amd64 (2:4.0.4-6) ...
Setting up libssl-dev:amd64 (3.3.2-1) ...
Setting up autopoint (0.22.5-2) ...
Setting up pkgconf-bin (1.8.1-4) ...
Setting up libncursesw6:amd64 (6.5-2) ...
Setting up libk5crypto3:amd64 (1.21.3-3) ...
Setting up libtinyxml2-dev:amd64 (10.0.0+dfsg-2+b1) ...
Setting up libsasl2-2:amd64 (2.1.28+dfsg1-8) ...
Setting up libboost-atomic1.83-dev:amd64 (1.83.0-3.2) ...
Setting up autoconf (2.72-3) ...
Setting up zlib1g-dev:amd64 (1:1.3.dfsg+really1.3.1-1) ...
Setting up dwz (0.15-1+b1) ...
Setting up sensible-utils (0.0.24) ...
Setting up libuchardet0:amd64 (0.0.8-1+b1) ...
Setting up procps (2:4.0.4-6) ...
Setting up netbase (6.4) ...
Setting up sgml-base (1.31) ...
Setting up cmake-data (3.30.5-1) ...
Setting up librhash1:amd64 (1.4.5-1) ...
Setting up libkrb5-3:amd64 (1.21.3-3) ...
Setting up libboost-system1.83-dev:amd64 (1.83.0-3.2) ...
Setting up libssh2-1t64:amd64 (1.11.1-1) ...
Setting up libjs-jquery (3.6.1+dfsg+~3.5.14-1) ...
Setting up lsb-release (12.1-1) ...
Setting up python3-wheel-whl (0.44.0-2) ...
Setting up readline-common (8.2-5) ...
Setting up libxml2:amd64 (2.12.7+dfsg+really2.9.14-0.1) ...
Setting up libjs-underscore (1.13.4~dfsg+~1.11.4-3) ...
Setting up automake (1:1.16.5-1.3) ...
update-alternatives: using /usr/bin/automake-1.16 to provide /usr/bin/automake (automake) in auto mode
Setting up libfile-stripnondeterminism-perl (1.14.0-1) ...
Setting up gettext (0.22.5-2) ...
Setting up libgtest-dev:amd64 (1.15.2-1) ...
Setting up libtool (2.4.7-7) ...
Setting up libboost-system-dev:amd64 (1.83.0.2+b2) ...
Setting up libboost-filesystem1.83-dev:amd64 (1.83.0-3.2) ...
Setting up libldap-2.5-0:amd64 (2.5.18+dfsg-3+b1) ...
Setting up pkgconf:amd64 (1.8.1-4) ...
Setting up intltool-debian (0.35.0+20060710.6) ...
Setting up dh-autoreconf (20) ...
Setting up libgssapi-krb5-2:amd64 (1.21.3-3) ...
Setting up pkg-config:amd64 (1.8.1-4) ...
Setting up libgmock-dev:amd64 (1.15.2-1) ...
Setting up libjs-sphinxdoc (7.4.7-3) ...
Setting up libreadline8t64:amd64 (8.2-5) ...
Setting up dh-strip-nondeterminism (1.14.0-1) ...
Setting up groff-base (1.23.0-5) ...
Setting up xml-core (0.19) ...
Setting up libarchive13t64:amd64 (3.7.4-1) ...
Setting up libboost-filesystem-dev:amd64 (1.83.0.2+b2) ...
Setting up libcurl4t64:amd64 (8.10.1-2) ...
Setting up libtirpc3t64:amd64 (1.3.4+ds-1.3) ...
Setting up po-debconf (1.0.21+nmu1) ...
Setting up man-db (2.13.0-1) ...
Not building database; man-db/auto-update is not 'true'.
Setting up libnsl2:amd64 (1.3.0-3+b2) ...
Setting up cmake (3.30.5-1) ...
Setting up libpython3.12-stdlib:amd64 (3.12.6-1) ...
Setting up python3.12 (3.12.6-1) ...
Setting up debhelper (13.20) ...
Setting up libpython3.12t64:amd64 (3.12.6-1) ...
Setting up libpython3-stdlib:amd64 (3.12.6-1) ...
Setting up python3.12-venv (3.12.6-1) ...
Setting up python3 (3.12.6-1) ...
Setting up libpython3.12-dev:amd64 (3.12.6-1) ...
Setting up python3-distlib (0.3.8-1) ...
Setting up python3-zipp (3.20.2-1) ...
Setting up python3-autocommand (2.2.2-3) ...
Setting up python3-empy (3.3.4-2) ...
Setting up python3-platformdirs (4.3.6-1) ...
Setting up python3-roman (4.2-1) ...
Setting up python3-venv (3.12.6-1) ...
Setting up python3-pyparsing (3.1.2-1) ...
Setting up cmake-extras (1.7-3) ...
Setting up python3.12-dev (3.12.6-1) ...
Setting up python3-typing-extensions (4.12.2-2) ...
Setting up python3-netifaces:amd64 (0.11.0-2+b3) ...
Setting up python3-dateutil (2.9.0-3) ...
Setting up python3-catkin (0.8.10-16) ...
Setting up python3-more-itertools (10.5.0-1) ...
Setting up python3-filelock (3.16.1-1) ...
Setting up python3-zombie-imp (0.0.2-2) ...
Setting up libpython3-dev:amd64 (3.12.6-1) ...
Setting up python3-jaraco.functools (4.1.0-1) ...
Setting up python3-distro (1.9.0-1) ...
Setting up python3-jaraco.context (6.0.0-1) ...
Setting up python3-typeguard (4.3.0-1) ...
Setting up python3-virtualenv (20.27.0+ds-1) ...
Setting up python3-yaml (6.0.2-1) ...
Setting up python3-inflect (7.3.1-2) ...
Setting up virtualenv (20.27.0+ds-1) ...
Setting up python3-dev (3.12.6-1) ...
Setting up python3-pkg-resources (74.1.2-2) ...
Setting up python3-setuptools (74.1.2-2) ...
Setting up python3-nose (1.3.7-14) ...
Setting up ros-one-setup-files (0-2024.10.25.10.01) ...
Setting up ros-one-ros-environment (1.3.2-5-g2686e94-2024.10.25.10.01) ...
Processing triggers for libc-bin (2.40-3) ...
Processing triggers for sgml-base (1.31) ...
Setting up docutils-common (0.21.2+dfsg-2) ...
Processing triggers for sgml-base (1.31) ...
Setting up python3-docutils (0.21.2+dfsg-2) ...
Setting up python3-catkin-pkg (1.0.0-2) ...
/usr/lib/python3/dist-packages/catkin_pkg/cli/prepare_release.py:234: SyntaxWarning: invalid escape sequence '\.'
  if args.version and not re.match('^(0|[1-9][0-9]*)\.(0|[1-9][0-9]*)\.(0|[1-9][0-9]*)$', args.version):
Setting up catkin (0.8.10-16) ...
Setting up ros-one-genmsg (0.5.16-1-g7d8b6ce-2024.10.25.10.04) ...
Setting up ros-one-gennodejs (2.0.1-8-g19d224c-2024.10.25.10.24) ...
Setting up ros-one-gencpp (0-2024.10.25.10.25) ...
Setting up python3-rospkg (1.5.1-1) ...
Setting up ros-one-genpy (0.6.16-6-gf70658f-2024.10.25.10.25) ...
Setting up ros-one-genlisp (0.4.18-2024.10.25.10.24) ...
Setting up ros-one-geneus (3.0.0-2024.10.25.10.25) ...
Setting up python3-rosdistro (0.9.1-2) ...
Setting up ros-one-rosgraph (1.17.0-12-g2a12474fb-2024.10.25.11.28) ...
Setting up ros-one-message-generation (0.4.1-2024.10.25.10.34) ...
Setting up python3-rosdep2 (0.25.1-1) ...
Setting up ros-one-rospack (2.6.2-2-gad85a87-2024.10.25.10.25) ...
Setting up ros-one-rosbash (1.15.8-3-g136e18e9-2024.10.25.10.59) ...
Setting up ros-one-catkin-virtualenv (0.13.0-2024.10.25.12.21) ...
Setting up sbuild-build-depends-main-dummy (0.invalid.0) ...

+------------------------------------------------------------------------------+
| Check architectures                                                          |
+------------------------------------------------------------------------------+

Arch check ok (amd64 included in any)

+------------------------------------------------------------------------------+
| Build environment                                                            |
+------------------------------------------------------------------------------+

Kernel: Linux 6.8.0-1015-azure #17-Ubuntu SMP Mon Sep  2 14:54:06 UTC 2024 amd64 (x86_64)
Toolchain package versions: binutils_2.43.1-5 dpkg-dev_1.22.11 g++-14_14.2.0-6 gcc-14_14.2.0-6 libc6-dev_2.40-3 libstdc++-14-dev_14.2.0-6 libstdc++6_14.2.0-6 linux-libc-dev_6.11.4-1
Package versions: apt_2.9.8 autoconf_2.72-3 automake_1:1.16.5-1.3 autopoint_0.22.5-2 autotools-dev_20220109.1 base-files_13.5 base-passwd_3.6.4 bash_5.2.32-1+b2 binutils_2.43.1-5 binutils-common_2.43.1-5 binutils-x86-64-linux-gnu_2.43.1-5 bsdextrautils_2.40.2-9 bsdutils_1:2.40.2-9 build-essential_12.12 bzip2_1.0.8-6 ca-certificates_20240203 catkin_0.8.10-16 ccache_4.10.2-1 cmake_3.30.5-1 cmake-data_3.30.5-1 cmake-extras_1.7-3 coreutils_9.4-3.1 cpp_4:14.2.0-1 cpp-14_14.2.0-6 cpp-14-x86-64-linux-gnu_14.2.0-6 cpp-x86-64-linux-gnu_4:14.2.0-1 dash_0.5.12-9 debconf_1.5.87 debhelper_13.20 debian-archive-keyring_2023.4 debianutils_5.20 dh-autoreconf_20 dh-strip-nondeterminism_1.14.0-1 diffutils_1:3.10-1 docutils-common_0.21.2+dfsg-2 dpkg_1.22.11 dpkg-dev_1.22.11 dumb-init_1.2.5-3 dwz_0.15-1+b1 fakeroot_1.36-1 file_1:5.45-3 findutils_4.10.0-3 g++_4:14.2.0-1 g++-14_14.2.0-6 g++-14-x86-64-linux-gnu_14.2.0-6 g++-x86-64-linux-gnu_4:14.2.0-1 gcc_4:14.2.0-1 gcc-14_14.2.0-6 gcc-14-base_14.2.0-6 gcc-14-x86-64-linux-gnu_14.2.0-6 gcc-x86-64-linux-gnu_4:14.2.0-1 gettext_0.22.5-2 gettext-base_0.22.5-2 googletest_1.15.2-1 gpgv_2.2.44-1 grep_3.11-4 groff-base_1.23.0-5 gzip_1.12-1.1 hostname_3.25 init-system-helpers_1.67 intltool-debian_0.35.0+20060710.6 libacl1_2.3.2-2 libapt-pkg6.0t64_2.9.8 libarchive-zip-perl_1.68-1 libarchive13t64_3.7.4-1 libasan8_14.2.0-6 libatomic1_14.2.0-6 libattr1_1:2.5.2-2 libaudit-common_1:3.1.2-4 libaudit1_1:3.1.2-4+b1 libbinutils_2.43.1-5 libblkid1_2.40.2-9 libboost-atomic1.83-dev_1.83.0-3.2 libboost-atomic1.83.0_1.83.0-3.2 libboost-filesystem-dev_1.83.0.2+b2 libboost-filesystem1.83-dev_1.83.0-3.2 libboost-filesystem1.83.0_1.83.0-3.2 libboost-program-options-dev_1.83.0.2+b2 libboost-program-options1.83-dev_1.83.0-3.2 libboost-program-options1.83.0_1.83.0-3.2 libboost-system-dev_1.83.0.2+b2 libboost-system1.83-dev_1.83.0-3.2 libboost-system1.83.0_1.83.0-3.2 libboost1.83-dev_1.83.0-3.2 libbrotli1_1.1.0-2+b4 libbz2-1.0_1.0.8-6 libc-bin_2.40-3 libc-dev-bin_2.40-3 libc6_2.40-3 libc6-dev_2.40-3 libcap-ng0_0.8.5-3 libcap2_1:2.66-5 libcc1-0_14.2.0-6 libcom-err2_1.47.1-1 libcrypt-dev_1:4.4.36-5 libcrypt1_1:4.4.36-5 libctf-nobfd0_2.43.1-5 libctf0_2.43.1-5 libcurl4t64_8.10.1-2 libdb5.3t64_5.3.28+dfsg2-9 libdebconfclient0_0.272 libdebhelper-perl_13.20 libdpkg-perl_1.22.11 libelf1t64_0.191-2 libexpat1_2.6.3-1 libexpat1-dev_2.6.3-1 libfakeroot_1.36-1 libffi-dev_3.4.6-1 libffi8_3.4.6-1 libfile-stripnondeterminism-perl_1.14.0-1 libfmt9_9.1.0+ds1-2 libgcc-14-dev_14.2.0-6 libgcc-s1_14.2.0-6 libgcrypt20_1.11.0-6 libgdbm-compat4t64_1.24-2 libgdbm6t64_1.24-2 libgmock-dev_1.15.2-1 libgmp10_2:6.3.0+dfsg-2+b1 libgnutls30t64_3.8.6-2 libgomp1_14.2.0-6 libgpg-error0_1.50-4 libgprofng0_2.43.1-5 libgssapi-krb5-2_1.21.3-3 libgtest-dev_1.15.2-1 libhiredis1.1.0_1.2.0-6+b2 libhogweed6t64_3.10-1 libhwasan0_14.2.0-6 libicu72_72.1-5 libidn2-0_2.3.7-2 libisl23_0.27-1 libitm1_14.2.0-6 libjansson4_2.14-2+b2 libjs-jquery_3.6.1+dfsg+~3.5.14-1 libjs-sphinxdoc_7.4.7-3 libjs-underscore_1.13.4~dfsg+~1.11.4-3 libjsoncpp26_1.9.6-2 libk5crypto3_1.21.3-3 libkeyutils1_1.6.3-3 libkrb5-3_1.21.3-3 libkrb5support0_1.21.3-3 libldap-2.5-0_2.5.18+dfsg-3+b1 liblsan0_14.2.0-6 liblz4-1_1.9.4-3 liblzma5_5.6.2-2 libmagic-mgc_1:5.45-3 libmagic1t64_1:5.45-3 libmd0_1.1.0-2 libmount1_2.40.2-9 libmpc3_1.3.1-1+b2 libmpfr6_4.2.1-1+b1 libncursesw6_6.5-2 libnettle8t64_3.10-1 libnghttp2-14_1.63.0-1 libnsl2_1.3.0-3+b2 libp11-kit0_0.25.5-2 libpam-modules_1.5.3-7 libpam-modules-bin_1.5.3-7 libpam-runtime_1.5.3-7 libpam0g_1.5.3-7 libpcre2-8-0_10.42-4+b1 libperl5.40_5.40.0-6 libpipeline1_1.5.8-1 libpkgconf3_1.8.1-4 libproc2-0_2:4.0.4-6 libpsl5t64_0.21.2-1.1 libpython3-dev_3.12.6-1 libpython3-stdlib_3.12.6-1 libpython3.12-dev_3.12.6-1 libpython3.12-minimal_3.12.6-1 libpython3.12-stdlib_3.12.6-1 libpython3.12t64_3.12.6-1 libquadmath0_14.2.0-6 libreadline8t64_8.2-5 librhash1_1.4.5-1 librtmp1_2.4+20151223.gitfa8646d.1-2+b4 libsasl2-2_2.1.28+dfsg1-8 libsasl2-modules-db_2.1.28+dfsg1-8 libseccomp2_2.5.5-1+b1 libselinux1_3.7-3 libsframe1_2.43.1-5 libsmartcols1_2.40.2-9 libsqlite3-0_3.46.1-1 libssh2-1t64_1.11.1-1 libssl-dev_3.3.2-1 libssl3t64_3.3.2-1 libstdc++-14-dev_14.2.0-6 libstdc++6_14.2.0-6 libsystemd0_256.7-2 libtasn1-6_4.19.0-3+b2 libtinfo6_6.5-2 libtinyxml2-10_10.0.0+dfsg-2+b1 libtinyxml2-dev_10.0.0+dfsg-2+b1 libtirpc-common_1.3.4+ds-1.3 libtirpc3t64_1.3.4+ds-1.3 libtool_2.4.7-7 libtsan2_14.2.0-6 libubsan1_14.2.0-6 libuchardet0_0.0.8-1+b1 libudev1_256.7-2 libunistring5_1.2-1 libuuid1_2.40.2-9 libuv1t64_1.48.0-6 libxml2_2.12.7+dfsg+really2.9.14-0.1 libxxhash0_0.8.2-2+b1 libyaml-0-2_0.2.5-1+b1 libzstd1_1.5.6+dfsg-1 linux-libc-dev_6.11.4-1 lsb-release_12.1-1 m4_1.4.19-4 make_4.3-4.1 man-db_2.13.0-1 mawk_1.3.4.20240905-1 media-types_10.1.0 ncurses-base_6.5-2 ncurses-bin_6.5-2 netbase_6.4 openssl_3.3.2-1 openssl-provider-legacy_3.3.2-1 patch_2.7.6-7 perl_5.40.0-6 perl-base_5.40.0-6 perl-modules-5.40_5.40.0-6 pkg-config_1.8.1-4 pkgconf_1.8.1-4 pkgconf-bin_1.8.1-4 po-debconf_1.0.21+nmu1 procps_2:4.0.4-6 python3_3.12.6-1 python3-autocommand_2.2.2-3 python3-catkin_0.8.10-16 python3-catkin-pkg_1.0.0-2 python3-dateutil_2.9.0-3 python3-dev_3.12.6-1 python3-distlib_0.3.8-1 python3-distro_1.9.0-1 python3-docutils_0.21.2+dfsg-2 python3-empy_3.3.4-2 python3-filelock_3.16.1-1 python3-inflect_7.3.1-2 python3-jaraco.context_6.0.0-1 python3-jaraco.functools_4.1.0-1 python3-minimal_3.12.6-1 python3-more-itertools_10.5.0-1 python3-netifaces_0.11.0-2+b3 python3-nose_1.3.7-14 python3-pip-whl_24.2+dfsg-1 python3-pkg-resources_74.1.2-2 python3-platformdirs_4.3.6-1 python3-pyparsing_3.1.2-1 python3-roman_4.2-1 python3-rosdep2_0.25.1-1 python3-rosdistro_0.9.1-2 python3-rospkg_1.5.1-1 python3-setuptools_74.1.2-2 python3-setuptools-whl_74.1.2-2 python3-typeguard_4.3.0-1 python3-typing-extensions_4.12.2-2 python3-venv_3.12.6-1 python3-virtualenv_20.27.0+ds-1 python3-wheel-whl_0.44.0-2 python3-yaml_6.0.2-1 python3-zipp_3.20.2-1 python3-zombie-imp_0.0.2-2 python3.12_3.12.6-1 python3.12-dev_3.12.6-1 python3.12-minimal_3.12.6-1 python3.12-venv_3.12.6-1 readline-common_8.2-5 ros-one-catkin-virtualenv_0.13.0-2024.10.25.12.21 ros-one-gencpp_0-2024.10.25.10.25 ros-one-geneus_3.0.0-2024.10.25.10.25 ros-one-genlisp_0.4.18-2024.10.25.10.24 ros-one-genmsg_0.5.16-1-g7d8b6ce-2024.10.25.10.04 ros-one-gennodejs_2.0.1-8-g19d224c-2024.10.25.10.24 ros-one-genpy_0.6.16-6-gf70658f-2024.10.25.10.25 ros-one-message-generation_0.4.1-2024.10.25.10.34 ros-one-ros-environment_1.3.2-5-g2686e94-2024.10.25.10.01 ros-one-rosbash_1.15.8-3-g136e18e9-2024.10.25.10.59 ros-one-rosgraph_1.17.0-12-g2a12474fb-2024.10.25.11.28 ros-one-rospack_2.6.2-2-gad85a87-2024.10.25.10.25 ros-one-setup-files_0-2024.10.25.10.01 rpcsvc-proto_1.4.3-1 sbuild-build-depends-main-dummy_0.invalid.0 sed_4.9-2 sensible-utils_0.0.24 sgml-base_1.31 sysvinit-utils_3.10-3 tar_1.35+dfsg-3 tzdata_2024a-4 util-linux_2.40.2-9 virtualenv_20.27.0+ds-1 xml-core_0.19 xz-utils_5.6.2-2 zlib1g_1:1.3.dfsg+really1.3.1-1 zlib1g-dev_1:1.3.dfsg+really1.3.1-1

+------------------------------------------------------------------------------+
| Build                                                                        |
+------------------------------------------------------------------------------+


Unpack source
-------------

Format: 1.0
Source: ros-one-sesame-ros
Binary: ros-one-sesame-ros
Architecture: any
Version: 2.1.28-49-gfb32bec3-2024.10.25.22.47
Maintainer: Kei Okada <k-okada@jsk.t.u-tokyo.ac.jp>
Homepage: http://ros.org/wiki/sesame_ros
Standards-Version: 3.9.2
Build-Depends: debhelper (>= 9.0.0), catkin, libffi-dev, libgmock-dev, libgtest-dev, libssl-dev, ros-one-catkin-virtualenv, ros-one-message-generation, ros-one-rostest <!nocheck>
Package-List:
 ros-one-sesame-ros deb misc optional arch=any
Checksums-Sha1:
 864f3d871b6b75a9f79c1587c5edf62c81a87d44 36457 ros-one-sesame-ros_2.1.28-49-gfb32bec3-2024.10.25.22.47.tar.gz
Checksums-Sha256:
 830c549f2f7855c14e2f1b6f09448930d5c864a09ff75bfc68c3b3602897ca49 36457 ros-one-sesame-ros_2.1.28-49-gfb32bec3-2024.10.25.22.47.tar.gz
Files:
 de9e3f8cb3e86d7efe938eda3cb64a0f 36457 ros-one-sesame-ros_2.1.28-49-gfb32bec3-2024.10.25.22.47.tar.gz

dpkg-source: warning: extracting unsigned source package (ros-one-sesame-ros_2.1.28-49-gfb32bec3-2024.10.25.22.47.dsc)
dpkg-source: info: extracting ros-one-sesame-ros in /<<BUILDDIR>>package
dpkg-source: info: unpacking ros-one-sesame-ros_2.1.28-49-gfb32bec3-2024.10.25.22.47.tar.gz

Check disk space
----------------

Sufficient free space for build
dpkg-parsechangelog: warning:     debian/changelog(l5): found trailer where expected start of change data
LINE:  -- Kei Okada <k-okada@jsk.t.u-tokyo.ac.jp>  Mon, 24 Jul 2023 00:00:00 -0000

User Environment
----------------

APT_CONFIG=/var/lib/sbuild/apt.conf
CCACHE_DIR=/build/ccache
DEB_BUILD_OPTIONS=nocheck
HOME=/var/lib/sbuild
LANG=C.UTF-8
LC_ALL=C.UTF-8
LD_LIBRARY_PATH=/opt/ros/one/lib:/opt/ros/one/lib/x86_64-linux-gnu
LOGNAME=runner
OLDPWD=/
PATH=/usr/lib/ccache:/usr/local/sbin:/usr/local/bin:/usr/sbin:/usr/bin:/sbin:/bin:/usr/games
PWD=/<<BUILDDIR>>package
SHELL=/bin/sh
USER=runner

dpkg-buildpackage
-----------------

Command: dpkg-buildpackage --sanitize-env -Pnocheck -us -uc -b -rfakeroot
dpkg-buildpackage: warning:     debian/changelog(l5): found trailer where expected start of change data
LINE:  -- Kei Okada <k-okada@jsk.t.u-tokyo.ac.jp>  Mon, 24 Jul 2023 00:00:00 -0000
dpkg-buildpackage: info: source package ros-one-sesame-ros
dpkg-buildpackage: info: source version 2.1.28-49-gfb32bec3-2024.10.25.22.47
dpkg-buildpackage: info: source distribution trixie
dpkg-buildpackage: info: source changed by Kei Okada <k-okada@jsk.t.u-tokyo.ac.jp>
 dpkg-source --before-build .
dpkg-buildpackage: info: host architecture amd64
dpkg-source: warning: package/debian/changelog(l5): found trailer where expected start of change data
LINE:  -- Kei Okada <k-okada@jsk.t.u-tokyo.ac.jp>  Mon, 24 Jul 2023 00:00:00 -0000
dpkg-source: info: using options from package/debian/source/options: --auto-commit
 fakeroot debian/rules clean
dh clean -v --buildsystem=cmake --builddirectory=.obj-x86_64-linux-gnu
   dh_auto_clean -O-v -O--buildsystem=cmake -O--builddirectory=.obj-x86_64-linux-gnu
   dh_autoreconf_clean -O-v -O--buildsystem=cmake -O--builddirectory=.obj-x86_64-linux-gnu
   dh_clean -O-v -O--buildsystem=cmake -O--builddirectory=.obj-x86_64-linux-gnu
	rm -f debian/debhelper-build-stamp
	rm -rf debian/.debhelper/
	rm -f -- debian/ros-one-sesame-ros.substvars debian/files
	rm -fr -- debian/ros-one-sesame-ros/ debian/tmp/
	find .  \( \( \
		\( -path .\*/.git -o -path .\*/.svn -o -path .\*/.bzr -o -path .\*/.hg -o -path .\*/CVS -o -path .\*/.pc -o -path .\*/_darcs \) -prune -o -type f -a \
	        \( -name '#*#' -o -name '.*~' -o -name '*~' -o -name DEADJOE \
		 -o -name '*.orig' -o -name '*.rej' -o -name '*.bak' \
		 -o -name '.*.orig' -o -name .*.rej -o -name '.SUMS' \
		 -o -name TAGS -o \( -path '*/.deps/*' -a -name '*.P' \) \
		\) -exec rm -f {} + \) -o \
		\( -type d -a \( -name autom4te.cache -o -name __pycache__ \) -prune -exec rm -rf {} + \) \)
 debian/rules build
dh build -v --buildsystem=cmake --builddirectory=.obj-x86_64-linux-gnu
   dh_update_autotools_config -O-v -O--buildsystem=cmake -O--builddirectory=.obj-x86_64-linux-gnu
   dh_autoreconf -O-v -O--buildsystem=cmake -O--builddirectory=.obj-x86_64-linux-gnu
   debian/rules override_dh_auto_configure
make[1]: Entering directory '/<<BUILDDIR>>package'
# In case we're installing to a non-standard location, look for a setup.sh
# in the install tree that was dropped by catkin, and source it.  It will
# set things like CMAKE_PREFIX_PATH, PKG_CONFIG_PATH, and PYTHONPATH.
if [ -f "/opt/ros/one/setup.sh" ]; then . "/opt/ros/one/setup.sh"; fi && \
dh_auto_configure -- \
	-DCATKIN_BUILD_BINARY_PACKAGE="1" \
	-DCMAKE_INSTALL_PREFIX="/opt/ros/one" \
	-DCMAKE_PREFIX_PATH="/opt/ros/one" \
	-DBUILD_TESTING=OFF -DCATKIN_ENABLE_TESTING=OFF
	cd .obj-x86_64-linux-gnu && DEB_PYTHON_INSTALL_LAYOUT=deb PKG_CONFIG=/usr/bin/pkg-config cmake -DCMAKE_INSTALL_PREFIX=/usr -DCMAKE_BUILD_TYPE=None -DCMAKE_INSTALL_SYSCONFDIR=/etc -DCMAKE_INSTALL_LOCALSTATEDIR=/var -DCMAKE_EXPORT_NO_PACKAGE_REGISTRY=ON -DCMAKE_FIND_USE_PACKAGE_REGISTRY=OFF -DCMAKE_FIND_PACKAGE_NO_PACKAGE_REGISTRY=ON -DFETCHCONTENT_FULLY_DISCONNECTED=ON -DCMAKE_INSTALL_RUNSTATEDIR=/run "-GUnix Makefiles" -DCMAKE_VERBOSE_MAKEFILE=ON -DCMAKE_INSTALL_LIBDIR=lib/x86_64-linux-gnu -DBUILD_TESTING:BOOL=OFF -DCATKIN_BUILD_BINARY_PACKAGE=1 -DCMAKE_INSTALL_PREFIX=/opt/ros/one -DCMAKE_PREFIX_PATH=/opt/ros/one -DBUILD_TESTING=OFF -DCATKIN_ENABLE_TESTING=OFF ..
CMake Deprecation Warning at CMakeLists.txt:1 (cmake_minimum_required):
  Compatibility with CMake < 3.5 will be removed from a future version of
  CMake.

  Update the VERSION argument <min> value or use a ...<max> suffix to tell
  CMake that the project does not need compatibility with older versions.


-- The C compiler identification is GNU 14.2.0
-- The CXX compiler identification is GNU 14.2.0
-- Detecting C compiler ABI info
-- Detecting C compiler ABI info - done
-- Check for working C compiler: /usr/lib/ccache/cc - skipped
-- Detecting C compile features
-- Detecting C compile features - done
-- Detecting CXX compiler ABI info
-- Detecting CXX compiler ABI info - done
-- Check for working CXX compiler: /usr/lib/ccache/c++ - skipped
-- Detecting CXX compile features
-- Detecting CXX compile features - done
-- Using CATKIN_DEVEL_PREFIX: /<<BUILDDIR>>package/.obj-x86_64-linux-gnu/devel
-- Using CMAKE_PREFIX_PATH: /opt/ros/one
-- This workspace overlays: /opt/ros/one
-- Found PythonInterp: /usr/bin/python3 (found suitable version "3.12.6", minimum required is "3")
-- Using PYTHON_EXECUTABLE: /usr/bin/python3
-- Using Debian Python package layout
-- Using empy: /usr/bin/empy
-- Using BUILD_TESTING: OFF (implying CATKIN_ENABLE_TESTING=OFF)
-- Performing Test CMAKE_HAVE_LIBC_PTHREAD
-- Performing Test CMAKE_HAVE_LIBC_PTHREAD - Success
-- Found Threads: TRUE
-- catkin 0.8.10
-- BUILD_SHARED_LIBS is on
-- Using these message generators: gencpp;geneus;genlisp;gennodejs;genpy
-- sesame_ros: 0 messages, 2 services
-- Using system site packages
-- Using virtualenv to run Python nosetests: 
-- Configuring done (1.7s)
-- Generating done (0.0s)
CMake Warning:
  Manually-specified variables were not used by the project:

    CMAKE_EXPORT_NO_PACKAGE_REGISTRY
    CMAKE_FIND_PACKAGE_NO_PACKAGE_REGISTRY
    CMAKE_INSTALL_LIBDIR
    CMAKE_INSTALL_LOCALSTATEDIR
    CMAKE_INSTALL_RUNSTATEDIR
    CMAKE_INSTALL_SYSCONFDIR
    FETCHCONTENT_FULLY_DISCONNECTED


-- Build files have been written to: /<<BUILDDIR>>package/.obj-x86_64-linux-gnu
make[1]: Leaving directory '/<<BUILDDIR>>package'
	rm -f debian/ros-one-sesame-ros.debhelper.log
   debian/rules override_dh_auto_build
make[1]: Entering directory '/<<BUILDDIR>>package'
# In case we're installing to a non-standard location, look for a setup.sh
# in the install tree that was dropped by catkin, and source it.  It will
# set things like CMAKE_PREFIX_PATH, PKG_CONFIG_PATH, and PYTHONPATH.
if [ -f "/opt/ros/one/setup.sh" ]; then . "/opt/ros/one/setup.sh"; fi && \
dh_auto_build
	cd .obj-x86_64-linux-gnu && make -j4 "INSTALL=install --strip-program=true" VERBOSE=1
make[2]: Entering directory '/<<BUILDDIR>>package/.obj-x86_64-linux-gnu'
/usr/bin/cmake -S/<<BUILDDIR>>package -B/<<BUILDDIR>>package/.obj-x86_64-linux-gnu --check-build-system CMakeFiles/Makefile.cmake 0
/usr/bin/cmake -E cmake_progress_start /<<BUILDDIR>>package/.obj-x86_64-linux-gnu/CMakeFiles /<<BUILDDIR>>package/.obj-x86_64-linux-gnu//CMakeFiles/progress.marks
make  -f CMakeFiles/Makefile2 all
make[3]: Entering directory '/<<BUILDDIR>>package/.obj-x86_64-linux-gnu'
make  -f CMakeFiles/_sesame_ros_generate_messages_check_deps_Status.dir/build.make CMakeFiles/_sesame_ros_generate_messages_check_deps_Status.dir/depend
make  -f CMakeFiles/_sesame_ros_generate_messages_check_deps_Command.dir/build.make CMakeFiles/_sesame_ros_generate_messages_check_deps_Command.dir/depend
make  -f CMakeFiles/sesame_ros_generate_virtualenv.dir/build.make CMakeFiles/sesame_ros_generate_virtualenv.dir/depend
make[4]: Entering directory '/<<BUILDDIR>>package/.obj-x86_64-linux-gnu'
cd /<<BUILDDIR>>package/.obj-x86_64-linux-gnu && /usr/bin/cmake -E cmake_depends "Unix Makefiles" /<<BUILDDIR>>package /<<BUILDDIR>>package /<<BUILDDIR>>package/.obj-x86_64-linux-gnu /<<BUILDDIR>>package/.obj-x86_64-linux-gnu /<<BUILDDIR>>package/.obj-x86_64-linux-gnu/CMakeFiles/_sesame_ros_generate_messages_check_deps_Status.dir/DependInfo.cmake "--color="
make[4]: Entering directory '/<<BUILDDIR>>package/.obj-x86_64-linux-gnu'
cd /<<BUILDDIR>>package/.obj-x86_64-linux-gnu && /usr/bin/cmake -E cmake_depends "Unix Makefiles" /<<BUILDDIR>>package /<<BUILDDIR>>package /<<BUILDDIR>>package/.obj-x86_64-linux-gnu /<<BUILDDIR>>package/.obj-x86_64-linux-gnu /<<BUILDDIR>>package/.obj-x86_64-linux-gnu/CMakeFiles/_sesame_ros_generate_messages_check_deps_Command.dir/DependInfo.cmake "--color="
make[4]: Entering directory '/<<BUILDDIR>>package/.obj-x86_64-linux-gnu'
cd /<<BUILDDIR>>package/.obj-x86_64-linux-gnu && /usr/bin/cmake -E cmake_depends "Unix Makefiles" /<<BUILDDIR>>package /<<BUILDDIR>>package /<<BUILDDIR>>package/.obj-x86_64-linux-gnu /<<BUILDDIR>>package/.obj-x86_64-linux-gnu /<<BUILDDIR>>package/.obj-x86_64-linux-gnu/CMakeFiles/sesame_ros_generate_virtualenv.dir/DependInfo.cmake "--color="
make[4]: Leaving directory '/<<BUILDDIR>>package/.obj-x86_64-linux-gnu'
make  -f CMakeFiles/sesame_ros_generate_virtualenv.dir/build.make CMakeFiles/sesame_ros_generate_virtualenv.dir/build
make[4]: Entering directory '/<<BUILDDIR>>package/.obj-x86_64-linux-gnu'
make[4]: Leaving directory '/<<BUILDDIR>>package/.obj-x86_64-linux-gnu'
make[4]: Leaving directory '/<<BUILDDIR>>package/.obj-x86_64-linux-gnu'
make  -f CMakeFiles/_sesame_ros_generate_messages_check_deps_Command.dir/build.make CMakeFiles/_sesame_ros_generate_messages_check_deps_Command.dir/build
make  -f CMakeFiles/_sesame_ros_generate_messages_check_deps_Status.dir/build.make CMakeFiles/_sesame_ros_generate_messages_check_deps_Status.dir/build
make[4]: Entering directory '/<<BUILDDIR>>package/.obj-x86_64-linux-gnu'
catkin_generated/env_cached.sh /usr/bin/python3 /opt/ros/one/share/genmsg/cmake/../../../lib/genmsg/genmsg_check_deps.py sesame_ros /<<BUILDDIR>>package/srv/Command.srv 
make[4]: Entering directory '/<<BUILDDIR>>package/.obj-x86_64-linux-gnu'
catkin_generated/env_cached.sh /usr/bin/python3 /opt/ros/one/share/genmsg/cmake/../../../lib/genmsg/genmsg_check_deps.py sesame_ros /<<BUILDDIR>>package/srv/Status.srv 
[  6%] Generate virtualenv in /<<BUILDDIR>>package/.obj-x86_64-linux-gnu/venv
catkin_generated/env_cached.sh rosrun catkin_virtualenv venv_init venv --python python2 --use-system-packages --extra-pip-args \"-qq\ --retries\ 10\ --timeout\ 30\"
make[4]: Leaving directory '/<<BUILDDIR>>package/.obj-x86_64-linux-gnu'
make[4]: Leaving directory '/<<BUILDDIR>>package/.obj-x86_64-linux-gnu'
[  6%] Built target _sesame_ros_generate_messages_check_deps_Command
[  6%] Built target _sesame_ros_generate_messages_check_deps_Status
make  -f CMakeFiles/sesame_ros_generate_messages_py.dir/build.make CMakeFiles/sesame_ros_generate_messages_py.dir/depend
make  -f CMakeFiles/sesame_ros_generate_messages_cpp.dir/build.make CMakeFiles/sesame_ros_generate_messages_cpp.dir/depend
make  -f CMakeFiles/sesame_ros_generate_messages_eus.dir/build.make CMakeFiles/sesame_ros_generate_messages_eus.dir/depend
make[4]: Entering directory '/<<BUILDDIR>>package/.obj-x86_64-linux-gnu'
cd /<<BUILDDIR>>package/.obj-x86_64-linux-gnu && /usr/bin/cmake -E cmake_depends "Unix Makefiles" /<<BUILDDIR>>package /<<BUILDDIR>>package /<<BUILDDIR>>package/.obj-x86_64-linux-gnu /<<BUILDDIR>>package/.obj-x86_64-linux-gnu /<<BUILDDIR>>package/.obj-x86_64-linux-gnu/CMakeFiles/sesame_ros_generate_messages_py.dir/DependInfo.cmake "--color="
make[4]: Entering directory '/<<BUILDDIR>>package/.obj-x86_64-linux-gnu'
cd /<<BUILDDIR>>package/.obj-x86_64-linux-gnu && /usr/bin/cmake -E cmake_depends "Unix Makefiles" /<<BUILDDIR>>package /<<BUILDDIR>>package /<<BUILDDIR>>package/.obj-x86_64-linux-gnu /<<BUILDDIR>>package/.obj-x86_64-linux-gnu /<<BUILDDIR>>package/.obj-x86_64-linux-gnu/CMakeFiles/sesame_ros_generate_messages_cpp.dir/DependInfo.cmake "--color="
make[4]: Entering directory '/<<BUILDDIR>>package/.obj-x86_64-linux-gnu'
cd /<<BUILDDIR>>package/.obj-x86_64-linux-gnu && /usr/bin/cmake -E cmake_depends "Unix Makefiles" /<<BUILDDIR>>package /<<BUILDDIR>>package /<<BUILDDIR>>package/.obj-x86_64-linux-gnu /<<BUILDDIR>>package/.obj-x86_64-linux-gnu /<<BUILDDIR>>package/.obj-x86_64-linux-gnu/CMakeFiles/sesame_ros_generate_messages_eus.dir/DependInfo.cmake "--color="
make[4]: Leaving directory '/<<BUILDDIR>>package/.obj-x86_64-linux-gnu'
make[4]: Leaving directory '/<<BUILDDIR>>package/.obj-x86_64-linux-gnu'
make  -f CMakeFiles/sesame_ros_generate_messages_cpp.dir/build.make CMakeFiles/sesame_ros_generate_messages_cpp.dir/build
make  -f CMakeFiles/sesame_ros_generate_messages_py.dir/build.make CMakeFiles/sesame_ros_generate_messages_py.dir/build
make[4]: Entering directory '/<<BUILDDIR>>package/.obj-x86_64-linux-gnu'
make[4]: Entering directory '/<<BUILDDIR>>package/.obj-x86_64-linux-gnu'
make[4]: Leaving directory '/<<BUILDDIR>>package/.obj-x86_64-linux-gnu'
make  -f CMakeFiles/sesame_ros_generate_messages_eus.dir/build.make CMakeFiles/sesame_ros_generate_messages_eus.dir/build
make[4]: Entering directory '/<<BUILDDIR>>package/.obj-x86_64-linux-gnu'
[ 18%] Generating Python code from SRV sesame_ros/Command
[ 18%] Generating C++ code from sesame_ros/Command.srv
catkin_generated/env_cached.sh /usr/bin/python3 /opt/ros/one/share/genpy/cmake/../../../lib/genpy/gensrv_py.py /<<BUILDDIR>>package/srv/Command.srv -p sesame_ros -o /<<BUILDDIR>>package/.obj-x86_64-linux-gnu/devel/lib/python3/dist-packages/sesame_ros/srv
cd /<<BUILDDIR>>package && /<<BUILDDIR>>package/.obj-x86_64-linux-gnu/catkin_generated/env_cached.sh /usr/bin/python3 /opt/ros/one/share/gencpp/cmake/../../../lib/gencpp/gen_cpp.py /<<BUILDDIR>>package/srv/Command.srv -p sesame_ros -o /<<BUILDDIR>>package/.obj-x86_64-linux-gnu/devel/include/sesame_ros -e /opt/ros/one/share/gencpp/cmake/..
[ 25%] Generating EusLisp code from sesame_ros/Command.srv
catkin_generated/env_cached.sh /usr/bin/python3 /opt/ros/one/share/geneus/cmake/../../../lib/geneus/gen_eus.py /<<BUILDDIR>>package/srv/Command.srv -p sesame_ros -o /<<BUILDDIR>>package/.obj-x86_64-linux-gnu/devel/share/roseus/ros/sesame_ros/srv
[ 31%] Generating Python code from SRV sesame_ros/Status
catkin_generated/env_cached.sh /usr/bin/python3 /opt/ros/one/share/genpy/cmake/../../../lib/genpy/gensrv_py.py /<<BUILDDIR>>package/srv/Status.srv -p sesame_ros -o /<<BUILDDIR>>package/.obj-x86_64-linux-gnu/devel/lib/python3/dist-packages/sesame_ros/srv
[ 37%] Generating EusLisp code from sesame_ros/Status.srv
catkin_generated/env_cached.sh /usr/bin/python3 /opt/ros/one/share/geneus/cmake/../../../lib/geneus/gen_eus.py /<<BUILDDIR>>package/srv/Status.srv -p sesame_ros -o /<<BUILDDIR>>package/.obj-x86_64-linux-gnu/devel/share/roseus/ros/sesame_ros/srv
[ 43%] Generating Python srv __init__.py for sesame_ros
catkin_generated/env_cached.sh /usr/bin/python3 /opt/ros/one/share/genpy/cmake/../../../lib/genpy/genmsg_py.py -o /<<BUILDDIR>>package/.obj-x86_64-linux-gnu/devel/lib/python3/dist-packages/sesame_ros/srv --initpy
[ 50%] Generating C++ code from sesame_ros/Status.srv
cd /<<BUILDDIR>>package && /<<BUILDDIR>>package/.obj-x86_64-linux-gnu/catkin_generated/env_cached.sh /usr/bin/python3 /opt/ros/one/share/gencpp/cmake/../../../lib/gencpp/gen_cpp.py /<<BUILDDIR>>package/srv/Status.srv -p sesame_ros -o /<<BUILDDIR>>package/.obj-x86_64-linux-gnu/devel/include/sesame_ros -e /opt/ros/one/share/gencpp/cmake/..
make[4]: Leaving directory '/<<BUILDDIR>>package/.obj-x86_64-linux-gnu'
[ 56%] Generating EusLisp manifest code for sesame_ros
catkin_generated/env_cached.sh /usr/bin/python3 /opt/ros/one/share/geneus/cmake/../../../lib/geneus/gen_eus.py -m -o /<<BUILDDIR>>package/.obj-x86_64-linux-gnu/devel/share/roseus/ros/sesame_ros sesame_ros
[ 56%] Built target sesame_ros_generate_messages_py
make  -f CMakeFiles/sesame_ros_generate_messages_lisp.dir/build.make CMakeFiles/sesame_ros_generate_messages_lisp.dir/depend
make[4]: Entering directory '/<<BUILDDIR>>package/.obj-x86_64-linux-gnu'
cd /<<BUILDDIR>>package/.obj-x86_64-linux-gnu && /usr/bin/cmake -E cmake_depends "Unix Makefiles" /<<BUILDDIR>>package /<<BUILDDIR>>package /<<BUILDDIR>>package/.obj-x86_64-linux-gnu /<<BUILDDIR>>package/.obj-x86_64-linux-gnu /<<BUILDDIR>>package/.obj-x86_64-linux-gnu/CMakeFiles/sesame_ros_generate_messages_lisp.dir/DependInfo.cmake "--color="
make[4]: Leaving directory '/<<BUILDDIR>>package/.obj-x86_64-linux-gnu'
make  -f CMakeFiles/sesame_ros_generate_messages_lisp.dir/build.make CMakeFiles/sesame_ros_generate_messages_lisp.dir/build
make[4]: Entering directory '/<<BUILDDIR>>package/.obj-x86_64-linux-gnu'
[ 62%] Generating Lisp code from sesame_ros/Command.srv
catkin_generated/env_cached.sh /usr/bin/python3 /opt/ros/one/share/genlisp/cmake/../../../lib/genlisp/gen_lisp.py /<<BUILDDIR>>package/srv/Command.srv -p sesame_ros -o /<<BUILDDIR>>package/.obj-x86_64-linux-gnu/devel/share/common-lisp/ros/sesame_ros/srv
[ 68%] Generating Lisp code from sesame_ros/Status.srv
catkin_generated/env_cached.sh /usr/bin/python3 /opt/ros/one/share/genlisp/cmake/../../../lib/genlisp/gen_lisp.py /<<BUILDDIR>>package/srv/Status.srv -p sesame_ros -o /<<BUILDDIR>>package/.obj-x86_64-linux-gnu/devel/share/common-lisp/ros/sesame_ros/srv
True
Traceback (most recent call last):
  File "/opt/ros/one/lib/catkin_virtualenv/venv_init", line 46, in <module>
make[4]: Leaving directory '/<<BUILDDIR>>package/.obj-x86_64-linux-gnu'
    venv.initialize(
  File "/opt/ros/one/lib/python3/dist-packages/catkin_virtualenv/venv.py", line 66, in initialize
    raise RuntimeError(error_msg)
RuntimeError: Unable to find a system-installed python2.
[ 68%] Built target sesame_ros_generate_messages_cpp
make  -f CMakeFiles/sesame_ros_generate_messages_nodejs.dir/build.make CMakeFiles/sesame_ros_generate_messages_nodejs.dir/depend
make[4]: Entering directory '/<<BUILDDIR>>package/.obj-x86_64-linux-gnu'
cd /<<BUILDDIR>>package/.obj-x86_64-linux-gnu && /usr/bin/cmake -E cmake_depends "Unix Makefiles" /<<BUILDDIR>>package /<<BUILDDIR>>package /<<BUILDDIR>>package/.obj-x86_64-linux-gnu /<<BUILDDIR>>package/.obj-x86_64-linux-gnu /<<BUILDDIR>>package/.obj-x86_64-linux-gnu/CMakeFiles/sesame_ros_generate_messages_nodejs.dir/DependInfo.cmake "--color="
make[4]: Leaving directory '/<<BUILDDIR>>package/.obj-x86_64-linux-gnu'
make  -f CMakeFiles/sesame_ros_generate_messages_nodejs.dir/build.make CMakeFiles/sesame_ros_generate_messages_nodejs.dir/build
make[4]: Entering directory '/<<BUILDDIR>>package/.obj-x86_64-linux-gnu'
make[4]: Leaving directory '/<<BUILDDIR>>package/.obj-x86_64-linux-gnu'
make[4]: *** [CMakeFiles/sesame_ros_generate_virtualenv.dir/build.make:95: venv/bin/python] Error 1
make[4]: Leaving directory '/<<BUILDDIR>>package/.obj-x86_64-linux-gnu'
make[3]: *** [CMakeFiles/Makefile2:529: CMakeFiles/sesame_ros_generate_virtualenv.dir/all] Error 2
make[3]: *** Waiting for unfinished jobs....
[ 75%] Generating Javascript code from sesame_ros/Command.srv
[ 75%] Built target sesame_ros_generate_messages_eus
catkin_generated/env_cached.sh /usr/bin/python3 /opt/ros/one/share/gennodejs/cmake/../../../lib/gennodejs/gen_nodejs.py /<<BUILDDIR>>package/srv/Command.srv -p sesame_ros -o /<<BUILDDIR>>package/.obj-x86_64-linux-gnu/devel/share/gennodejs/ros/sesame_ros/srv
make[4]: Leaving directory '/<<BUILDDIR>>package/.obj-x86_64-linux-gnu'
[ 81%] Generating Javascript code from sesame_ros/Status.srv
catkin_generated/env_cached.sh /usr/bin/python3 /opt/ros/one/share/gennodejs/cmake/../../../lib/gennodejs/gen_nodejs.py /<<BUILDDIR>>package/srv/Status.srv -p sesame_ros -o /<<BUILDDIR>>package/.obj-x86_64-linux-gnu/devel/share/gennodejs/ros/sesame_ros/srv
[ 81%] Built target sesame_ros_generate_messages_lisp
make[4]: Leaving directory '/<<BUILDDIR>>package/.obj-x86_64-linux-gnu'
[ 81%] Built target sesame_ros_generate_messages_nodejs
make[3]: Leaving directory '/<<BUILDDIR>>package/.obj-x86_64-linux-gnu'
make[2]: *** [Makefile:139: all] Error 2
make[2]: Leaving directory '/<<BUILDDIR>>package/.obj-x86_64-linux-gnu'
dh_auto_build: error: cd .obj-x86_64-linux-gnu && make -j4 "INSTALL=install --strip-program=true" VERBOSE=1 returned exit code 2
make[1]: *** [debian/rules:44: override_dh_auto_build] Error 25
make[1]: Leaving directory '/<<BUILDDIR>>package'
make: *** [debian/rules:27: build] Error 2
dpkg-buildpackage: error: debian/rules build subprocess returned exit status 2
--------------------------------------------------------------------------------
Build finished at 2024-10-25T22:52:22Z

Finished
--------


+------------------------------------------------------------------------------+
| Cleanup                                                                      |
+------------------------------------------------------------------------------+

Purging /<<BUILDDIR>>
Not cleaning session: cloned chroot in use
E: Build failure (dpkg-buildpackage died)

+------------------------------------------------------------------------------+
| Summary                                                                      |
+------------------------------------------------------------------------------+

Build Architecture: amd64
Build Profiles: nocheck
Build Type: binary
Build-Space: 1712
Build-Time: 3
Distribution: trixie
Fail-Stage: build
Host Architecture: amd64
Install-Time: 19
Job: /home/runner/work/ros-o-builder/ros-o-builder/src/jsk_3rdparty/ros-one-sesame-ros_2.1.28-49-gfb32bec3-2024.10.25.22.47.dsc
Machine Architecture: amd64
Package: ros-one-sesame-ros
Package-Time: 286
Source-Version: 2.1.28-49-gfb32bec3-2024.10.25.22.47
Space: 1712
Status: attempted
Version: 2.1.28-49-gfb32bec3-2024.10.25.22.47
--------------------------------------------------------------------------------
Finished at 2024-10-25T22:52:22Z
Build needed 00:04:46, 1712k disk space
