sbuild (Debian sbuild) 0.85.10ubuntu0.1 (15 December 2024) on fv-az1781-198.cnbzpsyx3iuurnxhwsfti3roah.bx.internal.cloudapp.net

+===========================================================================================================+
| ros-one-sound-classification 1.2.17-42-g7816812a-2025.01.08.04.20 (amd64) Wed, 08 Jan 2025 04:20:31 +0000 |
+===========================================================================================================+

Package: ros-one-sound-classification
Version: 1.2.17-42-g7816812a-2025.01.08.04.20
Source Version: 1.2.17-42-g7816812a-2025.01.08.04.20
Distribution: jammy
Machine Architecture: amd64
Host Architecture: amd64
Build Architecture: amd64
Build Profiles: nocheck
Build Type: binary

Unpacking /home/runner/.cache/sbuild/jammy-amd64.tar to /tmp/tmp.sbuild.eZaan04Y2N...
I: NOTICE: Log filtering will replace 'sbuild-unshare-dummy-location' with '<<CHROOT>>'
Copying /home/runner/apt_repo_dependencies/ros-one-navfn_1.17.3-3-g9ad64419-2025.01.07.17.45_amd64.deb to /<<CHROOT>>...
Copying /home/runner/apt_repo_dependencies/ros-one-voice-text_2.1.29-2025.01.08.01.47_amd64.deb to /<<CHROOT>>...
Copying /home/runner/apt_repo_dependencies/ros-one-moveit-opw-kinematics-plugin_0.4.0-4-gfa51c00-2025.01.07.21.03_amd64.deb to /<<CHROOT>>...
Copying /home/runner/apt_repo_dependencies/ros-one-camera-info-manager-py_0-2025.01.07.15.43_amd64.deb to /<<CHROOT>>...
Copying /home/runner/apt_repo_dependencies/ros-one-switchbot-ros_2.1.29-2025.01.08.01.42_amd64.deb to /<<CHROOT>>...
Copying /home/runner/apt_repo_dependencies/ros-one-nodelet-core_1.11.1-2025.01.07.15.47_amd64.deb to /<<CHROOT>>...
Copying /home/runner/apt_repo_dependencies/ros-one-rostest_1.17.0-12-g2a12474fb-2025.01.07.14.37_amd64.deb to /<<CHROOT>>...
Copying /home/runner/apt_repo_dependencies/ros-one-axis-camera_0.5.4-1-g340c307-2025.01.07.16.27_amd64.deb to /<<CHROOT>>...
Copying /home/runner/apt_repo_dependencies/ros-one-moveit-kinematics_1.1.16-17-g3aed1dc85-2025.01.07.19.27_amd64.deb to /<<CHROOT>>...
Copying /home/runner/apt_repo_dependencies/ros-one-ros-controllers_0.22.0-2025.01.07.17.49_amd64.deb to /<<CHROOT>>...
Copying /home/runner/apt_repo_dependencies/ros-one-pilz-industrial-motion-planner-testutils_1.1.16-17-g3aed1dc85-2025.01.07.20.45_amd64.deb to /<<CHROOT>>...
Copying /home/runner/apt_repo_dependencies/ros-one-rosmsg_1.17.0-12-g2a12474fb-2025.01.07.14.50_amd64.deb to /<<CHROOT>>...
Copying /home/runner/apt_repo_dependencies/ros-one-interactive-markers_1.12.0-1-g22f95a6-2025.01.07.16.17_amd64.deb to /<<CHROOT>>...
Copying /home/runner/apt_repo_dependencies/ros-one-ur-client-library_1.5.0-11-g6bc1553-2025.01.07.13.18_amd64.deb to /<<CHROOT>>...
Copying /home/runner/apt_repo_dependencies/ros-one-visualization-msgs_1.13.1-2025.01.07.14.41_amd64.deb to /<<CHROOT>>...
Copying /home/runner/apt_repo_dependencies/ros-one-octomap-msgs_0.3.5-1-gdcaaf62-2025.01.07.15.23_amd64.deb to /<<CHROOT>>...
Copying /home/runner/apt_repo_dependencies/ros-one-smach_2.5.2-7-g94a196d-2025.01.07.15.53_amd64.deb to /<<CHROOT>>...
Copying /home/runner/apt_repo_dependencies/ros-one-message-generation_0.4.1-2025.01.07.13.31_amd64.deb to /<<CHROOT>>...
Copying /home/runner/apt_repo_dependencies/ros-one-move-base-msgs_1.14.1-2025.01.07.15.25_amd64.deb to /<<CHROOT>>...
Copying /home/runner/apt_repo_dependencies/ros-one-qb-hand-description_0-2025.01.07.21.17_amd64.deb to /<<CHROOT>>...
Copying /home/runner/apt_repo_dependencies/ros-one-mavros-extras_1.20.0-1-g08142be7-2025.01.07.17.26_amd64.deb to /<<CHROOT>>...
Copying /home/runner/apt_repo_dependencies/ros-one-pal-statistics_1.5.2-2-ga5b028b-2025.01.07.15.25_amd64.deb to /<<CHROOT>>...
Copying /home/runner/apt_repo_dependencies/ros-one-nav-msgs_1.13.1-2025.01.07.14.28_amd64.deb to /<<CHROOT>>...
Copying /home/runner/apt_repo_dependencies/ros-one-joystick-drivers_0-2025.01.07.17.09_amd64.deb to /<<CHROOT>>...
Copying /home/runner/apt_repo_dependencies/ros-one-rosmaster_1.17.0-12-g2a12474fb-2025.01.07.14.33_amd64.deb to /<<CHROOT>>...
Copying /home/runner/apt_repo_dependencies/ros-one-rosbridge-suite_0.11.17-2025.01.07.16.17_amd64.deb to /<<CHROOT>>...
Copying /home/runner/apt_repo_dependencies/ros-one-franka-hw_0.8.1-368-gba8dd20-2025.01.07.18.22_amd64.deb to /<<CHROOT>>...
Copying /home/runner/apt_repo_dependencies/ros-one-simulators_1.5.0-2025.01.07.23.14_amd64.deb to /<<CHROOT>>...
Copying /home/runner/apt_repo_dependencies/ros-one-pr2-controllers_1.10.18-3-g8e8dfa0-2025.01.07.19.00_amd64.deb to /<<CHROOT>>...
Copying /home/runner/apt_repo_dependencies/ros-one-executive-smach_2.5.2-7-g94a196d-2025.01.07.15.46_amd64.deb to /<<CHROOT>>...
Copying /home/runner/apt_repo_dependencies/ros-one-controller-manager-tests_0.20.0-1-g633c374-2025.01.07.16.39_amd64.deb to /<<CHROOT>>...
Copying /home/runner/apt_repo_dependencies/ros-one-jsk-gui-msgs_4.3.2-13-g093b57c-2025.01.07.15.51_amd64.deb to /<<CHROOT>>...
Copying /home/runner/apt_repo_dependencies/ros-one-moveit-resources-prbt-moveit-config_0.8.3-2-gb771644-2025.01.07.19.00_amd64.deb to /<<CHROOT>>...
Copying /home/runner/apt_repo_dependencies/ros-one-moveit-ros-occupancy-map-monitor_1.1.16-17-g3aed1dc85-2025.01.07.19.12_amd64.deb to /<<CHROOT>>...
Copying /home/runner/apt_repo_dependencies/ros-one-audio-common_0.3.18-2025.01.07.15.42_amd64.deb to /<<CHROOT>>...
Copying /home/runner/apt_repo_dependencies/ros-one-viz_1.5.0-2025.01.07.23.32_amd64.deb to /<<CHROOT>>...
Copying /home/runner/apt_repo_dependencies/ros-one-ur30-moveit-config_1.3.3-3-gcce1f0e-2025.01.07.22.05_amd64.deb to /<<CHROOT>>...
Copying /home/runner/apt_repo_dependencies/ros-one-global-planner_1.17.3-3-g9ad64419-2025.01.07.17.48_amd64.deb to /<<CHROOT>>...
Copying /home/runner/apt_repo_dependencies/ros-one-fingertip-pressure_1.9.0-5-g80a45bf-2025.01.07.18.24_amd64.deb to /<<CHROOT>>...
Copying /home/runner/apt_repo_dependencies/ros-one-qt-gui_0.4.2-9-gdc7190f-2025.01.07.14.26_amd64.deb to /<<CHROOT>>...
Copying /home/runner/apt_repo_dependencies/ros-one-test-roslaunch_1.17.0-12-g2a12474fb-2025.01.07.14.57_amd64.deb to /<<CHROOT>>...
Copying /home/runner/apt_repo_dependencies/ros-one-fetch-depth-layer_0.9.1-5-g11f8df9-2025.01.07.21.02_amd64.deb to /<<CHROOT>>...
Copying /home/runner/apt_repo_dependencies/ros-one-tf2-kdl_0.7.5-23-gfbcdc99-2025.01.07.15.55_amd64.deb to /<<CHROOT>>...
Copying /home/runner/apt_repo_dependencies/ros-one-rqt-bag-plugins_0.5.1-9-gda86846-2025.01.07.17.43_amd64.deb to /<<CHROOT>>...
Copying /home/runner/apt_repo_dependencies/ros-one-combined-robot-hw-tests_0.20.0-1-g633c374-2025.01.07.16.41_amd64.deb to /<<CHROOT>>...
Copying /home/runner/apt_repo_dependencies/ros-one-joint-state-controller_0.22.0-2025.01.07.17.28_amd64.deb to /<<CHROOT>>...
Copying /home/runner/apt_repo_dependencies/ros-one-smach-ros_2.5.2-7-g94a196d-2025.01.07.15.57_amd64.deb to /<<CHROOT>>...
Copying /home/runner/apt_repo_dependencies/ros-one-zdepth-image-transport_2.1.29-2025.01.08.02.00_amd64.deb to /<<CHROOT>>...
Copying /home/runner/apt_repo_dependencies/ros-one-rosbag-migration-rule_1.0.1-1-g2269b62-2025.01.07.13.02_amd64.deb to /<<CHROOT>>...
Copying /home/runner/apt_repo_dependencies/ros-one-gazebo-dev_2.9.2-6-g959e7d0-2025.01.07.17.06_amd64.deb to /<<CHROOT>>...
Copying /home/runner/apt_repo_dependencies/ros-one-rqt-topic_0.4.13-4-g8465371-2025.01.07.16.47_amd64.deb to /<<CHROOT>>...
Copying /home/runner/apt_repo_dependencies/ros-one-freenect-launch_0.4.3-2025.01.07.18.31_amd64.deb to /<<CHROOT>>...
Copying /home/runner/apt_repo_dependencies/ros-one-laser-proc_0.1.6-2-ge2bb8ce-2025.01.07.16.14_amd64.deb to /<<CHROOT>>...
Copying /home/runner/apt_repo_dependencies/ros-one-ros-emacs-utils_0.4.17-2025.01.07.14.33_amd64.deb to /<<CHROOT>>...
Copying /home/runner/apt_repo_dependencies/ros-one-nodelet_1.11.1-2025.01.07.15.45_amd64.deb to /<<CHROOT>>...
Copying /home/runner/apt_repo_dependencies/ros-one-influxdb-store_2.1.29-2025.01.07.23.52_amd64.deb to /<<CHROOT>>...
Copying /home/runner/apt_repo_dependencies/ros-one-xmlrpcpp_1.17.0-12-g2a12474fb-2025.01.07.14.42_amd64.deb to /<<CHROOT>>...
Copying /home/runner/apt_repo_dependencies/ros-one-ros-google-cloud-language_2.1.29-2025.01.08.01.07_amd64.deb to /<<CHROOT>>...
Copying /home/runner/apt_repo_dependencies/ros-one-cartesian-control-msgs_0.1.0-2-gfb68cf9-2025.01.07.15.18_amd64.deb to /<<CHROOT>>...
Copying /home/runner/apt_repo_dependencies/ros-one-openni2-launch_0-2025.01.07.18.49_amd64.deb to /<<CHROOT>>...
Copying /home/runner/apt_repo_dependencies/ros-one-eml_0-2025.01.07.13.01_amd64.deb to /<<CHROOT>>...
Copying /home/runner/apt_repo_dependencies/ros-one-move-base_1.17.3-3-g9ad64419-2025.01.07.17.55_amd64.deb to /<<CHROOT>>...
Copying /home/runner/apt_repo_dependencies/ros-one-laser-pipeline_1.6.4-2025.01.07.18.39_amd64.deb to /<<CHROOT>>...
Copying /home/runner/apt_repo_dependencies/ros-one-trac-ik-examples_0-2025.01.07.21.06_amd64.deb to /<<CHROOT>>...
Copying /home/runner/apt_repo_dependencies/ros-one-moveit-commander_1.1.16-17-g3aed1dc85-2025.01.07.18.26_amd64.deb to /<<CHROOT>>...
Copying /home/runner/apt_repo_dependencies/ros-one-plotjuggler-msgs_0.2.1-2025.01.07.14.15_amd64.deb to /<<CHROOT>>...
Copying /home/runner/apt_repo_dependencies/ros-one-compressed-image-transport_1.15.0-9-gcae592c-2025.01.07.15.43_amd64.deb to /<<CHROOT>>...
Copying /home/runner/apt_repo_dependencies/ros-one-qb-device-gazebo_0-2025.01.07.19.22_amd64.deb to /<<CHROOT>>...
Copying /home/runner/apt_repo_dependencies/ros-one-dynamixel-controllers_0.4.1-3-g3d84232-2025.01.07.15.48_amd64.deb to /<<CHROOT>>...
Copying /home/runner/apt_repo_dependencies/ros-one-ros-control-boilerplate_0-2025.01.07.17.36_amd64.deb to /<<CHROOT>>...
Copying /home/runner/apt_repo_dependencies/ros-one-catkin-virtualenv_0.13.0-5-g659584a-2025.01.07.15.17_amd64.deb to /<<CHROOT>>...
Copying /home/runner/apt_repo_dependencies/ros-one-teleop-tools_0.5.0-2025.01.07.16.01_amd64.deb to /<<CHROOT>>...
Copying /home/runner/apt_repo_dependencies/ros-one-test-roscpp_1.17.0-12-g2a12474fb-2025.01.07.14.55_amd64.deb to /<<CHROOT>>...
Copying /home/runner/apt_repo_dependencies/ros-one-base-local-planner_1.17.3-3-g9ad64419-2025.01.07.17.28_amd64.deb to /<<CHROOT>>...
Copying /home/runner/apt_repo_dependencies/ros-one-multisense-lib_4.0.5-46-g945e646-2025.01.07.17.36_amd64.deb to /<<CHROOT>>...
Copying /home/runner/apt_repo_dependencies/ros-one-webkit-dependency_1.1.2-2025.01.07.13.03_amd64.deb to /<<CHROOT>>...
Copying /home/runner/apt_repo_dependencies/ros-one-depth-image-proc_1.17.0-11-g69488e6-2025.01.07.16.29_amd64.deb to /<<CHROOT>>...
Copying /home/runner/apt_repo_dependencies/ros-one-moveit-visual-tools_3.6.1-4-g8899ab4-2025.01.07.21.03_amd64.deb to /<<CHROOT>>...
Copying /home/runner/apt_repo_dependencies/ros-one-simple-message_0.7.3-7-ge4d2633-2025.01.07.21.21_amd64.deb to /<<CHROOT>>...
Copying /home/runner/apt_repo_dependencies/ros-one-ruckig_0.14.0-3-gbeb713a-2025.01.07.13.03_amd64.deb to /<<CHROOT>>...
Copying /home/runner/apt_repo_dependencies/ros-one-ur3e-moveit-config_1.3.3-3-gcce1f0e-2025.01.07.22.12_amd64.deb to /<<CHROOT>>...
Copying /home/runner/apt_repo_dependencies/ros-one-freenect-stack_0.4.3-2025.01.07.18.33_amd64.deb to /<<CHROOT>>...
Copying /home/runner/apt_repo_dependencies/ros-one-gencpp_0-2025.01.07.13.22_amd64.deb to /<<CHROOT>>...
Copying /home/runner/apt_repo_dependencies/ros-one-rqt-reconfigure_0.5.5-3-g988179e-2025.01.07.19.12_amd64.deb to /<<CHROOT>>...
Copying /home/runner/apt_repo_dependencies/ros-one-multi-map-server_2.2.12-185-g1ddd7669-2025.01.07.22.37_amd64.deb to /<<CHROOT>>...
Copying /home/runner/apt_repo_dependencies/ros-one-key-teleop_0.5.0-2025.01.07.15.54_amd64.deb to /<<CHROOT>>...
Copying /home/runner/apt_repo_dependencies/ros-one-rotate-recovery_1.17.3-3-g9ad64419-2025.01.07.17.51_amd64.deb to /<<CHROOT>>...
Copying /home/runner/apt_repo_dependencies/ros-one-rviz_1.14.25-3-g250c0c28-2025.01.07.17.19_amd64.deb to /<<CHROOT>>...
Copying /home/runner/apt_repo_dependencies/ros-one-turtlesim_0.10.2-3-gdb63288-2025.01.07.15.36_amd64.deb to /<<CHROOT>>...
Copying /home/runner/apt_repo_dependencies/ros-one-qb-device_0-2025.01.07.19.13_amd64.deb to /<<CHROOT>>...
Copying /home/runner/apt_repo_dependencies/ros-one-moveit-calibration-gui_0.1.1-10-ga883ec2-2025.01.07.21.52_amd64.deb to /<<CHROOT>>...
Copying /home/runner/apt_repo_dependencies/ros-one-rosdiagnostic_1.11.0-7-gda86650-2025.01.07.16.45_amd64.deb to /<<CHROOT>>...
Copying /home/runner/apt_repo_dependencies/ros-one-pilz-industrial-motion-planner_1.1.16-17-g3aed1dc85-2025.01.07.20.49_amd64.deb to /<<CHROOT>>...
Copying /home/runner/apt_repo_dependencies/ros-one-rqt-joint-trajectory-plot_0.0.5-31-g508ce24-2025.01.07.16.46_amd64.deb to /<<CHROOT>>...
Copying /home/runner/apt_repo_dependencies/ros-one-map-server_1.17.3-3-g9ad64419-2025.01.07.17.09_amd64.deb to /<<CHROOT>>...
Copying /home/runner/apt_repo_dependencies/ros-one-people-velocity-tracker_1.4.2-6-gcfd7892-2025.01.07.21.20_amd64.deb to /<<CHROOT>>...
Copying /home/runner/apt_repo_dependencies/ros-one-urdf_1.13.2-2-g3df8012-2025.01.07.15.23_amd64.deb to /<<CHROOT>>...
Copying /home/runner/apt_repo_dependencies/ros-one-ros-core_1.5.0-2025.01.07.23.10_amd64.deb to /<<CHROOT>>...
Copying /home/runner/apt_repo_dependencies/ros-one-jsk-hark-msgs_4.3.2-13-g093b57c-2025.01.07.15.52_amd64.deb to /<<CHROOT>>...
Copying /home/runner/apt_repo_dependencies/ros-one-controller-interface_0.20.0-1-g633c374-2025.01.07.16.34_amd64.deb to /<<CHROOT>>...
Copying /home/runner/apt_repo_dependencies/ros-one-roscreate_1.15.8-3-g136e18e9-2025.01.07.14.03_amd64.deb to /<<CHROOT>>...
Copying /home/runner/apt_repo_dependencies/ros-one-pr2-arm-kinematics_1.0.11-4-gffb1be8-2025.01.07.21.24_amd64.deb to /<<CHROOT>>...
Copying /home/runner/apt_repo_dependencies/ros-one-ur-kinematics_1.3.3-3-gcce1f0e-2025.01.07.22.32_amd64.deb to /<<CHROOT>>...
Copying /home/runner/apt_repo_dependencies/ros-one-chaplus-ros_2.1.29-2025.01.07.23.09_amd64.deb to /<<CHROOT>>...
Copying /home/runner/apt_repo_dependencies/ros-one-ros-controllers-cartesian_0.1.7-1-gceffa65-2025.01.07.21.16_amd64.deb to /<<CHROOT>>...
Copying /home/runner/apt_repo_dependencies/ros-one-qb-device-utils_0-2025.01.07.19.35_amd64.deb to /<<CHROOT>>...
Copying /home/runner/apt_repo_dependencies/ros-one-urdf-sim-tutorial_0.5.1-1-g3c5a4f7-2025.01.07.21.30_amd64.deb to /<<CHROOT>>...
Copying /home/runner/apt_repo_dependencies/ros-one-visualization-marker-tutorials_0-2025.01.07.20.15_amd64.deb to /<<CHROOT>>...
Copying /home/runner/apt_repo_dependencies/ros-one-rospy-tutorials_0.10.2-3-gdb63288-2025.01.07.15.34_amd64.deb to /<<CHROOT>>...
Copying /home/runner/apt_repo_dependencies/ros-one-roslint_0.12.0-4-gac02636-2025.01.07.13.03_amd64.deb to /<<CHROOT>>...
Copying /home/runner/apt_repo_dependencies/ros-one-test-rospy_1.17.0-12-g2a12474fb-2025.01.07.15.10_amd64.deb to /<<CHROOT>>...
Copying /home/runner/apt_repo_dependencies/ros-one-image-transport_1.12.0-9-g21aac6a-2025.01.07.15.20_amd64.deb to /<<CHROOT>>...
Copying /home/runner/apt_repo_dependencies/ros-one-stage-ros_1.8.0-2-gc7d6d25-2025.01.07.16.55_amd64.deb to /<<CHROOT>>...
Copying /home/runner/apt_repo_dependencies/ros-one-bondpy_1.8.6-1-g398e8ed-2025.01.07.15.24_amd64.deb to /<<CHROOT>>...
Copying /home/runner/apt_repo_dependencies/ros-one-warehouse-ros-sqlite_0.9.1-1-g82cb837-2025.01.07.17.56_amd64.deb to /<<CHROOT>>...
Copying /home/runner/apt_repo_dependencies/ros-one-pr2-computer-monitor_1.6.32-21-gcb63b5d-2025.01.07.21.14_amd64.deb to /<<CHROOT>>...
Copying /home/runner/apt_repo_dependencies/ros-one-perception_1.5.0-2025.01.07.22.58_amd64.deb to /<<CHROOT>>...
Copying /home/runner/apt_repo_dependencies/ros-one-ur16e-moveit-config_1.3.3-3-gcce1f0e-2025.01.07.21.57_amd64.deb to /<<CHROOT>>...
Copying /home/runner/apt_repo_dependencies/ros-one-fetch-description_0.9.1-5-g11f8df9-2025.01.07.21.07_amd64.deb to /<<CHROOT>>...
Copying /home/runner/apt_repo_dependencies/ros-one-robot-calibration_0.7.2-3-g80c2be2-2025.01.07.16.32_amd64.deb to /<<CHROOT>>...
Copying /home/runner/apt_repo_dependencies/ros-one-fetch-maps_0.9.1-5-g11f8df9-2025.01.07.21.15_amd64.deb to /<<CHROOT>>...
Copying /home/runner/apt_repo_dependencies/ros-one-pr2-machine_1.13.1-2025.01.07.15.56_amd64.deb to /<<CHROOT>>...
Copying /home/runner/apt_repo_dependencies/ros-one-settlerlib_0-2025.01.07.15.54_amd64.deb to /<<CHROOT>>...
Copying /home/runner/apt_repo_dependencies/ros-one-pcl-ros_1.7.4-12-g5f72467-2025.01.07.16.49_amd64.deb to /<<CHROOT>>...
Copying /home/runner/apt_repo_dependencies/ros-one-laser-assembler_1.7.8-7-g4d7e9e1-2025.01.07.17.11_amd64.deb to /<<CHROOT>>...
Copying /home/runner/apt_repo_dependencies/ros-one-rqt-ez-publisher_0.6.1-3-g30c16e8-2025.01.07.16.40_amd64.deb to /<<CHROOT>>...
Copying /home/runner/apt_repo_dependencies/ros-one-ros-industrial-cmake-boilerplate_0.6.3-2025.01.07.13.04_amd64.deb to /<<CHROOT>>...
Copying /home/runner/apt_repo_dependencies/ros-one-webrtcvad-ros_2.1.29-2025.01.08.01.52_amd64.deb to /<<CHROOT>>...
Copying /home/runner/apt_repo_dependencies/ros-one-moveit-resources-panda-moveit-config_0.8.3-2-gb771644-2025.01.07.18.33_amd64.deb to /<<CHROOT>>...
Copying /home/runner/apt_repo_dependencies/ros-one-sesame-ros_2.1.29-2025.01.08.01.32_amd64.deb to /<<CHROOT>>...
Copying /home/runner/apt_repo_dependencies/ros-one-gmapping_1.4.2-2-geec8606-2025.01.07.16.34_amd64.deb to /<<CHROOT>>...
Copying /home/runner/apt_repo_dependencies/ros-one-single-joint-position-action_1.10.18-3-g8e8dfa0-2025.01.07.20.12_amd64.deb to /<<CHROOT>>...
Copying /home/runner/apt_repo_dependencies/ros-one-gennodejs_2.0.1-8-g19d224c-2025.01.07.13.23_amd64.deb to /<<CHROOT>>...
Copying /home/runner/apt_repo_dependencies/ros-one-costmap-2d_1.17.3-3-g9ad64419-2025.01.07.17.21_amd64.deb to /<<CHROOT>>...
Copying /home/runner/apt_repo_dependencies/ros-one-rosbridge-library_0.11.17-2025.01.07.16.11_amd64.deb to /<<CHROOT>>...
Copying /home/runner/apt_repo_dependencies/ros-one-diagnostic-aggregator_1.11.0-7-gda86650-2025.01.07.16.33_amd64.deb to /<<CHROOT>>...
Copying /home/runner/apt_repo_dependencies/ros-one-mini-maxwell_2.1.29-2025.01.08.00.34_amd64.deb to /<<CHROOT>>...
Copying /home/runner/apt_repo_dependencies/ros-one-interval-intersection_0-2025.01.07.15.51_amd64.deb to /<<CHROOT>>...
Copying /home/runner/apt_repo_dependencies/ros-one-rosgraph-msgs_1.11.3-1-gf51a0429-2025.01.07.14.12_amd64.deb to /<<CHROOT>>...
Copying /home/runner/apt_repo_dependencies/ros-one-kalman-filter_0.3.0-2025.01.07.18.53_amd64.deb to /<<CHROOT>>...
Copying /home/runner/apt_repo_dependencies/ros-one-std-msgs_0.5.13-1-gf3554d4-2025.01.07.14.09_amd64.deb to /<<CHROOT>>...
Copying /home/runner/apt_repo_dependencies/ros-one-rqt-image-view_0.4.17-3-g3803409-2025.01.07.16.42_amd64.deb to /<<CHROOT>>...
Copying /home/runner/apt_repo_dependencies/ros-one-rosatomic_1.0.25-10-g6ad6177-2025.01.07.15.21_amd64.deb to /<<CHROOT>>...
Copying /home/runner/apt_repo_dependencies/ros-one-multisense_4.0.5-46-g945e646-2025.01.07.17.31_amd64.deb to /<<CHROOT>>...
Copying /home/runner/apt_repo_dependencies/ros-one-test-rosparam_1.17.0-12-g2a12474fb-2025.01.07.15.00_amd64.deb to /<<CHROOT>>...
Copying /home/runner/apt_repo_dependencies/ros-one-pinocchio_3.3.1-2025.01.07.13.31_amd64.deb to /<<CHROOT>>...
Copying /home/runner/apt_repo_dependencies/ros-one-kdl-parser_1.14.1-2-g093117a-2025.01.07.15.56_amd64.deb to /<<CHROOT>>...
Copying /home/runner/apt_repo_dependencies/ros-one-pr2-controller-interface_1.8.21-7-g3b10e3e-2025.01.07.17.40_amd64.deb to /<<CHROOT>>...
Copying /home/runner/apt_repo_dependencies/ros-one-dynamic-reconfigure_1.7.3-3-g2654f22-2025.01.07.15.21_amd64.deb to /<<CHROOT>>...
Copying /home/runner/apt_repo_dependencies/ros-one-eigenpy_3.10.1-2025.01.07.13.01_amd64.deb to /<<CHROOT>>...
Copying /home/runner/apt_repo_dependencies/ros-one-qb-device-srvs_0-2025.01.07.19.29_amd64.deb to /<<CHROOT>>...
Copying /home/runner/apt_repo_dependencies/ros-one-tf2-ros_0.7.5-23-gfbcdc99-2025.01.07.15.51_amd64.deb to /<<CHROOT>>...
Copying /home/runner/apt_repo_dependencies/ros-one-stage_4.3.0-17-g2d2e0724-2025.01.07.13.04_amd64.deb to /<<CHROOT>>...
Copying /home/runner/apt_repo_dependencies/ros-one-jsk-footstep-msgs_4.3.2-13-g093b57c-2025.01.07.15.49_amd64.deb to /<<CHROOT>>...
Copying /home/runner/apt_repo_dependencies/ros-one-random-numbers_0.3.3-1-g51f6043-2025.01.07.13.02_amd64.deb to /<<CHROOT>>...
Copying /home/runner/apt_repo_dependencies/ros-one-teleop-tools-msgs_0.5.0-2025.01.07.16.03_amd64.deb to /<<CHROOT>>...
Copying /home/runner/apt_repo_dependencies/ros-one-nlopt_2.1.29-2025.01.08.00.43_amd64.deb to /<<CHROOT>>...
Copying /home/runner/apt_repo_dependencies/ros-one-moveit-python_0.4.5-1-gbc6d4a4-2025.01.07.16.27_amd64.deb to /<<CHROOT>>...
Copying /home/runner/apt_repo_dependencies/ros-one-roscpp_1.17.0-12-g2a12474fb-2025.01.07.14.44_amd64.deb to /<<CHROOT>>...
Copying /home/runner/apt_repo_dependencies/ros-one-std-srvs_1.11.3-1-gf51a0429-2025.01.07.14.13_amd64.deb to /<<CHROOT>>...
Copying /home/runner/apt_repo_dependencies/ros-one-moveit-resources-fanuc-description_0.8.3-2-gb771644-2025.01.07.18.21_amd64.deb to /<<CHROOT>>...
Copying /home/runner/apt_repo_dependencies/ros-one-joint-limits-interface_0.20.0-1-g633c374-2025.01.07.16.43_amd64.deb to /<<CHROOT>>...
Copying /home/runner/apt_repo_dependencies/ros-one-py-binding-tools_1.0.0-7-g1ff1cbb-2025.01.07.15.49_amd64.deb to /<<CHROOT>>...
Copying /home/runner/apt_repo_dependencies/ros-one-moveit-ros-perception_1.1.16-17-g3aed1dc85-2025.01.07.19.46_amd64.deb to /<<CHROOT>>...
Copying /home/runner/apt_repo_dependencies/ros-one-leg-detector_1.4.2-6-gcfd7892-2025.01.07.21.15_amd64.deb to /<<CHROOT>>...
Copying /home/runner/apt_repo_dependencies/ros-one-ros_1.15.8-3-g136e18e9-2025.01.07.13.59_amd64.deb to /<<CHROOT>>...
Copying /home/runner/apt_repo_dependencies/ros-one-rosnode_1.17.0-12-g2a12474fb-2025.01.07.14.51_amd64.deb to /<<CHROOT>>...
Copying /home/runner/apt_repo_dependencies/ros-one-image-common_1.12.0-9-g21aac6a-2025.01.07.15.19_amd64.deb to /<<CHROOT>>...
Copying /home/runner/apt_repo_dependencies/ros-one-laser-cb-detector_0-2025.01.07.15.58_amd64.deb to /<<CHROOT>>...
Copying /home/runner/apt_repo_dependencies/ros-one-rqt-robot-dashboard_0.5.8-1-g3d890a9-2025.01.07.21.13_amd64.deb to /<<CHROOT>>...
Copying /home/runner/apt_repo_dependencies/ros-one-bondcpp_1.8.6-1-g398e8ed-2025.01.07.15.22_amd64.deb to /<<CHROOT>>...
Copying /home/runner/apt_repo_dependencies/ros-one-agni-tf-tools_0.1.6-4-geee30f6-2025.01.07.18.06_amd64.deb to /<<CHROOT>>...
Copying /home/runner/apt_repo_dependencies/ros-one-pr2-common_1.13.1-2025.01.07.15.50_amd64.deb to /<<CHROOT>>...
Copying /home/runner/apt_repo_dependencies/ros-one-openni2-camera_0-2025.01.07.18.45_amd64.deb to /<<CHROOT>>...
Copying /home/runner/apt_repo_dependencies/ros-one-apriltag-ros_3.2.1-23-g94b3b84-2025.01.07.16.27_amd64.deb to /<<CHROOT>>...
Copying /home/runner/apt_repo_dependencies/ros-one-rosboost-cfg_1.15.8-3-g136e18e9-2025.01.07.14.00_amd64.deb to /<<CHROOT>>...
Copying /home/runner/apt_repo_dependencies/ros-one-gazebo-plugins_2.9.2-6-g959e7d0-2025.01.07.17.15_amd64.deb to /<<CHROOT>>...
Copying /home/runner/apt_repo_dependencies/ros-one-ddynamic-reconfigure_0.4.1-2-gd3e4c9f-2025.01.07.15.45_amd64.deb to /<<CHROOT>>...
Copying /home/runner/apt_repo_dependencies/ros-one-multisense-bringup_4.0.5-46-g945e646-2025.01.07.17.45_amd64.deb to /<<CHROOT>>...
Copying /home/runner/apt_repo_dependencies/ros-one-mongodb-store_0-2025.01.07.16.40_amd64.deb to /<<CHROOT>>...
Copying /home/runner/apt_repo_dependencies/ros-one-kdl-conversions_1.13.2-10-g674e0c4-2025.01.07.16.17_amd64.deb to /<<CHROOT>>...
Copying /home/runner/apt_repo_dependencies/ros-one-dynamixel-tutorials_0.4.1-3-g3d84232-2025.01.07.15.55_amd64.deb to /<<CHROOT>>...
Copying /home/runner/apt_repo_dependencies/ros-one-rosbridge-msgs_0.11.17-2025.01.07.16.14_amd64.deb to /<<CHROOT>>...
Copying /home/runner/apt_repo_dependencies/ros-one-common-tutorials_0-2025.01.07.16.14_amd64.deb to /<<CHROOT>>...
Copying /home/runner/apt_repo_dependencies/ros-one-rviz-marker-tools_1-0.1.3-117-ga924b56-2025.01.07.21.17_amd64.deb to /<<CHROOT>>...
Copying /home/runner/apt_repo_dependencies/ros-one-industrial-trajectory-filters_0.7.3-7-ge4d2633-2025.01.07.21.13_amd64.deb to /<<CHROOT>>...
Copying /home/runner/apt_repo_dependencies/ros-one-gdrive-ros_2.1.29-2025.01.07.23.38_amd64.deb to /<<CHROOT>>...
Copying /home/runner/apt_repo_dependencies/ros-one-actionlib-tutorials_0-2025.01.07.16.11_amd64.deb to /<<CHROOT>>...
Copying /home/runner/apt_repo_dependencies/ros-one-libuvc-camera_0-2025.01.07.16.17_amd64.deb to /<<CHROOT>>...
Copying /home/runner/apt_repo_dependencies/ros-one-eigen-conversions_1.13.2-10-g674e0c4-2025.01.07.16.13_amd64.deb to /<<CHROOT>>...
Copying /home/runner/apt_repo_dependencies/ros-one-moveit-resources-pr2-description_0.8.3-2-gb771644-2025.01.07.18.36_amd64.deb to /<<CHROOT>>...
Copying /home/runner/apt_repo_dependencies/ros-one-roslib_1.15.8-3-g136e18e9-2025.01.07.14.05_amd64.deb to /<<CHROOT>>...
Copying /home/runner/apt_repo_dependencies/ros-one-ur5e-moveit-config_1.3.3-3-gcce1f0e-2025.01.07.22.20_amd64.deb to /<<CHROOT>>...
Copying /home/runner/apt_repo_dependencies/ros-one-test-diagnostic-aggregator_1.11.0-7-gda86650-2025.01.07.16.49_amd64.deb to /<<CHROOT>>...
Copying /home/runner/apt_repo_dependencies/ros-one-warehouse-ros-mongo_0.10.0-7-g9ba9e71-2025.01.07.17.53_amd64.deb to /<<CHROOT>>...
Copying /home/runner/apt_repo_dependencies/ros-one-actionlib-tools_1.14.0-6-gbbf979f-2025.01.07.15.19_amd64.deb to /<<CHROOT>>...
Copying /home/runner/apt_repo_dependencies/ros-one-rostwitter_2.1.29-2025.01.08.01.27_amd64.deb to /<<CHROOT>>...
Copying /home/runner/apt_repo_dependencies/ros-one-ffha_2.1.29-2025.01.07.23.33_amd64.deb to /<<CHROOT>>...
Copying /home/runner/apt_repo_dependencies/ros-one-geometry-tutorials_0.2.3-1-g1d1d36a-2025.01.07.16.33_amd64.deb to /<<CHROOT>>...
Copying /home/runner/apt_repo_dependencies/ros-one-power-monitor_1.1.10-5-gc7f225d-2025.01.07.17.54_amd64.deb to /<<CHROOT>>...
Copying /home/runner/apt_repo_dependencies/ros-one-jsk-3rdparty_2.1.29-2025.01.07.23.56_amd64.deb to /<<CHROOT>>...
Copying /home/runner/apt_repo_dependencies/ros-one-moveit-msgs_0.11.4-5-g851fe62-2025.01.07.15.47_amd64.deb to /<<CHROOT>>...
Copying /home/runner/apt_repo_dependencies/ros-one-image-pipeline_1.17.0-11-g69488e6-2025.01.07.16.36_amd64.deb to /<<CHROOT>>...
Copying /home/runner/apt_repo_dependencies/ros-one-diagnostic-common-diagnostics_1.11.0-7-gda86650-2025.01.07.16.41_amd64.deb to /<<CHROOT>>...
Copying /home/runner/apt_repo_dependencies/ros-one-julius-ros_2.1.29-2025.01.08.00.11_amd64.deb to /<<CHROOT>>...
Copying /home/runner/apt_repo_dependencies/ros-one-apriltag_3.4.2-33-gfc2a7b2-2025.01.07.13.01_amd64.deb to /<<CHROOT>>...
Copying /home/runner/apt_repo_dependencies/ros-one-sound-play_0.3.18-2025.01.07.16.00_amd64.deb to /<<CHROOT>>...
Copying /home/runner/apt_repo_dependencies/ros-one-jsk-tools_2.2.12-185-g1ddd7669-2025.01.07.22.26_amd64.deb to /<<CHROOT>>...
Copying /home/runner/apt_repo_dependencies/ros-one-imu-sensor-controller_0.22.0-2025.01.07.17.25_amd64.deb to /<<CHROOT>>...
Copying /home/runner/apt_repo_dependencies/ros-one-gazebo-ros-control_2.9.2-6-g959e7d0-2025.01.07.17.25_amd64.deb to /<<CHROOT>>...
Copying /home/runner/apt_repo_dependencies/ros-one-zdepth_2.1.29-2025.01.08.01.56_amd64.deb to /<<CHROOT>>...
Copying /home/runner/apt_repo_dependencies/ros-one-libuvc-ros_0-2025.01.07.16.19_amd64.deb to /<<CHROOT>>...
Copying /home/runner/apt_repo_dependencies/ros-one-moveit-tutorials_0-2025.01.07.21.59_amd64.deb to /<<CHROOT>>...
Copying /home/runner/apt_repo_dependencies/ros-one-speed-scaling-interface_0.1.1-4-gb2fff50-2025.01.07.19.32_amd64.deb to /<<CHROOT>>...
Copying /home/runner/apt_repo_dependencies/ros-one-gazebo-ros_2.9.2-6-g959e7d0-2025.01.07.17.11_amd64.deb to /<<CHROOT>>...
Copying /home/runner/apt_repo_dependencies/ros-one-lockfree_1.0.25-10-g6ad6177-2025.01.07.15.22_amd64.deb to /<<CHROOT>>...
Copying /home/runner/apt_repo_dependencies/ros-one-moveit-task-constructor-msgs_1-0.1.3-117-ga924b56-2025.01.07.20.59_amd64.deb to /<<CHROOT>>...
Copying /home/runner/apt_repo_dependencies/ros-one-ros-numpy_0-2025.01.07.16.32_amd64.deb to /<<CHROOT>>...
Copying /home/runner/apt_repo_dependencies/ros-one-test-nodelet_1.11.1-2025.01.07.15.59_amd64.deb to /<<CHROOT>>...
Copying /home/runner/apt_repo_dependencies/ros-one-moveit-task-constructor-visualization_1-0.1.3-117-ga924b56-2025.01.07.21.37_amd64.deb to /<<CHROOT>>...
Copying /home/runner/apt_repo_dependencies/ros-one-moveit-ros-warehouse_1.1.16-17-g3aed1dc85-2025.01.07.19.56_amd64.deb to /<<CHROOT>>...
Copying /home/runner/apt_repo_dependencies/ros-one-rosbaglive_0.3.0-2025.01.07.20.01_amd64.deb to /<<CHROOT>>...
Copying /home/runner/apt_repo_dependencies/ros-one-four-wheel-steering-msgs_1.1.1-2025.01.07.14.12_amd64.deb to /<<CHROOT>>...
Copying /home/runner/apt_repo_dependencies/ros-one-desktop-full_1.5.0-2025.01.07.22.54_amd64.deb to /<<CHROOT>>...
Copying /home/runner/apt_repo_dependencies/ros-one-teleop-twist-keyboard_1.0.0-11-g8e1e14f-2025.01.07.15.25_amd64.deb to /<<CHROOT>>...
Copying /home/runner/apt_repo_dependencies/ros-one-rosparam_1.17.0-12-g2a12474fb-2025.01.07.14.34_amd64.deb to /<<CHROOT>>...
Copying /home/runner/apt_repo_dependencies/ros-one-rosconsole-bridge_0.5.4-1-g38b0830-2025.01.07.14.20_amd64.deb to /<<CHROOT>>...
Copying /home/runner/apt_repo_dependencies/ros-one-rosbag-storage_1.17.0-12-g2a12474fb-2025.01.07.14.48_amd64.deb to /<<CHROOT>>...
Copying /home/runner/apt_repo_dependencies/ros-one-joy-teleop_0.5.0-2025.01.07.15.46_amd64.deb to /<<CHROOT>>...
Copying /home/runner/apt_repo_dependencies/ros-one-test-rosservice_1.17.0-12-g2a12474fb-2025.01.07.15.11_amd64.deb to /<<CHROOT>>...
Copying /home/runner/apt_repo_dependencies/ros-one-test-mavros_1.20.0-1-g08142be7-2025.01.07.17.54_amd64.deb to /<<CHROOT>>...
Copying /home/runner/apt_repo_dependencies/ros-one-fake-joint-launch_0.0.4-6-g1e5d5a2-2025.01.07.18.21_amd64.deb to /<<CHROOT>>...
Copying /home/runner/apt_repo_dependencies/ros-one-moveit-servo_1.1.16-17-g3aed1dc85-2025.01.07.20.25_amd64.deb to /<<CHROOT>>...
Copying /home/runner/apt_repo_dependencies/ros-one-joint-states-settler_0-2025.01.07.15.55_amd64.deb to /<<CHROOT>>...
Copying /home/runner/apt_repo_dependencies/ros-one-pcl-msgs_0.3.0-1-g89b0725-2025.01.07.15.27_amd64.deb to /<<CHROOT>>...
Copying /home/runner/apt_repo_dependencies/ros-one-pr2-description_1.13.1-2025.01.07.15.54_amd64.deb to /<<CHROOT>>...
Copying /home/runner/apt_repo_dependencies/ros-one-topic-tools_1.17.0-12-g2a12474fb-2025.01.07.15.01_amd64.deb to /<<CHROOT>>...
Copying /home/runner/apt_repo_dependencies/ros-one-mavlink_2024.10.10-1-2025.01.07.13.03_amd64.deb to /<<CHROOT>>...
Copying /home/runner/apt_repo_dependencies/ros-one-pr2-mechanism-model_1.8.21-7-g3b10e3e-2025.01.07.17.37_amd64.deb to /<<CHROOT>>...
Copying /home/runner/apt_repo_dependencies/ros-one-rqt-rviz_0.7.0-1-gdef41cd-2025.01.07.19.17_amd64.deb to /<<CHROOT>>...
Copying /home/runner/apt_repo_dependencies/ros-one-mongodb-log_0-2025.01.07.16.42_amd64.deb to /<<CHROOT>>...
Copying /home/runner/apt_repo_dependencies/ros-one-python-qt-binding_0.4.4-13-gacea937-2025.01.07.14.13_amd64.deb to /<<CHROOT>>...
Copying /home/runner/apt_repo_dependencies/ros-one-geographic-info_0.5.6-1-gbc73c05-2025.01.07.16.27_amd64.deb to /<<CHROOT>>...
Copying /home/runner/apt_repo_dependencies/ros-one-ros-realtime_1.0.25-10-g6ad6177-2025.01.07.15.20_amd64.deb to /<<CHROOT>>...
Copying /home/runner/apt_repo_dependencies/ros-one-slam-karto_0.8.1-14-g5c84a19-2025.01.07.16.52_amd64.deb to /<<CHROOT>>...
Copying /home/runner/apt_repo_dependencies/ros-one-diagnostic-updater_1.11.0-7-gda86650-2025.01.07.16.38_amd64.deb to /<<CHROOT>>...
Copying /home/runner/apt_repo_dependencies/ros-one-ompl_1.6.0-87-g1c4cd078-2025.01.07.13.01_amd64.deb to /<<CHROOT>>...
Copying /home/runner/apt_repo_dependencies/ros-one-fetch-ros_0.9.1-5-g11f8df9-2025.01.07.21.25_amd64.deb to /<<CHROOT>>...
Copying /home/runner/apt_repo_dependencies/ros-one-audio-capture_0.3.18-2025.01.07.15.45_amd64.deb to /<<CHROOT>>...
Copying /home/runner/apt_repo_dependencies/ros-one-octomap-ros_0.4.1-3-g8816e50-2025.01.07.16.34_amd64.deb to /<<CHROOT>>...
Copying /home/runner/apt_repo_dependencies/ros-one-laser-filters_1.9.1-2025.01.07.17.12_amd64.deb to /<<CHROOT>>...
Copying /home/runner/apt_repo_dependencies/ros-one-moveit-ros-robot-interaction_1.1.16-17-g3aed1dc85-2025.01.07.19.51_amd64.deb to /<<CHROOT>>...
Copying /home/runner/apt_repo_dependencies/ros-one-openni-description_0-2025.01.07.18.56_amd64.deb to /<<CHROOT>>...
Copying /home/runner/apt_repo_dependencies/ros-one-roslang_1.15.8-3-g136e18e9-2025.01.07.14.04_amd64.deb to /<<CHROOT>>...
Copying /home/runner/apt_repo_dependencies/ros-one-pr2-mechanism-msgs_1.8.2-2-g992b461-2025.01.07.15.26_amd64.deb to /<<CHROOT>>...
Copying /home/runner/apt_repo_dependencies/ros-one-jskeus_1.2.5-1-2025.01.07.14.20_amd64.deb to /<<CHROOT>>...
Copying /home/runner/apt_repo_dependencies/ros-one-moveit-core_1.1.16-17-g3aed1dc85-2025.01.07.18.39_amd64.deb to /<<CHROOT>>...
Copying /home/runner/apt_repo_dependencies/ros-one-moveit-planners-ompl_1.1.16-17-g3aed1dc85-2025.01.07.19.31_amd64.deb to /<<CHROOT>>...
Copying /home/runner/apt_repo_dependencies/ros-one-opt-camera_2.1.29-2025.01.08.00.48_amd64.deb to /<<CHROOT>>...
Copying /home/runner/apt_repo_dependencies/ros-one-joint-trajectory-controller_0.22.0-2025.01.07.17.34_amd64.deb to /<<CHROOT>>...
Copying /home/runner/apt_repo_dependencies/ros-one-librviz-tutorial_0-2025.01.07.18.56_amd64.deb to /<<CHROOT>>...
Copying /home/runner/apt_repo_dependencies/ros-one-code-coverage_0.4.4-5-g7c273b3-2025.01.07.13.02_amd64.deb to /<<CHROOT>>...
Copying /home/runner/apt_repo_dependencies/ros-one-visualization-tutorials_0-2025.01.07.20.19_amd64.deb to /<<CHROOT>>...
Copying /home/runner/apt_repo_dependencies/ros-one-pr2-run-stop-auto-restart_1.6.32-21-gcb63b5d-2025.01.07.21.28_amd64.deb to /<<CHROOT>>...
Copying /home/runner/apt_repo_dependencies/ros-one-roswtf_1.17.0-12-g2a12474fb-2025.01.07.15.05_amd64.deb to /<<CHROOT>>...
Copying /home/runner/apt_repo_dependencies/ros-one-rqt-dep_0.4.12-4-gebf0f6e-2025.01.07.17.45_amd64.deb to /<<CHROOT>>...
Copying /home/runner/apt_repo_dependencies/ros-one-moveit-ros-benchmarks_1.1.16-17-g3aed1dc85-2025.01.07.20.00_amd64.deb to /<<CHROOT>>...
Copying /home/runner/apt_repo_dependencies/ros-one-rosparam-shortcuts_0.4.0-4-g7cf1dea-2025.01.07.16.34_amd64.deb to /<<CHROOT>>...
Copying /home/runner/apt_repo_dependencies/ros-one-moveit-ros-planning-interface_1.1.16-17-g3aed1dc85-2025.01.07.20.05_amd64.deb to /<<CHROOT>>...
Copying /home/runner/apt_repo_dependencies/ros-one-rqt-gui-py_0.5.2-8-gb606144-2025.01.07.16.17_amd64.deb to /<<CHROOT>>...
Copying /home/runner/apt_repo_dependencies/ros-one-ur10-moveit-config_1.3.3-3-gcce1f0e-2025.01.07.21.50_amd64.deb to /<<CHROOT>>...
Copying /home/runner/apt_repo_dependencies/ros-one-cv-bridge_1.16.2-2-gcfabf72-2025.01.07.15.17_amd64.deb to /<<CHROOT>>...
Copying /home/runner/apt_repo_dependencies/ros-one-message-runtime_0.4.13-2025.01.07.13.31_amd64.deb to /<<CHROOT>>...
Copying /home/runner/apt_repo_dependencies/ros-one-urdf-tutorial_0.5.0-2025.01.07.19.39_amd64.deb to /<<CHROOT>>...
Copying /home/runner/apt_repo_dependencies/ros-one-executive-smach-visualization_4.1.0-7-ge82d7ef-2025.01.07.16.13_amd64.deb to /<<CHROOT>>...
Copying /home/runner/apt_repo_dependencies/ros-one-moveit-task-constructor-capabilities_1-0.1.3-117-ga924b56-2025.01.07.21.28_amd64.deb to /<<CHROOT>>...
Copying /home/runner/apt_repo_dependencies/ros-one-gazebo-msgs_2.9.2-6-g959e7d0-2025.01.07.17.08_amd64.deb to /<<CHROOT>>...
Copying /home/runner/apt_repo_dependencies/ros-one-rosbag-snapshot-msgs_1.0.5-1-g2f349da-2025.01.07.15.29_amd64.deb to /<<CHROOT>>...
Copying /home/runner/apt_repo_dependencies/ros-one-jsk-data_2.2.12-185-g1ddd7669-2025.01.07.22.13_amd64.deb to /<<CHROOT>>...
Copying /home/runner/apt_repo_dependencies/ros-one-librealsense2_2.54.2-6-g987f4db61-2025.01.07.13.03_amd64.deb to /<<CHROOT>>...
Copying /home/runner/apt_repo_dependencies/ros-one-trac-ik-lib_0-2025.01.07.21.02_amd64.deb to /<<CHROOT>>...
Copying /home/runner/apt_repo_dependencies/ros-one-rqt-py-console_0.4.10-1-gf9bf603-2025.01.07.16.41_amd64.deb to /<<CHROOT>>...
Copying /home/runner/apt_repo_dependencies/ros-one-jsk-common-msgs_4.3.2-13-g093b57c-2025.01.07.15.47_amd64.deb to /<<CHROOT>>...
Copying /home/runner/apt_repo_dependencies/ros-one-unique-identifier_1.0.6-9-g39b8b62-2025.01.07.15.24_amd64.deb to /<<CHROOT>>...
Copying /home/runner/apt_repo_dependencies/ros-one-rqt-top_0.4.10-1-gb2caab1-2025.01.07.16.45_amd64.deb to /<<CHROOT>>...
Copying /home/runner/apt_repo_dependencies/ros-one-tf2-sensor-msgs_0.7.5-23-gfbcdc99-2025.01.07.15.59_amd64.deb to /<<CHROOT>>...
Copying /home/runner/apt_repo_dependencies/ros-one-ur-calibration_2.1.5-12-gc006672-2025.01.07.23.27_amd64.deb to /<<CHROOT>>...
Copying /home/runner/apt_repo_dependencies/ros-one-pr2-controller-configuration_1.6.32-21-gcb63b5d-2025.01.07.21.17_amd64.deb to /<<CHROOT>>...
Copying /home/runner/apt_repo_dependencies/ros-one-srdfdom_0.6.4-4-ge23af6e-2025.01.07.15.58_amd64.deb to /<<CHROOT>>...
Copying /home/runner/apt_repo_dependencies/ros-one-virtual-force-publisher_2.2.12-185-g1ddd7669-2025.01.07.22.42_amd64.deb to /<<CHROOT>>...
Copying /home/runner/apt_repo_dependencies/ros-one-rethink-ee-description_1.2.0-2025.01.07.15.25_amd64.deb to /<<CHROOT>>...
Copying /home/runner/apt_repo_dependencies/ros-one-pr2-msgs_1.13.1-2025.01.07.15.57_amd64.deb to /<<CHROOT>>...
Copying /home/runner/apt_repo_dependencies/ros-one-moveit-simple-controller-manager_1.1.16-17-g3aed1dc85-2025.01.07.20.37_amd64.deb to /<<CHROOT>>...
Copying /home/runner/apt_repo_dependencies/ros-one-genpy_0.6.16-6-gf70658f-2025.01.07.13.22_amd64.deb to /<<CHROOT>>...
Copying /home/runner/apt_repo_dependencies/ros-one-diagnostic-analysis_1.11.0-7-gda86650-2025.01.07.16.36_amd64.deb to /<<CHROOT>>...
Copying /home/runner/apt_repo_dependencies/ros-one-test-rosmaster_1.17.0-12-g2a12474fb-2025.01.07.14.59_amd64.deb to /<<CHROOT>>...
Copying /home/runner/apt_repo_dependencies/ros-one-spacenav-node_0-2025.01.07.17.52_amd64.deb to /<<CHROOT>>...
Copying /home/runner/apt_repo_dependencies/ros-one-trac-ik-kinematics-plugin_0-2025.01.07.21.10_amd64.deb to /<<CHROOT>>...
Copying /home/runner/apt_repo_dependencies/ros-one-rqt-msg_0.4.10-5-gcd226dd-2025.01.07.19.09_amd64.deb to /<<CHROOT>>...
Copying /home/runner/apt_repo_dependencies/ros-one-tf2_0.7.5-23-gfbcdc99-2025.01.07.15.44_amd64.deb to /<<CHROOT>>...
Copying /home/runner/apt_repo_dependencies/ros-one-cartesian-trajectory-interpolation_0.1.7-1-gceffa65-2025.01.07.21.08_amd64.deb to /<<CHROOT>>...
Copying /home/runner/apt_repo_dependencies/ros-one-hardware-interface_0.20.0-1-g633c374-2025.01.07.16.29_amd64.deb to /<<CHROOT>>...
Copying /home/runner/apt_repo_dependencies/ros-one-calibration-msgs_0-2025.01.07.15.44_amd64.deb to /<<CHROOT>>...
Copying /home/runner/apt_repo_dependencies/ros-one-pr2-hardware-interface_1.8.21-7-g3b10e3e-2025.01.07.17.32_amd64.deb to /<<CHROOT>>...
Copying /home/runner/apt_repo_dependencies/ros-one-ackermann-steering-controller_0.22.0-2025.01.07.17.10_amd64.deb to /<<CHROOT>>...
Copying /home/runner/apt_repo_dependencies/ros-one-ff_2.1.29-2025.01.07.23.29_amd64.deb to /<<CHROOT>>...
Copying /home/runner/apt_repo_dependencies/ros-one-moveit-resources-prbt-pg70-support_0.8.3-2-gb771644-2025.01.07.19.03_amd64.deb to /<<CHROOT>>...
Copying /home/runner/apt_repo_dependencies/ros-one-rqt-launch_0.4.9-8-g6813b09-2025.01.07.19.05_amd64.deb to /<<CHROOT>>...
Copying /home/runner/apt_repo_dependencies/ros-one-actionlib_1.14.0-6-gbbf979f-2025.01.07.15.17_amd64.deb to /<<CHROOT>>...
Copying /home/runner/apt_repo_dependencies/ros-one-camera-calibration-parsers_1.12.0-9-g21aac6a-2025.01.07.15.17_amd64.deb to /<<CHROOT>>...
Copying /home/runner/apt_repo_dependencies/ros-one-rospatlite_2.1.29-2025.01.08.01.18_amd64.deb to /<<CHROOT>>...
Copying /home/runner/apt_repo_dependencies/ros-one-xacro_1.14.19-2025.01.07.15.26_amd64.deb to /<<CHROOT>>...
Copying /home/runner/apt_repo_dependencies/ros-one-clear-costmap-recovery_1.17.3-3-g9ad64419-2025.01.07.17.35_amd64.deb to /<<CHROOT>>...
Copying /home/runner/apt_repo_dependencies/ros-one-open-karto_1.2.3-2-g922db50-2025.01.07.15.49_amd64.deb to /<<CHROOT>>...
Copying /home/runner/apt_repo_dependencies/ros-one-realtime-urdf-filter_0-2025.01.07.16.36_amd64.deb to /<<CHROOT>>...
Copying /home/runner/apt_repo_dependencies/ros-one-rqt-console_0.4.12-2-gce13191-2025.01.07.17.14_amd64.deb to /<<CHROOT>>...
Copying /home/runner/apt_repo_dependencies/ros-one-test-rostest_1.17.0-12-g2a12474fb-2025.01.07.15.12_amd64.deb to /<<CHROOT>>...
Copying /home/runner/apt_repo_dependencies/ros-one-ethercat-hardware_1.9.0-5-g80a45bf-2025.01.07.18.10_amd64.deb to /<<CHROOT>>...
Copying /home/runner/apt_repo_dependencies/ros-one-laser-geometry_1.6.7-5-g6ace590-2025.01.07.16.31_amd64.deb to /<<CHROOT>>...
Copying /home/runner/apt_repo_dependencies/ros-one-pluginlib-tutorials_0-2025.01.07.16.18_amd64.deb to /<<CHROOT>>...
Copying /home/runner/apt_repo_dependencies/ros-one-camera-info-manager_1.12.0-9-g21aac6a-2025.01.07.15.22_amd64.deb to /<<CHROOT>>...
Copying /home/runner/apt_repo_dependencies/ros-one-moveit-task-constructor-demo_1-0.1.3-117-ga924b56-2025.01.07.21.32_amd64.deb to /<<CHROOT>>...
Copying /home/runner/apt_repo_dependencies/ros-one-roscpp-traits_0.7.3-3-gcae00b4-2025.01.07.13.02_amd64.deb to /<<CHROOT>>...
Copying /home/runner/apt_repo_dependencies/ros-one-rospack_2.6.2-2-gad85a87-2025.01.07.13.22_amd64.deb to /<<CHROOT>>...
Copying /home/runner/apt_repo_dependencies/ros-one-navigation_1.17.3-3-g9ad64419-2025.01.07.17.16_amd64.deb to /<<CHROOT>>...
Copying /home/runner/apt_repo_dependencies/ros-one-turtle-actionlib_0-2025.01.07.16.21_amd64.deb to /<<CHROOT>>...
Copying /home/runner/apt_repo_dependencies/ros-one-cartesian-trajectory-controller_0.1.7-1-gceffa65-2025.01.07.21.12_amd64.deb to /<<CHROOT>>...
Copying /home/runner/apt_repo_dependencies/ros-one-app-manager_1.3.0-62-gc23f10a-2025.01.07.15.41_amd64.deb to /<<CHROOT>>...
Copying /home/runner/apt_repo_dependencies/ros-one-monocam-settler_0-2025.01.07.16.00_amd64.deb to /<<CHROOT>>...
Copying /home/runner/apt_repo_dependencies/ros-one-multisense-description_4.0.5-46-g945e646-2025.01.07.17.33_amd64.deb to /<<CHROOT>>...
Copying /home/runner/apt_repo_dependencies/ros-one-kdl-parser-py_1.14.1-2-g093117a-2025.01.07.15.58_amd64.deb to /<<CHROOT>>...
Copying /home/runner/apt_repo_dependencies/ros-one-scaled-controllers_0.1.1-4-gb2fff50-2025.01.07.19.26_amd64.deb to /<<CHROOT>>...
Copying /home/runner/apt_repo_dependencies/ros-one-freenect-camera_0.4.3-2025.01.07.18.27_amd64.deb to /<<CHROOT>>...
Copying /home/runner/apt_repo_dependencies/ros-one-moveit-calibration-plugins_0.1.1-10-ga883ec2-2025.01.07.21.47_amd64.deb to /<<CHROOT>>...
Copying /home/runner/apt_repo_dependencies/ros-one-ros-control_0.20.0-1-g633c374-2025.01.07.16.46_amd64.deb to /<<CHROOT>>...
Copying /home/runner/apt_repo_dependencies/ros-one-pr2-ethercat_1.6.32-21-gcb63b5d-2025.01.07.21.21_amd64.deb to /<<CHROOT>>...
Copying /home/runner/apt_repo_dependencies/ros-one-moveit-resources-panda-description_0.8.3-2-gb771644-2025.01.07.18.30_amd64.deb to /<<CHROOT>>...
Copying /home/runner/apt_repo_dependencies/ros-one-joy-listener_0.3.0-2025.01.07.18.50_amd64.deb to /<<CHROOT>>...
Copying /home/runner/apt_repo_dependencies/ros-one-franka-gripper_0.8.1-368-gba8dd20-2025.01.07.18.15_amd64.deb to /<<CHROOT>>...
Copying /home/runner/apt_repo_dependencies/ros-one-qb-device-msgs_0-2025.01.07.19.26_amd64.deb to /<<CHROOT>>...
Copying /home/runner/apt_repo_dependencies/ros-one-rosapi_0.11.17-2025.01.07.16.09_amd64.deb to /<<CHROOT>>...
Copying /home/runner/apt_repo_dependencies/ros-one-rqt-gui_0.5.2-8-gb606144-2025.01.07.16.12_amd64.deb to /<<CHROOT>>...
Copying /home/runner/apt_repo_dependencies/ros-one-qb-hand-control_0-2025.01.07.21.14_amd64.deb to /<<CHROOT>>...
Copying /home/runner/apt_repo_dependencies/ros-one-realsense2-camera_2.3.2-24-g7402c40f-2025.01.07.17.26_amd64.deb to /<<CHROOT>>...
Copying /home/runner/apt_repo_dependencies/ros-one-test-rosbag_1.17.0-12-g2a12474fb-2025.01.07.15.08_amd64.deb to /<<CHROOT>>...
Copying /home/runner/apt_repo_dependencies/ros-one-diagnostics_1.11.0-7-gda86650-2025.01.07.16.43_amd64.deb to /<<CHROOT>>...
Copying /home/runner/apt_repo_dependencies/ros-one-fake-joint_0.0.4-6-g1e5d5a2-2025.01.07.18.14_amd64.deb to /<<CHROOT>>...
Copying /home/runner/apt_repo_dependencies/ros-one-rostopic_1.17.0-12-g2a12474fb-2025.01.07.14.52_amd64.deb to /<<CHROOT>>...
Copying /home/runner/apt_repo_dependencies/ros-one-mk_1.15.8-3-g136e18e9-2025.01.07.13.58_amd64.deb to /<<CHROOT>>...
Copying /home/runner/apt_repo_dependencies/ros-one-diagnostic-msgs_1.13.1-2025.01.07.14.26_amd64.deb to /<<CHROOT>>...
Copying /home/runner/apt_repo_dependencies/ros-one-industrial-robot-simulator_0.7.3-7-ge4d2633-2025.01.07.21.10_amd64.deb to /<<CHROOT>>...
Copying /home/runner/apt_repo_dependencies/ros-one-moveit_1.1.16-17-g3aed1dc85-2025.01.07.18.06_amd64.deb to /<<CHROOT>>...
Copying /home/runner/apt_repo_dependencies/ros-one-moveit-resources-dual-panda-moveit-config_0.8.3-2-gb771644-2025.01.07.18.18_amd64.deb to /<<CHROOT>>...
Copying /home/runner/apt_repo_dependencies/ros-one-ros-comm_1.17.0-12-g2a12474fb-2025.01.07.14.29_amd64.deb to /<<CHROOT>>...
Copying /home/runner/apt_repo_dependencies/ros-one-perception-pcl_1.7.4-12-g5f72467-2025.01.07.16.58_amd64.deb to /<<CHROOT>>...
Copying /home/runner/apt_repo_dependencies/ros-one-fake-joint-driver_0.0.4-6-g1e5d5a2-2025.01.07.18.17_amd64.deb to /<<CHROOT>>...
Copying /home/runner/apt_repo_dependencies/ros-one-roscpp-core_0.7.3-3-gcae00b4-2025.01.07.13.02_amd64.deb to /<<CHROOT>>...
Copying /home/runner/apt_repo_dependencies/ros-one-libsiftfast_2.1.29-2025.01.08.00.25_amd64.deb to /<<CHROOT>>...
Copying /home/runner/apt_repo_dependencies/ros-one-industrial-robot-status-controller_0.1.2-5-gab74b6e-2025.01.07.22.05_amd64.deb to /<<CHROOT>>...
Copying /home/runner/apt_repo_dependencies/ros-one-urdf-geometry-parser_0.1.0-6-g1d7317a-2025.01.07.16.03_amd64.deb to /<<CHROOT>>...
Copying /home/runner/apt_repo_dependencies/ros-one-calibration-launch_0-2025.01.07.15.42_amd64.deb to /<<CHROOT>>...
Copying /home/runner/apt_repo_dependencies/ros-one-fetch-navigation_0.9.1-5-g11f8df9-2025.01.07.21.22_amd64.deb to /<<CHROOT>>...
Copying /home/runner/apt_repo_dependencies/ros-one-object-recognition-msgs_0.4.2-2025.01.07.15.24_amd64.deb to /<<CHROOT>>...
Copying /home/runner/apt_repo_dependencies/ros-one-tf2-bullet_0.7.5-23-gfbcdc99-2025.01.07.15.46_amd64.deb to /<<CHROOT>>...
Copying /home/runner/apt_repo_dependencies/ros-one-sparse-bundle-adjustment_0.4.4-2025.01.07.15.26_amd64.deb to /<<CHROOT>>...
Copying /home/runner/apt_repo_dependencies/ros-one-trac-ik_0-2025.01.07.20.59_amd64.deb to /<<CHROOT>>...
Copying /home/runner/apt_repo_dependencies/ros-one-qt-gui-py-common_0.4.2-9-gdc7190f-2025.01.07.14.32_amd64.deb to /<<CHROOT>>...
Copying /home/runner/apt_repo_dependencies/ros-one-industrial-robot-client_0.7.3-7-ge4d2633-2025.01.07.21.26_amd64.deb to /<<CHROOT>>...
Copying /home/runner/apt_repo_dependencies/ros-one-pr2-mechanism_1.8.21-7-g3b10e3e-2025.01.07.17.35_amd64.deb to /<<CHROOT>>...
Copying /home/runner/apt_repo_dependencies/ros-one-polled-camera_1.12.0-9-g21aac6a-2025.01.07.15.25_amd64.deb to /<<CHROOT>>...
Copying /home/runner/apt_repo_dependencies/ros-one-moveit-resources-fanuc-moveit-config_0.8.3-2-gb771644-2025.01.07.18.24_amd64.deb to /<<CHROOT>>...
Copying /home/runner/apt_repo_dependencies/ros-one-warehouse-ros_0.9.5-2-g5c5b77b-2025.01.07.16.53_amd64.deb to /<<CHROOT>>...
Copying /home/runner/apt_repo_dependencies/ros-one-trajectory-msgs_1.13.1-2025.01.07.14.40_amd64.deb to /<<CHROOT>>...
Copying /home/runner/apt_repo_dependencies/ros-one-tf-conversions_1.13.2-10-g674e0c4-2025.01.07.16.22_amd64.deb to /<<CHROOT>>...
Copying /home/runner/apt_repo_dependencies/ros-one-geneus_3.0.0-2025.01.07.13.22_amd64.deb to /<<CHROOT>>...
Copying /home/runner/apt_repo_dependencies/ros-one-speed-scaling-state-controller_0.1.1-4-gb2fff50-2025.01.07.19.35_amd64.deb to /<<CHROOT>>...
Copying /home/runner/apt_repo_dependencies/ros-one-rosdoc-lite_0.2.11-2-gddd0835-2025.01.07.13.23_amd64.deb to /<<CHROOT>>...
Copying /home/runner/apt_repo_dependencies/ros-one-plotjuggler-ros_2.1.1-3-gd0692ad-2025.01.07.16.20_amd64.deb to /<<CHROOT>>...
Copying /home/runner/apt_repo_dependencies/ros-one-mtc-pour_1.0.0-10-g65abf3c-2025.01.07.22.07_amd64.deb to /<<CHROOT>>...
Copying /home/runner/apt_repo_dependencies/ros-one-robot-body-filter_1.3.2-1-g4ebbd32-2025.01.07.21.08_amd64.deb to /<<CHROOT>>...
Copying /home/runner/apt_repo_dependencies/ros-one-jsk-topic-tools_2.2.12-185-g1ddd7669-2025.01.07.22.30_amd64.deb to /<<CHROOT>>...
Copying /home/runner/apt_repo_dependencies/ros-one-tf2-tools_0.7.5-23-gfbcdc99-2025.01.07.16.01_amd64.deb to /<<CHROOT>>...
Copying /home/runner/apt_repo_dependencies/ros-one-robot-self-filter_0.1.32-2-ga8d2e49-2025.01.07.17.09_amd64.deb to /<<CHROOT>>...
Copying /home/runner/apt_repo_dependencies/ros-one-shape-msgs_1.13.1-2025.01.07.14.38_amd64.deb to /<<CHROOT>>...
Copying /home/runner/apt_repo_dependencies/ros-one-compressed-depth-image-transport_1.15.0-9-gcae592c-2025.01.07.15.41_amd64.deb to /<<CHROOT>>...
Copying /home/runner/apt_repo_dependencies/ros-one-stereo-msgs_1.13.1-2025.01.07.15.07_amd64.deb to /<<CHROOT>>...
Copying /home/runner/apt_repo_dependencies/ros-one-rqt-service-caller_0.4.10-1-g08ff4cc-2025.01.07.16.43_amd64.deb to /<<CHROOT>>...
Copying /home/runner/apt_repo_dependencies/ros-one-rqt-pose-view_0.5.11-5-g42e9174-2025.01.07.16.39_amd64.deb to /<<CHROOT>>...
Copying /home/runner/apt_repo_dependencies/ros-one-fetch-calibration_0.9.1-5-g11f8df9-2025.01.07.20.59_amd64.deb to /<<CHROOT>>...
Copying /home/runner/apt_repo_dependencies/ros-one-baxter-core-msgs_1.2.0-2025.01.07.15.19_amd64.deb to /<<CHROOT>>...
Copying /home/runner/apt_repo_dependencies/ros-one-franka-gazebo_0.8.1-368-gba8dd20-2025.01.07.18.35_amd64.deb to /<<CHROOT>>...
Copying /home/runner/apt_repo_dependencies/ros-one-baxter-maintenance-msgs_1.2.0-2025.01.07.15.22_amd64.deb to /<<CHROOT>>...
Copying /home/runner/apt_repo_dependencies/ros-one-rqt-gui-cpp_0.5.2-8-gb606144-2025.01.07.16.14_amd64.deb to /<<CHROOT>>...
Copying /home/runner/apt_repo_dependencies/ros-one-wifi-ddwrt_0.2.2-2025.01.07.16.50_amd64.deb to /<<CHROOT>>...
Copying /home/runner/apt_repo_dependencies/ros-one-image-cb-detector_0-2025.01.07.15.48_amd64.deb to /<<CHROOT>>...
Copying /home/runner/apt_repo_dependencies/ros-one-ros-tutorials_0.10.2-3-gdb63288-2025.01.07.15.28_amd64.deb to /<<CHROOT>>...
Copying /home/runner/apt_repo_dependencies/ros-one-ros-environment_1.3.2-5-g2686e94-2025.01.07.12.59_amd64.deb to /<<CHROOT>>...
Copying /home/runner/apt_repo_dependencies/ros-one-dynamixel-motor_0.4.1-3-g3d84232-2025.01.07.15.52_amd64.deb to /<<CHROOT>>...
Copying /home/runner/apt_repo_dependencies/ros-one-geographic-msgs_0.5.6-1-gbc73c05-2025.01.07.16.29_amd64.deb to /<<CHROOT>>...
Copying /home/runner/apt_repo_dependencies/ros-one-diff-drive-controller_0.22.0-2025.01.07.17.06_amd64.deb to /<<CHROOT>>...
Copying /home/runner/apt_repo_dependencies/ros-one-handeye_0.1.2-2025.01.07.16.15_amd64.deb to /<<CHROOT>>...
Copying /home/runner/apt_repo_dependencies/ros-one-cartesian-interface_0.1.7-1-gceffa65-2025.01.07.21.04_amd64.deb to /<<CHROOT>>...
Copying /home/runner/apt_repo_dependencies/ros-one-ros-base_1.5.0-2025.01.07.23.06_amd64.deb to /<<CHROOT>>...
Copying /home/runner/apt_repo_dependencies/ros-one-industrial-core_0.7.3-7-ge4d2633-2025.01.07.20.59_amd64.deb to /<<CHROOT>>...
Copying /home/runner/apt_repo_dependencies/ros-one-turtle-tf_0.2.3-1-g1d1d36a-2025.01.07.16.56_amd64.deb to /<<CHROOT>>...
Copying /home/runner/apt_repo_dependencies/ros-one-joy_0-2025.01.07.17.06_amd64.deb to /<<CHROOT>>...
Copying /home/runner/apt_repo_dependencies/ros-one-pr2-calibration-controllers_1.10.18-3-g8e8dfa0-2025.01.07.19.54_amd64.deb to /<<CHROOT>>...
Copying /home/runner/apt_repo_dependencies/ros-one-assimp-devel_2.1.29-2025.01.07.22.54_amd64.deb to /<<CHROOT>>...
Copying /home/runner/apt_repo_dependencies/ros-one-pal-carbon-collector_1.5.2-2-ga5b028b-2025.01.07.15.22_amd64.deb to /<<CHROOT>>...
Copying /home/runner/apt_repo_dependencies/ros-one-test-roslib-comm_1.17.0-12-g2a12474fb-2025.01.07.14.39_amd64.deb to /<<CHROOT>>...
Copying /home/runner/apt_repo_dependencies/ros-one-pr2-robot_1.6.32-21-gcb63b5d-2025.01.07.21.25_amd64.deb to /<<CHROOT>>...
Copying /home/runner/apt_repo_dependencies/ros-one-pr2-gripper-action_1.10.18-3-g8e8dfa0-2025.01.07.19.58_amd64.deb to /<<CHROOT>>...
Copying /home/runner/apt_repo_dependencies/ros-one-ur-msgs_1.4.0-2025.01.07.15.26_amd64.deb to /<<CHROOT>>...
Copying /home/runner/apt_repo_dependencies/ros-one-trac-ik-python_0-2025.01.07.21.14_amd64.deb to /<<CHROOT>>...
Copying /home/runner/apt_repo_dependencies/ros-one-moveit-task-constructor-core_1-0.1.3-117-ga924b56-2025.01.07.21.21_amd64.deb to /<<CHROOT>>...
Copying /home/runner/apt_repo_dependencies/ros-one-people-tracking-filter_1.4.2-6-gcfd7892-2025.01.07.21.11_amd64.deb to /<<CHROOT>>...
Copying /home/runner/apt_repo_dependencies/ros-one-urdf-parser-plugin_1.13.2-2-g3df8012-2025.01.07.15.22_amd64.deb to /<<CHROOT>>...
Copying /home/runner/apt_repo_dependencies/ros-one-axis-msgs_0.5.4-1-g340c307-2025.01.07.16.31_amd64.deb to /<<CHROOT>>...
Copying /home/runner/apt_repo_dependencies/ros-one-test-rosbag-storage_1.17.0-12-g2a12474fb-2025.01.07.14.54_amd64.deb to /<<CHROOT>>...
Copying /home/runner/apt_repo_dependencies/ros-one-pgm-learner_2.1.29-2025.01.08.00.58_amd64.deb to /<<CHROOT>>...
Copying /home/runner/apt_repo_dependencies/ros-one-rqt-action_0.4.9-14-gfd461f4-2025.01.07.21.30_amd64.deb to /<<CHROOT>>...
Copying /home/runner/apt_repo_dependencies/ros-one-qb-hand-hardware-interface_0-2025.01.07.21.26_amd64.deb to /<<CHROOT>>...
Copying /home/runner/apt_repo_dependencies/ros-one-vision-opencv_1.16.2-2-gcfabf72-2025.01.07.15.26_amd64.deb to /<<CHROOT>>...
Copying /home/runner/apt_repo_dependencies/ros-one-carrot-planner_1.17.3-3-g9ad64419-2025.01.07.17.32_amd64.deb to /<<CHROOT>>...
Copying /home/runner/apt_repo_dependencies/ros-one-audio-video-recorder_2.2.12-185-g1ddd7669-2025.01.07.21.47_amd64.deb to /<<CHROOT>>...
Copying /home/runner/apt_repo_dependencies/ros-one-pybind11-catkin_2.10.3-4-gd21b4ff-2025.01.07.13.01_amd64.deb to /<<CHROOT>>...
Copying /home/runner/apt_repo_dependencies/ros-one-rosbag_1.17.0-12-g2a12474fb-2025.01.07.15.03_amd64.deb to /<<CHROOT>>...
Copying /home/runner/apt_repo_dependencies/ros-one-angles_1.9.13-2-g2392b18-2025.01.07.14.12_amd64.deb to /<<CHROOT>>...
Copying /home/runner/apt_repo_dependencies/ros-one-tf2-eigen_0.7.5-23-gfbcdc99-2025.01.07.15.48_amd64.deb to /<<CHROOT>>...
Copying /home/runner/apt_repo_dependencies/ros-one-moveit-ros-manipulation_1.1.16-17-g3aed1dc85-2025.01.07.19.42_amd64.deb to /<<CHROOT>>...
Copying /home/runner/apt_repo_dependencies/ros-one-voxel-grid_1.17.3-3-g9ad64419-2025.01.07.17.18_amd64.deb to /<<CHROOT>>...
Copying /home/runner/apt_repo_dependencies/ros-one-pal-statistics-msgs_1.5.2-2-ga5b028b-2025.01.07.15.23_amd64.deb to /<<CHROOT>>...
Copying /home/runner/apt_repo_dependencies/ros-one-image-view2_2.2.12-185-g1ddd7669-2025.01.07.21.55_amd64.deb to /<<CHROOT>>...
Copying /home/runner/apt_repo_dependencies/ros-one-self-test_1.11.0-7-gda86650-2025.01.07.16.47_amd64.deb to /<<CHROOT>>...
Copying /home/runner/apt_repo_dependencies/ros-one-stereo-image-proc_1.17.0-11-g69488e6-2025.01.07.16.52_amd64.deb to /<<CHROOT>>...
Copying /home/runner/apt_repo_dependencies/ros-one-roslisp-repl_0.4.17-2025.01.07.14.35_amd64.deb to /<<CHROOT>>...
Copying /home/runner/apt_repo_dependencies/ros-one-roslaunch_1.17.0-12-g2a12474fb-2025.01.07.14.31_amd64.deb to /<<CHROOT>>...
Copying /home/runner/apt_repo_dependencies/ros-one-force-torque-sensor-controller_0.22.0-2025.01.07.17.13_amd64.deb to /<<CHROOT>>...
Copying /home/runner/apt_repo_dependencies/ros-one-resource-retriever_1.12.7-5-g40d08d6-2025.01.07.14.20_amd64.deb to /<<CHROOT>>...
Copying /home/runner/apt_repo_dependencies/ros-one-libfranka_0-2025.01.07.13.58_amd64.deb to /<<CHROOT>>...
Copying /home/runner/apt_repo_dependencies/ros-one-prosilica-gige-sdk_1.26.3-2025.01.07.13.01_amd64.deb to /<<CHROOT>>...
Copying /home/runner/apt_repo_dependencies/ros-one-face-detector_1.4.2-6-gcfd7892-2025.01.07.21.06_amd64.deb to /<<CHROOT>>...
Copying /home/runner/apt_repo_dependencies/ros-one-view-controller-msgs_0.2.0-2025.01.07.15.27_amd64.deb to /<<CHROOT>>...
Copying /home/runner/apt_repo_dependencies/ros-one-dynamixel-msgs_0.4.1-3-g3d84232-2025.01.07.15.53_amd64.deb to /<<CHROOT>>...
Copying /home/runner/apt_repo_dependencies/ros-one-joint-state-publisher_1.15.1-2-g7cb7069-2025.01.07.15.20_amd64.deb to /<<CHROOT>>...
Copying /home/runner/apt_repo_dependencies/ros-one-google-cloud-texttospeech_2.1.29-2025.01.07.23.48_amd64.deb to /<<CHROOT>>...
Copying /home/runner/apt_repo_dependencies/ros-one-moveit-monitoring_1.0.0-2025.01.07.20.59_amd64.deb to /<<CHROOT>>...
Copying /home/runner/apt_repo_dependencies/ros-one-uuid-msgs_1.0.6-9-g39b8b62-2025.01.07.15.25_amd64.deb to /<<CHROOT>>...
Copying /home/runner/apt_repo_dependencies/ros-one-microstrain-3dmgx2-imu_1.5.13-2025.01.07.17.16_amd64.deb to /<<CHROOT>>...
Copying /home/runner/apt_repo_dependencies/ros-one-rqt-shell_0.4.12-2025.01.07.16.51_amd64.deb to /<<CHROOT>>...
Copying /home/runner/apt_repo_dependencies/ros-one-ethercat-grant_0.3.2-2025.01.07.15.23_amd64.deb to /<<CHROOT>>...
Copying /home/runner/apt_repo_dependencies/ros-one-downward_2.1.29-2025.01.07.23.21_amd64.deb to /<<CHROOT>>...
Copying /home/runner/apt_repo_dependencies/ros-one-image-rotate_1.17.0-11-g69488e6-2025.01.07.16.45_amd64.deb to /<<CHROOT>>...
Copying /home/runner/apt_repo_dependencies/ros-one-openni-camera_0-2025.01.07.18.52_amd64.deb to /<<CHROOT>>...
Copying /home/runner/apt_repo_dependencies/ros-one-moveit-chomp-optimizer-adapter_1.1.16-17-g3aed1dc85-2025.01.07.18.52_amd64.deb to /<<CHROOT>>...
Copying /home/runner/apt_repo_dependencies/ros-one-rqt-publisher_0.4.10-7-g3f32ffe-2025.01.07.16.44_amd64.deb to /<<CHROOT>>...
Copying /home/runner/apt_repo_dependencies/ros-one-rqt-graph_0.4.14-5-g759e210-2025.01.07.16.40_amd64.deb to /<<CHROOT>>...
Copying /home/runner/apt_repo_dependencies/ros-one-collada-urdf_1.12.13-1-g4d944c2-2025.01.07.15.43_amd64.deb to /<<CHROOT>>...
Copying /home/runner/apt_repo_dependencies/ros-one-wiimote_0-2025.01.07.17.58_amd64.deb to /<<CHROOT>>...
Copying /home/runner/apt_repo_dependencies/ros-one-jsk-network-tools_2.2.12-185-g1ddd7669-2025.01.07.22.17_amd64.deb to /<<CHROOT>>...
Copying /home/runner/apt_repo_dependencies/ros-one-qt-gui-core_0.4.2-9-gdc7190f-2025.01.07.14.28_amd64.deb to /<<CHROOT>>...
Copying /home/runner/apt_repo_dependencies/ros-one-camera-calibration_1.17.0-11-g69488e6-2025.01.07.16.27_amd64.deb to /<<CHROOT>>...
Copying /home/runner/apt_repo_dependencies/ros-one-ros-type-introspection_0-2025.01.07.15.27_amd64.deb to /<<CHROOT>>...
Copying /home/runner/apt_repo_dependencies/ros-one-ur20-moveit-config_1.3.3-3-gcce1f0e-2025.01.07.22.01_amd64.deb to /<<CHROOT>>...
Copying /home/runner/apt_repo_dependencies/ros-one-rosemacs_0.4.17-2025.01.07.14.34_amd64.deb to /<<CHROOT>>...
Copying /home/runner/apt_repo_dependencies/ros-one-rviz-visual-tools_3.9.3-7-g147b1cd-2025.01.07.19.21_amd64.deb to /<<CHROOT>>...
Copying /home/runner/apt_repo_dependencies/ros-one-transmission-interface_0.20.0-1-g633c374-2025.01.07.16.50_amd64.deb to /<<CHROOT>>...
Copying /home/runner/apt_repo_dependencies/ros-one-plotjuggler_3.9.3-1-gb1ad0896-2025.01.07.15.18_amd64.deb to /<<CHROOT>>...
Copying /home/runner/apt_repo_dependencies/ros-one-cmake-modules_0.5.0-3-g05347c1-2025.01.07.13.02_amd64.deb to /<<CHROOT>>...
Copying /home/runner/apt_repo_dependencies/ros-one-nodelet-tutorial-math_0-2025.01.07.16.16_amd64.deb to /<<CHROOT>>...
Copying /home/runner/apt_repo_dependencies/ros-one-ur-robot-driver_2.1.5-12-gc006672-2025.01.07.23.22_amd64.deb to /<<CHROOT>>...
Copying /home/runner/apt_repo_dependencies/ros-one-smach-viewer_4.1.0-7-ge82d7ef-2025.01.07.16.21_amd64.deb to /<<CHROOT>>...
Copying /home/runner/apt_repo_dependencies/ros-one-rosbridge-server_0.11.17-2025.01.07.16.16_amd64.deb to /<<CHROOT>>...
Copying /home/runner/apt_repo_dependencies/ros-one-map-msgs_1.14.1-2025.01.07.15.22_amd64.deb to /<<CHROOT>>...
Copying /home/runner/apt_repo_dependencies/ros-one-backward-ros_0.1.8-2025.01.07.15.17_amd64.deb to /<<CHROOT>>...
Copying /home/runner/apt_repo_dependencies/ros-one-baxter-common_1.2.0-2025.01.07.15.18_amd64.deb to /<<CHROOT>>...
Copying /home/runner/apt_repo_dependencies/ros-one-rosclean_1.15.8-3-g136e18e9-2025.01.07.14.02_amd64.deb to /<<CHROOT>>...
Copying /home/runner/apt_repo_dependencies/ros-one-tf2-py_0.7.5-23-gfbcdc99-2025.01.07.15.49_amd64.deb to /<<CHROOT>>...
Copying /home/runner/apt_repo_dependencies/ros-one-collada-parser_1.12.13-1-g4d944c2-2025.01.07.15.41_amd64.deb to /<<CHROOT>>...
Copying /home/runner/apt_repo_dependencies/ros-one-pr2-kinematics_1.0.11-4-gffb1be8-2025.01.07.21.28_amd64.deb to /<<CHROOT>>...
Copying /home/runner/apt_repo_dependencies/ros-one-nfc-ros_2.1.29-2025.01.08.00.39_amd64.deb to /<<CHROOT>>...
Copying /home/runner/apt_repo_dependencies/ros-one-octomap-server_0.6.8-2025.01.07.17.40_amd64.deb to /<<CHROOT>>...
Copying /home/runner/apt_repo_dependencies/ros-one-message-filters_1.17.0-12-g2a12474fb-2025.01.07.14.47_amd64.deb to /<<CHROOT>>...
Copying /home/runner/apt_repo_dependencies/ros-one-wge100-camera-firmware_1.8.5-4-g9768e2e-2025.01.07.19.46_amd64.deb to /<<CHROOT>>...
Copying /home/runner/apt_repo_dependencies/ros-one-roscpp-serialization_0.7.3-3-gcae00b4-2025.01.07.13.04_amd64.deb to /<<CHROOT>>...
Copying /home/runner/apt_repo_dependencies/ros-one-driver-base_1.6.9-2025.01.07.17.06_amd64.deb to /<<CHROOT>>...
Copying /home/runner/apt_repo_dependencies/ros-one-bayesian-belief-networks_2.1.29-2025.01.07.23.04_amd64.deb to /<<CHROOT>>...
Copying /home/runner/apt_repo_dependencies/ros-one-image-publisher_1.17.0-11-g69488e6-2025.01.07.16.41_amd64.deb to /<<CHROOT>>...
Copying /home/runner/apt_repo_dependencies/ros-one-qb-hand_0-2025.01.07.21.11_amd64.deb to /<<CHROOT>>...
Copying /home/runner/apt_repo_dependencies/ros-one-moveit-setup-assistant_1.1.16-17-g3aed1dc85-2025.01.07.20.30_amd64.deb to /<<CHROOT>>...
Copying /home/runner/apt_repo_dependencies/ros-one-laser-filtering_0.0.5-2025.01.07.18.36_amd64.deb to /<<CHROOT>>...
Copying /home/runner/apt_repo_dependencies/ros-one-media-export_0.3.0-2025.01.07.13.17_amd64.deb to /<<CHROOT>>...
Copying /home/runner/apt_repo_dependencies/ros-one-moveit-by-name_1.0.0-2025.01.07.21.03_amd64.deb to /<<CHROOT>>...
Copying /home/runner/apt_repo_dependencies/ros-one-rqt-robot-steering_0.5.12-5-g3076940-2025.01.07.16.46_amd64.deb to /<<CHROOT>>...
Copying /home/runner/apt_repo_dependencies/ros-one-rqt-plot_0.4.13-2025.01.07.16.37_amd64.deb to /<<CHROOT>>...
Copying /home/runner/apt_repo_dependencies/ros-one-gl-dependency_1.1.2-1-g337fcfc-2025.01.07.13.03_amd64.deb to /<<CHROOT>>...
Copying /home/runner/apt_repo_dependencies/ros-one-rosrt_1.0.25-10-g6ad6177-2025.01.07.15.24_amd64.deb to /<<CHROOT>>...
Copying /home/runner/apt_repo_dependencies/ros-one-rosout_1.17.0-12-g2a12474fb-2025.01.07.14.46_amd64.deb to /<<CHROOT>>...
Copying /home/runner/apt_repo_dependencies/ros-one-calibration-setup-helper_0-2025.01.07.15.47_amd64.deb to /<<CHROOT>>...
Copying /home/runner/apt_repo_dependencies/ros-one-ps3joy_0-2025.01.07.17.49_amd64.deb to /<<CHROOT>>...
Copying /home/runner/apt_repo_dependencies/ros-one-turtle-tf2_0.2.3-1-g1d1d36a-2025.01.07.16.59_amd64.deb to /<<CHROOT>>...
Copying /home/runner/apt_repo_dependencies/ros-one-osqp_2.1.29-2025.01.08.00.54_amd64.deb to /<<CHROOT>>...
Copying /home/runner/apt_repo_dependencies/ros-one-rqt-robot-plugins_0.5.8-1-g6e17809-2025.01.07.22.21_amd64.deb to /<<CHROOT>>...
Copying /home/runner/apt_repo_dependencies/ros-one-soem_1.4.1003-1-g988013c-2025.01.07.13.05_amd64.deb to /<<CHROOT>>...
Copying /home/runner/apt_repo_dependencies/ros-one-octomap-mapping_0.6.8-2025.01.07.17.37_amd64.deb to /<<CHROOT>>...
Copying /home/runner/apt_repo_dependencies/ros-one-bond-core_1.8.6-1-g398e8ed-2025.01.07.15.18_amd64.deb to /<<CHROOT>>...
Copying /home/runner/apt_repo_dependencies/ros-one-moveit-plugins_1.1.16-17-g3aed1dc85-2025.01.07.18.12_amd64.deb to /<<CHROOT>>...
Copying /home/runner/apt_repo_dependencies/ros-one-qt-gui-cpp_0.4.2-9-gdc7190f-2025.01.07.14.29_amd64.deb to /<<CHROOT>>...
Copying /home/runner/apt_repo_dependencies/ros-one-tf2-geometry-msgs_0.7.5-23-gfbcdc99-2025.01.07.15.53_amd64.deb to /<<CHROOT>>...
Copying /home/runner/apt_repo_dependencies/ros-one-prosilica-camera_1.9.5-2-g14080aa-2025.01.07.17.06_amd64.deb to /<<CHROOT>>...
Copying /home/runner/apt_repo_dependencies/ros-one-timestamp-tools_1.6.9-2025.01.07.17.50_amd64.deb to /<<CHROOT>>...
Copying /home/runner/apt_repo_dependencies/ros-one-wge100-driver_1.8.5-4-g9768e2e-2025.01.07.19.49_amd64.deb to /<<CHROOT>>...
Copying /home/runner/apt_repo_dependencies/ros-one-fake-localization_1.17.3-3-g9ad64419-2025.01.07.17.06_amd64.deb to /<<CHROOT>>...
Copying /home/runner/apt_repo_dependencies/ros-one-gazebo-ros-pkgs_2.9.2-6-g959e7d0-2025.01.07.17.29_amd64.deb to /<<CHROOT>>...
Copying /home/runner/apt_repo_dependencies/ros-one-controller-manager-msgs_0.20.0-1-g633c374-2025.01.07.16.27_amd64.deb to /<<CHROOT>>...
Copying /home/runner/apt_repo_dependencies/ros-one-openni-launch_0-2025.01.07.18.59_amd64.deb to /<<CHROOT>>...
Copying /home/runner/apt_repo_dependencies/ros-one-ml-classifiers_0.3.0-13-gff40451-2025.01.07.15.23_amd64.deb to /<<CHROOT>>...
Copying /home/runner/apt_repo_dependencies/ros-one-scaled-joint-trajectory-controller_0.1.1-4-gb2fff50-2025.01.07.19.28_amd64.deb to /<<CHROOT>>...
Copying /home/runner/apt_repo_dependencies/ros-one-moveit-ros-move-group_1.1.16-17-g3aed1dc85-2025.01.07.19.36_amd64.deb to /<<CHROOT>>...
Copying /home/runner/apt_repo_dependencies/ros-one-geometric-shapes_0.7.7-1-gc24eb49-2025.01.07.15.18_amd64.deb to /<<CHROOT>>...
Copying /home/runner/apt_repo_dependencies/ros-one-imu-monitor_1.6.32-21-gcb63b5d-2025.01.07.20.59_amd64.deb to /<<CHROOT>>...
Copying /home/runner/apt_repo_dependencies/ros-one-control-toolbox_1.18.2-9-g59b3859-2025.01.07.16.13_amd64.deb to /<<CHROOT>>...
Copying /home/runner/apt_repo_dependencies/ros-one-rqt-robot-monitor_0.5.12-2025.01.07.19.15_amd64.deb to /<<CHROOT>>...
Copying /home/runner/apt_repo_dependencies/ros-one-unique-id_1.0.6-9-g39b8b62-2025.01.07.15.27_amd64.deb to /<<CHROOT>>...
Copying /home/runner/apt_repo_dependencies/ros-one-audio-play_0.3.18-2025.01.07.15.47_amd64.deb to /<<CHROOT>>...
Copying /home/runner/apt_repo_dependencies/ros-one-eigen-stl-containers_0.1.8-2-gd2a41f0-2025.01.07.13.22_amd64.deb to /<<CHROOT>>...
Copying /home/runner/apt_repo_dependencies/ros-one-twist-controller_0.1.7-1-gceffa65-2025.01.07.21.19_amd64.deb to /<<CHROOT>>...
Copying /home/runner/apt_repo_dependencies/ros-one-wu-ros-tools_0.3.0-2025.01.07.20.22_amd64.deb to /<<CHROOT>>...
Copying /home/runner/apt_repo_dependencies/ros-one-ur10e-moveit-config_1.3.3-3-gcce1f0e-2025.01.07.21.54_amd64.deb to /<<CHROOT>>...
Copying /home/runner/apt_repo_dependencies/ros-one-rosauth_1.0.1-1-gc2a5908-2025.01.07.15.28_amd64.deb to /<<CHROOT>>...
Copying /home/runner/apt_repo_dependencies/ros-one-bio-ik_0-2025.01.07.20.59_amd64.deb to /<<CHROOT>>...
Copying /home/runner/apt_repo_dependencies/ros-one-smach-msgs_2.5.2-7-g94a196d-2025.01.07.15.55_amd64.deb to /<<CHROOT>>...
Copying /home/runner/apt_repo_dependencies/ros-one-baldor_0.1.3-3-g10fabc5-2025.01.07.13.01_amd64.deb to /<<CHROOT>>...
Copying /home/runner/apt_repo_dependencies/ros-one-controller-manager_0.20.0-1-g633c374-2025.01.07.16.36_amd64.deb to /<<CHROOT>>...
Copying /home/runner/apt_repo_dependencies/ros-one-rqt-controller-manager_0.20.0-1-g633c374-2025.01.07.16.48_amd64.deb to /<<CHROOT>>...
Copying /home/runner/apt_repo_dependencies/ros-one-test-catkin-virtualenv-inherited_0.13.0-5-g659584a-2025.01.07.15.22_amd64.deb to /<<CHROOT>>...
Copying /home/runner/apt_repo_dependencies/ros-one-image-geometry_1.16.2-2-gcfabf72-2025.01.07.15.19_amd64.deb to /<<CHROOT>>...
Copying /home/runner/apt_repo_dependencies/ros-one-rosservice_1.17.0-12-g2a12474fb-2025.01.07.14.36_amd64.deb to /<<CHROOT>>...
Copying /home/runner/apt_repo_dependencies/ros-one-wge100-camera_1.8.5-4-g9768e2e-2025.01.07.19.42_amd64.deb to /<<CHROOT>>...
Copying /home/runner/apt_repo_dependencies/ros-one-pr2-controllers-msgs_1.10.18-3-g8e8dfa0-2025.01.07.19.03_amd64.deb to /<<CHROOT>>...
Copying /home/runner/apt_repo_dependencies/ros-one-tf_1.13.2-10-g674e0c4-2025.01.07.16.19_amd64.deb to /<<CHROOT>>...
Copying /home/runner/apt_repo_dependencies/ros-one-position-controllers_0.22.0-2025.01.07.17.46_amd64.deb to /<<CHROOT>>...
Copying /home/runner/apt_repo_dependencies/ros-one-qb-device-hardware-interface_0-2025.01.07.19.32_amd64.deb to /<<CHROOT>>...
Copying /home/runner/apt_repo_dependencies/ros-one-franka-control_0.8.1-368-gba8dd20-2025.01.07.18.26_amd64.deb to /<<CHROOT>>...
Copying /home/runner/apt_repo_dependencies/ros-one-mocap-optitrack_0.1.4-1-g1f4941f-2025.01.07.16.27_amd64.deb to /<<CHROOT>>...
Copying /home/runner/apt_repo_dependencies/ros-one-sensor-msgs_1.13.1-2025.01.07.15.06_amd64.deb to /<<CHROOT>>...
Copying /home/runner/apt_repo_dependencies/ros-one-moveit-resources-prbt-ikfast-manipulator-plugin_0.8.3-2-gb771644-2025.01.07.18.56_amd64.deb to /<<CHROOT>>...
Copying /home/runner/apt_repo_dependencies/ros-one-rqt_0.5.2-8-gb606144-2025.01.07.16.10_amd64.deb to /<<CHROOT>>...
Copying /home/runner/apt_repo_dependencies/ros-one-laser-filters-jsk-patch_2.1.29-2025.01.08.00.15_amd64.deb to /<<CHROOT>>...
Copying /home/runner/apt_repo_dependencies/ros-one-slime-ros_0.4.17-2025.01.07.14.36_amd64.deb to /<<CHROOT>>...
Copying /home/runner/apt_repo_dependencies/ros-one-dynamic-tf-publisher_2.2.12-185-g1ddd7669-2025.01.07.21.51_amd64.deb to /<<CHROOT>>...
Copying /home/runner/apt_repo_dependencies/ros-one-julius_2.1.29-2025.01.08.00.00_amd64.deb to /<<CHROOT>>...
Copying /home/runner/apt_repo_dependencies/ros-one-rosbuild_1.15.8-3-g136e18e9-2025.01.07.14.01_amd64.deb to /<<CHROOT>>...
Copying /home/runner/apt_repo_dependencies/ros-one-industrial-deprecated_0.7.3-7-ge4d2633-2025.01.07.21.03_amd64.deb to /<<CHROOT>>...
Copying /home/runner/apt_repo_dependencies/ros-one-roslisp_1.9.25-2025.01.07.14.20_amd64.deb to /<<CHROOT>>...
Copying /home/runner/apt_repo_dependencies/ros-one-test-catkin-virtualenv_0.13.0-5-g659584a-2025.01.07.15.20_amd64.deb to /<<CHROOT>>...
Copying /home/runner/apt_repo_dependencies/ros-one-people_1.4.2-6-gcfd7892-2025.01.07.20.59_amd64.deb to /<<CHROOT>>...
Copying /home/runner/apt_repo_dependencies/ros-one-openslam-gmapping_0.2.1-17-g5105476-2025.01.07.13.03_amd64.deb to /<<CHROOT>>...
Copying /home/runner/apt_repo_dependencies/ros-one-test-nodelet-topic-tools_1.11.1-2025.01.07.16.01_amd64.deb to /<<CHROOT>>...
Copying /home/runner/apt_repo_dependencies/ros-one-bond_1.8.6-1-g398e8ed-2025.01.07.15.17_amd64.deb to /<<CHROOT>>...
Copying /home/runner/apt_repo_dependencies/ros-one-test-bond_1.8.6-1-g398e8ed-2025.01.07.15.25_amd64.deb to /<<CHROOT>>...
Copying /home/runner/apt_repo_dependencies/ros-one-chomp-motion-planner_1.1.16-17-g3aed1dc85-2025.01.07.18.48_amd64.deb to /<<CHROOT>>...
Copying /home/runner/apt_repo_dependencies/ros-one-four-wheel-steering-controller_0.22.0-2025.01.07.17.19_amd64.deb to /<<CHROOT>>...
Copying /home/runner/apt_repo_dependencies/ros-one-rospy_1.17.0-12-g2a12474fb-2025.01.07.14.35_amd64.deb to /<<CHROOT>>...
Copying /home/runner/apt_repo_dependencies/ros-one-mavros_1.20.0-1-g08142be7-2025.01.07.17.20_amd64.deb to /<<CHROOT>>...
Copying /home/runner/apt_repo_dependencies/ros-one-rosping_2.1.29-2025.01.08.01.23_amd64.deb to /<<CHROOT>>...
Copying /home/runner/apt_repo_dependencies/ros-one-rqt-bag_0.5.1-9-gda86846-2025.01.07.17.40_amd64.deb to /<<CHROOT>>...
Copying /home/runner/apt_repo_dependencies/ros-one-rqt-nav-view_0.5.7-5-g3df965e-2025.01.07.16.42_amd64.deb to /<<CHROOT>>...
Copying /home/runner/apt_repo_dependencies/ros-one-pr2-mechanism-diagnostics_1.8.21-7-g3b10e3e-2025.01.07.17.43_amd64.deb to /<<CHROOT>>...
Copying /home/runner/apt_repo_dependencies/ros-one-geometry2_0.7.5-23-gfbcdc99-2025.01.07.15.41_amd64.deb to /<<CHROOT>>...
Copying /home/runner/apt_repo_dependencies/ros-one-moveit-resources-prbt-support_0.8.3-2-gb771644-2025.01.07.19.06_amd64.deb to /<<CHROOT>>...
Copying /home/runner/apt_repo_dependencies/ros-one-pcl-conversions_1.7.4-12-g5f72467-2025.01.07.16.46_amd64.deb to /<<CHROOT>>...
Copying /home/runner/apt_repo_dependencies/ros-one-mouse-teleop_0.5.0-2025.01.07.15.56_amd64.deb to /<<CHROOT>>...
Copying /home/runner/apt_repo_dependencies/ros-one-vision-msgs_0.0.2-2025.01.07.15.25_amd64.deb to /<<CHROOT>>...
Copying /home/runner/apt_repo_dependencies/ros-one-usb-cam_0.3.7-19-g1ce9e6c-2025.01.07.16.03_amd64.deb to /<<CHROOT>>...
Copying /home/runner/apt_repo_dependencies/ros-one-multisense-cal-check_4.0.5-46-g945e646-2025.01.07.17.48_amd64.deb to /<<CHROOT>>...
Copying /home/runner/apt_repo_dependencies/ros-one-boost-sml_0.1.2-6-gaaddc80-2025.01.07.15.20_amd64.deb to /<<CHROOT>>...
Copying /home/runner/apt_repo_dependencies/ros-one-rqt-srv_0.4.9-1-g876365e-2025.01.07.21.31_amd64.deb to /<<CHROOT>>...
Copying /home/runner/apt_repo_dependencies/ros-one-nodelet-topic-tools_1.11.1-2025.01.07.15.48_amd64.deb to /<<CHROOT>>...
Copying /home/runner/apt_repo_dependencies/ros-one-rqt-runtime-monitor_0.5.10-1-g8cc5884-2025.01.07.16.49_amd64.deb to /<<CHROOT>>...
Copying /home/runner/apt_repo_dependencies/ros-one-rqt-py-common_0.5.2-8-gb606144-2025.01.07.16.19_amd64.deb to /<<CHROOT>>...
Copying /home/runner/apt_repo_dependencies/ros-one-ur5-moveit-config_1.3.3-3-gcce1f0e-2025.01.07.22.16_amd64.deb to /<<CHROOT>>...
Copying /home/runner/apt_repo_dependencies/ros-one-jsk-common_2.2.12-185-g1ddd7669-2025.01.07.22.09_amd64.deb to /<<CHROOT>>...
Copying /home/runner/apt_repo_dependencies/ros-one-moveit-ros-control-interface_1.1.16-17-g3aed1dc85-2025.01.07.20.41_amd64.deb to /<<CHROOT>>...
Copying /home/runner/apt_repo_dependencies/ros-one-moveit-resources_0.8.3-2-gb771644-2025.01.07.18.15_amd64.deb to /<<CHROOT>>...
Copying /home/runner/apt_repo_dependencies/ros-one-rqt-joint-trajectory-controller_0.22.0-2025.01.07.17.51_amd64.deb to /<<CHROOT>>...
Copying /home/runner/apt_repo_dependencies/ros-one-pr2-camera-synchronizer_1.6.32-21-gcb63b5d-2025.01.07.21.10_amd64.deb to /<<CHROOT>>...
Copying /home/runner/apt_repo_dependencies/ros-one-desktop_1.5.0-2025.01.07.22.50_amd64.deb to /<<CHROOT>>...
Copying /home/runner/apt_repo_dependencies/ros-one-roslz4_1.17.0-12-g2a12474fb-2025.01.07.14.32_amd64.deb to /<<CHROOT>>...
Copying /home/runner/apt_repo_dependencies/ros-one-ethercat-trigger-controllers_1.10.18-3-g8e8dfa0-2025.01.07.18.09_amd64.deb to /<<CHROOT>>...
Copying /home/runner/apt_repo_dependencies/ros-one-universal-robots_1.3.3-3-gcce1f0e-2025.01.07.21.46_amd64.deb to /<<CHROOT>>...
Copying /home/runner/apt_repo_dependencies/ros-one-libcmt_2.1.29-2025.01.08.00.20_amd64.deb to /<<CHROOT>>...
Copying /home/runner/apt_repo_dependencies/ros-one-ur3-moveit-config_1.3.3-3-gcce1f0e-2025.01.07.22.09_amd64.deb to /<<CHROOT>>...
Copying /home/runner/apt_repo_dependencies/ros-one-convex-decomposition_0.1.12-3-gb722eb5-2025.01.07.13.02_amd64.deb to /<<CHROOT>>...
Copying /home/runner/apt_repo_dependencies/ros-one-baxter-description_1.2.0-2025.01.07.15.20_amd64.deb to /<<CHROOT>>...
Copying /home/runner/apt_repo_dependencies/ros-one-pr2-head-action_1.10.18-3-g8e8dfa0-2025.01.07.19.10_amd64.deb to /<<CHROOT>>...
Copying /home/runner/apt_repo_dependencies/ros-one-theora-image-transport_1.15.0-9-gcae592c-2025.01.07.16.01_amd64.deb to /<<CHROOT>>...
Copying /home/runner/apt_repo_dependencies/ros-one-robot-pose-ekf_1.15.0-2025.01.07.16.37_amd64.deb to /<<CHROOT>>...
Copying /home/runner/apt_repo_dependencies/ros-one-control-msgs_1.5.2-6-g36e2e30-2025.01.07.15.20_amd64.deb to /<<CHROOT>>...
Copying /home/runner/apt_repo_dependencies/ros-one-pr2-ethercat-drivers_1.9.0-5-g80a45bf-2025.01.07.19.02_amd64.deb to /<<CHROOT>>...
Copying /home/runner/apt_repo_dependencies/ros-one-posedetection-msgs_4.3.2-13-g093b57c-2025.01.07.15.57_amd64.deb to /<<CHROOT>>...
Copying /home/runner/apt_repo_dependencies/ros-one-effort-controllers_0.22.0-2025.01.07.17.31_amd64.deb to /<<CHROOT>>...
Copying /home/runner/apt_repo_dependencies/ros-one-ros-pytest_0.2.1-7-gcd936a5-2025.01.07.15.20_amd64.deb to /<<CHROOT>>...
Copying /home/runner/apt_repo_dependencies/ros-one-genlisp_0.4.18-2025.01.07.13.22_amd64.deb to /<<CHROOT>>...
Copying /home/runner/apt_repo_dependencies/ros-one-slam-gmapping_1.4.2-2-geec8606-2025.01.07.17.01_amd64.deb to /<<CHROOT>>...
Copying /home/runner/apt_repo_dependencies/ros-one-panda-moveit-config_0.8.1-6-gda3252e-2025.01.07.21.07_amd64.deb to /<<CHROOT>>...
Copying /home/runner/apt_repo_dependencies/ros-one-pr2-dashboard-aggregator_1.13.1-2025.01.07.15.52_amd64.deb to /<<CHROOT>>...
Copying /home/runner/apt_repo_dependencies/ros-one-image-proc_1.17.0-11-g69488e6-2025.01.07.16.38_amd64.deb to /<<CHROOT>>...
Copying /home/runner/apt_repo_dependencies/ros-one-axis-description_0.5.4-1-g340c307-2025.01.07.16.29_amd64.deb to /<<CHROOT>>...
Copying /home/runner/apt_repo_dependencies/ros-one-opencv-apps_2.0.2-67-ga6cb1af-2025.01.07.17.19_amd64.deb to /<<CHROOT>>...
Copying /home/runner/apt_repo_dependencies/ros-one-velocity-controllers_0.22.0-2025.01.07.17.54_amd64.deb to /<<CHROOT>>...
Copying /home/runner/apt_repo_dependencies/ros-one-dwa-local-planner_1.17.3-3-g9ad64419-2025.01.07.17.38_amd64.deb to /<<CHROOT>>...
Copying /home/runner/apt_repo_dependencies/ros-one-test-rosgraph_1.17.0-12-g2a12474fb-2025.01.07.14.56_amd64.deb to /<<CHROOT>>...
Copying /home/runner/apt_repo_dependencies/ros-one-driver-common_1.6.9-2025.01.07.17.09_amd64.deb to /<<CHROOT>>...
Copying /home/runner/apt_repo_dependencies/ros-one-franka-example-controllers_0.8.1-368-gba8dd20-2025.01.07.18.30_amd64.deb to /<<CHROOT>>...
Copying /home/runner/apt_repo_dependencies/ros-one-realsense2-description_2.3.2-24-g7402c40f-2025.01.07.17.30_amd64.deb to /<<CHROOT>>...
Copying /home/runner/apt_repo_dependencies/ros-one-graph-msgs_0.1.0-3-g530fe7c-2025.01.07.15.24_amd64.deb to /<<CHROOT>>...
Copying /home/runner/apt_repo_dependencies/ros-one-gripper-action-controller_0.22.0-2025.01.07.17.22_amd64.deb to /<<CHROOT>>...
Copying /home/runner/apt_repo_dependencies/ros-one-allocators_1.0.25-10-g6ad6177-2025.01.07.15.18_amd64.deb to /<<CHROOT>>...
Copying /home/runner/apt_repo_dependencies/ros-one-urg-c_1.0.405-1-gbbe007f-2025.01.07.13.05_amd64.deb to /<<CHROOT>>...
Copying /home/runner/apt_repo_dependencies/ros-one-moveit-ros_1.1.16-17-g3aed1dc85-2025.01.07.19.09_amd64.deb to /<<CHROOT>>...
Copying /home/runner/apt_repo_dependencies/ros-one-qb-device-driver_0-2025.01.07.19.42_amd64.deb to /<<CHROOT>>...
Copying /home/runner/apt_repo_dependencies/ros-one-joint-trajectory-action_1.10.18-3-g8e8dfa0-2025.01.07.19.06_amd64.deb to /<<CHROOT>>...
Copying /home/runner/apt_repo_dependencies/ros-one-move-slow-and-clear_1.17.3-3-g9ad64419-2025.01.07.17.41_amd64.deb to /<<CHROOT>>...
Copying /home/runner/apt_repo_dependencies/ros-one-ivcon_0.1.7-2-g5c97b19-2025.01.07.13.02_amd64.deb to /<<CHROOT>>...
Copying /home/runner/apt_repo_dependencies/ros-one-realtime-tools_1.15.1-3-ga5a5a5e-2025.01.07.15.51_amd64.deb to /<<CHROOT>>...
Copying /home/runner/apt_repo_dependencies/ros-one-calibration-estimation_0-2025.01.07.15.45_amd64.deb to /<<CHROOT>>...
Copying /home/runner/apt_repo_dependencies/ros-one-fetch-ikfast-plugin_0.9.1-5-g11f8df9-2025.01.07.21.10_amd64.deb to /<<CHROOT>>...
Copying /home/runner/apt_repo_dependencies/ros-one-image-transport-plugins_1.15.0-9-gcae592c-2025.01.07.15.48_amd64.deb to /<<CHROOT>>...
Copying /home/runner/apt_repo_dependencies/ros-one-aques-talk_2.1.29-2025.01.07.22.50_amd64.deb to /<<CHROOT>>...
Copying /home/runner/apt_repo_dependencies/ros-one-mavros-msgs_1.20.0-1-g08142be7-2025.01.07.17.17_amd64.deb to /<<CHROOT>>...
Copying /home/runner/apt_repo_dependencies/ros-one-libmavconn_1.20.0-1-g08142be7-2025.01.07.17.14_amd64.deb to /<<CHROOT>>...
Copying /home/runner/apt_repo_dependencies/ros-one-filters_1.9.2-4-g310202e-2025.01.07.15.19_amd64.deb to /<<CHROOT>>...
Copying /home/runner/apt_repo_dependencies/ros-one-rosbash_1.15.8-3-g136e18e9-2025.01.07.14.00_amd64.deb to /<<CHROOT>>...
Copying /home/runner/apt_repo_dependencies/ros-one-jsk-tilt-laser_2.2.12-185-g1ddd7669-2025.01.07.22.22_amd64.deb to /<<CHROOT>>...
Copying /home/runner/apt_repo_dependencies/ros-one-interactive-marker-tutorials_0-2025.01.07.18.46_amd64.deb to /<<CHROOT>>...
Copying /home/runner/apt_repo_dependencies/ros-one-euslisp_9.29.0-2-2025.01.07.14.13_amd64.deb to /<<CHROOT>>...
Copying /home/runner/apt_repo_dependencies/ros-one-industrial-utils_0.7.3-7-ge4d2633-2025.01.07.21.17_amd64.deb to /<<CHROOT>>...
Copying /home/runner/apt_repo_dependencies/ros-one-geometry_1.13.2-10-g674e0c4-2025.01.07.16.15_amd64.deb to /<<CHROOT>>...
Copying /home/runner/apt_repo_dependencies/ros-one-calibration_0-2025.01.07.15.41_amd64.deb to /<<CHROOT>>...
Copying /home/runner/apt_repo_dependencies/ros-one-forward-command-controller_0.22.0-2025.01.07.17.16_amd64.deb to /<<CHROOT>>...
Copying /home/runner/apt_repo_dependencies/ros-one-opencv-tests_1.16.2-2-gcfabf72-2025.01.07.15.21_amd64.deb to /<<CHROOT>>...
Copying /home/runner/apt_repo_dependencies/ros-one-map-laser_0.0.5-2025.01.07.18.42_amd64.deb to /<<CHROOT>>...
Copying /home/runner/apt_repo_dependencies/ros-one-class-loader_0.5.0-6-g9f3288d-2025.01.07.13.22_amd64.deb to /<<CHROOT>>...
Copying /home/runner/apt_repo_dependencies/ros-one-people-msgs_1.4.2-6-gcfd7892-2025.01.07.21.02_amd64.deb to /<<CHROOT>>...
Copying /home/runner/apt_repo_dependencies/ros-one-franka-description_0.8.1-368-gba8dd20-2025.01.07.18.12_amd64.deb to /<<CHROOT>>...
Copying /home/runner/apt_repo_dependencies/ros-one-common-msgs_1.13.1-2025.01.07.14.25_amd64.deb to /<<CHROOT>>...
Copying /home/runner/apt_repo_dependencies/ros-one-dynamixel-driver_0.4.1-3-g3d84232-2025.01.07.15.50_amd64.deb to /<<CHROOT>>...
Copying /home/runner/apt_repo_dependencies/ros-one-rqt-moveit_0.5.9-2025.01.07.17.16_amd64.deb to /<<CHROOT>>...
Copying /home/runner/apt_repo_dependencies/ros-one-rviz-python-tutorial_0-2025.01.07.20.08_amd64.deb to /<<CHROOT>>...
Copying /home/runner/apt_repo_dependencies/ros-one-rqt-tf-tree_0.6.4-2025.01.07.17.48_amd64.deb to /<<CHROOT>>...
Copying /home/runner/apt_repo_dependencies/ros-one-qb-device-bringup_0-2025.01.07.19.16_amd64.deb to /<<CHROOT>>...
Copying /home/runner/apt_repo_dependencies/ros-one-rosconsole_1.14.3-5-ge3753eec-2025.01.07.14.14_amd64.deb to /<<CHROOT>>...
Copying /home/runner/apt_repo_dependencies/ros-one-robot-state-publisher_1.15.2-1-g8478b2a-2025.01.07.16.29_amd64.deb to /<<CHROOT>>...
Copying /home/runner/apt_repo_dependencies/ros-one-franka-msgs_0.8.1-368-gba8dd20-2025.01.07.18.19_amd64.deb to /<<CHROOT>>...
Copying /home/runner/apt_repo_dependencies/ros-one-industrial-robot-status-interface_0.1.2-5-gab74b6e-2025.01.07.22.01_amd64.deb to /<<CHROOT>>...
Copying /home/runner/apt_repo_dependencies/ros-one-criutils_0.1.4-2025.01.07.15.44_amd64.deb to /<<CHROOT>>...
Copying /home/runner/apt_repo_dependencies/ros-one-moveit-ros-visualization_1.1.16-17-g3aed1dc85-2025.01.07.20.14_amd64.deb to /<<CHROOT>>...
Copying /home/runner/apt_repo_dependencies/ros-one-actionlib-msgs_1.13.1-2025.01.07.14.24_amd64.deb to /<<CHROOT>>...
Copying /home/runner/apt_repo_dependencies/ros-one-geometry-msgs_1.13.1-2025.01.07.14.27_amd64.deb to /<<CHROOT>>...
Copying /home/runner/apt_repo_dependencies/ros-one-rgbd-launch_2.4.0-2025.01.07.17.33_amd64.deb to /<<CHROOT>>...
Copying /home/runner/apt_repo_dependencies/ros-one-urg-node_0.1.18-4-gd3a14fd-2025.01.07.17.31_amd64.deb to /<<CHROOT>>...
Copying /home/runner/apt_repo_dependencies/ros-one-rosgraph_1.17.0-12-g2a12474fb-2025.01.07.14.30_amd64.deb to /<<CHROOT>>...
Copying /home/runner/apt_repo_dependencies/ros-one-qwt-dependency_1.1.1-2-g91d8aee-2025.01.07.13.02_amd64.deb to /<<CHROOT>>...
Copying /home/runner/apt_repo_dependencies/ros-one-speech-recognition-msgs_4.3.2-13-g093b57c-2025.01.07.16.00_amd64.deb to /<<CHROOT>>...
Copying /home/runner/apt_repo_dependencies/ros-one-ur-gazebo_1.3.3-3-gcce1f0e-2025.01.07.22.28_amd64.deb to /<<CHROOT>>...
Copying /home/runner/apt_repo_dependencies/ros-one-moveit-planners_1.1.16-17-g3aed1dc85-2025.01.07.18.09_amd64.deb to /<<CHROOT>>...
Copying /home/runner/apt_repo_dependencies/ros-one-pr2-mechanism-controllers_1.10.18-3-g8e8dfa0-2025.01.07.19.50_amd64.deb to /<<CHROOT>>...
Copying /home/runner/apt_repo_dependencies/ros-one-audio-common-msgs_0.3.18-2025.01.07.15.43_amd64.deb to /<<CHROOT>>...
Copying /home/runner/apt_repo_dependencies/ros-one-industrial-msgs_0.7.3-7-ge4d2633-2025.01.07.21.06_amd64.deb to /<<CHROOT>>...
Copying /home/runner/apt_repo_dependencies/ros-one-smclib_1.8.6-1-g398e8ed-2025.01.07.15.21_amd64.deb to /<<CHROOT>>...
Copying /home/runner/apt_repo_dependencies/ros-one-slic_2.1.29-2025.01.08.01.37_amd64.deb to /<<CHROOT>>...
Copying /home/runner/apt_repo_dependencies/ros-one-setup-files_0-2025.01.07.12.58_amd64.deb to /<<CHROOT>>...
Copying /home/runner/apt_repo_dependencies/ros-one-pr2-power-drivers_1.1.10-5-gc7f225d-2025.01.07.18.00_amd64.deb to /<<CHROOT>>...
Copying /home/runner/apt_repo_dependencies/ros-one-moveit-fake-controller-manager_1.1.16-17-g3aed1dc85-2025.01.07.19.23_amd64.deb to /<<CHROOT>>...
Copying /home/runner/apt_repo_dependencies/ros-one-nav-core_1.17.3-3-g9ad64419-2025.01.07.17.25_amd64.deb to /<<CHROOT>>...
Copying /home/runner/apt_repo_dependencies/ros-one-cpp-common_0.7.3-3-gcae00b4-2025.01.07.13.01_amd64.deb to /<<CHROOT>>...
Copying /home/runner/apt_repo_dependencies/ros-one-rqt-web_0.4.10-5-g49eaabf-2025.01.07.16.50_amd64.deb to /<<CHROOT>>...
Copying /home/runner/apt_repo_dependencies/ros-one-qb-device-control_0-2025.01.07.19.38_amd64.deb to /<<CHROOT>>...
Copying /home/runner/apt_repo_dependencies/ros-one-rqt-common-plugins_0.4.9-2-gb89e918e-2025.01.07.22.17_amd64.deb to /<<CHROOT>>...
Copying /home/runner/apt_repo_dependencies/ros-one-robot-mechanism-controllers_1.10.18-3-g8e8dfa0-2025.01.07.19.46_amd64.deb to /<<CHROOT>>...
Copying /home/runner/apt_repo_dependencies/ros-one-ur-description_1.3.3-3-gcce1f0e-2025.01.07.22.24_amd64.deb to /<<CHROOT>>...
Copying /home/runner/apt_repo_dependencies/ros-one-slime-wrapper_0.4.17-2025.01.07.14.37_amd64.deb to /<<CHROOT>>...
Copying /home/runner/apt_repo_dependencies/ros-one-test-rostopic_1.17.0-12-g2a12474fb-2025.01.07.15.13_amd64.deb to /<<CHROOT>>...
Copying /home/runner/apt_repo_dependencies/ros-one-mongodb-store-msgs_0-2025.01.07.16.37_amd64.deb to /<<CHROOT>>...
Copying /home/runner/apt_repo_dependencies/ros-one-pluginlib_1.13.0-2-g51a2cb0-2025.01.07.14.20_amd64.deb to /<<CHROOT>>...
Copying /home/runner/apt_repo_dependencies/ros-one-rosunit_1.15.8-3-g136e18e9-2025.01.07.14.06_amd64.deb to /<<CHROOT>>...
Copying /home/runner/apt_repo_dependencies/ros-one-fetch-teleop_0.9.1-5-g11f8df9-2025.01.07.21.29_amd64.deb to /<<CHROOT>>...
Copying /home/runner/apt_repo_dependencies/ros-one-robot_1.5.0-2025.01.07.23.02_amd64.deb to /<<CHROOT>>...
Copying /home/runner/apt_repo_dependencies/ros-one-rosbag-snapshot_1.0.5-1-g2f349da-2025.01.07.15.30_amd64.deb to /<<CHROOT>>...
Copying /home/runner/apt_repo_dependencies/ros-one-joint-state-publisher-gui_1.15.1-2-g7cb7069-2025.01.07.15.21_amd64.deb to /<<CHROOT>>...
Copying /home/runner/apt_repo_dependencies/ros-one-opw-kinematics_0.5.0-2-g37d5ea5-2025.01.07.13.22_amd64.deb to /<<CHROOT>>...
Copying /home/runner/apt_repo_dependencies/ros-one-rqt-logger-level_0.4.12-2025.01.07.16.48_amd64.deb to /<<CHROOT>>...
Copying /home/runner/apt_repo_dependencies/ros-one-genmsg_0.5.16-1-g7d8b6ce-2025.01.07.13.02_amd64.deb to /<<CHROOT>>...
Copying /home/runner/apt_repo_dependencies/ros-one-pass-through-controllers_0.1.0-12-g605909c-2025.01.07.22.13_amd64.deb to /<<CHROOT>>...
Copying /home/runner/apt_repo_dependencies/ros-one-rostime_0.7.3-3-gcae00b4-2025.01.07.13.03_amd64.deb to /<<CHROOT>>...
Copying /home/runner/apt_repo_dependencies/ros-one-tf2-msgs_0.7.5-23-gfbcdc99-2025.01.07.15.42_amd64.deb to /<<CHROOT>>...
Copying /home/runner/apt_repo_dependencies/ros-one-rviz-plugin-tutorials_0-2025.01.07.20.04_amd64.deb to /<<CHROOT>>...
Copying /home/runner/apt_repo_dependencies/ros-one-qb-hand-gazebo_0-2025.01.07.21.21_amd64.deb to /<<CHROOT>>...
Copying /home/runner/apt_repo_dependencies/ros-one-combined-robot-hw_0.20.0-1-g633c374-2025.01.07.16.31_amd64.deb to /<<CHROOT>>...
Copying /home/runner/apt_repo_dependencies/ros-one-hpp-fcl_2.4.5-2025.01.07.13.22_amd64.deb to /<<CHROOT>>...
Copying /home/runner/apt_repo_dependencies/ros-one-ocean-battery-driver_1.1.10-5-gc7f225d-2025.01.07.17.51_amd64.deb to /<<CHROOT>>...
Copying /home/runner/apt_repo_dependencies/ros-one-moveit-planners-chomp_1.1.16-17-g3aed1dc85-2025.01.07.20.10_amd64.deb to /<<CHROOT>>...
Copying /home/runner/apt_repo_dependencies/ros-one-moveit-runtime_1.1.16-17-g3aed1dc85-2025.01.07.20.22_amd64.deb to /<<CHROOT>>...
Copying /home/runner/apt_repo_dependencies/ros-one-qt-dotgraph_0.4.2-9-gdc7190f-2025.01.07.14.25_amd64.deb to /<<CHROOT>>...
Copying /home/runner/apt_repo_dependencies/ros-one-urdfdom-py_0.4.6-2025.01.07.15.25_amd64.deb to /<<CHROOT>>...
Copying /home/runner/apt_repo_dependencies/ros-one-franka-ros_0.8.1-368-gba8dd20-2025.01.07.18.40_amd64.deb to /<<CHROOT>>...
Copying /home/runner/apt_repo_dependencies/ros-one-moveit-ros-planning_1.1.16-17-g3aed1dc85-2025.01.07.19.16_amd64.deb to /<<CHROOT>>...
Copying /home/runner/apt_repo_dependencies/ros-one-test-tf2_0.7.5-23-gfbcdc99-2025.01.07.15.57_amd64.deb to /<<CHROOT>>...
Copying /home/runner/apt_repo_dependencies/ros-one-roscpp-tutorials_0.10.2-3-gdb63288-2025.01.07.15.32_amd64.deb to /<<CHROOT>>...
Copying /home/runner/apt_repo_dependencies/ros-one-rosmake_1.15.8-3-g136e18e9-2025.01.07.14.04_amd64.deb to /<<CHROOT>>...
Copying /home/runner/apt_repo_dependencies/ros-one-qb-device-description_0-2025.01.07.19.19_amd64.deb to /<<CHROOT>>...
Copying /home/runner/apt_repo_dependencies/ros-one-image-view_1.17.0-11-g69488e6-2025.01.07.16.48_amd64.deb to /<<CHROOT>>...
Copying /home/runner/apt_repo_dependencies/ros-one-pr2-power-board_1.1.10-5-gc7f225d-2025.01.07.17.57_amd64.deb to /<<CHROOT>>...
Copying /home/runner/apt_repo_dependencies/ros-one-fetch-moveit-config_0.9.1-5-g11f8df9-2025.01.07.21.18_amd64.deb to /<<CHROOT>>...
Copying /home/runner/apt_repo_dependencies/ros-one-qt-gui-app_0.4.2-9-gdc7190f-2025.01.07.14.27_amd64.deb to /<<CHROOT>>...
Copying /home/runner/apt_repo_dependencies/ros-one-robot-calibration-msgs_0.7.2-3-g80c2be2-2025.01.07.16.30_amd64.deb to /<<CHROOT>>...
Copying /home/runner/apt_repo_dependencies/ros-one-multisense-ros_4.0.5-46-g945e646-2025.01.07.17.39_amd64.deb to /<<CHROOT>>...
Copying /home/runner/apt_repo_dependencies/ros-one-easy-markers_0.3.0-2025.01.07.18.05_amd64.deb to /<<CHROOT>>...
Copying /home/runner/apt_repo_dependencies/ros-one-geodesy_0.5.6-1-gbc73c05-2025.01.07.16.31_amd64.deb to /<<CHROOT>>...
Copying /home/runner/apt_repo_dependencies/ros-one-behaviortree-cpp_4.6.2-16-gd4d8ae1-2025.01.07.14.12_amd64.deb to /<<CHROOT>>...
Copying /home/runner/apt_repo_dependencies/ros-one-amcl_1.17.3-3-g9ad64419-2025.01.07.17.12_amd64.deb to /<<CHROOT>>...
Copying /home/runner/apt_repo_dependencies/ros-one-ur-dashboard-msgs_2.1.5-12-gc006672-2025.01.07.23.18_amd64.deb to /<<CHROOT>>...
Copying /home/runner/apt_repo_dependencies/ros-one-pr2-controller-manager_1.8.21-7-g3b10e3e-2025.01.07.17.46_amd64.deb to /<<CHROOT>>...
Copying /home/runner/apt_repo_dependencies/ros-one-pr2-bringup_1.6.32-21-gcb63b5d-2025.01.07.21.07_amd64.deb to /<<CHROOT>>...
Copying /home/runner/apt_repo_dependencies/ros-one-franka-visualization_0.8.1-368-gba8dd20-2025.01.07.18.43_amd64.deb to /<<CHROOT>>...
Copying /home/runner/apt_repo/ros-one-checkerboard-detector_1.2.17-42-g7816812a-2025.01.08.02.22_amd64.deb to /<<CHROOT>>...
Copying /home/runner/apt_repo/ros-one-roseus-mongo_1.7.5-95-gb7ba716-2025.01.08.04.11_amd64.deb to /<<CHROOT>>...
Copying /home/runner/apt_repo/ros-one-jsk-recognition-utils_1.2.17-42-g7816812a-2025.01.08.02.27_amd64.deb to /<<CHROOT>>...
Copying /home/runner/apt_repo/ros-one-jsk-interactive-marker_2.1.8-73-g064068d-2025.01.08.03.17_amd64.deb to /<<CHROOT>>...
Copying /home/runner/apt_repo/ros-one-jsk-interactive-test_2.1.8-73-g064068d-2025.01.08.03.32_amd64.deb to /<<CHROOT>>...
Copying /home/runner/apt_repo/ros-one-jsk-rqt-plugins_2.1.8-73-g064068d-2025.01.08.02.45_amd64.deb to /<<CHROOT>>...
Copying /home/runner/apt_repo/ros-one-jsk-recognition-msgs_1.2.17-42-g7816812a-2025.01.08.02.17_amd64.deb to /<<CHROOT>>...
Copying /home/runner/apt_repo/ros-one-resized-image-transport_1.2.17-42-g7816812a-2025.01.08.03.07_amd64.deb to /<<CHROOT>>...
Copying /home/runner/apt_repo/ros-one-jsk-interactive_2.1.8-73-g064068d-2025.01.08.03.26_amd64.deb to /<<CHROOT>>...
Copying /home/runner/apt_repo/ros-one-roseus-smach_1.7.5-95-gb7ba716-2025.01.08.04.15_amd64.deb to /<<CHROOT>>...
Copying /home/runner/apt_repo/ros-one-imagesift_1.2.17-42-g7816812a-2025.01.08.02.35_amd64.deb to /<<CHROOT>>...
Copying /home/runner/apt_repo/ros-one-jsk-visualization_2.1.8-73-g064068d-2025.01.08.03.02_amd64.deb to /<<CHROOT>>...
Copying /home/runner/apt_repo/ros-one-jsk-rviz-plugins_2.1.8-73-g064068d-2025.01.08.02.51_amd64.deb to /<<CHROOT>>...
Copying /home/runner/apt_repo/ros-one-audio-to-spectrogram_1.2.17-42-g7816812a-2025.01.08.02.09_amd64.deb to /<<CHROOT>>...
Copying /home/runner/apt_repo/ros-one-jsk-recognition_1.2.17-42-g7816812a-2025.01.08.02.13_amd64.deb to /<<CHROOT>>...
Copying /home/runner/apt_repo/ros-one-roseus_1.7.5-95-gb7ba716-2025.01.08.03.12_amd64.deb to /<<CHROOT>>...
Copying /home/runner/apt_repo/ros-one-jsk-roseus_1.7.5-95-gb7ba716-2025.01.08.02.41_amd64.deb to /<<CHROOT>>...
I: NOTICE: Log filtering will replace 'build/package//resolver-4MUwfI' with '<<RESOLVERDIR>>'

+------------------------------------------------------------------------------+
| Update chroot                                Wed, 08 Jan 2025 04:23:59 +0000 |
+------------------------------------------------------------------------------+

Get:1 file:/build/package//resolver-SVwSRP/apt_archive ./ InRelease
Ign:1 file:/build/package//resolver-SVwSRP/apt_archive ./ InRelease
Get:2 file:/build/package//resolver-SVwSRP/apt_archive ./ Release [612 B]
Get:2 file:/build/package//resolver-SVwSRP/apt_archive ./ Release [612 B]
Get:3 file:/build/package//resolver-SVwSRP/apt_archive ./ Release.gpg
Ign:3 file:/build/package//resolver-SVwSRP/apt_archive ./ Release.gpg
Get:4 file:/build/package//resolver-SVwSRP/apt_archive ./ Packages [618 kB]
Get:5 http://archive.ubuntu.com/ubuntu jammy InRelease [270 kB]
Get:6 http://security.ubuntu.com/ubuntu jammy-security InRelease [129 kB]
Get:7 http://archive.ubuntu.com/ubuntu jammy-updates InRelease [128 kB]
Get:8 http://archive.ubuntu.com/ubuntu jammy/main amd64 Packages [1395 kB]
Get:9 http://archive.ubuntu.com/ubuntu jammy/universe amd64 Packages [14.1 MB]
Get:10 http://archive.ubuntu.com/ubuntu jammy-updates/main amd64 Packages [2271 kB]
Get:11 http://archive.ubuntu.com/ubuntu jammy-updates/universe amd64 Packages [1181 kB]
Get:12 http://security.ubuntu.com/ubuntu jammy-security/main amd64 Packages [2036 kB]
Get:13 http://security.ubuntu.com/ubuntu jammy-security/universe amd64 Packages [958 kB]
Fetched 22.5 MB in 2s (11.0 MB/s)
Reading package lists...
Reading package lists...
Building dependency tree...
Reading state information...
Calculating upgrade...
0 upgraded, 0 newly installed, 0 to remove and 0 not upgraded.

+------------------------------------------------------------------------------+
| Fetch source files                           Wed, 08 Jan 2025 04:24:02 +0000 |
+------------------------------------------------------------------------------+


Local sources
-------------

/home/runner/work/ros-o-builder/ros-o-builder/src/jsk_recognition/ros-one-sound-classification_1.2.17-42-g7816812a-2025.01.08.04.20.dsc exists in /home/runner/work/ros-o-builder/ros-o-builder/src/jsk_recognition; copying to chroot
I: NOTICE: Log filtering will replace 'build/package//package' with '<<PKGBUILDDIR>>'
I: NOTICE: Log filtering will replace 'build/package/' with '<<BUILDDIR>>'

+------------------------------------------------------------------------------+
| Install package build dependencies           Wed, 08 Jan 2025 04:24:03 +0000 |
+------------------------------------------------------------------------------+


Setup apt archive
-----------------

Merged Build-Depends: debhelper (>= 9.0.0), catkin, libgmock-dev, libgtest-dev, ros-one-catkin-virtualenv, ros-one-message-generation, ros-one-std-msgs, ros-one-setup-files, ros-one-ros-environment, build-essential, fakeroot, dumb-init
Filtered Build-Depends: debhelper (>= 9.0.0), catkin, libgmock-dev, libgtest-dev, ros-one-catkin-virtualenv, ros-one-message-generation, ros-one-std-msgs, ros-one-setup-files, ros-one-ros-environment, build-essential, fakeroot, dumb-init
dpkg-deb: building package 'sbuild-build-depends-main-dummy' in '/<<RESOLVERDIR>>/apt_archive/sbuild-build-depends-main-dummy.deb'.
Ign:1 copy:/<<RESOLVERDIR>>/apt_archive ./ InRelease
Get:2 copy:/<<RESOLVERDIR>>/apt_archive ./ Release [609 B]
Ign:3 copy:/<<RESOLVERDIR>>/apt_archive ./ Release.gpg
Get:4 copy:/<<RESOLVERDIR>>/apt_archive ./ Sources [838 B]
Get:5 copy:/<<RESOLVERDIR>>/apt_archive ./ Packages [812 B]
Fetched 2259 B in 0s (0 B/s)
Reading package lists...
Get:1 file:/<<BUILDDIR>>/resolver-SVwSRP/apt_archive ./ InRelease
Ign:1 file:/<<BUILDDIR>>/resolver-SVwSRP/apt_archive ./ InRelease
Get:2 file:/<<BUILDDIR>>/resolver-SVwSRP/apt_archive ./ Release [612 B]
Get:2 file:/<<BUILDDIR>>/resolver-SVwSRP/apt_archive ./ Release [612 B]
Get:3 file:/<<BUILDDIR>>/resolver-SVwSRP/apt_archive ./ Release.gpg
Ign:3 file:/<<BUILDDIR>>/resolver-SVwSRP/apt_archive ./ Release.gpg
Reading package lists...
Reading package lists...

Install main build dependencies (apt-based resolver)
----------------------------------------------------

Installing build dependencies
Reading package lists...
Building dependency tree...
Reading state information...
The following additional packages will be installed:
  autoconf automake autopoint autotools-dev bsdextrautils catkin cmake
  cmake-data cmake-extras debhelper debugedit dh-autoreconf dh-elpa-helper
  dh-strip-nondeterminism distro-info-data docutils-common dumb-init dwz
  emacsen-common fakeroot file gettext gettext-base googletest groff-base
  intltool-debian libarchive-zip-perl libarchive13 libboost-atomic1.74-dev
  libboost-atomic1.74.0 libboost-chrono1.74-dev libboost-chrono1.74.0
  libboost-date-time-dev libboost-date-time1.74-dev libboost-date-time1.74.0
  libboost-filesystem-dev libboost-filesystem1.74-dev
  libboost-filesystem1.74.0 libboost-program-options-dev
  libboost-program-options1.74-dev libboost-program-options1.74.0
  libboost-serialization1.74-dev libboost-serialization1.74.0
  libboost-system-dev libboost-system1.74-dev libboost-system1.74.0
  libboost-thread-dev libboost-thread1.74-dev libboost-thread1.74.0
  libboost1.74-dev libconsole-bridge-dev libconsole-bridge1.0 libcurl4
  libdebhelper-perl libdw1 libelf1 libexpat1-dev libfakeroot
  libfile-stripnondeterminism-perl libglib2.0-0 libgmock-dev libgtest-dev
  libicu70 libjs-jquery libjs-sphinxdoc libjs-underscore libjsoncpp25
  libmagic-mgc libmagic1 libmpdec3 libncurses6 libncursesw6 libpipeline1
  libprocps8 libpython3-dev libpython3-stdlib libpython3.10 libpython3.10-dev
  libpython3.10-minimal libpython3.10-stdlib libreadline8 librhash0
  libsigsegv2 libsqlite3-0 libsub-override-perl libtinyxml2-9 libtinyxml2-dev
  libtool libuchardet0 libuv1 libxml2 libyaml-0-2 lsb-release m4 man-db
  media-types pkg-config po-debconf procps python3 python3-catkin
  python3-catkin-pkg python3-dateutil python3-dev python3-distlib
  python3-distro python3-distutils python3-docutils python3-empy
  python3-filelock python3-lib2to3 python3-minimal python3-netifaces
  python3-nose python3-pip python3-pip-whl python3-pkg-resources
  python3-platformdirs python3-pyparsing python3-roman python3-rosdep2
  python3-rosdistro python3-rospkg python3-setuptools python3-setuptools-whl
  python3-six python3-venv python3-virtualenv python3-wheel python3-wheel-whl
  python3-yaml python3.10 python3.10-dev python3.10-minimal python3.10-venv
  readline-common ros-environment ros-one-catkin-virtualenv ros-one-cpp-common
  ros-one-gencpp ros-one-geneus ros-one-genlisp ros-one-genmsg
  ros-one-gennodejs ros-one-genpy ros-one-message-generation
  ros-one-message-runtime ros-one-ros-environment ros-one-rosbash
  ros-one-roscpp-serialization ros-one-roscpp-traits ros-one-rosgraph
  ros-one-rospack ros-one-rostime ros-one-setup-files ros-one-std-msgs
  sensible-utils sgml-base tzdata virtualenv xml-core zlib1g-dev
Suggested packages:
  autoconf-archive gnu-standards autoconf-doc cmake-doc ninja-build
  cmake-format dh-make gettext-doc libasprintf-dev libgettextpo-dev groff
  lrzip libboost1.74-doc libboost-container1.74-dev libboost-context1.74-dev
  libboost-contract1.74-dev libboost-coroutine1.74-dev
  libboost-exception1.74-dev libboost-fiber1.74-dev libboost-graph1.74-dev
  libboost-graph-parallel1.74-dev libboost-iostreams1.74-dev
  libboost-locale1.74-dev libboost-log1.74-dev libboost-math1.74-dev
  libboost-mpi1.74-dev libboost-mpi-python1.74-dev libboost-numpy1.74-dev
  libboost-python1.74-dev libboost-random1.74-dev libboost-regex1.74-dev
  libboost-stacktrace1.74-dev libboost-test1.74-dev libboost-timer1.74-dev
  libboost-type-erasure1.74-dev libboost-wave1.74-dev libboost1.74-tools-dev
  libmpfrc++-dev libntl-dev libboost-nowide1.74-dev libtool-doc gfortran
  | fortran95-compiler gcj-jdk m4-doc apparmor less www-browser
  libmail-box-perl python3-doc python3-tk docutils-doc fonts-linuxlibertine
  | ttf-linux-libertine texlive-lang-french texlive-latex-base
  texlive-latex-recommended python-nose-doc python-pyparsing-doc
  python-setuptools-doc python2-pip-whl python2-setuptools-whl python3.10-doc
  binfmt-support readline-doc sgml-base-doc
Recommended packages:
  bash-completion curl | wget | lynx libarchive-cpio-perl libglib2.0-data
  shared-mime-info xdg-user-dirs javascript-common libgpm2 libltdl-dev
  libmail-sendmail-perl psmisc libpaper-utils python3-pil python3-pygments
The following NEW packages will be installed:
  autoconf automake autopoint autotools-dev bsdextrautils catkin cmake
  cmake-data cmake-extras debhelper debugedit dh-autoreconf dh-elpa-helper
  dh-strip-nondeterminism distro-info-data docutils-common dumb-init dwz
  emacsen-common fakeroot file gettext gettext-base googletest groff-base
  intltool-debian libarchive-zip-perl libarchive13 libboost-atomic1.74-dev
  libboost-atomic1.74.0 libboost-chrono1.74-dev libboost-chrono1.74.0
  libboost-date-time-dev libboost-date-time1.74-dev libboost-date-time1.74.0
  libboost-filesystem-dev libboost-filesystem1.74-dev
  libboost-filesystem1.74.0 libboost-program-options-dev
  libboost-program-options1.74-dev libboost-program-options1.74.0
  libboost-serialization1.74-dev libboost-serialization1.74.0
  libboost-system-dev libboost-system1.74-dev libboost-system1.74.0
  libboost-thread-dev libboost-thread1.74-dev libboost-thread1.74.0
  libboost1.74-dev libconsole-bridge-dev libconsole-bridge1.0 libcurl4
  libdebhelper-perl libdw1 libelf1 libexpat1-dev libfakeroot
  libfile-stripnondeterminism-perl libglib2.0-0 libgmock-dev libgtest-dev
  libicu70 libjs-jquery libjs-sphinxdoc libjs-underscore libjsoncpp25
  libmagic-mgc libmagic1 libmpdec3 libncurses6 libncursesw6 libpipeline1
  libprocps8 libpython3-dev libpython3-stdlib libpython3.10 libpython3.10-dev
  libpython3.10-minimal libpython3.10-stdlib libreadline8 librhash0
  libsigsegv2 libsqlite3-0 libsub-override-perl libtinyxml2-9 libtinyxml2-dev
  libtool libuchardet0 libuv1 libxml2 libyaml-0-2 lsb-release m4 man-db
  media-types pkg-config po-debconf procps python3 python3-catkin
  python3-catkin-pkg python3-dateutil python3-dev python3-distlib
  python3-distro python3-distutils python3-docutils python3-empy
  python3-filelock python3-lib2to3 python3-minimal python3-netifaces
  python3-nose python3-pip python3-pip-whl python3-pkg-resources
  python3-platformdirs python3-pyparsing python3-roman python3-rosdep2
  python3-rosdistro python3-rospkg python3-setuptools python3-setuptools-whl
  python3-six python3-venv python3-virtualenv python3-wheel python3-wheel-whl
  python3-yaml python3.10 python3.10-dev python3.10-minimal python3.10-venv
  readline-common ros-environment ros-one-catkin-virtualenv ros-one-cpp-common
  ros-one-gencpp ros-one-geneus ros-one-genlisp ros-one-genmsg
  ros-one-gennodejs ros-one-genpy ros-one-message-generation
  ros-one-message-runtime ros-one-ros-environment ros-one-rosbash
  ros-one-roscpp-serialization ros-one-roscpp-traits ros-one-rosgraph
  ros-one-rospack ros-one-rostime ros-one-setup-files ros-one-std-msgs
  sbuild-build-depends-main-dummy sensible-utils sgml-base tzdata virtualenv
  xml-core zlib1g-dev
0 upgraded, 163 newly installed, 0 to remove and 0 not upgraded.
Need to get 64.9 MB/65.5 MB of archives.
After this operation, 377 MB of additional disk space will be used.
Get:1 copy:/<<RESOLVERDIR>>/apt_archive ./ sbuild-build-depends-main-dummy 0.invalid.0 [748 B]
Get:2 file:/<<BUILDDIR>>/resolver-SVwSRP/apt_archive ./ ros-one-setup-files 0-2025.01.07.12.58 [10.8 kB]
Get:3 file:/<<BUILDDIR>>/resolver-SVwSRP/apt_archive ./ ros-one-ros-environment 1.3.2-5-g2686e94-2025.01.07.12.59 [5842 B]
Get:4 file:/<<BUILDDIR>>/resolver-SVwSRP/apt_archive ./ ros-one-rospack 2.6.2-2-gad85a87-2025.01.07.13.22 [101 kB]
Get:5 file:/<<BUILDDIR>>/resolver-SVwSRP/apt_archive ./ ros-one-rosbash 1.15.8-3-g136e18e9-2025.01.07.14.00 [21.8 kB]
Get:6 file:/<<BUILDDIR>>/resolver-SVwSRP/apt_archive ./ ros-one-rosgraph 1.17.0-12-g2a12474fb-2025.01.07.14.30 [52.0 kB]
Get:7 file:/<<BUILDDIR>>/resolver-SVwSRP/apt_archive ./ ros-one-catkin-virtualenv 0.13.0-5-g659584a-2025.01.07.15.17 [24.1 kB]
Get:8 file:/<<BUILDDIR>>/resolver-SVwSRP/apt_archive ./ ros-one-cpp-common 0.7.3-3-gcae00b4-2025.01.07.13.01 [21.8 kB]
Get:9 file:/<<BUILDDIR>>/resolver-SVwSRP/apt_archive ./ ros-one-genmsg 0.5.16-1-g7d8b6ce-2025.01.07.13.02 [37.6 kB]
Get:10 file:/<<BUILDDIR>>/resolver-SVwSRP/apt_archive ./ ros-one-gencpp 0-2025.01.07.13.22 [16.0 kB]
Get:11 file:/<<BUILDDIR>>/resolver-SVwSRP/apt_archive ./ ros-one-geneus 3.0.0-2025.01.07.13.22 [28.7 kB]
Get:12 file:/<<BUILDDIR>>/resolver-SVwSRP/apt_archive ./ ros-one-genlisp 0.4.18-2025.01.07.13.22 [23.9 kB]
Get:13 file:/<<BUILDDIR>>/resolver-SVwSRP/apt_archive ./ ros-one-gennodejs 2.0.1-8-g19d224c-2025.01.07.13.23 [24.0 kB]
Get:14 file:/<<BUILDDIR>>/resolver-SVwSRP/apt_archive ./ ros-one-genpy 0.6.16-6-gf70658f-2025.01.07.13.22 [55.2 kB]
Get:15 file:/<<BUILDDIR>>/resolver-SVwSRP/apt_archive ./ ros-one-message-generation 0.4.1-2025.01.07.13.31 [4778 B]
Get:16 file:/<<BUILDDIR>>/resolver-SVwSRP/apt_archive ./ ros-one-rostime 0.7.3-3-gcae00b4-2025.01.07.13.03 [40.6 kB]
Get:17 file:/<<BUILDDIR>>/resolver-SVwSRP/apt_archive ./ ros-one-roscpp-traits 0.7.3-3-gcae00b4-2025.01.07.13.02 [10.7 kB]
Get:18 file:/<<BUILDDIR>>/resolver-SVwSRP/apt_archive ./ ros-one-roscpp-serialization 0.7.3-3-gcae00b4-2025.01.07.13.04 [14.0 kB]
Get:19 file:/<<BUILDDIR>>/resolver-SVwSRP/apt_archive ./ ros-one-message-runtime 0.4.13-2025.01.07.13.31 [4802 B]
Get:20 file:/<<BUILDDIR>>/resolver-SVwSRP/apt_archive ./ ros-one-std-msgs 0.5.13-1-gf3554d4-2025.01.07.14.09 [58.2 kB]
Get:21 http://archive.ubuntu.com/ubuntu jammy-updates/main amd64 libpython3.10-minimal amd64 3.10.12-1~22.04.7 [814 kB]
Get:22 http://archive.ubuntu.com/ubuntu jammy-updates/main amd64 python3.10-minimal amd64 3.10.12-1~22.04.7 [2279 kB]
Get:23 http://archive.ubuntu.com/ubuntu jammy-updates/main amd64 python3-minimal amd64 3.10.6-1~22.04.1 [24.3 kB]
Get:24 http://archive.ubuntu.com/ubuntu jammy/main amd64 media-types all 7.0.0 [25.5 kB]
Get:25 http://archive.ubuntu.com/ubuntu jammy/main amd64 libmpdec3 amd64 2.5.1-2build2 [86.8 kB]
Get:26 http://archive.ubuntu.com/ubuntu jammy-updates/main amd64 libncursesw6 amd64 6.3-2ubuntu0.1 [147 kB]
Get:27 http://archive.ubuntu.com/ubuntu jammy/main amd64 readline-common all 8.1.2-1 [53.5 kB]
Get:28 http://archive.ubuntu.com/ubuntu jammy/main amd64 libreadline8 amd64 8.1.2-1 [153 kB]
Get:29 http://archive.ubuntu.com/ubuntu jammy-updates/main amd64 libsqlite3-0 amd64 3.37.2-2ubuntu0.3 [641 kB]
Get:30 http://archive.ubuntu.com/ubuntu jammy-updates/main amd64 libpython3.10-stdlib amd64 3.10.12-1~22.04.7 [1850 kB]
Get:31 http://archive.ubuntu.com/ubuntu jammy-updates/main amd64 python3.10 amd64 3.10.12-1~22.04.7 [509 kB]
Get:32 http://archive.ubuntu.com/ubuntu jammy-updates/main amd64 libpython3-stdlib amd64 3.10.6-1~22.04.1 [6812 B]
Get:33 http://archive.ubuntu.com/ubuntu jammy-updates/main amd64 python3 amd64 3.10.6-1~22.04.1 [22.8 kB]
Get:34 http://archive.ubuntu.com/ubuntu jammy/main amd64 sgml-base all 1.30 [12.5 kB]
Get:35 http://archive.ubuntu.com/ubuntu jammy-updates/main amd64 libncurses6 amd64 6.3-2ubuntu0.1 [111 kB]
Get:36 http://archive.ubuntu.com/ubuntu jammy-updates/main amd64 libprocps8 amd64 2:3.3.17-6ubuntu2.1 [36.2 kB]
Get:37 http://archive.ubuntu.com/ubuntu jammy-updates/main amd64 procps amd64 2:3.3.17-6ubuntu2.1 [378 kB]
Get:38 http://archive.ubuntu.com/ubuntu jammy/main amd64 sensible-utils all 0.0.17 [20.1 kB]
Get:39 http://archive.ubuntu.com/ubuntu jammy-updates/main amd64 distro-info-data all 0.52ubuntu0.8 [5302 B]
Get:40 http://archive.ubuntu.com/ubuntu jammy/main amd64 libelf1 amd64 0.186-1build1 [51.0 kB]
Get:41 http://archive.ubuntu.com/ubuntu jammy-updates/main amd64 libglib2.0-0 amd64 2.72.4-0ubuntu2.4 [1465 kB]
Get:42 http://archive.ubuntu.com/ubuntu jammy/main amd64 libicu70 amd64 70.1-2 [10.6 MB]
Get:43 http://archive.ubuntu.com/ubuntu jammy-updates/main amd64 libxml2 amd64 2.9.13+dfsg-1ubuntu0.4 [763 kB]
Get:44 http://archive.ubuntu.com/ubuntu jammy/main amd64 libyaml-0-2 amd64 0.2.2-1build2 [51.6 kB]
Get:45 http://archive.ubuntu.com/ubuntu jammy/main amd64 lsb-release all 11.1.0ubuntu4 [10.8 kB]
Get:46 http://archive.ubuntu.com/ubuntu jammy/main amd64 python3-netifaces amd64 0.11.0-1build2 [18.3 kB]
Get:47 http://archive.ubuntu.com/ubuntu jammy-updates/main amd64 python3-pkg-resources all 59.6.0-1.2ubuntu0.22.04.2 [133 kB]
Get:48 http://archive.ubuntu.com/ubuntu jammy/main amd64 python3-yaml amd64 5.4.1-1ubuntu1 [129 kB]
Get:49 http://archive.ubuntu.com/ubuntu jammy-updates/main amd64 tzdata all 2024a-0ubuntu0.22.04.1 [349 kB]
Get:50 http://archive.ubuntu.com/ubuntu jammy-updates/main amd64 bsdextrautils amd64 2.37.2-4ubuntu3.4 [71.4 kB]
Get:51 http://archive.ubuntu.com/ubuntu jammy-updates/main amd64 libmagic-mgc amd64 1:5.41-3ubuntu0.1 [257 kB]
Get:52 http://archive.ubuntu.com/ubuntu jammy-updates/main amd64 libmagic1 amd64 1:5.41-3ubuntu0.1 [87.2 kB]
Get:53 http://archive.ubuntu.com/ubuntu jammy-updates/main amd64 file amd64 1:5.41-3ubuntu0.1 [21.5 kB]
Get:54 http://archive.ubuntu.com/ubuntu jammy/main amd64 gettext-base amd64 0.21-4ubuntu4 [37.8 kB]
Get:55 http://archive.ubuntu.com/ubuntu jammy/main amd64 libuchardet0 amd64 0.0.7-1build2 [76.9 kB]
Get:56 http://archive.ubuntu.com/ubuntu jammy/main amd64 groff-base amd64 1.22.4-8build1 [955 kB]
Get:57 http://archive.ubuntu.com/ubuntu jammy/main amd64 libpipeline1 amd64 1.5.5-1 [23.5 kB]
Get:58 http://archive.ubuntu.com/ubuntu jammy-updates/main amd64 libuv1 amd64 1.43.0-1ubuntu0.1 [92.7 kB]
Get:59 http://archive.ubuntu.com/ubuntu jammy/main amd64 man-db amd64 2.10.2-1 [1187 kB]
Get:60 http://archive.ubuntu.com/ubuntu jammy/main amd64 libsigsegv2 amd64 2.13-1ubuntu3 [14.6 kB]
Get:61 http://archive.ubuntu.com/ubuntu jammy/main amd64 m4 amd64 1.4.18-5ubuntu2 [199 kB]
Get:62 http://archive.ubuntu.com/ubuntu jammy/main amd64 autoconf all 2.71-2 [338 kB]
Get:63 http://archive.ubuntu.com/ubuntu jammy/main amd64 autotools-dev all 20220109.1 [44.9 kB]
Get:64 http://archive.ubuntu.com/ubuntu jammy/main amd64 automake all 1:1.16.5-1.3 [558 kB]
Get:65 http://archive.ubuntu.com/ubuntu jammy/main amd64 autopoint all 0.21-4ubuntu4 [422 kB]
Get:66 http://archive.ubuntu.com/ubuntu jammy-updates/main amd64 libarchive13 amd64 3.6.0-1ubuntu1.3 [369 kB]
Get:67 http://archive.ubuntu.com/ubuntu jammy-updates/main amd64 libcurl4 amd64 7.81.0-1ubuntu1.20 [289 kB]
Get:68 http://archive.ubuntu.com/ubuntu jammy/main amd64 libjsoncpp25 amd64 1.9.5-3 [80.0 kB]
Get:69 http://archive.ubuntu.com/ubuntu jammy/main amd64 librhash0 amd64 1.4.2-1ubuntu1 [125 kB]
Get:70 http://archive.ubuntu.com/ubuntu jammy/main amd64 dh-elpa-helper all 2.0.9ubuntu1 [7610 B]
Get:71 http://archive.ubuntu.com/ubuntu jammy/main amd64 emacsen-common all 3.0.4 [14.9 kB]
Get:72 http://archive.ubuntu.com/ubuntu jammy-updates/main amd64 cmake-data all 3.22.1-1ubuntu1.22.04.2 [1913 kB]
Get:73 http://archive.ubuntu.com/ubuntu jammy-updates/main amd64 cmake amd64 3.22.1-1ubuntu1.22.04.2 [5010 kB]
Get:74 http://archive.ubuntu.com/ubuntu jammy/main amd64 libdebhelper-perl all 13.6ubuntu1 [67.2 kB]
Get:75 http://archive.ubuntu.com/ubuntu jammy/main amd64 libtool all 2.4.6-15build2 [164 kB]
Get:76 http://archive.ubuntu.com/ubuntu jammy/main amd64 dh-autoreconf all 20 [16.1 kB]
Get:77 http://archive.ubuntu.com/ubuntu jammy/main amd64 libarchive-zip-perl all 1.68-1 [90.2 kB]
Get:78 http://archive.ubuntu.com/ubuntu jammy/main amd64 libsub-override-perl all 0.09-2 [9532 B]
Get:79 http://archive.ubuntu.com/ubuntu jammy/main amd64 libfile-stripnondeterminism-perl all 1.13.0-1 [18.1 kB]
Get:80 http://archive.ubuntu.com/ubuntu jammy/main amd64 dh-strip-nondeterminism all 1.13.0-1 [5344 B]
Get:81 http://archive.ubuntu.com/ubuntu jammy/main amd64 libdw1 amd64 0.186-1build1 [250 kB]
Get:82 http://archive.ubuntu.com/ubuntu jammy/main amd64 debugedit amd64 1:5.0-4build1 [47.2 kB]
Get:83 http://archive.ubuntu.com/ubuntu jammy/main amd64 dwz amd64 0.14-1build2 [105 kB]
Get:84 http://archive.ubuntu.com/ubuntu jammy/main amd64 gettext amd64 0.21-4ubuntu4 [868 kB]
Get:85 http://archive.ubuntu.com/ubuntu jammy/main amd64 intltool-debian all 0.35.0+20060710.5 [24.9 kB]
Get:86 http://archive.ubuntu.com/ubuntu jammy/main amd64 po-debconf all 1.0.21+nmu1 [233 kB]
Get:87 http://archive.ubuntu.com/ubuntu jammy/main amd64 debhelper all 13.6ubuntu1 [923 kB]
Get:88 http://archive.ubuntu.com/ubuntu jammy/main amd64 xml-core all 0.18+nmu1 [21.6 kB]
Get:89 http://archive.ubuntu.com/ubuntu jammy/main amd64 docutils-common all 0.17.1+dfsg-2 [117 kB]
Get:90 http://archive.ubuntu.com/ubuntu jammy/main amd64 libfakeroot amd64 1.28-1ubuntu1 [31.5 kB]
Get:91 http://archive.ubuntu.com/ubuntu jammy/main amd64 fakeroot amd64 1.28-1ubuntu1 [60.4 kB]
Get:92 http://archive.ubuntu.com/ubuntu jammy/universe amd64 googletest all 1.11.0-3 [541 kB]
Get:93 http://archive.ubuntu.com/ubuntu jammy/main amd64 libboost1.74-dev amd64 1.74.0-14ubuntu3 [9609 kB]
Get:94 http://archive.ubuntu.com/ubuntu jammy/main amd64 libboost-atomic1.74.0 amd64 1.74.0-14ubuntu3 [224 kB]
Get:95 http://archive.ubuntu.com/ubuntu jammy/main amd64 libboost-atomic1.74-dev amd64 1.74.0-14ubuntu3 [221 kB]
Get:96 http://archive.ubuntu.com/ubuntu jammy/main amd64 libboost-chrono1.74.0 amd64 1.74.0-14ubuntu3 [232 kB]
Get:97 http://archive.ubuntu.com/ubuntu jammy/main amd64 libboost-chrono1.74-dev amd64 1.74.0-14ubuntu3 [239 kB]
Get:98 http://archive.ubuntu.com/ubuntu jammy/main amd64 libboost-date-time1.74.0 amd64 1.74.0-14ubuntu3 [221 kB]
Get:99 http://archive.ubuntu.com/ubuntu jammy/main amd64 libboost-serialization1.74.0 amd64 1.74.0-14ubuntu3 [327 kB]
Get:100 http://archive.ubuntu.com/ubuntu jammy/main amd64 libboost-serialization1.74-dev amd64 1.74.0-14ubuntu3 [375 kB]
Get:101 http://archive.ubuntu.com/ubuntu jammy/main amd64 libboost-date-time1.74-dev amd64 1.74.0-14ubuntu3 [226 kB]
Get:102 http://archive.ubuntu.com/ubuntu jammy/universe amd64 libboost-date-time-dev amd64 1.74.0.3ubuntu7 [3248 B]
Get:103 http://archive.ubuntu.com/ubuntu jammy/main amd64 libboost-filesystem1.74.0 amd64 1.74.0-14ubuntu3 [264 kB]
Get:104 http://archive.ubuntu.com/ubuntu jammy/main amd64 libboost-system1.74.0 amd64 1.74.0-14ubuntu3 [221 kB]
Get:105 http://archive.ubuntu.com/ubuntu jammy/main amd64 libboost-system1.74-dev amd64 1.74.0-14ubuntu3 [218 kB]
Get:106 http://archive.ubuntu.com/ubuntu jammy/main amd64 libboost-filesystem1.74-dev amd64 1.74.0-14ubuntu3 [287 kB]
Get:107 http://archive.ubuntu.com/ubuntu jammy/main amd64 libboost-filesystem-dev amd64 1.74.0.3ubuntu7 [3280 B]
Get:108 http://archive.ubuntu.com/ubuntu jammy/main amd64 libboost-program-options1.74.0 amd64 1.74.0-14ubuntu3 [311 kB]
Get:109 http://archive.ubuntu.com/ubuntu jammy/main amd64 libboost-program-options1.74-dev amd64 1.74.0-14ubuntu3 [380 kB]
Get:110 http://archive.ubuntu.com/ubuntu jammy/main amd64 libboost-program-options-dev amd64 1.74.0.3ubuntu7 [3266 B]
Get:111 http://archive.ubuntu.com/ubuntu jammy/main amd64 libboost-system-dev amd64 1.74.0.3ubuntu7 [3390 B]
Get:112 http://archive.ubuntu.com/ubuntu jammy/main amd64 libboost-thread1.74.0 amd64 1.74.0-14ubuntu3 [262 kB]
Get:113 http://archive.ubuntu.com/ubuntu jammy/main amd64 libboost-thread1.74-dev amd64 1.74.0-14ubuntu3 [272 kB]
Get:114 http://archive.ubuntu.com/ubuntu jammy/main amd64 libboost-thread-dev amd64 1.74.0.3ubuntu7 [3266 B]
Get:115 http://archive.ubuntu.com/ubuntu jammy/universe amd64 libconsole-bridge1.0 amd64 1.0.1+dfsg2-3 [11.9 kB]
Get:116 http://archive.ubuntu.com/ubuntu jammy-updates/main amd64 libexpat1-dev amd64 2.4.7-1ubuntu0.5 [147 kB]
Get:117 http://archive.ubuntu.com/ubuntu jammy/universe amd64 libgtest-dev amd64 1.11.0-3 [250 kB]
Get:118 http://archive.ubuntu.com/ubuntu jammy/universe amd64 libgmock-dev amd64 1.11.0-3 [128 kB]
Get:119 http://archive.ubuntu.com/ubuntu jammy/main amd64 libjs-jquery all 3.6.0+dfsg+~3.5.13-1 [321 kB]
Get:120 http://archive.ubuntu.com/ubuntu jammy/main amd64 libjs-underscore all 1.13.2~dfsg-2 [118 kB]
Get:121 http://archive.ubuntu.com/ubuntu jammy/main amd64 libjs-sphinxdoc all 4.3.2-1 [139 kB]
Get:122 http://archive.ubuntu.com/ubuntu jammy-updates/main amd64 libpython3.10 amd64 3.10.12-1~22.04.7 [1949 kB]
Get:123 http://archive.ubuntu.com/ubuntu jammy-updates/main amd64 zlib1g-dev amd64 1:1.2.11.dfsg-2ubuntu9.2 [164 kB]
Get:124 http://archive.ubuntu.com/ubuntu jammy-updates/main amd64 libpython3.10-dev amd64 3.10.12-1~22.04.7 [4762 kB]
Get:125 http://archive.ubuntu.com/ubuntu jammy-updates/main amd64 libpython3-dev amd64 3.10.6-1~22.04.1 [7064 B]
Get:126 http://archive.ubuntu.com/ubuntu jammy/universe amd64 libtinyxml2-9 amd64 9.0.0+dfsg-3 [32.5 kB]
Get:127 http://archive.ubuntu.com/ubuntu jammy/main amd64 pkg-config amd64 0.29.2-1ubuntu3 [48.2 kB]
Get:128 http://archive.ubuntu.com/ubuntu jammy/universe amd64 python3-catkin all 0.8.10-7 [22.8 kB]
Get:129 http://archive.ubuntu.com/ubuntu jammy/main amd64 python3-six all 1.16.0-3ubuntu1 [12.6 kB]
Get:130 http://archive.ubuntu.com/ubuntu jammy/main amd64 python3-dateutil all 2.8.1-6 [78.4 kB]
Get:131 http://archive.ubuntu.com/ubuntu jammy/main amd64 python3-roman all 3.3-1 [10.6 kB]
Get:132 http://archive.ubuntu.com/ubuntu jammy/main amd64 python3-docutils all 0.17.1+dfsg-2 [387 kB]
Get:133 http://archive.ubuntu.com/ubuntu jammy/main amd64 python3-pyparsing all 2.4.7-1 [61.4 kB]
Get:134 http://archive.ubuntu.com/ubuntu jammy/universe amd64 python3-catkin-pkg all 0.4.24-2 [46.5 kB]
Get:135 http://archive.ubuntu.com/ubuntu jammy-updates/main amd64 python3.10-dev amd64 3.10.12-1~22.04.7 [508 kB]
Get:136 http://archive.ubuntu.com/ubuntu jammy-updates/main amd64 python3-lib2to3 all 3.10.8-1~22.04 [77.6 kB]
Get:137 http://archive.ubuntu.com/ubuntu jammy-updates/main amd64 python3-distutils all 3.10.8-1~22.04 [139 kB]
Get:138 http://archive.ubuntu.com/ubuntu jammy-updates/main amd64 python3-dev amd64 3.10.6-1~22.04.1 [26.0 kB]
Get:139 http://archive.ubuntu.com/ubuntu jammy/universe amd64 python3-distlib all 0.3.4-1 [269 kB]
Get:140 http://archive.ubuntu.com/ubuntu jammy/universe amd64 python3-empy all 3.3.4-2 [65.7 kB]
Get:141 http://archive.ubuntu.com/ubuntu jammy/universe amd64 python3-filelock all 3.6.0-1 [8788 B]
Get:142 http://archive.ubuntu.com/ubuntu jammy/universe amd64 python3-nose all 1.3.7-8 [117 kB]
Get:143 http://archive.ubuntu.com/ubuntu jammy-updates/main amd64 python3-setuptools all 59.6.0-1.2ubuntu0.22.04.2 [340 kB]
Get:144 http://archive.ubuntu.com/ubuntu jammy-updates/universe amd64 python3-wheel all 0.37.1-2ubuntu0.22.04.1 [32.0 kB]
Get:145 http://archive.ubuntu.com/ubuntu jammy-updates/universe amd64 python3-pip all 22.0.2+dfsg-1ubuntu0.5 [1306 kB]
Get:146 http://archive.ubuntu.com/ubuntu jammy-updates/universe amd64 python3-pip-whl all 22.0.2+dfsg-1ubuntu0.5 [1680 kB]
Get:147 http://archive.ubuntu.com/ubuntu jammy/universe amd64 python3-platformdirs all 2.5.1-1 [14.2 kB]
Get:148 http://archive.ubuntu.com/ubuntu jammy/main amd64 python3-distro all 1.7.0-1 [17.0 kB]
Get:149 http://archive.ubuntu.com/ubuntu jammy/universe amd64 python3-rospkg all 1.3.0-1 [25.7 kB]
Get:150 http://archive.ubuntu.com/ubuntu jammy/universe amd64 python3-rosdistro all 0.8.3-2 [35.9 kB]
Get:151 http://archive.ubuntu.com/ubuntu jammy/universe amd64 python3-rosdep2 all 0.21.0-2 [58.7 kB]
Get:152 http://archive.ubuntu.com/ubuntu jammy-updates/universe amd64 python3-setuptools-whl all 59.6.0-1.2ubuntu0.22.04.2 [788 kB]
Get:153 http://archive.ubuntu.com/ubuntu jammy-updates/universe amd64 python3.10-venv amd64 3.10.12-1~22.04.7 [5718 B]
Get:154 http://archive.ubuntu.com/ubuntu jammy-updates/universe amd64 python3-venv amd64 3.10.6-1~22.04.1 [1042 B]
Get:155 http://archive.ubuntu.com/ubuntu jammy-updates/universe amd64 python3-wheel-whl all 0.37.1-2ubuntu0.22.04.1 [38.0 kB]
Get:156 http://archive.ubuntu.com/ubuntu jammy/universe amd64 python3-virtualenv all 20.13.0+ds-2 [80.3 kB]
Get:157 http://archive.ubuntu.com/ubuntu jammy/universe amd64 ros-environment all 1.3.2-2 [6200 B]
Get:158 http://archive.ubuntu.com/ubuntu jammy/universe amd64 cmake-extras all 1.6-1 [55.7 kB]
Get:159 http://archive.ubuntu.com/ubuntu jammy/universe amd64 catkin all 0.8.10-7 [80.8 kB]
Get:160 http://archive.ubuntu.com/ubuntu jammy/universe amd64 libtinyxml2-dev amd64 9.0.0+dfsg-3 [18.6 kB]
Get:161 http://archive.ubuntu.com/ubuntu jammy/universe amd64 virtualenv all 20.13.0+ds-2 [1968 B]
Get:162 http://archive.ubuntu.com/ubuntu jammy/universe amd64 libconsole-bridge-dev amd64 1.0.1+dfsg2-3 [6700 B]
Get:163 http://archive.ubuntu.com/ubuntu jammy/universe amd64 dumb-init amd64 1.2.5-2 [14.1 kB]
debconf: delaying package configuration, since apt-utils is not installed
Fetched 64.9 MB in 2s (33.4 MB/s)
Selecting previously unselected package libpython3.10-minimal:amd64.
(Reading database ... 11273 files and directories currently installed.)
Preparing to unpack .../libpython3.10-minimal_3.10.12-1~22.04.7_amd64.deb ...
Unpacking libpython3.10-minimal:amd64 (3.10.12-1~22.04.7) ...
Selecting previously unselected package python3.10-minimal.
Preparing to unpack .../python3.10-minimal_3.10.12-1~22.04.7_amd64.deb ...
Unpacking python3.10-minimal (3.10.12-1~22.04.7) ...
Setting up libpython3.10-minimal:amd64 (3.10.12-1~22.04.7) ...
Setting up python3.10-minimal (3.10.12-1~22.04.7) ...
Selecting previously unselected package python3-minimal.
(Reading database ... 11569 files and directories currently installed.)
Preparing to unpack .../0-python3-minimal_3.10.6-1~22.04.1_amd64.deb ...
Unpacking python3-minimal (3.10.6-1~22.04.1) ...
Selecting previously unselected package media-types.
Preparing to unpack .../1-media-types_7.0.0_all.deb ...
Unpacking media-types (7.0.0) ...
Selecting previously unselected package libmpdec3:amd64.
Preparing to unpack .../2-libmpdec3_2.5.1-2build2_amd64.deb ...
Unpacking libmpdec3:amd64 (2.5.1-2build2) ...
Selecting previously unselected package libncursesw6:amd64.
Preparing to unpack .../3-libncursesw6_6.3-2ubuntu0.1_amd64.deb ...
Unpacking libncursesw6:amd64 (6.3-2ubuntu0.1) ...
Selecting previously unselected package readline-common.
Preparing to unpack .../4-readline-common_8.1.2-1_all.deb ...
Unpacking readline-common (8.1.2-1) ...
Selecting previously unselected package libreadline8:amd64.
Preparing to unpack .../5-libreadline8_8.1.2-1_amd64.deb ...
Unpacking libreadline8:amd64 (8.1.2-1) ...
Selecting previously unselected package libsqlite3-0:amd64.
Preparing to unpack .../6-libsqlite3-0_3.37.2-2ubuntu0.3_amd64.deb ...
Unpacking libsqlite3-0:amd64 (3.37.2-2ubuntu0.3) ...
Selecting previously unselected package libpython3.10-stdlib:amd64.
Preparing to unpack .../7-libpython3.10-stdlib_3.10.12-1~22.04.7_amd64.deb ...
Unpacking libpython3.10-stdlib:amd64 (3.10.12-1~22.04.7) ...
Selecting previously unselected package python3.10.
Preparing to unpack .../8-python3.10_3.10.12-1~22.04.7_amd64.deb ...
Unpacking python3.10 (3.10.12-1~22.04.7) ...
Selecting previously unselected package libpython3-stdlib:amd64.
Preparing to unpack .../9-libpython3-stdlib_3.10.6-1~22.04.1_amd64.deb ...
Unpacking libpython3-stdlib:amd64 (3.10.6-1~22.04.1) ...
Setting up python3-minimal (3.10.6-1~22.04.1) ...
Selecting previously unselected package python3.
(Reading database ... 12008 files and directories currently installed.)
Preparing to unpack .../000-python3_3.10.6-1~22.04.1_amd64.deb ...
Unpacking python3 (3.10.6-1~22.04.1) ...
Selecting previously unselected package sgml-base.
Preparing to unpack .../001-sgml-base_1.30_all.deb ...
Unpacking sgml-base (1.30) ...
Selecting previously unselected package libncurses6:amd64.
Preparing to unpack .../002-libncurses6_6.3-2ubuntu0.1_amd64.deb ...
Unpacking libncurses6:amd64 (6.3-2ubuntu0.1) ...
Selecting previously unselected package libprocps8:amd64.
Preparing to unpack .../003-libprocps8_2%3a3.3.17-6ubuntu2.1_amd64.deb ...
Unpacking libprocps8:amd64 (2:3.3.17-6ubuntu2.1) ...
Selecting previously unselected package procps.
Preparing to unpack .../004-procps_2%3a3.3.17-6ubuntu2.1_amd64.deb ...
Unpacking procps (2:3.3.17-6ubuntu2.1) ...
Selecting previously unselected package sensible-utils.
Preparing to unpack .../005-sensible-utils_0.0.17_all.deb ...
Unpacking sensible-utils (0.0.17) ...
Selecting previously unselected package distro-info-data.
Preparing to unpack .../006-distro-info-data_0.52ubuntu0.8_all.deb ...
Unpacking distro-info-data (0.52ubuntu0.8) ...
Selecting previously unselected package libelf1:amd64.
Preparing to unpack .../007-libelf1_0.186-1build1_amd64.deb ...
Unpacking libelf1:amd64 (0.186-1build1) ...
Selecting previously unselected package libglib2.0-0:amd64.
Preparing to unpack .../008-libglib2.0-0_2.72.4-0ubuntu2.4_amd64.deb ...
Unpacking libglib2.0-0:amd64 (2.72.4-0ubuntu2.4) ...
Selecting previously unselected package libicu70:amd64.
Preparing to unpack .../009-libicu70_70.1-2_amd64.deb ...
Unpacking libicu70:amd64 (70.1-2) ...
Selecting previously unselected package libxml2:amd64.
Preparing to unpack .../010-libxml2_2.9.13+dfsg-1ubuntu0.4_amd64.deb ...
Unpacking libxml2:amd64 (2.9.13+dfsg-1ubuntu0.4) ...
Selecting previously unselected package libyaml-0-2:amd64.
Preparing to unpack .../011-libyaml-0-2_0.2.2-1build2_amd64.deb ...
Unpacking libyaml-0-2:amd64 (0.2.2-1build2) ...
Selecting previously unselected package lsb-release.
Preparing to unpack .../012-lsb-release_11.1.0ubuntu4_all.deb ...
Unpacking lsb-release (11.1.0ubuntu4) ...
Selecting previously unselected package python3-netifaces:amd64.
Preparing to unpack .../013-python3-netifaces_0.11.0-1build2_amd64.deb ...
Unpacking python3-netifaces:amd64 (0.11.0-1build2) ...
Selecting previously unselected package python3-pkg-resources.
Preparing to unpack .../014-python3-pkg-resources_59.6.0-1.2ubuntu0.22.04.2_all.deb ...
Unpacking python3-pkg-resources (59.6.0-1.2ubuntu0.22.04.2) ...
Selecting previously unselected package python3-yaml.
Preparing to unpack .../015-python3-yaml_5.4.1-1ubuntu1_amd64.deb ...
Unpacking python3-yaml (5.4.1-1ubuntu1) ...
Selecting previously unselected package tzdata.
Preparing to unpack .../016-tzdata_2024a-0ubuntu0.22.04.1_all.deb ...
Unpacking tzdata (2024a-0ubuntu0.22.04.1) ...
Selecting previously unselected package bsdextrautils.
Preparing to unpack .../017-bsdextrautils_2.37.2-4ubuntu3.4_amd64.deb ...
Unpacking bsdextrautils (2.37.2-4ubuntu3.4) ...
Selecting previously unselected package libmagic-mgc.
Preparing to unpack .../018-libmagic-mgc_1%3a5.41-3ubuntu0.1_amd64.deb ...
Unpacking libmagic-mgc (1:5.41-3ubuntu0.1) ...
Selecting previously unselected package libmagic1:amd64.
Preparing to unpack .../019-libmagic1_1%3a5.41-3ubuntu0.1_amd64.deb ...
Unpacking libmagic1:amd64 (1:5.41-3ubuntu0.1) ...
Selecting previously unselected package file.
Preparing to unpack .../020-file_1%3a5.41-3ubuntu0.1_amd64.deb ...
Unpacking file (1:5.41-3ubuntu0.1) ...
Selecting previously unselected package gettext-base.
Preparing to unpack .../021-gettext-base_0.21-4ubuntu4_amd64.deb ...
Unpacking gettext-base (0.21-4ubuntu4) ...
Selecting previously unselected package libuchardet0:amd64.
Preparing to unpack .../022-libuchardet0_0.0.7-1build2_amd64.deb ...
Unpacking libuchardet0:amd64 (0.0.7-1build2) ...
Selecting previously unselected package groff-base.
Preparing to unpack .../023-groff-base_1.22.4-8build1_amd64.deb ...
Unpacking groff-base (1.22.4-8build1) ...
Selecting previously unselected package libpipeline1:amd64.
Preparing to unpack .../024-libpipeline1_1.5.5-1_amd64.deb ...
Unpacking libpipeline1:amd64 (1.5.5-1) ...
Selecting previously unselected package libuv1:amd64.
Preparing to unpack .../025-libuv1_1.43.0-1ubuntu0.1_amd64.deb ...
Unpacking libuv1:amd64 (1.43.0-1ubuntu0.1) ...
Selecting previously unselected package man-db.
Preparing to unpack .../026-man-db_2.10.2-1_amd64.deb ...
Unpacking man-db (2.10.2-1) ...
Selecting previously unselected package libsigsegv2:amd64.
Preparing to unpack .../027-libsigsegv2_2.13-1ubuntu3_amd64.deb ...
Unpacking libsigsegv2:amd64 (2.13-1ubuntu3) ...
Selecting previously unselected package m4.
Preparing to unpack .../028-m4_1.4.18-5ubuntu2_amd64.deb ...
Unpacking m4 (1.4.18-5ubuntu2) ...
Selecting previously unselected package autoconf.
Preparing to unpack .../029-autoconf_2.71-2_all.deb ...
Unpacking autoconf (2.71-2) ...
Selecting previously unselected package autotools-dev.
Preparing to unpack .../030-autotools-dev_20220109.1_all.deb ...
Unpacking autotools-dev (20220109.1) ...
Selecting previously unselected package automake.
Preparing to unpack .../031-automake_1%3a1.16.5-1.3_all.deb ...
Unpacking automake (1:1.16.5-1.3) ...
Selecting previously unselected package autopoint.
Preparing to unpack .../032-autopoint_0.21-4ubuntu4_all.deb ...
Unpacking autopoint (0.21-4ubuntu4) ...
Selecting previously unselected package libarchive13:amd64.
Preparing to unpack .../033-libarchive13_3.6.0-1ubuntu1.3_amd64.deb ...
Unpacking libarchive13:amd64 (3.6.0-1ubuntu1.3) ...
Selecting previously unselected package libcurl4:amd64.
Preparing to unpack .../034-libcurl4_7.81.0-1ubuntu1.20_amd64.deb ...
Unpacking libcurl4:amd64 (7.81.0-1ubuntu1.20) ...
Selecting previously unselected package libjsoncpp25:amd64.
Preparing to unpack .../035-libjsoncpp25_1.9.5-3_amd64.deb ...
Unpacking libjsoncpp25:amd64 (1.9.5-3) ...
Selecting previously unselected package librhash0:amd64.
Preparing to unpack .../036-librhash0_1.4.2-1ubuntu1_amd64.deb ...
Unpacking librhash0:amd64 (1.4.2-1ubuntu1) ...
Selecting previously unselected package dh-elpa-helper.
Preparing to unpack .../037-dh-elpa-helper_2.0.9ubuntu1_all.deb ...
Unpacking dh-elpa-helper (2.0.9ubuntu1) ...
Selecting previously unselected package emacsen-common.
Preparing to unpack .../038-emacsen-common_3.0.4_all.deb ...
Unpacking emacsen-common (3.0.4) ...
Selecting previously unselected package cmake-data.
Preparing to unpack .../039-cmake-data_3.22.1-1ubuntu1.22.04.2_all.deb ...
Unpacking cmake-data (3.22.1-1ubuntu1.22.04.2) ...
Selecting previously unselected package cmake.
Preparing to unpack .../040-cmake_3.22.1-1ubuntu1.22.04.2_amd64.deb ...
Unpacking cmake (3.22.1-1ubuntu1.22.04.2) ...
Selecting previously unselected package libdebhelper-perl.
Preparing to unpack .../041-libdebhelper-perl_13.6ubuntu1_all.deb ...
Unpacking libdebhelper-perl (13.6ubuntu1) ...
Selecting previously unselected package libtool.
Preparing to unpack .../042-libtool_2.4.6-15build2_all.deb ...
Unpacking libtool (2.4.6-15build2) ...
Selecting previously unselected package dh-autoreconf.
Preparing to unpack .../043-dh-autoreconf_20_all.deb ...
Unpacking dh-autoreconf (20) ...
Selecting previously unselected package libarchive-zip-perl.
Preparing to unpack .../044-libarchive-zip-perl_1.68-1_all.deb ...
Unpacking libarchive-zip-perl (1.68-1) ...
Selecting previously unselected package libsub-override-perl.
Preparing to unpack .../045-libsub-override-perl_0.09-2_all.deb ...
Unpacking libsub-override-perl (0.09-2) ...
Selecting previously unselected package libfile-stripnondeterminism-perl.
Preparing to unpack .../046-libfile-stripnondeterminism-perl_1.13.0-1_all.deb ...
Unpacking libfile-stripnondeterminism-perl (1.13.0-1) ...
Selecting previously unselected package dh-strip-nondeterminism.
Preparing to unpack .../047-dh-strip-nondeterminism_1.13.0-1_all.deb ...
Unpacking dh-strip-nondeterminism (1.13.0-1) ...
Selecting previously unselected package libdw1:amd64.
Preparing to unpack .../048-libdw1_0.186-1build1_amd64.deb ...
Unpacking libdw1:amd64 (0.186-1build1) ...
Selecting previously unselected package debugedit.
Preparing to unpack .../049-debugedit_1%3a5.0-4build1_amd64.deb ...
Unpacking debugedit (1:5.0-4build1) ...
Selecting previously unselected package dwz.
Preparing to unpack .../050-dwz_0.14-1build2_amd64.deb ...
Unpacking dwz (0.14-1build2) ...
Selecting previously unselected package gettext.
Preparing to unpack .../051-gettext_0.21-4ubuntu4_amd64.deb ...
Unpacking gettext (0.21-4ubuntu4) ...
Selecting previously unselected package intltool-debian.
Preparing to unpack .../052-intltool-debian_0.35.0+20060710.5_all.deb ...
Unpacking intltool-debian (0.35.0+20060710.5) ...
Selecting previously unselected package po-debconf.
Preparing to unpack .../053-po-debconf_1.0.21+nmu1_all.deb ...
Unpacking po-debconf (1.0.21+nmu1) ...
Selecting previously unselected package debhelper.
Preparing to unpack .../054-debhelper_13.6ubuntu1_all.deb ...
Unpacking debhelper (13.6ubuntu1) ...
Selecting previously unselected package xml-core.
Preparing to unpack .../055-xml-core_0.18+nmu1_all.deb ...
Unpacking xml-core (0.18+nmu1) ...
Selecting previously unselected package docutils-common.
Preparing to unpack .../056-docutils-common_0.17.1+dfsg-2_all.deb ...
Unpacking docutils-common (0.17.1+dfsg-2) ...
Selecting previously unselected package libfakeroot:amd64.
Preparing to unpack .../057-libfakeroot_1.28-1ubuntu1_amd64.deb ...
Unpacking libfakeroot:amd64 (1.28-1ubuntu1) ...
Selecting previously unselected package fakeroot.
Preparing to unpack .../058-fakeroot_1.28-1ubuntu1_amd64.deb ...
Unpacking fakeroot (1.28-1ubuntu1) ...
Selecting previously unselected package googletest.
Preparing to unpack .../059-googletest_1.11.0-3_all.deb ...
Unpacking googletest (1.11.0-3) ...
Selecting previously unselected package libboost1.74-dev:amd64.
Preparing to unpack .../060-libboost1.74-dev_1.74.0-14ubuntu3_amd64.deb ...
Unpacking libboost1.74-dev:amd64 (1.74.0-14ubuntu3) ...
Selecting previously unselected package libboost-atomic1.74.0:amd64.
Preparing to unpack .../061-libboost-atomic1.74.0_1.74.0-14ubuntu3_amd64.deb ...
Unpacking libboost-atomic1.74.0:amd64 (1.74.0-14ubuntu3) ...
Selecting previously unselected package libboost-atomic1.74-dev:amd64.
Preparing to unpack .../062-libboost-atomic1.74-dev_1.74.0-14ubuntu3_amd64.deb ...
Unpacking libboost-atomic1.74-dev:amd64 (1.74.0-14ubuntu3) ...
Selecting previously unselected package libboost-chrono1.74.0:amd64.
Preparing to unpack .../063-libboost-chrono1.74.0_1.74.0-14ubuntu3_amd64.deb ...
Unpacking libboost-chrono1.74.0:amd64 (1.74.0-14ubuntu3) ...
Selecting previously unselected package libboost-chrono1.74-dev:amd64.
Preparing to unpack .../064-libboost-chrono1.74-dev_1.74.0-14ubuntu3_amd64.deb ...
Unpacking libboost-chrono1.74-dev:amd64 (1.74.0-14ubuntu3) ...
Selecting previously unselected package libboost-date-time1.74.0:amd64.
Preparing to unpack .../065-libboost-date-time1.74.0_1.74.0-14ubuntu3_amd64.deb ...
Unpacking libboost-date-time1.74.0:amd64 (1.74.0-14ubuntu3) ...
Selecting previously unselected package libboost-serialization1.74.0:amd64.
Preparing to unpack .../066-libboost-serialization1.74.0_1.74.0-14ubuntu3_amd64.deb ...
Unpacking libboost-serialization1.74.0:amd64 (1.74.0-14ubuntu3) ...
Selecting previously unselected package libboost-serialization1.74-dev:amd64.
Preparing to unpack .../067-libboost-serialization1.74-dev_1.74.0-14ubuntu3_amd64.deb ...
Unpacking libboost-serialization1.74-dev:amd64 (1.74.0-14ubuntu3) ...
Selecting previously unselected package libboost-date-time1.74-dev:amd64.
Preparing to unpack .../068-libboost-date-time1.74-dev_1.74.0-14ubuntu3_amd64.deb ...
Unpacking libboost-date-time1.74-dev:amd64 (1.74.0-14ubuntu3) ...
Selecting previously unselected package libboost-date-time-dev:amd64.
Preparing to unpack .../069-libboost-date-time-dev_1.74.0.3ubuntu7_amd64.deb ...
Unpacking libboost-date-time-dev:amd64 (1.74.0.3ubuntu7) ...
Selecting previously unselected package libboost-filesystem1.74.0:amd64.
Preparing to unpack .../070-libboost-filesystem1.74.0_1.74.0-14ubuntu3_amd64.deb ...
Unpacking libboost-filesystem1.74.0:amd64 (1.74.0-14ubuntu3) ...
Selecting previously unselected package libboost-system1.74.0:amd64.
Preparing to unpack .../071-libboost-system1.74.0_1.74.0-14ubuntu3_amd64.deb ...
Unpacking libboost-system1.74.0:amd64 (1.74.0-14ubuntu3) ...
Selecting previously unselected package libboost-system1.74-dev:amd64.
Preparing to unpack .../072-libboost-system1.74-dev_1.74.0-14ubuntu3_amd64.deb ...
Unpacking libboost-system1.74-dev:amd64 (1.74.0-14ubuntu3) ...
Selecting previously unselected package libboost-filesystem1.74-dev:amd64.
Preparing to unpack .../073-libboost-filesystem1.74-dev_1.74.0-14ubuntu3_amd64.deb ...
Unpacking libboost-filesystem1.74-dev:amd64 (1.74.0-14ubuntu3) ...
Selecting previously unselected package libboost-filesystem-dev:amd64.
Preparing to unpack .../074-libboost-filesystem-dev_1.74.0.3ubuntu7_amd64.deb ...
Unpacking libboost-filesystem-dev:amd64 (1.74.0.3ubuntu7) ...
Selecting previously unselected package libboost-program-options1.74.0:amd64.
Preparing to unpack .../075-libboost-program-options1.74.0_1.74.0-14ubuntu3_amd64.deb ...
Unpacking libboost-program-options1.74.0:amd64 (1.74.0-14ubuntu3) ...
Selecting previously unselected package libboost-program-options1.74-dev:amd64.
Preparing to unpack .../076-libboost-program-options1.74-dev_1.74.0-14ubuntu3_amd64.deb ...
Unpacking libboost-program-options1.74-dev:amd64 (1.74.0-14ubuntu3) ...
Selecting previously unselected package libboost-program-options-dev:amd64.
Preparing to unpack .../077-libboost-program-options-dev_1.74.0.3ubuntu7_amd64.deb ...
Unpacking libboost-program-options-dev:amd64 (1.74.0.3ubuntu7) ...
Selecting previously unselected package libboost-system-dev:amd64.
Preparing to unpack .../078-libboost-system-dev_1.74.0.3ubuntu7_amd64.deb ...
Unpacking libboost-system-dev:amd64 (1.74.0.3ubuntu7) ...
Selecting previously unselected package libboost-thread1.74.0:amd64.
Preparing to unpack .../079-libboost-thread1.74.0_1.74.0-14ubuntu3_amd64.deb ...
Unpacking libboost-thread1.74.0:amd64 (1.74.0-14ubuntu3) ...
Selecting previously unselected package libboost-thread1.74-dev:amd64.
Preparing to unpack .../080-libboost-thread1.74-dev_1.74.0-14ubuntu3_amd64.deb ...
Unpacking libboost-thread1.74-dev:amd64 (1.74.0-14ubuntu3) ...
Selecting previously unselected package libboost-thread-dev:amd64.
Preparing to unpack .../081-libboost-thread-dev_1.74.0.3ubuntu7_amd64.deb ...
Unpacking libboost-thread-dev:amd64 (1.74.0.3ubuntu7) ...
Selecting previously unselected package libconsole-bridge1.0:amd64.
Preparing to unpack .../082-libconsole-bridge1.0_1.0.1+dfsg2-3_amd64.deb ...
Unpacking libconsole-bridge1.0:amd64 (1.0.1+dfsg2-3) ...
Selecting previously unselected package libexpat1-dev:amd64.
Preparing to unpack .../083-libexpat1-dev_2.4.7-1ubuntu0.5_amd64.deb ...
Unpacking libexpat1-dev:amd64 (2.4.7-1ubuntu0.5) ...
Selecting previously unselected package libgtest-dev:amd64.
Preparing to unpack .../084-libgtest-dev_1.11.0-3_amd64.deb ...
Unpacking libgtest-dev:amd64 (1.11.0-3) ...
Selecting previously unselected package libgmock-dev:amd64.
Preparing to unpack .../085-libgmock-dev_1.11.0-3_amd64.deb ...
Unpacking libgmock-dev:amd64 (1.11.0-3) ...
Selecting previously unselected package libjs-jquery.
Preparing to unpack .../086-libjs-jquery_3.6.0+dfsg+~3.5.13-1_all.deb ...
Unpacking libjs-jquery (3.6.0+dfsg+~3.5.13-1) ...
Selecting previously unselected package libjs-underscore.
Preparing to unpack .../087-libjs-underscore_1.13.2~dfsg-2_all.deb ...
Unpacking libjs-underscore (1.13.2~dfsg-2) ...
Selecting previously unselected package libjs-sphinxdoc.
Preparing to unpack .../088-libjs-sphinxdoc_4.3.2-1_all.deb ...
Unpacking libjs-sphinxdoc (4.3.2-1) ...
Selecting previously unselected package libpython3.10:amd64.
Preparing to unpack .../089-libpython3.10_3.10.12-1~22.04.7_amd64.deb ...
Unpacking libpython3.10:amd64 (3.10.12-1~22.04.7) ...
Selecting previously unselected package zlib1g-dev:amd64.
Preparing to unpack .../090-zlib1g-dev_1%3a1.2.11.dfsg-2ubuntu9.2_amd64.deb ...
Unpacking zlib1g-dev:amd64 (1:1.2.11.dfsg-2ubuntu9.2) ...
Selecting previously unselected package libpython3.10-dev:amd64.
Preparing to unpack .../091-libpython3.10-dev_3.10.12-1~22.04.7_amd64.deb ...
Unpacking libpython3.10-dev:amd64 (3.10.12-1~22.04.7) ...
Selecting previously unselected package libpython3-dev:amd64.
Preparing to unpack .../092-libpython3-dev_3.10.6-1~22.04.1_amd64.deb ...
Unpacking libpython3-dev:amd64 (3.10.6-1~22.04.1) ...
Selecting previously unselected package libtinyxml2-9:amd64.
Preparing to unpack .../093-libtinyxml2-9_9.0.0+dfsg-3_amd64.deb ...
Unpacking libtinyxml2-9:amd64 (9.0.0+dfsg-3) ...
Selecting previously unselected package pkg-config.
Preparing to unpack .../094-pkg-config_0.29.2-1ubuntu3_amd64.deb ...
Unpacking pkg-config (0.29.2-1ubuntu3) ...
Selecting previously unselected package python3-catkin.
Preparing to unpack .../095-python3-catkin_0.8.10-7_all.deb ...
Unpacking python3-catkin (0.8.10-7) ...
Selecting previously unselected package python3-six.
Preparing to unpack .../096-python3-six_1.16.0-3ubuntu1_all.deb ...
Unpacking python3-six (1.16.0-3ubuntu1) ...
Selecting previously unselected package python3-dateutil.
Preparing to unpack .../097-python3-dateutil_2.8.1-6_all.deb ...
Unpacking python3-dateutil (2.8.1-6) ...
Selecting previously unselected package python3-roman.
Preparing to unpack .../098-python3-roman_3.3-1_all.deb ...
Unpacking python3-roman (3.3-1) ...
Selecting previously unselected package python3-docutils.
Preparing to unpack .../099-python3-docutils_0.17.1+dfsg-2_all.deb ...
Unpacking python3-docutils (0.17.1+dfsg-2) ...
Selecting previously unselected package python3-pyparsing.
Preparing to unpack .../100-python3-pyparsing_2.4.7-1_all.deb ...
Unpacking python3-pyparsing (2.4.7-1) ...
Selecting previously unselected package python3-catkin-pkg.
Preparing to unpack .../101-python3-catkin-pkg_0.4.24-2_all.deb ...
Unpacking python3-catkin-pkg (0.4.24-2) ...
Selecting previously unselected package python3.10-dev.
Preparing to unpack .../102-python3.10-dev_3.10.12-1~22.04.7_amd64.deb ...
Unpacking python3.10-dev (3.10.12-1~22.04.7) ...
Selecting previously unselected package python3-lib2to3.
Preparing to unpack .../103-python3-lib2to3_3.10.8-1~22.04_all.deb ...
Unpacking python3-lib2to3 (3.10.8-1~22.04) ...
Selecting previously unselected package python3-distutils.
Preparing to unpack .../104-python3-distutils_3.10.8-1~22.04_all.deb ...
Unpacking python3-distutils (3.10.8-1~22.04) ...
Selecting previously unselected package python3-dev.
Preparing to unpack .../105-python3-dev_3.10.6-1~22.04.1_amd64.deb ...
Unpacking python3-dev (3.10.6-1~22.04.1) ...
Selecting previously unselected package python3-distlib.
Preparing to unpack .../106-python3-distlib_0.3.4-1_all.deb ...
Unpacking python3-distlib (0.3.4-1) ...
Selecting previously unselected package python3-empy.
Preparing to unpack .../107-python3-empy_3.3.4-2_all.deb ...
Unpacking python3-empy (3.3.4-2) ...
Selecting previously unselected package python3-filelock.
Preparing to unpack .../108-python3-filelock_3.6.0-1_all.deb ...
Unpacking python3-filelock (3.6.0-1) ...
Selecting previously unselected package python3-nose.
Preparing to unpack .../109-python3-nose_1.3.7-8_all.deb ...
Unpacking python3-nose (1.3.7-8) ...
Selecting previously unselected package python3-setuptools.
Preparing to unpack .../110-python3-setuptools_59.6.0-1.2ubuntu0.22.04.2_all.deb ...
Unpacking python3-setuptools (59.6.0-1.2ubuntu0.22.04.2) ...
Selecting previously unselected package python3-wheel.
Preparing to unpack .../111-python3-wheel_0.37.1-2ubuntu0.22.04.1_all.deb ...
Unpacking python3-wheel (0.37.1-2ubuntu0.22.04.1) ...
Selecting previously unselected package python3-pip.
Preparing to unpack .../112-python3-pip_22.0.2+dfsg-1ubuntu0.5_all.deb ...
Unpacking python3-pip (22.0.2+dfsg-1ubuntu0.5) ...
Selecting previously unselected package python3-pip-whl.
Preparing to unpack .../113-python3-pip-whl_22.0.2+dfsg-1ubuntu0.5_all.deb ...
Unpacking python3-pip-whl (22.0.2+dfsg-1ubuntu0.5) ...
Selecting previously unselected package python3-platformdirs.
Preparing to unpack .../114-python3-platformdirs_2.5.1-1_all.deb ...
Unpacking python3-platformdirs (2.5.1-1) ...
Selecting previously unselected package python3-distro.
Preparing to unpack .../115-python3-distro_1.7.0-1_all.deb ...
Unpacking python3-distro (1.7.0-1) ...
Selecting previously unselected package python3-rospkg.
Preparing to unpack .../116-python3-rospkg_1.3.0-1_all.deb ...
Unpacking python3-rospkg (1.3.0-1) ...
Selecting previously unselected package python3-rosdistro.
Preparing to unpack .../117-python3-rosdistro_0.8.3-2_all.deb ...
Unpacking python3-rosdistro (0.8.3-2) ...
Selecting previously unselected package python3-rosdep2.
Preparing to unpack .../118-python3-rosdep2_0.21.0-2_all.deb ...
Unpacking python3-rosdep2 (0.21.0-2) ...
Selecting previously unselected package python3-setuptools-whl.
Preparing to unpack .../119-python3-setuptools-whl_59.6.0-1.2ubuntu0.22.04.2_all.deb ...
Unpacking python3-setuptools-whl (59.6.0-1.2ubuntu0.22.04.2) ...
Selecting previously unselected package python3.10-venv.
Preparing to unpack .../120-python3.10-venv_3.10.12-1~22.04.7_amd64.deb ...
Unpacking python3.10-venv (3.10.12-1~22.04.7) ...
Selecting previously unselected package python3-venv.
Preparing to unpack .../121-python3-venv_3.10.6-1~22.04.1_amd64.deb ...
Unpacking python3-venv (3.10.6-1~22.04.1) ...
Selecting previously unselected package python3-wheel-whl.
Preparing to unpack .../122-python3-wheel-whl_0.37.1-2ubuntu0.22.04.1_all.deb ...
Unpacking python3-wheel-whl (0.37.1-2ubuntu0.22.04.1) ...
Selecting previously unselected package python3-virtualenv.
Preparing to unpack .../123-python3-virtualenv_20.13.0+ds-2_all.deb ...
Unpacking python3-virtualenv (20.13.0+ds-2) ...
Selecting previously unselected package ros-environment.
Preparing to unpack .../124-ros-environment_1.3.2-2_all.deb ...
Unpacking ros-environment (1.3.2-2) ...
Selecting previously unselected package cmake-extras.
Preparing to unpack .../125-cmake-extras_1.6-1_all.deb ...
Unpacking cmake-extras (1.6-1) ...
Selecting previously unselected package catkin.
Preparing to unpack .../126-catkin_0.8.10-7_all.deb ...
Unpacking catkin (0.8.10-7) ...
Selecting previously unselected package libtinyxml2-dev:amd64.
Preparing to unpack .../127-libtinyxml2-dev_9.0.0+dfsg-3_amd64.deb ...
Unpacking libtinyxml2-dev:amd64 (9.0.0+dfsg-3) ...
Selecting previously unselected package ros-one-setup-files.
Preparing to unpack .../128-ros-one-setup-files_0-2025.01.07.12.58_amd64.deb ...
Unpacking ros-one-setup-files (0-2025.01.07.12.58) ...
Selecting previously unselected package ros-one-ros-environment.
Preparing to unpack .../129-ros-one-ros-environment_1.3.2-5-g2686e94-2025.01.07.12.59_amd64.deb ...
Unpacking ros-one-ros-environment (1.3.2-5-g2686e94-2025.01.07.12.59) ...
Selecting previously unselected package ros-one-rospack.
Preparing to unpack .../130-ros-one-rospack_2.6.2-2-gad85a87-2025.01.07.13.22_amd64.deb ...
Unpacking ros-one-rospack (2.6.2-2-gad85a87-2025.01.07.13.22) ...
Selecting previously unselected package ros-one-rosbash.
Preparing to unpack .../131-ros-one-rosbash_1.15.8-3-g136e18e9-2025.01.07.14.00_amd64.deb ...
Unpacking ros-one-rosbash (1.15.8-3-g136e18e9-2025.01.07.14.00) ...
Selecting previously unselected package ros-one-rosgraph.
Preparing to unpack .../132-ros-one-rosgraph_1.17.0-12-g2a12474fb-2025.01.07.14.30_amd64.deb ...
Unpacking ros-one-rosgraph (1.17.0-12-g2a12474fb-2025.01.07.14.30) ...
Selecting previously unselected package virtualenv.
Preparing to unpack .../133-virtualenv_20.13.0+ds-2_all.deb ...
Unpacking virtualenv (20.13.0+ds-2) ...
Selecting previously unselected package ros-one-catkin-virtualenv.
Preparing to unpack .../134-ros-one-catkin-virtualenv_0.13.0-5-g659584a-2025.01.07.15.17_amd64.deb ...
Unpacking ros-one-catkin-virtualenv (0.13.0-5-g659584a-2025.01.07.15.17) ...
Selecting previously unselected package libconsole-bridge-dev:amd64.
Preparing to unpack .../135-libconsole-bridge-dev_1.0.1+dfsg2-3_amd64.deb ...
Unpacking libconsole-bridge-dev:amd64 (1.0.1+dfsg2-3) ...
Selecting previously unselected package ros-one-cpp-common.
Preparing to unpack .../136-ros-one-cpp-common_0.7.3-3-gcae00b4-2025.01.07.13.01_amd64.deb ...
Unpacking ros-one-cpp-common (0.7.3-3-gcae00b4-2025.01.07.13.01) ...
Selecting previously unselected package ros-one-genmsg.
Preparing to unpack .../137-ros-one-genmsg_0.5.16-1-g7d8b6ce-2025.01.07.13.02_amd64.deb ...
Unpacking ros-one-genmsg (0.5.16-1-g7d8b6ce-2025.01.07.13.02) ...
Selecting previously unselected package ros-one-gencpp.
Preparing to unpack .../138-ros-one-gencpp_0-2025.01.07.13.22_amd64.deb ...
Unpacking ros-one-gencpp (0-2025.01.07.13.22) ...
Selecting previously unselected package ros-one-geneus.
Preparing to unpack .../139-ros-one-geneus_3.0.0-2025.01.07.13.22_amd64.deb ...
Unpacking ros-one-geneus (3.0.0-2025.01.07.13.22) ...
Selecting previously unselected package ros-one-genlisp.
Preparing to unpack .../140-ros-one-genlisp_0.4.18-2025.01.07.13.22_amd64.deb ...
Unpacking ros-one-genlisp (0.4.18-2025.01.07.13.22) ...
Selecting previously unselected package ros-one-gennodejs.
Preparing to unpack .../141-ros-one-gennodejs_2.0.1-8-g19d224c-2025.01.07.13.23_amd64.deb ...
Unpacking ros-one-gennodejs (2.0.1-8-g19d224c-2025.01.07.13.23) ...
Selecting previously unselected package ros-one-genpy.
Preparing to unpack .../142-ros-one-genpy_0.6.16-6-gf70658f-2025.01.07.13.22_amd64.deb ...
Unpacking ros-one-genpy (0.6.16-6-gf70658f-2025.01.07.13.22) ...
Selecting previously unselected package ros-one-message-generation.
Preparing to unpack .../143-ros-one-message-generation_0.4.1-2025.01.07.13.31_amd64.deb ...
Unpacking ros-one-message-generation (0.4.1-2025.01.07.13.31) ...
Selecting previously unselected package ros-one-rostime.
Preparing to unpack .../144-ros-one-rostime_0.7.3-3-gcae00b4-2025.01.07.13.03_amd64.deb ...
Unpacking ros-one-rostime (0.7.3-3-gcae00b4-2025.01.07.13.03) ...
Selecting previously unselected package ros-one-roscpp-traits.
Preparing to unpack .../145-ros-one-roscpp-traits_0.7.3-3-gcae00b4-2025.01.07.13.02_amd64.deb ...
Unpacking ros-one-roscpp-traits (0.7.3-3-gcae00b4-2025.01.07.13.02) ...
Selecting previously unselected package ros-one-roscpp-serialization.
Preparing to unpack .../146-ros-one-roscpp-serialization_0.7.3-3-gcae00b4-2025.01.07.13.04_amd64.deb ...
Unpacking ros-one-roscpp-serialization (0.7.3-3-gcae00b4-2025.01.07.13.04) ...
Selecting previously unselected package ros-one-message-runtime.
Preparing to unpack .../147-ros-one-message-runtime_0.4.13-2025.01.07.13.31_amd64.deb ...
Unpacking ros-one-message-runtime (0.4.13-2025.01.07.13.31) ...
Selecting previously unselected package ros-one-std-msgs.
Preparing to unpack .../148-ros-one-std-msgs_0.5.13-1-gf3554d4-2025.01.07.14.09_amd64.deb ...
Unpacking ros-one-std-msgs (0.5.13-1-gf3554d4-2025.01.07.14.09) ...
Selecting previously unselected package dumb-init.
Preparing to unpack .../149-dumb-init_1.2.5-2_amd64.deb ...
Unpacking dumb-init (1.2.5-2) ...
Selecting previously unselected package sbuild-build-depends-main-dummy.
Preparing to unpack .../150-sbuild-build-depends-main-dummy_0.invalid.0_amd64.deb ...
Unpacking sbuild-build-depends-main-dummy (0.invalid.0) ...
Setting up libboost-chrono1.74.0:amd64 (1.74.0-14ubuntu3) ...
Setting up media-types (7.0.0) ...
Setting up dumb-init (1.2.5-2) ...
Setting up libpipeline1:amd64 (1.5.5-1) ...
Setting up libboost-system1.74.0:amd64 (1.74.0-14ubuntu3) ...
Setting up python3-setuptools-whl (59.6.0-1.2ubuntu0.22.04.2) ...
Setting up libboost1.74-dev:amd64 (1.74.0-14ubuntu3) ...
Setting up libboost-atomic1.74.0:amd64 (1.74.0-14ubuntu3) ...
Setting up bsdextrautils (2.37.2-4ubuntu3.4) ...
update-alternatives: using /usr/bin/write.ul to provide /usr/bin/write (write) in auto mode
Setting up libmagic-mgc (1:5.41-3ubuntu0.1) ...
Setting up python3-pip-whl (22.0.2+dfsg-1ubuntu0.5) ...
Setting up libarchive-zip-perl (1.68-1) ...
Setting up libyaml-0-2:amd64 (0.2.2-1build2) ...
Setting up libglib2.0-0:amd64 (2.72.4-0ubuntu2.4) ...
No schema files found: doing nothing.
Setting up distro-info-data (0.52ubuntu0.8) ...
Setting up libboost-program-options1.74.0:amd64 (1.74.0-14ubuntu3) ...
Setting up libdebhelper-perl (13.6ubuntu1) ...
Setting up libboost-chrono1.74-dev:amd64 (1.74.0-14ubuntu3) ...
Setting up libsqlite3-0:amd64 (3.37.2-2ubuntu0.3) ...
Setting up libmagic1:amd64 (1:5.41-3ubuntu0.1) ...
Setting up gettext-base (0.21-4ubuntu4) ...
Setting up libboost-filesystem1.74.0:amd64 (1.74.0-14ubuntu3) ...
Setting up file (1:5.41-3ubuntu0.1) ...
Setting up googletest (1.11.0-3) ...
Setting up libfakeroot:amd64 (1.28-1ubuntu1) ...
Setting up libboost-program-options1.74-dev:amd64 (1.74.0-14ubuntu3) ...
Setting up tzdata (2024a-0ubuntu0.22.04.1) ...

Current default time zone: 'Etc/UTC'
Local time is now:      Wed Jan  8 04:24:18 UTC 2025.
Universal Time is now:  Wed Jan  8 04:24:18 UTC 2025.
Run 'dpkg-reconfigure tzdata' if you wish to change it.

Setting up fakeroot (1.28-1ubuntu1) ...
update-alternatives: using /usr/bin/fakeroot-sysv to provide /usr/bin/fakeroot (fakeroot) in auto mode
Setting up autotools-dev (20220109.1) ...
Setting up libuv1:amd64 (1.43.0-1ubuntu0.1) ...
Setting up libexpat1-dev:amd64 (2.4.7-1ubuntu0.5) ...
Setting up emacsen-common (3.0.4) ...
Setting up libboost-program-options-dev:amd64 (1.74.0.3ubuntu7) ...
Setting up dh-elpa-helper (2.0.9ubuntu1) ...
Setting up libboost-system1.74-dev:amd64 (1.74.0-14ubuntu3) ...
Setting up libncurses6:amd64 (6.3-2ubuntu0.1) ...
Setting up libsigsegv2:amd64 (2.13-1ubuntu3) ...
Setting up libtinyxml2-9:amd64 (9.0.0+dfsg-3) ...
Setting up autopoint (0.21-4ubuntu4) ...
Setting up libjsoncpp25:amd64 (1.9.5-3) ...
Setting up pkg-config (0.29.2-1ubuntu3) ...
Setting up libncursesw6:amd64 (6.3-2ubuntu0.1) ...
Setting up libtinyxml2-dev:amd64 (9.0.0+dfsg-3) ...
Setting up libboost-atomic1.74-dev:amd64 (1.74.0-14ubuntu3) ...
Setting up libboost-serialization1.74.0:amd64 (1.74.0-14ubuntu3) ...
Setting up zlib1g-dev:amd64 (1:1.2.11.dfsg-2ubuntu9.2) ...
Setting up sensible-utils (0.0.17) ...
Setting up librhash0:amd64 (1.4.2-1ubuntu1) ...
Setting up libuchardet0:amd64 (0.0.7-1build2) ...
Setting up libmpdec3:amd64 (2.5.1-2build2) ...
Setting up libcurl4:amd64 (7.81.0-1ubuntu1.20) ...
Setting up libsub-override-perl (0.09-2) ...
Setting up sgml-base (1.30) ...
Setting up cmake-data (3.22.1-1ubuntu1.22.04.2) ...
Setting up libboost-filesystem1.74-dev:amd64 (1.74.0-14ubuntu3) ...
Setting up libjs-jquery (3.6.0+dfsg+~3.5.13-1) ...
Setting up libboost-date-time1.74.0:amd64 (1.74.0-14ubuntu3) ...
Setting up libconsole-bridge1.0:amd64 (1.0.1+dfsg2-3) ...
Setting up libconsole-bridge-dev:amd64 (1.0.1+dfsg2-3) ...
Setting up python3-wheel-whl (0.37.1-2ubuntu0.22.04.1) ...
Setting up libelf1:amd64 (0.186-1build1) ...
Setting up readline-common (8.1.2-1) ...
Setting up libboost-filesystem-dev:amd64 (1.74.0.3ubuntu7) ...
Setting up libprocps8:amd64 (2:3.3.17-6ubuntu2.1) ...
Setting up libjs-underscore (1.13.2~dfsg-2) ...
Setting up libboost-thread1.74.0:amd64 (1.74.0-14ubuntu3) ...
Setting up libicu70:amd64 (70.1-2) ...
Setting up ros-environment (1.3.2-2) ...
Setting up libfile-stripnondeterminism-perl (1.13.0-1) ...
Setting up libdw1:amd64 (0.186-1build1) ...
Setting up libgtest-dev:amd64 (1.11.0-3) ...
Setting up libtool (2.4.6-15build2) ...
Setting up libreadline8:amd64 (8.1.2-1) ...
Setting up libboost-system-dev:amd64 (1.74.0.3ubuntu7) ...
Setting up m4 (1.4.18-5ubuntu2) ...
Setting up libpython3.10-stdlib:amd64 (3.10.12-1~22.04.7) ...
Setting up libgmock-dev:amd64 (1.11.0-3) ...
Setting up libjs-sphinxdoc (4.3.2-1) ...
Setting up autoconf (2.71-2) ...
Setting up libboost-serialization1.74-dev:amd64 (1.74.0-14ubuntu3) ...
Setting up dh-strip-nondeterminism (1.13.0-1) ...
Setting up dwz (0.14-1build2) ...
Setting up groff-base (1.22.4-8build1) ...
Setting up xml-core (0.18+nmu1) ...
Setting up procps (2:3.3.17-6ubuntu2.1) ...
Setting up debugedit (1:5.0-4build1) ...
Setting up libxml2:amd64 (2.9.13+dfsg-1ubuntu0.4) ...
Setting up libpython3-stdlib:amd64 (3.10.6-1~22.04.1) ...
Setting up automake (1:1.16.5-1.3) ...
update-alternatives: using /usr/bin/automake-1.16 to provide /usr/bin/automake (automake) in auto mode
Setting up libpython3.10:amd64 (3.10.12-1~22.04.7) ...
Setting up gettext (0.21-4ubuntu4) ...
Setting up python3.10 (3.10.12-1~22.04.7) ...
Setting up libarchive13:amd64 (3.6.0-1ubuntu1.3) ...
Setting up python3 (3.10.6-1~22.04.1) ...
Setting up python3-distlib (0.3.4-1) ...
Setting up python3-empy (3.3.4-2) ...
Setting up man-db (2.10.2-1) ...
Not building database; man-db/auto-update is not 'true'.
Setting up python3-platformdirs (2.5.1-1) ...
Setting up ros-one-setup-files (0-2025.01.07.12.58) ...
Setting up intltool-debian (0.35.0+20060710.5) ...
Setting up ros-one-ros-environment (1.3.2-5-g2686e94-2025.01.07.12.59) ...
Setting up python3-six (1.16.0-3ubuntu1) ...
Setting up dh-autoreconf (20) ...
Setting up libboost-date-time1.74-dev:amd64 (1.74.0-14ubuntu3) ...
Setting up python3-roman (3.3-1) ...
Setting up python3-pyparsing (2.4.7-1) ...
Setting up libpython3.10-dev:amd64 (3.10.12-1~22.04.7) ...
Setting up libboost-date-time-dev:amd64 (1.74.0.3ubuntu7) ...
Setting up python3-netifaces:amd64 (0.11.0-1build2) ...
Setting up python3.10-dev (3.10.12-1~22.04.7) ...
Setting up cmake (3.22.1-1ubuntu1.22.04.2) ...
Setting up libboost-thread1.74-dev:amd64 (1.74.0-14ubuntu3) ...
Setting up python3-dateutil (2.8.1-6) ...
Setting up lsb-release (11.1.0ubuntu4) ...
Setting up python3-lib2to3 (3.10.8-1~22.04) ...
Setting up python3-catkin (0.8.10-7) ...
Setting up libboost-thread-dev:amd64 (1.74.0.3ubuntu7) ...
Setting up python3-pkg-resources (59.6.0-1.2ubuntu0.22.04.2) ...
Setting up python3-distutils (3.10.8-1~22.04) ...
Setting up ros-one-cpp-common (0.7.3-3-gcae00b4-2025.01.07.13.01) ...
Setting up python3-filelock (3.6.0-1) ...
Setting up libpython3-dev:amd64 (3.10.6-1~22.04.1) ...
Setting up python3.10-venv (3.10.12-1~22.04.7) ...
Setting up python3-setuptools (59.6.0-1.2ubuntu0.22.04.2) ...
Setting up python3-distro (1.7.0-1) ...
Setting up po-debconf (1.0.21+nmu1) ...
Setting up python3-yaml (5.4.1-1ubuntu1) ...
Setting up debhelper (13.6ubuntu1) ...
Setting up python3-nose (1.3.7-8) ...
Setting up python3-wheel (0.37.1-2ubuntu0.22.04.1) ...
Setting up python3-venv (3.10.6-1~22.04.1) ...
Setting up cmake-extras (1.6-1) ...
Setting up python3-dev (3.10.6-1~22.04.1) ...
Setting up python3-pip (22.0.2+dfsg-1ubuntu0.5) ...
Setting up ros-one-rostime (0.7.3-3-gcae00b4-2025.01.07.13.03) ...
Setting up python3-virtualenv (20.13.0+ds-2) ...
Setting up ros-one-roscpp-traits (0.7.3-3-gcae00b4-2025.01.07.13.02) ...
Setting up virtualenv (20.13.0+ds-2) ...
Setting up ros-one-roscpp-serialization (0.7.3-3-gcae00b4-2025.01.07.13.04) ...
Processing triggers for libc-bin (2.35-0ubuntu3.8) ...
Processing triggers for sgml-base (1.30) ...
Setting up docutils-common (0.17.1+dfsg-2) ...
Processing triggers for sgml-base (1.30) ...
Setting up python3-docutils (0.17.1+dfsg-2) ...
Setting up python3-catkin-pkg (0.4.24-2) ...
Setting up catkin (0.8.10-7) ...
Setting up ros-one-genmsg (0.5.16-1-g7d8b6ce-2025.01.07.13.02) ...
Setting up ros-one-gennodejs (2.0.1-8-g19d224c-2025.01.07.13.23) ...
Setting up ros-one-gencpp (0-2025.01.07.13.22) ...
Setting up python3-rospkg (1.3.0-1) ...
Setting up ros-one-genpy (0.6.16-6-gf70658f-2025.01.07.13.22) ...
Setting up ros-one-genlisp (0.4.18-2025.01.07.13.22) ...
Setting up ros-one-geneus (3.0.0-2025.01.07.13.22) ...
Setting up python3-rosdistro (0.8.3-2) ...
Setting up ros-one-rosgraph (1.17.0-12-g2a12474fb-2025.01.07.14.30) ...
Setting up ros-one-message-generation (0.4.1-2025.01.07.13.31) ...
Setting up ros-one-message-runtime (0.4.13-2025.01.07.13.31) ...
Setting up ros-one-std-msgs (0.5.13-1-gf3554d4-2025.01.07.14.09) ...
Setting up python3-rosdep2 (0.21.0-2) ...
Setting up ros-one-rospack (2.6.2-2-gad85a87-2025.01.07.13.22) ...
Setting up ros-one-rosbash (1.15.8-3-g136e18e9-2025.01.07.14.00) ...
Setting up ros-one-catkin-virtualenv (0.13.0-5-g659584a-2025.01.07.15.17) ...
Setting up sbuild-build-depends-main-dummy (0.invalid.0) ...

+------------------------------------------------------------------------------+
| Check architectures                          Wed, 08 Jan 2025 04:24:23 +0000 |
+------------------------------------------------------------------------------+

Arch check ok (amd64 included in any)

+------------------------------------------------------------------------------+
| Build environment                            Wed, 08 Jan 2025 04:24:41 +0000 |
+------------------------------------------------------------------------------+

Kernel: Linux 6.8.0-1017-azure #20-Ubuntu SMP Tue Oct 22 03:43:13 UTC 2024 amd64 (x86_64)
Toolchain package versions: binutils_2.38-4ubuntu2.6 dpkg-dev_1.21.1ubuntu2.3 g++-11_11.4.0-1ubuntu1~22.04 gcc-11_11.4.0-1ubuntu1~22.04 libc6-dev_2.35-0ubuntu3.8 libstdc++-11-dev_11.4.0-1ubuntu1~22.04 libstdc++6_12.3.0-1ubuntu1~22.04 linux-libc-dev_5.15.0-130.140
Package versions: adduser_3.118ubuntu5 apt_2.4.13 autoconf_2.71-2 automake_1:1.16.5-1.3 autopoint_0.21-4ubuntu4 autotools-dev_20220109.1 base-files_12ubuntu4.7 base-passwd_3.5.52build1 bash_5.1-6ubuntu1.1 binutils_2.38-4ubuntu2.6 binutils-common_2.38-4ubuntu2.6 binutils-x86-64-linux-gnu_2.38-4ubuntu2.6 bsdextrautils_2.37.2-4ubuntu3.4 bsdutils_1:2.37.2-4ubuntu3.4 build-essential_12.9ubuntu3 bzip2_1.0.8-5build1 ca-certificates_20240203~22.04.1 catkin_0.8.10-7 ccache_4.5.1-1 cmake_3.22.1-1ubuntu1.22.04.2 cmake-data_3.22.1-1ubuntu1.22.04.2 cmake-extras_1.6-1 coreutils_8.32-4.1ubuntu1.2 cpp_4:11.2.0-1ubuntu1 cpp-11_11.4.0-1ubuntu1~22.04 dash_0.5.11+git20210903+057cd650a4ed-3build1 debconf_1.5.79ubuntu1 debhelper_13.6ubuntu1 debianutils_5.5-1ubuntu2 debugedit_1:5.0-4build1 dh-autoreconf_20 dh-elpa-helper_2.0.9ubuntu1 dh-strip-nondeterminism_1.13.0-1 diffutils_1:3.8-0ubuntu2 distro-info-data_0.52ubuntu0.8 docutils-common_0.17.1+dfsg-2 dpkg_1.21.1ubuntu2.3 dpkg-dev_1.21.1ubuntu2.3 dumb-init_1.2.5-2 dwz_0.14-1build2 emacsen-common_3.0.4 fakeroot_1.28-1ubuntu1 file_1:5.41-3ubuntu0.1 findutils_4.8.0-1ubuntu3 g++_4:11.2.0-1ubuntu1 g++-11_11.4.0-1ubuntu1~22.04 gcc_4:11.2.0-1ubuntu1 gcc-11_11.4.0-1ubuntu1~22.04 gcc-11-base_11.4.0-1ubuntu1~22.04 gcc-12-base_12.3.0-1ubuntu1~22.04 gettext_0.21-4ubuntu4 gettext-base_0.21-4ubuntu4 git_1:2.34.1-1ubuntu1.11 git-man_1:2.34.1-1ubuntu1.11 googletest_1.11.0-3 gpgv_2.2.27-3ubuntu2.1 grep_3.7-1build1 groff-base_1.22.4-8build1 gzip_1.10-4ubuntu4.1 hostname_3.23ubuntu2 init-system-helpers_1.62 intltool-debian_0.35.0+20060710.5 libacl1_2.3.1-1 libapt-pkg6.0_2.4.13 libarchive-zip-perl_1.68-1 libarchive13_3.6.0-1ubuntu1.3 libasan6_11.4.0-1ubuntu1~22.04 libatomic1_12.3.0-1ubuntu1~22.04 libattr1_1:2.5.1-1build1 libaudit-common_1:3.0.7-1build1 libaudit1_1:3.0.7-1build1 libbinutils_2.38-4ubuntu2.6 libblkid1_2.37.2-4ubuntu3.4 libboost-atomic1.74-dev_1.74.0-14ubuntu3 libboost-atomic1.74.0_1.74.0-14ubuntu3 libboost-chrono1.74-dev_1.74.0-14ubuntu3 libboost-chrono1.74.0_1.74.0-14ubuntu3 libboost-date-time-dev_1.74.0.3ubuntu7 libboost-date-time1.74-dev_1.74.0-14ubuntu3 libboost-date-time1.74.0_1.74.0-14ubuntu3 libboost-filesystem-dev_1.74.0.3ubuntu7 libboost-filesystem1.74-dev_1.74.0-14ubuntu3 libboost-filesystem1.74.0_1.74.0-14ubuntu3 libboost-program-options-dev_1.74.0.3ubuntu7 libboost-program-options1.74-dev_1.74.0-14ubuntu3 libboost-program-options1.74.0_1.74.0-14ubuntu3 libboost-serialization1.74-dev_1.74.0-14ubuntu3 libboost-serialization1.74.0_1.74.0-14ubuntu3 libboost-system-dev_1.74.0.3ubuntu7 libboost-system1.74-dev_1.74.0-14ubuntu3 libboost-system1.74.0_1.74.0-14ubuntu3 libboost-thread-dev_1.74.0.3ubuntu7 libboost-thread1.74-dev_1.74.0-14ubuntu3 libboost-thread1.74.0_1.74.0-14ubuntu3 libboost1.74-dev_1.74.0-14ubuntu3 libbrotli1_1.0.9-2build6 libbz2-1.0_1.0.8-5build1 libc-bin_2.35-0ubuntu3.8 libc-dev-bin_2.35-0ubuntu3.8 libc6_2.35-0ubuntu3.8 libc6-dev_2.35-0ubuntu3.8 libcap-ng0_0.7.9-2.2build3 libcap2_1:2.44-1ubuntu0.22.04.1 libcc1-0_12.3.0-1ubuntu1~22.04 libcom-err2_1.46.5-2ubuntu1.2 libconsole-bridge-dev_1.0.1+dfsg2-3 libconsole-bridge1.0_1.0.1+dfsg2-3 libcrypt-dev_1:4.4.27-1 libcrypt1_1:4.4.27-1 libctf-nobfd0_2.38-4ubuntu2.6 libctf0_2.38-4ubuntu2.6 libcurl3-gnutls_7.81.0-1ubuntu1.20 libcurl4_7.81.0-1ubuntu1.20 libdb5.3_5.3.28+dfsg1-0.8ubuntu3 libdebconfclient0_0.261ubuntu1 libdebhelper-perl_13.6ubuntu1 libdpkg-perl_1.21.1ubuntu2.3 libdw1_0.186-1build1 libelf1_0.186-1build1 liberror-perl_0.17029-1 libexpat1_2.4.7-1ubuntu0.5 libexpat1-dev_2.4.7-1ubuntu0.5 libfakeroot_1.28-1ubuntu1 libffi8_3.4.2-4 libfile-stripnondeterminism-perl_1.13.0-1 libgcc-11-dev_11.4.0-1ubuntu1~22.04 libgcc-s1_12.3.0-1ubuntu1~22.04 libgcrypt20_1.9.4-3ubuntu3 libgdbm-compat4_1.23-1 libgdbm6_1.23-1 libglib2.0-0_2.72.4-0ubuntu2.4 libgmock-dev_1.11.0-3 libgmp10_2:6.2.1+dfsg-3ubuntu1 libgnutls30_3.7.3-4ubuntu1.5 libgomp1_12.3.0-1ubuntu1~22.04 libgpg-error0_1.43-3 libgssapi-krb5-2_1.19.2-2ubuntu0.4 libgtest-dev_1.11.0-3 libhiredis0.14_0.14.1-2 libhogweed6_3.7.3-1build2 libicu70_70.1-2 libidn2-0_2.3.2-2build1 libisl23_0.24-2build1 libitm1_12.3.0-1ubuntu1~22.04 libjs-jquery_3.6.0+dfsg+~3.5.13-1 libjs-sphinxdoc_4.3.2-1 libjs-underscore_1.13.2~dfsg-2 libjsoncpp25_1.9.5-3 libk5crypto3_1.19.2-2ubuntu0.4 libkeyutils1_1.6.1-2ubuntu3 libkrb5-3_1.19.2-2ubuntu0.4 libkrb5support0_1.19.2-2ubuntu0.4 libldap-2.5-0_2.5.18+dfsg-0ubuntu0.22.04.2 liblsan0_12.3.0-1ubuntu1~22.04 liblz4-1_1.9.3-2build2 liblzma5_5.2.5-2ubuntu1 libmagic-mgc_1:5.41-3ubuntu0.1 libmagic1_1:5.41-3ubuntu0.1 libmount1_2.37.2-4ubuntu3.4 libmpc3_1.2.1-2build1 libmpdec3_2.5.1-2build2 libmpfr6_4.1.0-3build3 libncurses6_6.3-2ubuntu0.1 libncursesw6_6.3-2ubuntu0.1 libnettle8_3.7.3-1build2 libnghttp2-14_1.43.0-1ubuntu0.2 libnsl-dev_1.3.0-2build2 libnsl2_1.3.0-2build2 libp11-kit0_0.24.0-6build1 libpam-modules_1.4.0-11ubuntu2.4 libpam-modules-bin_1.4.0-11ubuntu2.4 libpam-runtime_1.4.0-11ubuntu2.4 libpam0g_1.4.0-11ubuntu2.4 libpcre2-8-0_10.39-3ubuntu0.1 libpcre3_2:8.39-13ubuntu0.22.04.1 libperl5.34_5.34.0-3ubuntu1.3 libpipeline1_1.5.5-1 libprocps8_2:3.3.17-6ubuntu2.1 libpsl5_0.21.0-1.2build2 libpython3-dev_3.10.6-1~22.04.1 libpython3-stdlib_3.10.6-1~22.04.1 libpython3.10_3.10.12-1~22.04.7 libpython3.10-dev_3.10.12-1~22.04.7 libpython3.10-minimal_3.10.12-1~22.04.7 libpython3.10-stdlib_3.10.12-1~22.04.7 libquadmath0_12.3.0-1ubuntu1~22.04 libreadline8_8.1.2-1 librhash0_1.4.2-1ubuntu1 librtmp1_2.4+20151223.gitfa8646d.1-2build4 libsasl2-2_2.1.27+dfsg2-3ubuntu1.2 libsasl2-modules-db_2.1.27+dfsg2-3ubuntu1.2 libseccomp2_2.5.3-2ubuntu2 libselinux1_3.3-1build2 libsemanage-common_3.3-1build2 libsemanage2_3.3-1build2 libsepol2_3.3-1build1 libsigsegv2_2.13-1ubuntu3 libsmartcols1_2.37.2-4ubuntu3.4 libsqlite3-0_3.37.2-2ubuntu0.3 libssh-4_0.9.6-2ubuntu0.22.04.3 libssl3_3.0.2-0ubuntu1.18 libstdc++-11-dev_11.4.0-1ubuntu1~22.04 libstdc++6_12.3.0-1ubuntu1~22.04 libsub-override-perl_0.09-2 libsystemd0_249.11-0ubuntu3.12 libtasn1-6_4.18.0-4build1 libtinfo6_6.3-2ubuntu0.1 libtinyxml2-9_9.0.0+dfsg-3 libtinyxml2-dev_9.0.0+dfsg-3 libtirpc-common_1.3.2-2ubuntu0.1 libtirpc-dev_1.3.2-2ubuntu0.1 libtirpc3_1.3.2-2ubuntu0.1 libtool_2.4.6-15build2 libtsan0_11.4.0-1ubuntu1~22.04 libubsan1_12.3.0-1ubuntu1~22.04 libuchardet0_0.0.7-1build2 libudev1_249.11-0ubuntu3.12 libunistring2_1.0-1 libuuid1_2.37.2-4ubuntu3.4 libuv1_1.43.0-1ubuntu0.1 libxml2_2.9.13+dfsg-1ubuntu0.4 libxxhash0_0.8.1-1 libyaml-0-2_0.2.2-1build2 libzstd1_1.4.8+dfsg-3build1 linux-libc-dev_5.15.0-130.140 login_1:4.8.1-2ubuntu2.2 lsb-base_11.1.0ubuntu4 lsb-release_11.1.0ubuntu4 lto-disabled-list_24 m4_1.4.18-5ubuntu2 make_4.3-4.1build1 man-db_2.10.2-1 mawk_1.3.4.20200120-3 media-types_7.0.0 ncurses-base_6.3-2ubuntu0.1 ncurses-bin_6.3-2ubuntu0.1 openssl_3.0.2-0ubuntu1.18 passwd_1:4.8.1-2ubuntu2.2 patch_2.7.6-7build2 perl_5.34.0-3ubuntu1.3 perl-base_5.34.0-3ubuntu1.3 perl-modules-5.34_5.34.0-3ubuntu1.3 pkg-config_0.29.2-1ubuntu3 po-debconf_1.0.21+nmu1 procps_2:3.3.17-6ubuntu2.1 python3_3.10.6-1~22.04.1 python3-catkin_0.8.10-7 python3-catkin-pkg_0.4.24-2 python3-dateutil_2.8.1-6 python3-dev_3.10.6-1~22.04.1 python3-distlib_0.3.4-1 python3-distro_1.7.0-1 python3-distutils_3.10.8-1~22.04 python3-docutils_0.17.1+dfsg-2 python3-empy_3.3.4-2 python3-filelock_3.6.0-1 python3-lib2to3_3.10.8-1~22.04 python3-minimal_3.10.6-1~22.04.1 python3-netifaces_0.11.0-1build2 python3-nose_1.3.7-8 python3-pip_22.0.2+dfsg-1ubuntu0.5 python3-pip-whl_22.0.2+dfsg-1ubuntu0.5 python3-pkg-resources_59.6.0-1.2ubuntu0.22.04.2 python3-platformdirs_2.5.1-1 python3-pyparsing_2.4.7-1 python3-roman_3.3-1 python3-rosdep2_0.21.0-2 python3-rosdistro_0.8.3-2 python3-rospkg_1.3.0-1 python3-setuptools_59.6.0-1.2ubuntu0.22.04.2 python3-setuptools-whl_59.6.0-1.2ubuntu0.22.04.2 python3-six_1.16.0-3ubuntu1 python3-venv_3.10.6-1~22.04.1 python3-virtualenv_20.13.0+ds-2 python3-wheel_0.37.1-2ubuntu0.22.04.1 python3-wheel-whl_0.37.1-2ubuntu0.22.04.1 python3-yaml_5.4.1-1ubuntu1 python3.10_3.10.12-1~22.04.7 python3.10-dev_3.10.12-1~22.04.7 python3.10-minimal_3.10.12-1~22.04.7 python3.10-venv_3.10.12-1~22.04.7 readline-common_8.1.2-1 ros-environment_1.3.2-2 ros-one-catkin-virtualenv_0.13.0-5-g659584a-2025.01.07.15.17 ros-one-cpp-common_0.7.3-3-gcae00b4-2025.01.07.13.01 ros-one-gencpp_0-2025.01.07.13.22 ros-one-geneus_3.0.0-2025.01.07.13.22 ros-one-genlisp_0.4.18-2025.01.07.13.22 ros-one-genmsg_0.5.16-1-g7d8b6ce-2025.01.07.13.02 ros-one-gennodejs_2.0.1-8-g19d224c-2025.01.07.13.23 ros-one-genpy_0.6.16-6-gf70658f-2025.01.07.13.22 ros-one-message-generation_0.4.1-2025.01.07.13.31 ros-one-message-runtime_0.4.13-2025.01.07.13.31 ros-one-ros-environment_1.3.2-5-g2686e94-2025.01.07.12.59 ros-one-rosbash_1.15.8-3-g136e18e9-2025.01.07.14.00 ros-one-roscpp-serialization_0.7.3-3-gcae00b4-2025.01.07.13.04 ros-one-roscpp-traits_0.7.3-3-gcae00b4-2025.01.07.13.02 ros-one-rosgraph_1.17.0-12-g2a12474fb-2025.01.07.14.30 ros-one-rospack_2.6.2-2-gad85a87-2025.01.07.13.22 ros-one-rostime_0.7.3-3-gcae00b4-2025.01.07.13.03 ros-one-setup-files_0-2025.01.07.12.58 ros-one-std-msgs_0.5.13-1-gf3554d4-2025.01.07.14.09 rpcsvc-proto_1.4.2-0ubuntu6 sbuild-build-depends-main-dummy_0.invalid.0 sed_4.8-1ubuntu2 sensible-utils_0.0.17 sgml-base_1.30 sysvinit-utils_3.01-1ubuntu1 tar_1.34+dfsg-1ubuntu0.1.22.04.2 tzdata_2024a-0ubuntu0.22.04.1 ubuntu-keyring_2021.03.26 util-linux_2.37.2-4ubuntu3.4 virtualenv_20.13.0+ds-2 xml-core_0.18+nmu1 xz-utils_5.2.5-2ubuntu1 zlib1g_1:1.2.11.dfsg-2ubuntu9.2 zlib1g-dev_1:1.2.11.dfsg-2ubuntu9.2

+------------------------------------------------------------------------------+
| Build                                        Wed, 08 Jan 2025 04:24:41 +0000 |
+------------------------------------------------------------------------------+


Unpack source
-------------

Format: 1.0
Source: ros-one-sound-classification
Binary: ros-one-sound-classification
Architecture: any
Version: 1.2.17-42-g7816812a-2025.01.08.04.20
Maintainer: Naoya Yamaguchi <708yamaguchi@gmail.com>
Standards-Version: 3.9.2
Build-Depends: debhelper (>= 9.0.0), catkin, libgmock-dev, libgtest-dev, ros-one-catkin-virtualenv, ros-one-message-generation, ros-one-roslaunch <!nocheck>, ros-one-rostest <!nocheck>, ros-one-std-msgs
Package-List:
 ros-one-sound-classification deb misc optional arch=any
Checksums-Sha1:
 f184e4e5dcf6adc425b0fd3231421a2a858bcf00 8435319 ros-one-sound-classification_1.2.17-42-g7816812a-2025.01.08.04.20.tar.gz
Checksums-Sha256:
 20ddc05088b5b8f3e7ed6c5c706df269b661e2d97e75f6c90dee461f295a9372 8435319 ros-one-sound-classification_1.2.17-42-g7816812a-2025.01.08.04.20.tar.gz
Files:
 07ed8214bbac40cf032333c5d982fe97 8435319 ros-one-sound-classification_1.2.17-42-g7816812a-2025.01.08.04.20.tar.gz

dpkg-source: warning: extracting unsigned source package (ros-one-sound-classification_1.2.17-42-g7816812a-2025.01.08.04.20.dsc)
dpkg-source: info: extracting ros-one-sound-classification in /<<BUILDDIR>>package
dpkg-source: info: unpacking ros-one-sound-classification_1.2.17-42-g7816812a-2025.01.08.04.20.tar.gz

Check disk space
----------------

Sufficient free space for build
dpkg-parsechangelog: warning:     debian/changelog(l5): found trailer where expected start of change data
LINE:  -- Naoya Yamaguchi <708yamaguchi@gmail.com>  Tue, 14 Nov 2023 00:00:00 -0000

User Environment
----------------

APT_CONFIG=/var/lib/sbuild/apt.conf
CCACHE_DIR=/build/ccache
DEB_BUILD_OPTIONS=nocheck
HOME=/sbuild-nonexistent
LANG=C.UTF-8
LC_ALL=C.UTF-8
LD_LIBRARY_PATH=/opt/ros/one/lib:/opt/ros/one/lib/x86_64-linux-gnu
LOGNAME=runner
OLDPWD=/
PATH=/usr/lib/ccache:/usr/local/sbin:/usr/local/bin:/usr/sbin:/usr/bin:/sbin:/bin:/usr/games
PWD=/<<BUILDDIR>>package
SHELL=/bin/sh
USER=runner

dpkg-buildpackage
-----------------

Command: dpkg-buildpackage --sanitize-env -Pnocheck -us -uc -b -rfakeroot
dpkg-buildpackage: warning:     debian/changelog(l5): found trailer where expected start of change data
LINE:  -- Naoya Yamaguchi <708yamaguchi@gmail.com>  Tue, 14 Nov 2023 00:00:00 -0000
dpkg-buildpackage: info: source package ros-one-sound-classification
dpkg-buildpackage: info: source version 1.2.17-42-g7816812a-2025.01.08.04.20
dpkg-buildpackage: info: source distribution jammy
dpkg-buildpackage: info: source changed by Naoya Yamaguchi <708yamaguchi@gmail.com>
 dpkg-source --before-build .
dpkg-buildpackage: info: host architecture amd64
dpkg-source: warning: package/debian/changelog(l5): found trailer where expected start of change data
LINE:  -- Naoya Yamaguchi <708yamaguchi@gmail.com>  Tue, 14 Nov 2023 00:00:00 -0000
dpkg-source: info: using options from package/debian/source/options: --auto-commit
 fakeroot debian/rules clean
dh clean -v --buildsystem=cmake --builddirectory=.obj-x86_64-linux-gnu
   dh_auto_clean -O-v -O--buildsystem=cmake -O--builddirectory=.obj-x86_64-linux-gnu
   dh_autoreconf_clean -O-v -O--buildsystem=cmake -O--builddirectory=.obj-x86_64-linux-gnu
   dh_clean -O-v -O--buildsystem=cmake -O--builddirectory=.obj-x86_64-linux-gnu
	rm -f debian/debhelper-build-stamp
	rm -rf debian/.debhelper/
	rm -f -- debian/ros-one-sound-classification.substvars debian/files
	rm -fr -- debian/ros-one-sound-classification/ debian/tmp/
	find .  \( \( \
		\( -path .\*/.git -o -path .\*/.svn -o -path .\*/.bzr -o -path .\*/.hg -o -path .\*/CVS -o -path .\*/.pc -o -path .\*/_darcs \) -prune -o -type f -a \
	        \( -name '#*#' -o -name '.*~' -o -name '*~' -o -name DEADJOE \
		 -o -name '*.orig' -o -name '*.rej' -o -name '*.bak' \
		 -o -name '.*.orig' -o -name .*.rej -o -name '.SUMS' \
		 -o -name TAGS -o \( -path '*/.deps/*' -a -name '*.P' \) \
		\) -exec rm -f {} + \) -o \
		\( -type d -a -name autom4te.cache -prune -exec rm -rf {} + \) \)
 debian/rules build
dh build -v --buildsystem=cmake --builddirectory=.obj-x86_64-linux-gnu
   dh_update_autotools_config -O-v -O--buildsystem=cmake -O--builddirectory=.obj-x86_64-linux-gnu
   dh_autoreconf -O-v -O--buildsystem=cmake -O--builddirectory=.obj-x86_64-linux-gnu
   debian/rules override_dh_auto_configure
make[1]: Entering directory '/<<BUILDDIR>>package'
# In case we're installing to a non-standard location, look for a setup.sh
# in the install tree that was dropped by catkin, and source it.  It will
# set things like CMAKE_PREFIX_PATH, PKG_CONFIG_PATH, and PYTHONPATH.
if [ -f "/opt/ros/one/setup.sh" ]; then . "/opt/ros/one/setup.sh"; fi && \
dh_auto_configure -- \
	-DCATKIN_BUILD_BINARY_PACKAGE="1" \
	-DCMAKE_INSTALL_PREFIX="/opt/ros/one" \
	-DCMAKE_PREFIX_PATH="/opt/ros/one" \
	-DBUILD_TESTING=OFF -DCATKIN_ENABLE_TESTING=OFF
	install -d .obj-x86_64-linux-gnu
	cd .obj-x86_64-linux-gnu && cmake -DCMAKE_INSTALL_PREFIX=/usr -DCMAKE_BUILD_TYPE=None -DCMAKE_INSTALL_SYSCONFDIR=/etc -DCMAKE_INSTALL_LOCALSTATEDIR=/var -DCMAKE_EXPORT_NO_PACKAGE_REGISTRY=ON -DCMAKE_FIND_USE_PACKAGE_REGISTRY=OFF -DCMAKE_FIND_PACKAGE_NO_PACKAGE_REGISTRY=ON -DCMAKE_INSTALL_RUNSTATEDIR=/run "-GUnix Makefiles" -DCMAKE_VERBOSE_MAKEFILE=ON -DCMAKE_INSTALL_LIBDIR=lib/x86_64-linux-gnu -DCATKIN_BUILD_BINARY_PACKAGE=1 -DCMAKE_INSTALL_PREFIX=/opt/ros/one -DCMAKE_PREFIX_PATH=/opt/ros/one -DBUILD_TESTING=OFF -DCATKIN_ENABLE_TESTING=OFF ..
CMake Deprecation Warning at CMakeLists.txt:1 (cmake_minimum_required):
  Compatibility with CMake < 2.8.12 will be removed from a future version of
  CMake.

  Update the VERSION argument <min> value or use a ...<max> suffix to tell
  CMake that the project does not need compatibility with older versions.


-- The C compiler identification is GNU 11.4.0
-- The CXX compiler identification is GNU 11.4.0
-- Detecting C compiler ABI info
-- Detecting C compiler ABI info - done
-- Check for working C compiler: /usr/lib/ccache/cc - skipped
-- Detecting C compile features
-- Detecting C compile features - done
-- Detecting CXX compiler ABI info
-- Detecting CXX compiler ABI info - done
-- Check for working CXX compiler: /usr/lib/ccache/c++ - skipped
-- Detecting CXX compile features
-- Detecting CXX compile features - done
-- Using CATKIN_DEVEL_PREFIX: /<<BUILDDIR>>package/.obj-x86_64-linux-gnu/devel
-- Using CMAKE_PREFIX_PATH: /opt/ros/one
-- This workspace overlays: /opt/ros/one
-- Found PythonInterp: /usr/bin/python3 (found suitable version "3.10.12", minimum required is "3") 
-- Using PYTHON_EXECUTABLE: /usr/bin/python3
-- Using Debian Python package layout
-- Using empy: /usr/bin/empy
-- Using CATKIN_ENABLE_TESTING: OFF
-- Looking for pthread.h
-- Looking for pthread.h - found
-- Performing Test CMAKE_HAVE_LIBC_PTHREAD
-- Performing Test CMAKE_HAVE_LIBC_PTHREAD - Success
-- Found Threads: TRUE  
-- catkin 0.8.10
-- BUILD_SHARED_LIBS is on
-- Using these message generators: gencpp;geneus;genlisp;gennodejs;genpy
/usr/share/catkin/cmake/interrogate_setup_dot_py.py:43: DeprecationWarning: The distutils package is deprecated and slated for removal in Python 3.12. Use setuptools or check PEP 632 for potential alternatives
  import distutils.core
-- sound_classification: 1 messages, 0 services
-- Using system site packages
WARNING: cannot create log directory [/sbuild-nonexistent/.ros/log]. Please set ROS_LOG_DIR to a writable location.
WARNING: cannot create log directory [/sbuild-nonexistent/.ros/log]. Please set ROS_LOG_DIR to a writable location.
-- Using virtualenv to run Python nosetests: 
-- Configuring done
-- Generating done
CMake Warning:
  Manually-specified variables were not used by the project:

    BUILD_TESTING
    CMAKE_EXPORT_NO_PACKAGE_REGISTRY
    CMAKE_FIND_PACKAGE_NO_PACKAGE_REGISTRY
    CMAKE_INSTALL_LIBDIR
    CMAKE_INSTALL_LOCALSTATEDIR
    CMAKE_INSTALL_RUNSTATEDIR
    CMAKE_INSTALL_SYSCONFDIR


-- Build files have been written to: /<<BUILDDIR>>package/.obj-x86_64-linux-gnu
make[1]: Leaving directory '/<<BUILDDIR>>package'
	rm -f debian/ros-one-sound-classification.debhelper.log
   debian/rules override_dh_auto_build
make[1]: Entering directory '/<<BUILDDIR>>package'
# In case we're installing to a non-standard location, look for a setup.sh
# in the install tree that was dropped by catkin, and source it.  It will
# set things like CMAKE_PREFIX_PATH, PKG_CONFIG_PATH, and PYTHONPATH.
if [ -f "/opt/ros/one/setup.sh" ]; then . "/opt/ros/one/setup.sh"; fi && \
dh_auto_build
	cd .obj-x86_64-linux-gnu && make -j4 "INSTALL=install --strip-program=true" VERBOSE=1
make[2]: Entering directory '/<<BUILDDIR>>package/.obj-x86_64-linux-gnu'
/usr/bin/cmake -S/<<BUILDDIR>>package -B/<<BUILDDIR>>package/.obj-x86_64-linux-gnu --check-build-system CMakeFiles/Makefile.cmake 0
/usr/bin/cmake -E cmake_progress_start /<<BUILDDIR>>package/.obj-x86_64-linux-gnu/CMakeFiles /<<BUILDDIR>>package/.obj-x86_64-linux-gnu//CMakeFiles/progress.marks
make  -f CMakeFiles/Makefile2 all
make[3]: Entering directory '/<<BUILDDIR>>package/.obj-x86_64-linux-gnu'
make  -f CMakeFiles/_sound_classification_generate_messages_check_deps_InSound.dir/build.make CMakeFiles/_sound_classification_generate_messages_check_deps_InSound.dir/depend
make  -f CMakeFiles/std_msgs_generate_messages_py.dir/build.make CMakeFiles/std_msgs_generate_messages_py.dir/depend
make  -f CMakeFiles/std_msgs_generate_messages_cpp.dir/build.make CMakeFiles/std_msgs_generate_messages_cpp.dir/depend
make[4]: Entering directory '/<<BUILDDIR>>package/.obj-x86_64-linux-gnu'
cd /<<BUILDDIR>>package/.obj-x86_64-linux-gnu && /usr/bin/cmake -E cmake_depends "Unix Makefiles" /<<BUILDDIR>>package /<<BUILDDIR>>package /<<BUILDDIR>>package/.obj-x86_64-linux-gnu /<<BUILDDIR>>package/.obj-x86_64-linux-gnu /<<BUILDDIR>>package/.obj-x86_64-linux-gnu/CMakeFiles/_sound_classification_generate_messages_check_deps_InSound.dir/DependInfo.cmake --color=
make  -f CMakeFiles/std_msgs_generate_messages_eus.dir/build.make CMakeFiles/std_msgs_generate_messages_eus.dir/depend
make[4]: Entering directory '/<<BUILDDIR>>package/.obj-x86_64-linux-gnu'
cd /<<BUILDDIR>>package/.obj-x86_64-linux-gnu && /usr/bin/cmake -E cmake_depends "Unix Makefiles" /<<BUILDDIR>>package /<<BUILDDIR>>package /<<BUILDDIR>>package/.obj-x86_64-linux-gnu /<<BUILDDIR>>package/.obj-x86_64-linux-gnu /<<BUILDDIR>>package/.obj-x86_64-linux-gnu/CMakeFiles/std_msgs_generate_messages_py.dir/DependInfo.cmake --color=
make[4]: Entering directory '/<<BUILDDIR>>package/.obj-x86_64-linux-gnu'
cd /<<BUILDDIR>>package/.obj-x86_64-linux-gnu && /usr/bin/cmake -E cmake_depends "Unix Makefiles" /<<BUILDDIR>>package /<<BUILDDIR>>package /<<BUILDDIR>>package/.obj-x86_64-linux-gnu /<<BUILDDIR>>package/.obj-x86_64-linux-gnu /<<BUILDDIR>>package/.obj-x86_64-linux-gnu/CMakeFiles/std_msgs_generate_messages_cpp.dir/DependInfo.cmake --color=
make[4]: Entering directory '/<<BUILDDIR>>package/.obj-x86_64-linux-gnu'
cd /<<BUILDDIR>>package/.obj-x86_64-linux-gnu && /usr/bin/cmake -E cmake_depends "Unix Makefiles" /<<BUILDDIR>>package /<<BUILDDIR>>package /<<BUILDDIR>>package/.obj-x86_64-linux-gnu /<<BUILDDIR>>package/.obj-x86_64-linux-gnu /<<BUILDDIR>>package/.obj-x86_64-linux-gnu/CMakeFiles/std_msgs_generate_messages_eus.dir/DependInfo.cmake --color=
make[4]: Leaving directory '/<<BUILDDIR>>package/.obj-x86_64-linux-gnu'
make  -f CMakeFiles/_sound_classification_generate_messages_check_deps_InSound.dir/build.make CMakeFiles/_sound_classification_generate_messages_check_deps_InSound.dir/build
make[4]: Leaving directory '/<<BUILDDIR>>package/.obj-x86_64-linux-gnu'
make[4]: Leaving directory '/<<BUILDDIR>>package/.obj-x86_64-linux-gnu'
make  -f CMakeFiles/std_msgs_generate_messages_py.dir/build.make CMakeFiles/std_msgs_generate_messages_py.dir/build
make[4]: Entering directory '/<<BUILDDIR>>package/.obj-x86_64-linux-gnu'
catkin_generated/env_cached.sh /usr/bin/python3 /opt/ros/one/share/genmsg/cmake/../../../lib/genmsg/genmsg_check_deps.py sound_classification /<<BUILDDIR>>package/msg/InSound.msg std_msgs/Header
make[4]: Leaving directory '/<<BUILDDIR>>package/.obj-x86_64-linux-gnu'
make[4]: Entering directory '/<<BUILDDIR>>package/.obj-x86_64-linux-gnu'
make[4]: Nothing to be done for 'CMakeFiles/std_msgs_generate_messages_py.dir/build'.
make[4]: Leaving directory '/<<BUILDDIR>>package/.obj-x86_64-linux-gnu'
make  -f CMakeFiles/std_msgs_generate_messages_cpp.dir/build.make CMakeFiles/std_msgs_generate_messages_cpp.dir/build
make  -f CMakeFiles/std_msgs_generate_messages_eus.dir/build.make CMakeFiles/std_msgs_generate_messages_eus.dir/build
make[4]: Entering directory '/<<BUILDDIR>>package/.obj-x86_64-linux-gnu'
make[4]: Nothing to be done for 'CMakeFiles/std_msgs_generate_messages_cpp.dir/build'.
make[4]: Leaving directory '/<<BUILDDIR>>package/.obj-x86_64-linux-gnu'
make[4]: Entering directory '/<<BUILDDIR>>package/.obj-x86_64-linux-gnu'
make[4]: Nothing to be done for 'CMakeFiles/std_msgs_generate_messages_eus.dir/build'.
make[4]: Leaving directory '/<<BUILDDIR>>package/.obj-x86_64-linux-gnu'
[  0%] Built target std_msgs_generate_messages_py
[  0%] Built target std_msgs_generate_messages_cpp
make  -f CMakeFiles/std_msgs_generate_messages_lisp.dir/build.make CMakeFiles/std_msgs_generate_messages_lisp.dir/depend
[  0%] Built target std_msgs_generate_messages_eus
make  -f CMakeFiles/std_msgs_generate_messages_nodejs.dir/build.make CMakeFiles/std_msgs_generate_messages_nodejs.dir/depend
make[4]: Entering directory '/<<BUILDDIR>>package/.obj-x86_64-linux-gnu'
cd /<<BUILDDIR>>package/.obj-x86_64-linux-gnu && /usr/bin/cmake -E cmake_depends "Unix Makefiles" /<<BUILDDIR>>package /<<BUILDDIR>>package /<<BUILDDIR>>package/.obj-x86_64-linux-gnu /<<BUILDDIR>>package/.obj-x86_64-linux-gnu /<<BUILDDIR>>package/.obj-x86_64-linux-gnu/CMakeFiles/std_msgs_generate_messages_lisp.dir/DependInfo.cmake --color=
make[4]: Entering directory '/<<BUILDDIR>>package/.obj-x86_64-linux-gnu'
cd /<<BUILDDIR>>package/.obj-x86_64-linux-gnu && /usr/bin/cmake -E cmake_depends "Unix Makefiles" /<<BUILDDIR>>package /<<BUILDDIR>>package /<<BUILDDIR>>package/.obj-x86_64-linux-gnu /<<BUILDDIR>>package/.obj-x86_64-linux-gnu /<<BUILDDIR>>package/.obj-x86_64-linux-gnu/CMakeFiles/std_msgs_generate_messages_nodejs.dir/DependInfo.cmake --color=
make  -f CMakeFiles/sound_classification_generate_virtualenv.dir/build.make CMakeFiles/sound_classification_generate_virtualenv.dir/depend
make[4]: Entering directory '/<<BUILDDIR>>package/.obj-x86_64-linux-gnu'
cd /<<BUILDDIR>>package/.obj-x86_64-linux-gnu && /usr/bin/cmake -E cmake_depends "Unix Makefiles" /<<BUILDDIR>>package /<<BUILDDIR>>package /<<BUILDDIR>>package/.obj-x86_64-linux-gnu /<<BUILDDIR>>package/.obj-x86_64-linux-gnu /<<BUILDDIR>>package/.obj-x86_64-linux-gnu/CMakeFiles/sound_classification_generate_virtualenv.dir/DependInfo.cmake --color=
make[4]: Leaving directory '/<<BUILDDIR>>package/.obj-x86_64-linux-gnu'
make  -f CMakeFiles/std_msgs_generate_messages_lisp.dir/build.make CMakeFiles/std_msgs_generate_messages_lisp.dir/build
make[4]: Entering directory '/<<BUILDDIR>>package/.obj-x86_64-linux-gnu'
make[4]: Nothing to be done for 'CMakeFiles/std_msgs_generate_messages_lisp.dir/build'.
make[4]: Leaving directory '/<<BUILDDIR>>package/.obj-x86_64-linux-gnu'
make[4]: Leaving directory '/<<BUILDDIR>>package/.obj-x86_64-linux-gnu'
make  -f CMakeFiles/std_msgs_generate_messages_nodejs.dir/build.make CMakeFiles/std_msgs_generate_messages_nodejs.dir/build
make[4]: Entering directory '/<<BUILDDIR>>package/.obj-x86_64-linux-gnu'
make[4]: Nothing to be done for 'CMakeFiles/std_msgs_generate_messages_nodejs.dir/build'.
make[4]: Leaving directory '/<<BUILDDIR>>package/.obj-x86_64-linux-gnu'
make[4]: Leaving directory '/<<BUILDDIR>>package/.obj-x86_64-linux-gnu'
make  -f CMakeFiles/sound_classification_generate_virtualenv.dir/build.make CMakeFiles/sound_classification_generate_virtualenv.dir/build
[  0%] Built target std_msgs_generate_messages_lisp
make[4]: Entering directory '/<<BUILDDIR>>package/.obj-x86_64-linux-gnu'
[  0%] Built target std_msgs_generate_messages_nodejs
[  8%] Generate virtualenv in /<<BUILDDIR>>package/.obj-x86_64-linux-gnu/venv
make[4]: Leaving directory '/<<BUILDDIR>>package/.obj-x86_64-linux-gnu'
catkin_generated/env_cached.sh rosrun catkin_virtualenv venv_init venv --python python3 --use-system-packages --extra-pip-args \"-qq\ --retries\ 10\ --timeout\ 30\"
[  8%] Built target _sound_classification_generate_messages_check_deps_InSound
make  -f CMakeFiles/sound_classification_generate_messages_py.dir/build.make CMakeFiles/sound_classification_generate_messages_py.dir/depend
make  -f CMakeFiles/sound_classification_generate_messages_cpp.dir/build.make CMakeFiles/sound_classification_generate_messages_cpp.dir/depend
make  -f CMakeFiles/sound_classification_generate_messages_eus.dir/build.make CMakeFiles/sound_classification_generate_messages_eus.dir/depend
make[4]: Entering directory '/<<BUILDDIR>>package/.obj-x86_64-linux-gnu'
cd /<<BUILDDIR>>package/.obj-x86_64-linux-gnu && /usr/bin/cmake -E cmake_depends "Unix Makefiles" /<<BUILDDIR>>package /<<BUILDDIR>>package /<<BUILDDIR>>package/.obj-x86_64-linux-gnu /<<BUILDDIR>>package/.obj-x86_64-linux-gnu /<<BUILDDIR>>package/.obj-x86_64-linux-gnu/CMakeFiles/sound_classification_generate_messages_py.dir/DependInfo.cmake --color=
make[4]: Entering directory '/<<BUILDDIR>>package/.obj-x86_64-linux-gnu'
cd /<<BUILDDIR>>package/.obj-x86_64-linux-gnu && /usr/bin/cmake -E cmake_depends "Unix Makefiles" /<<BUILDDIR>>package /<<BUILDDIR>>package /<<BUILDDIR>>package/.obj-x86_64-linux-gnu /<<BUILDDIR>>package/.obj-x86_64-linux-gnu /<<BUILDDIR>>package/.obj-x86_64-linux-gnu/CMakeFiles/sound_classification_generate_messages_cpp.dir/DependInfo.cmake --color=
make[4]: Entering directory '/<<BUILDDIR>>package/.obj-x86_64-linux-gnu'
cd /<<BUILDDIR>>package/.obj-x86_64-linux-gnu && /usr/bin/cmake -E cmake_depends "Unix Makefiles" /<<BUILDDIR>>package /<<BUILDDIR>>package /<<BUILDDIR>>package/.obj-x86_64-linux-gnu /<<BUILDDIR>>package/.obj-x86_64-linux-gnu /<<BUILDDIR>>package/.obj-x86_64-linux-gnu/CMakeFiles/sound_classification_generate_messages_eus.dir/DependInfo.cmake --color=
make[4]: Leaving directory '/<<BUILDDIR>>package/.obj-x86_64-linux-gnu'
make[4]: Leaving directory '/<<BUILDDIR>>package/.obj-x86_64-linux-gnu'
make  -f CMakeFiles/sound_classification_generate_messages_py.dir/build.make CMakeFiles/sound_classification_generate_messages_py.dir/build
make[4]: Leaving directory '/<<BUILDDIR>>package/.obj-x86_64-linux-gnu'
make  -f CMakeFiles/sound_classification_generate_messages_cpp.dir/build.make CMakeFiles/sound_classification_generate_messages_cpp.dir/build
make  -f CMakeFiles/sound_classification_generate_messages_eus.dir/build.make CMakeFiles/sound_classification_generate_messages_eus.dir/build
make[4]: Entering directory '/<<BUILDDIR>>package/.obj-x86_64-linux-gnu'
make[4]: Entering directory '/<<BUILDDIR>>package/.obj-x86_64-linux-gnu'
make[4]: Entering directory '/<<BUILDDIR>>package/.obj-x86_64-linux-gnu'
[ 16%] Generating C++ code from sound_classification/InSound.msg
[ 25%] Generating EusLisp code from sound_classification/InSound.msg
cd /<<BUILDDIR>>package && /<<BUILDDIR>>package/.obj-x86_64-linux-gnu/catkin_generated/env_cached.sh /usr/bin/python3 /opt/ros/one/share/gencpp/cmake/../../../lib/gencpp/gen_cpp.py /<<BUILDDIR>>package/msg/InSound.msg -Isound_classification:/<<BUILDDIR>>package/msg -Istd_msgs:/opt/ros/one/share/std_msgs/cmake/../msg -p sound_classification -o /<<BUILDDIR>>package/.obj-x86_64-linux-gnu/devel/include/sound_classification -e /opt/ros/one/share/gencpp/cmake/..
catkin_generated/env_cached.sh /usr/bin/python3 /opt/ros/one/share/geneus/cmake/../../../lib/geneus/gen_eus.py /<<BUILDDIR>>package/msg/InSound.msg -Isound_classification:/<<BUILDDIR>>package/msg -Istd_msgs:/opt/ros/one/share/std_msgs/cmake/../msg -p sound_classification -o /<<BUILDDIR>>package/.obj-x86_64-linux-gnu/devel/share/roseus/ros/sound_classification/msg
[ 33%] Generating Python from MSG sound_classification/InSound
catkin_generated/env_cached.sh /usr/bin/python3 /opt/ros/one/share/genpy/cmake/../../../lib/genpy/genmsg_py.py /<<BUILDDIR>>package/msg/InSound.msg -Isound_classification:/<<BUILDDIR>>package/msg -Istd_msgs:/opt/ros/one/share/std_msgs/cmake/../msg -p sound_classification -o /<<BUILDDIR>>package/.obj-x86_64-linux-gnu/devel/lib/python3/dist-packages/sound_classification/msg
[ 41%] Generating Python msg __init__.py for sound_classification
catkin_generated/env_cached.sh /usr/bin/python3 /opt/ros/one/share/genpy/cmake/../../../lib/genpy/genmsg_py.py -o /<<BUILDDIR>>package/.obj-x86_64-linux-gnu/devel/lib/python3/dist-packages/sound_classification/msg --initpy
[ 50%] Generating EusLisp manifest code for sound_classification
catkin_generated/env_cached.sh /usr/bin/python3 /opt/ros/one/share/geneus/cmake/../../../lib/geneus/gen_eus.py -m -o /<<BUILDDIR>>package/.obj-x86_64-linux-gnu/devel/share/roseus/ros/sound_classification sound_classification std_msgs
make[4]: Leaving directory '/<<BUILDDIR>>package/.obj-x86_64-linux-gnu'
make[4]: Leaving directory '/<<BUILDDIR>>package/.obj-x86_64-linux-gnu'
[ 50%] Built target sound_classification_generate_messages_cpp
make  -f CMakeFiles/sound_classification_generate_messages_lisp.dir/build.make CMakeFiles/sound_classification_generate_messages_lisp.dir/depend
make[4]: Entering directory '/<<BUILDDIR>>package/.obj-x86_64-linux-gnu'
cd /<<BUILDDIR>>package/.obj-x86_64-linux-gnu && /usr/bin/cmake -E cmake_depends "Unix Makefiles" /<<BUILDDIR>>package /<<BUILDDIR>>package /<<BUILDDIR>>package/.obj-x86_64-linux-gnu /<<BUILDDIR>>package/.obj-x86_64-linux-gnu /<<BUILDDIR>>package/.obj-x86_64-linux-gnu/CMakeFiles/sound_classification_generate_messages_lisp.dir/DependInfo.cmake --color=
[ 50%] Built target sound_classification_generate_messages_py
make  -f CMakeFiles/sound_classification_generate_messages_nodejs.dir/build.make CMakeFiles/sound_classification_generate_messages_nodejs.dir/depend
make[4]: Entering directory '/<<BUILDDIR>>package/.obj-x86_64-linux-gnu'
cd /<<BUILDDIR>>package/.obj-x86_64-linux-gnu && /usr/bin/cmake -E cmake_depends "Unix Makefiles" /<<BUILDDIR>>package /<<BUILDDIR>>package /<<BUILDDIR>>package/.obj-x86_64-linux-gnu /<<BUILDDIR>>package/.obj-x86_64-linux-gnu /<<BUILDDIR>>package/.obj-x86_64-linux-gnu/CMakeFiles/sound_classification_generate_messages_nodejs.dir/DependInfo.cmake --color=
make[4]: Leaving directory '/<<BUILDDIR>>package/.obj-x86_64-linux-gnu'
make  -f CMakeFiles/sound_classification_generate_messages_lisp.dir/build.make CMakeFiles/sound_classification_generate_messages_lisp.dir/build
make[4]: Entering directory '/<<BUILDDIR>>package/.obj-x86_64-linux-gnu'
make[4]: Leaving directory '/<<BUILDDIR>>package/.obj-x86_64-linux-gnu'
make  -f CMakeFiles/sound_classification_generate_messages_nodejs.dir/build.make CMakeFiles/sound_classification_generate_messages_nodejs.dir/build
make[4]: Entering directory '/<<BUILDDIR>>package/.obj-x86_64-linux-gnu'
[ 58%] Generating Lisp code from sound_classification/InSound.msg
catkin_generated/env_cached.sh /usr/bin/python3 /opt/ros/one/share/genlisp/cmake/../../../lib/genlisp/gen_lisp.py /<<BUILDDIR>>package/msg/InSound.msg -Isound_classification:/<<BUILDDIR>>package/msg -Istd_msgs:/opt/ros/one/share/std_msgs/cmake/../msg -p sound_classification -o /<<BUILDDIR>>package/.obj-x86_64-linux-gnu/devel/share/common-lisp/ros/sound_classification/msg
[ 66%] Generating Javascript code from sound_classification/InSound.msg
catkin_generated/env_cached.sh /usr/bin/python3 /opt/ros/one/share/gennodejs/cmake/../../../lib/gennodejs/gen_nodejs.py /<<BUILDDIR>>package/msg/InSound.msg -Isound_classification:/<<BUILDDIR>>package/msg -Istd_msgs:/opt/ros/one/share/std_msgs/cmake/../msg -p sound_classification -o /<<BUILDDIR>>package/.obj-x86_64-linux-gnu/devel/share/gennodejs/ros/sound_classification/msg
make[4]: Leaving directory '/<<BUILDDIR>>package/.obj-x86_64-linux-gnu'
make[4]: Leaving directory '/<<BUILDDIR>>package/.obj-x86_64-linux-gnu'
[ 66%] Built target sound_classification_generate_messages_eus
make[4]: Leaving directory '/<<BUILDDIR>>package/.obj-x86_64-linux-gnu'
[ 66%] Built target sound_classification_generate_messages_lisp
[ 66%] Built target sound_classification_generate_messages_nodejs
make  -f CMakeFiles/sound_classification_generate_messages.dir/build.make CMakeFiles/sound_classification_generate_messages.dir/depend
make[4]: Entering directory '/<<BUILDDIR>>package/.obj-x86_64-linux-gnu'
cd /<<BUILDDIR>>package/.obj-x86_64-linux-gnu && /usr/bin/cmake -E cmake_depends "Unix Makefiles" /<<BUILDDIR>>package /<<BUILDDIR>>package /<<BUILDDIR>>package/.obj-x86_64-linux-gnu /<<BUILDDIR>>package/.obj-x86_64-linux-gnu /<<BUILDDIR>>package/.obj-x86_64-linux-gnu/CMakeFiles/sound_classification_generate_messages.dir/DependInfo.cmake --color=
make[4]: Leaving directory '/<<BUILDDIR>>package/.obj-x86_64-linux-gnu'
make  -f CMakeFiles/sound_classification_generate_messages.dir/build.make CMakeFiles/sound_classification_generate_messages.dir/build
make[4]: Entering directory '/<<BUILDDIR>>package/.obj-x86_64-linux-gnu'
make[4]: Nothing to be done for 'CMakeFiles/sound_classification_generate_messages.dir/build'.
make[4]: Leaving directory '/<<BUILDDIR>>package/.obj-x86_64-linux-gnu'
[ 66%] Built target sound_classification_generate_messages
WARNING: cannot create log directory [/sbuild-nonexistent/.ros/log]. Please set ROS_LOG_DIR to a writable location.
Using pip 22.0.2 from /<<BUILDDIR>>package/.obj-x86_64-linux-gnu/venv/lib/python3.10/site-packages/pip (python 3.10)
Collecting pip==22.2.2
  Downloading pip-22.2.2-py3-none-any.whl (2.0 MB)
      2.0/2.0 MB 61.9 MB/s eta 0:00:00
Collecting pip-tools==6.10.0
  Downloading pip_tools-6.10.0-py3-none-any.whl (53 kB)
      53.4/53.4 KB 290.7 MB/s eta 0:00:00
Collecting build
  Downloading build-1.2.2.post1-py3-none-any.whl (22 kB)
Requirement already satisfied: setuptools in ./venv/lib/python3.10/site-packages (from pip-tools==6.10.0) (59.6.0)
Collecting click>=7
  Downloading click-8.1.8-py3-none-any.whl (98 kB)
      98.2/98.2 KB 317.7 MB/s eta 0:00:00
Requirement already satisfied: wheel in /usr/lib/python3/dist-packages (from pip-tools==6.10.0) (0.37.1)
Collecting tomli>=1.1.0
  Downloading tomli-2.2.1-py3-none-any.whl (14 kB)
Collecting pyproject_hooks
  Downloading pyproject_hooks-1.2.0-py3-none-any.whl (10 kB)
Collecting packaging>=19.1
  Downloading packaging-24.2-py3-none-any.whl (65 kB)
      65.5/65.5 KB 305.2 MB/s eta 0:00:00
Installing collected packages: tomli, pyproject_hooks, pip, packaging, click, build, pip-tools
  Attempting uninstall: pip
    Found existing installation: pip 22.0.2
    Uninstalling pip-22.0.2:
      Removing file or directory /<<BUILDDIR>>package/.obj-x86_64-linux-gnu/venv/bin/pip
      Removing file or directory /<<BUILDDIR>>package/.obj-x86_64-linux-gnu/venv/bin/pip3
      Removing file or directory /<<BUILDDIR>>package/.obj-x86_64-linux-gnu/venv/bin/pip3.10
      Removing file or directory /<<BUILDDIR>>package/.obj-x86_64-linux-gnu/venv/lib/python3.10/site-packages/pip-22.0.2.dist-info/
      Removing file or directory /<<BUILDDIR>>package/.obj-x86_64-linux-gnu/venv/lib/python3.10/site-packages/pip/
      Successfully uninstalled pip-22.0.2
  changing mode of /<<BUILDDIR>>package/.obj-x86_64-linux-gnu/venv/bin/pip to 755
  changing mode of /<<BUILDDIR>>package/.obj-x86_64-linux-gnu/venv/bin/pip3 to 755
  changing mode of /<<BUILDDIR>>package/.obj-x86_64-linux-gnu/venv/bin/pip3.10 to 755
  changing mode of /<<BUILDDIR>>package/.obj-x86_64-linux-gnu/venv/bin/pyproject-build to 755
  changing mode of /<<BUILDDIR>>package/.obj-x86_64-linux-gnu/venv/bin/pip-compile to 755
  changing mode of /<<BUILDDIR>>package/.obj-x86_64-linux-gnu/venv/bin/pip-sync to 755
Successfully installed build-1.2.2.post1 click-8.1.8 packaging-24.2 pip-22.2.2 pip-tools-6.10.0 pyproject_hooks-1.2.0 tomli-2.2.1
True
[ 75%] Lock input requirements if they don't exist
cd /<<BUILDDIR>>package && /<<BUILDDIR>>package/.obj-x86_64-linux-gnu/catkin_generated/env_cached.sh rosrun catkin_virtualenv venv_lock /<<BUILDDIR>>package/.obj-x86_64-linux-gnu/venv --package-name sound_classification --input-requirements requirements.in.obase --no-overwrite --extra-pip-args \"-qq\ --retries\ 10\ --timeout\ 30\"
WARNING: cannot create log directory [/sbuild-nonexistent/.ros/log]. Please set ROS_LOG_DIR to a writable location.
WARNING: using legacy resolver is deprecated and will be removed in future versions. The default resolver will be change to 'backtracking' in 7.0.0 version. Specify --resolver=backtracking to silence this warning.
Traceback (most recent call last):
  File "/<<BUILDDIR>>package/.obj-x86_64-linux-gnu/venv/bin/pip-compile", line 8, in <module>
    sys.exit(cli())
  File "/<<BUILDDIR>>package/.obj-x86_64-linux-gnu/venv/lib/python3.10/site-packages/click/core.py", line 1161, in __call__
    return self.main(*args, **kwargs)
  File "/<<BUILDDIR>>package/.obj-x86_64-linux-gnu/venv/lib/python3.10/site-packages/click/core.py", line 1082, in main
    rv = self.invoke(ctx)
  File "/<<BUILDDIR>>package/.obj-x86_64-linux-gnu/venv/lib/python3.10/site-packages/click/core.py", line 1443, in invoke
    return ctx.invoke(self.callback, **ctx.params)
  File "/<<BUILDDIR>>package/.obj-x86_64-linux-gnu/venv/lib/python3.10/site-packages/click/core.py", line 788, in invoke
    return __callback(*args, **kwargs)
  File "/<<BUILDDIR>>package/.obj-x86_64-linux-gnu/venv/lib/python3.10/site-packages/click/decorators.py", line 33, in new_func
    return f(get_current_context(), *args, **kwargs)
  File "/<<BUILDDIR>>package/.obj-x86_64-linux-gnu/venv/lib/python3.10/site-packages/piptools/scripts/compile.py", line 550, in cli
    cache=DependencyCache(cache_dir),
  File "/<<BUILDDIR>>package/.obj-x86_64-linux-gnu/venv/lib/python3.10/site-packages/piptools/cache.py", line 71, in __init__
    os.makedirs(cache_dir, exist_ok=True)
  File "/usr/lib/python3.10/os.py", line 215, in makedirs
    makedirs(head, exist_ok=exist_ok)
  File "/usr/lib/python3.10/os.py", line 215, in makedirs
    makedirs(head, exist_ok=exist_ok)
  File "/usr/lib/python3.10/os.py", line 225, in makedirs
    mkdir(name, mode)
PermissionError: [Errno 13] Permission denied: '/sbuild-nonexistent'
Traceback (most recent call last):
  File "/opt/ros/one/lib/catkin_virtualenv/venv_lock", line 47, in <module>
    venv.lock(
  File "/opt/ros/one/lib/python3/dist-packages/catkin_virtualenv/venv.py", line 174, in lock
    run_command(command, check=True)
  File "/opt/ros/one/lib/python3/dist-packages/catkin_virtualenv/__init__.py", line 37, in run_command
    return subprocess.run(cmd, *args, **kwargs)
  File "/usr/lib/python3.10/subprocess.py", line 526, in run
    raise CalledProcessError(retcode, process.args,
subprocess.CalledProcessError: Command '['/<<BUILDDIR>>package/.obj-x86_64-linux-gnu/venv/bin/pip-compile', '--no-header', '--annotation-style', 'line', 'requirements.in.obase', '--pip-args', '-qq --retries 10 --timeout 30', '-o', '/<<BUILDDIR>>package/requirements.txt']' returned non-zero exit status 1.
make[4]: *** [CMakeFiles/sound_classification_generate_virtualenv.dir/build.make:100: ../requirements.txt] Error 1
make[4]: Leaving directory '/<<BUILDDIR>>package/.obj-x86_64-linux-gnu'
make[3]: *** [CMakeFiles/Makefile2:637: CMakeFiles/sound_classification_generate_virtualenv.dir/all] Error 2
make[3]: Leaving directory '/<<BUILDDIR>>package/.obj-x86_64-linux-gnu'
make[2]: *** [Makefile:139: all] Error 2
make[2]: Leaving directory '/<<BUILDDIR>>package/.obj-x86_64-linux-gnu'
dh_auto_build: error: cd .obj-x86_64-linux-gnu && make -j4 "INSTALL=install --strip-program=true" VERBOSE=1 returned exit code 2
make[1]: *** [debian/rules:44: override_dh_auto_build] Error 25
make[1]: Leaving directory '/<<BUILDDIR>>package'
make: *** [debian/rules:27: build] Error 2
dpkg-buildpackage: error: debian/rules build subprocess returned exit status 2
--------------------------------------------------------------------------------
Build finished at 2025-01-08T04:24:51Z

Finished
--------


+------------------------------------------------------------------------------+
| Cleanup                                      Wed, 08 Jan 2025 04:24:51 +0000 |
+------------------------------------------------------------------------------+

Purging /<<BUILDDIR>>
Not cleaning session: cloned chroot in use
E: Build failure (dpkg-buildpackage died)

+------------------------------------------------------------------------------+
| Summary                                      Wed, 08 Jan 2025 04:24:53 +0000 |
+------------------------------------------------------------------------------+

Build Architecture: amd64
Build Profiles: nocheck
Build Type: binary
Build-Space: 33804
Build-Time: 9
Distribution: jammy
Fail-Stage: build
Host Architecture: amd64
Install-Time: 20
Job: /home/runner/work/ros-o-builder/ros-o-builder/src/jsk_recognition/ros-one-sound-classification_1.2.17-42-g7816812a-2025.01.08.04.20.dsc
Machine Architecture: amd64
Package: ros-one-sound-classification
Package-Time: 260
Source-Version: 1.2.17-42-g7816812a-2025.01.08.04.20
Space: 33804
Status: attempted
Version: 1.2.17-42-g7816812a-2025.01.08.04.20
--------------------------------------------------------------------------------
Finished at 2025-01-08T04:24:51Z
Build needed 00:04:20, 33804k disk space
